2023-09-19 16:58:09,488 [INFO] Activator:176 - 


2023-09-19 16:58:09,495 [INFO] Activator:177 - !SESSION log4j initialized
2023-09-19 16:58:15,579 [INFO] LogOutputStream:77 - [STDOUT_REDIRECT] 
2023-09-19 16:58:23,080 [INFO] ApplicationProperties:184 - Using Application install path: C:\ST\STM32CubeIDE_1.13.1\STM32CubeIDE\plugins\com.st.stm32cube.common.mx_6.9.1.202307191849
2023-09-19 16:58:23,099 [INFO] DbMcusXml:78 - Set database path to: C:\ST\STM32CubeIDE_1.13.1\STM32CubeIDE\plugins\com.st.stm32cube.common.mx_6.9.1.202307191849\\db\/mcu/
2023-09-19 16:58:23,099 [INFO] ApiDb:274 - Set plugin database path to: C:\ST\STM32CubeIDE_1.13.1\STM32CubeIDE\plugins\com.st.stm32cube.common.mx_6.9.1.202307191849\\db\/plugins/boardmanager/
2023-09-19 16:58:23,100 [WARN] ApiDb:259 - Overriding images path with different value:  => C:\ST\STM32CubeIDE_1.13.1\STM32CubeIDE\plugins\com.st.stm32cube.common.mx_6.9.1.202307191849\\db\/plugins/mcufinder/images/
2023-09-19 16:58:23,111 [INFO] ApiDb:250 - Set database path to: C:\Users\christian.saiz\.stmcufinder\plugins\mcufinder//mcu/
2023-09-19 16:58:23,112 [INFO] DbMcusAds:125 - Set database path to: C:\Users\christian.saiz\.stmcufinder\plugins\mcufinder//mcu/
2023-09-19 16:58:23,114 [INFO] CrossReferenceDbSqlite:203 - Set database path to: C:\Users\christian.saiz\.stmcufinder\plugins\mcufinder//mcu/cs/
2023-09-19 16:58:23,210 [INFO] RulesReader:64 - Compatibility file has been processed (293 Rules)
2023-09-19 16:58:23,287 [INFO] DbMcusXml:78 - Set database path to: C:\ST\STM32CubeIDE_1.13.1\STM32CubeIDE\plugins\com.st.stm32cube.common.mx_6.9.1.202307191849\\db\/mcu/
2023-09-19 16:58:23,287 [INFO] ApiDb:274 - Set plugin database path to: C:\ST\STM32CubeIDE_1.13.1\STM32CubeIDE\plugins\com.st.stm32cube.common.mx_6.9.1.202307191849\\db\/plugins/boardmanager/
2023-09-19 16:58:23,287 [INFO] ApiDb:261 - Set plugin images path to: C:\ST\STM32CubeIDE_1.13.1\STM32CubeIDE\plugins\com.st.stm32cube.common.mx_6.9.1.202307191849\\db\/plugins/mcufinder/images/
2023-09-19 16:58:23,287 [WARN] DbFile:41 - Overriding database path with different value: C:\Users\christian.saiz\.stmcufinder\plugins\mcufinder/ => C:\Users\christian.saiz\.stmcufinder\plugins\mcufinder
2023-09-19 16:58:23,287 [INFO] ApiDb:250 - Set database path to: C:\Users\christian.saiz\.stmcufinder\plugins\mcufinder//mcu/
2023-09-19 16:58:23,287 [WARN] DbFile:41 - Overriding database path with different value: C:\Users\christian.saiz\.stmcufinder\plugins\mcufinder/ => C:\Users\christian.saiz\.stmcufinder\plugins\mcufinder
2023-09-19 16:58:23,287 [INFO] DbMcusAds:125 - Set database path to: C:\Users\christian.saiz\.stmcufinder\plugins\mcufinder//mcu/
2023-09-19 16:58:23,287 [WARN] DbFile:41 - Overriding database path with different value: C:\Users\christian.saiz\.stmcufinder\plugins\mcufinder/ => C:\Users\christian.saiz\.stmcufinder\plugins\mcufinder
2023-09-19 16:58:23,287 [WARN] DbFile:41 - Overriding database path with different value: C:\Users\christian.saiz\.stmcufinder\plugins\mcufinder/ => C:\Users\christian.saiz\.stmcufinder\plugins\mcufinder
2023-09-19 16:58:23,287 [INFO] CrossReferenceDbSqlite:203 - Set database path to: C:\Users\christian.saiz\.stmcufinder\plugins\mcufinder//mcu/cs/
2023-09-19 16:58:23,363 [INFO] MainPanel:262 - HeapMemory: 268435456
2023-09-19 16:58:23,453 [INFO] DbMcusXml:78 - Set database path to: C:\ST\STM32CubeIDE_1.13.1\STM32CubeIDE\plugins\com.st.stm32cube.common.mx_6.9.1.202307191849\\db\/mcu/
2023-09-19 16:58:23,454 [INFO] ApiDb:274 - Set plugin database path to: C:\ST\STM32CubeIDE_1.13.1\STM32CubeIDE\plugins\com.st.stm32cube.common.mx_6.9.1.202307191849\\db\/plugins/boardmanager/
2023-09-19 16:58:23,454 [INFO] ApiDb:261 - Set plugin images path to: C:\ST\STM32CubeIDE_1.13.1\STM32CubeIDE\plugins\com.st.stm32cube.common.mx_6.9.1.202307191849\\db\/plugins/mcufinder/images/
2023-09-19 16:58:23,454 [WARN] DbFile:41 - Overriding database path with different value: C:\Users\christian.saiz\.stmcufinder\plugins\mcufinder/ => C:\Users\christian.saiz\.stmcufinder\plugins\mcufinder
2023-09-19 16:58:23,454 [INFO] ApiDb:250 - Set database path to: C:\Users\christian.saiz\.stmcufinder\plugins\mcufinder//mcu/
2023-09-19 16:58:23,454 [WARN] DbFile:41 - Overriding database path with different value: C:\Users\christian.saiz\.stmcufinder\plugins\mcufinder/ => C:\Users\christian.saiz\.stmcufinder\plugins\mcufinder
2023-09-19 16:58:23,455 [INFO] DbMcusAds:125 - Set database path to: C:\Users\christian.saiz\.stmcufinder\plugins\mcufinder//mcu/
2023-09-19 16:58:23,455 [WARN] DbFile:41 - Overriding database path with different value: C:\Users\christian.saiz\.stmcufinder\plugins\mcufinder/ => C:\Users\christian.saiz\.stmcufinder\plugins\mcufinder
2023-09-19 16:58:23,455 [WARN] DbFile:41 - Overriding database path with different value: C:\Users\christian.saiz\.stmcufinder\plugins\mcufinder/ => C:\Users\christian.saiz\.stmcufinder\plugins\mcufinder
2023-09-19 16:58:23,455 [INFO] CrossReferenceDbSqlite:203 - Set database path to: C:\Users\christian.saiz\.stmcufinder\plugins\mcufinder//mcu/cs/
2023-09-19 16:58:23,470 [INFO] ApplicationProperties:184 - Using Application install path: C:\ST\STM32CubeIDE_1.13.1\STM32CubeIDE\plugins\com.st.stm32cube.common.mx_6.9.1.202307191849
2023-09-19 16:58:23,471 [INFO] PluginManage:196 - Search for loadable plugins [exclusion list=, ]
2023-09-19 16:58:23,472 [INFO] PluginManage:310 - Check plugin analytics
2023-09-19 16:58:28,238 [INFO] AnalyticsPlugin:253 - Accepted Software Licenses: 
2023-09-19 16:58:28,239 [INFO] AnalyticsPlugin:255 - Accepted CMSIS Pack Licenses: 
2023-09-19 16:58:28,239 [INFO] AnalyticsPlugin:257 - Accepted Firmware Licenses: 
2023-09-19 16:58:28,240 [INFO] PluginManage:359 - Loaded plugin analytics (category:tool,tabindex:-1)
2023-09-19 16:58:28,241 [INFO] PluginManage:310 - Check plugin cadmodel
2023-09-19 16:58:28,253 [INFO] CADModel:105 - Init CAD model plugin
2023-09-19 16:58:28,253 [INFO] PluginManage:359 - Loaded plugin cadmodel (category:power,tabindex:5)
2023-09-19 16:58:28,253 [INFO] PluginManage:310 - Check plugin clock
2023-09-19 16:58:28,272 [INFO] PluginManage:359 - Loaded plugin clock (category:base,tabindex:2)
2023-09-19 16:58:28,272 [INFO] PluginManage:310 - Check plugin ddr
2023-09-19 16:58:28,275 [INFO] PluginManage:359 - Loaded plugin ddr (category:tool,tabindex:6)
2023-09-19 16:58:28,275 [INFO] PluginManage:310 - Check plugin filemanager
2023-09-19 16:58:28,398 [INFO] PluginManage:359 - Loaded plugin filemanager (category:base,tabindex:10)
2023-09-19 16:58:28,398 [INFO] PluginManage:310 - Check plugin ipmanager
2023-09-19 16:58:28,405 [INFO] PluginManage:359 - Loaded plugin ipmanager (category:base,tabindex:5)
2023-09-19 16:58:28,406 [INFO] PluginManage:310 - Check plugin lpbam
2023-09-19 16:58:28,421 [INFO] PluginManage:359 - Loaded plugin lpbam (category:base,tabindex:0)
2023-09-19 16:58:28,421 [INFO] PluginManage:310 - Check plugin memorymap
2023-09-19 16:58:28,448 [INFO] PluginManage:359 - Loaded plugin memorymap (category:base,tabindex:4)
2023-09-19 16:58:28,448 [INFO] PluginManage:310 - Check plugin pinoutandconfiguration
2023-09-19 16:58:28,463 [INFO] PluginManage:359 - Loaded plugin pinoutandconfiguration (category:base,tabindex:1)
2023-09-19 16:58:28,463 [INFO] PluginManage:310 - Check plugin pinoutconfig
2023-09-19 16:58:28,549 [WARN] SupportedApi:132 - Cannot load RTOS API schema: s4s-elt-must-match.1: The content of 'definitions' must match (annotation?, (simpleType | complexType)?, (unique | key | keyref)*)). A problem was found starting at: attribute.
2023-09-19 16:58:28,674 [INFO] PluginManage:359 - Loaded plugin pinoutconfig (category:base,tabindex:0)
2023-09-19 16:58:28,674 [INFO] PluginManage:310 - Check plugin power
2023-09-19 16:58:28,693 [INFO] PluginManage:359 - Loaded plugin power (category:power,tabindex:4)
2023-09-19 16:58:28,693 [INFO] PluginManage:310 - Check plugin projectmanager
2023-09-19 16:58:28,703 [INFO] PluginManage:359 - Loaded plugin projectmanager (category:projectmanager,tabindex:3)
2023-09-19 16:58:28,703 [INFO] PluginManage:310 - Check plugin thirdparty
2023-09-19 16:58:28,933 [INFO] PluginManage:359 - Loaded plugin thirdparty (category:base,tabindex:-1)
2023-09-19 16:58:28,933 [INFO] PluginManage:310 - Check plugin tools
2023-09-19 16:58:28,933 [WARN] IntegrityCheckThread:84 - waiting for thirdparty lock release [integrity check]
2023-09-19 16:58:28,934 [INFO] IntegrityCheckThread:86 - entering critical section [integrity check]
2023-09-19 16:58:28,934 [INFO] ThirdPartyUpdaterWithRetryManager:70 - Updater plugin not ready yet. [1/15]
2023-09-19 16:58:28,957 [INFO] PluginManage:359 - Loaded plugin tools (category:base,tabindex:7)
2023-09-19 16:58:28,957 [INFO] PluginManage:310 - Check plugin tutovideos
2023-09-19 16:58:29,151 [INFO] PluginManage:359 - Loaded plugin tutovideos (category:base,tabindex:-1)
2023-09-19 16:58:29,151 [INFO] PluginManage:310 - Check plugin updater
2023-09-19 16:58:29,162 [INFO] PluginManage:359 - Loaded plugin updater (category:base,tabindex:12)
2023-09-19 16:58:29,162 [INFO] PluginManage:310 - Check plugin userauth
2023-09-19 16:58:29,167 [INFO] UserAuth:113 - Init User Auth plugin
2023-09-19 16:58:29,167 [INFO] PluginManage:359 - Loaded plugin userauth (category:base,tabindex:14)
2023-09-19 16:58:29,167 [INFO] PluginManage:283 - PluginManage : Loaded plugins [17]
2023-09-19 16:58:29,360 [INFO] PinOutPanel:1499 - setPackage(No Configuration,No Configuration)
2023-09-19 16:58:29,459 [INFO] CADModel:165 - CPN selected for project level
2023-09-19 16:58:29,459 [INFO] CADModel:114 - Register for checkConnection events
2023-09-19 16:58:29,485 [INFO] IPUIPlugin:80 - create IPUIPlugin
2023-09-19 16:58:29,485 [INFO] PluginManager:220 - loadIPPluginJar : add adc
2023-09-19 16:58:29,510 [INFO] IPUIPlugin:80 - create IPUIPlugin
2023-09-19 16:58:29,510 [INFO] PluginManager:220 - loadIPPluginJar : add aes
2023-09-19 16:58:29,572 [INFO] IPUIPlugin:80 - create IPUIPlugin
2023-09-19 16:58:29,572 [INFO] PluginManager:220 - loadIPPluginJar : add can
2023-09-19 16:58:29,589 [INFO] IPUIPlugin:80 - create IPUIPlugin
2023-09-19 16:58:29,589 [INFO] PluginManager:220 - loadIPPluginJar : add comp
2023-09-19 16:58:29,613 [INFO] IPUIPlugin:80 - create IPUIPlugin
2023-09-19 16:58:29,613 [INFO] PluginManager:220 - loadIPPluginJar : add cryp
2023-09-19 16:58:29,634 [INFO] IPUIPlugin:80 - create IPUIPlugin
2023-09-19 16:58:29,634 [INFO] PluginManager:220 - loadIPPluginJar : add dfsdm
2023-09-19 16:58:29,645 [INFO] IPUIPlugin:80 - create IPUIPlugin
2023-09-19 16:58:29,645 [INFO] PluginManager:220 - loadIPPluginJar : add dma
2023-09-19 16:58:29,687 [INFO] IPUIPlugin:80 - create IPUIPlugin
2023-09-19 16:58:29,687 [INFO] PluginManager:220 - loadIPPluginJar : add dma3
2023-09-19 16:58:29,702 [INFO] IPUIPlugin:80 - create IPUIPlugin
2023-09-19 16:58:29,702 [INFO] PluginManager:220 - loadIPPluginJar : add fatfs
2023-09-19 16:58:29,736 [INFO] IPUIPlugin:80 - create IPUIPlugin
2023-09-19 16:58:29,736 [INFO] PluginManager:220 - loadIPPluginJar : add fmc
2023-09-19 16:58:29,749 [INFO] IPUIPlugin:80 - create IPUIPlugin
2023-09-19 16:58:29,750 [INFO] PluginManager:220 - loadIPPluginJar : add freertos
2023-09-19 16:58:29,763 [INFO] IPUIPlugin:80 - create IPUIPlugin
2023-09-19 16:58:29,763 [INFO] PluginManager:220 - loadIPPluginJar : add genericplugin
2023-09-19 16:58:29,821 [INFO] IPUIPlugin:80 - create IPUIPlugin
2023-09-19 16:58:29,822 [INFO] PluginManager:220 - loadIPPluginJar : add gfxmmu
2023-09-19 16:58:29,922 [INFO] IPUIPlugin:80 - create IPUIPlugin
2023-09-19 16:58:29,922 [INFO] PluginManager:220 - loadIPPluginJar : add gic
2023-09-19 16:58:29,933 [INFO] IPUIPlugin:80 - create IPUIPlugin
2023-09-19 16:58:29,933 [INFO] PluginManager:220 - loadIPPluginJar : add gpio
2023-09-19 16:58:29,993 [INFO] IPUIPlugin:80 - create IPUIPlugin
2023-09-19 16:58:29,993 [INFO] PluginManager:220 - loadIPPluginJar : add gtzc
2023-09-19 16:58:30,016 [INFO] IPUIPlugin:80 - create IPUIPlugin
2023-09-19 16:58:30,016 [INFO] PluginManager:220 - loadIPPluginJar : add hash
2023-09-19 16:58:30,050 [INFO] IPUIPlugin:80 - create IPUIPlugin
2023-09-19 16:58:30,050 [INFO] PluginManager:220 - loadIPPluginJar : add i2c
2023-09-19 16:58:30,077 [INFO] IPUIPlugin:80 - create IPUIPlugin
2023-09-19 16:58:30,077 [INFO] PluginManager:220 - loadIPPluginJar : add i2s
2023-09-19 16:58:30,104 [INFO] IPUIPlugin:80 - create IPUIPlugin
2023-09-19 16:58:30,104 [INFO] PluginManager:220 - loadIPPluginJar : add i3c
2023-09-19 16:58:30,175 [INFO] IPUIPlugin:80 - create IPUIPlugin
2023-09-19 16:58:30,175 [INFO] PluginManager:220 - loadIPPluginJar : add ipddr
2023-09-19 16:58:30,235 [INFO] IPUIPlugin:80 - create IPUIPlugin
2023-09-19 16:58:30,235 [INFO] PluginManager:220 - loadIPPluginJar : add linkedlist
2023-09-19 16:58:30,258 [INFO] IPUIPlugin:80 - create IPUIPlugin
2023-09-19 16:58:30,258 [INFO] PluginManager:220 - loadIPPluginJar : add lorawan
2023-09-19 16:58:30,282 [INFO] IPUIPlugin:80 - create IPUIPlugin
2023-09-19 16:58:30,282 [INFO] PluginManager:220 - loadIPPluginJar : add ltdc
2023-09-19 16:58:30,295 [INFO] IPUIPlugin:80 - create IPUIPlugin
2023-09-19 16:58:30,296 [INFO] PluginManager:220 - loadIPPluginJar : add mdma
2023-09-19 16:58:30,305 [INFO] IPUIPlugin:80 - create IPUIPlugin
2023-09-19 16:58:30,305 [INFO] PluginManager:220 - loadIPPluginJar : add nvic
2023-09-19 16:58:30,329 [INFO] IPUIPlugin:80 - create IPUIPlugin
2023-09-19 16:58:30,329 [INFO] PluginManager:220 - loadIPPluginJar : add opamp
2023-09-19 16:58:30,367 [INFO] IPUIPlugin:80 - create IPUIPlugin
2023-09-19 16:58:30,367 [INFO] PluginManager:220 - loadIPPluginJar : add openamp
2023-09-19 16:58:30,396 [INFO] IPUIPlugin:80 - create IPUIPlugin
2023-09-19 16:58:30,396 [INFO] PluginManager:220 - loadIPPluginJar : add pdm2pcm
2023-09-19 16:58:30,407 [INFO] IPUIPlugin:80 - create IPUIPlugin
2023-09-19 16:58:30,409 [INFO] PluginManager:220 - loadIPPluginJar : add plateformsettings
2023-09-19 16:58:30,455 [INFO] IPUIPlugin:80 - create IPUIPlugin
2023-09-19 16:58:30,455 [INFO] PluginManager:220 - loadIPPluginJar : add quadspi
2023-09-19 16:58:30,467 [INFO] IPUIPlugin:80 - create IPUIPlugin
2023-09-19 16:58:30,467 [INFO] PluginManager:220 - loadIPPluginJar : add resmgrutility
2023-09-19 16:58:30,498 [INFO] IPUIPlugin:80 - create IPUIPlugin
2023-09-19 16:58:30,498 [INFO] PluginManager:220 - loadIPPluginJar : add sai
2023-09-19 16:58:30,526 [INFO] IPUIPlugin:80 - create IPUIPlugin
2023-09-19 16:58:30,526 [INFO] PluginManager:220 - loadIPPluginJar : add spi
2023-09-19 16:58:30,566 [INFO] IPUIPlugin:80 - create IPUIPlugin
2023-09-19 16:58:30,566 [INFO] PluginManager:220 - loadIPPluginJar : add stm32_wpan
2023-09-19 16:58:30,582 [INFO] IPUIPlugin:80 - create IPUIPlugin
2023-09-19 16:58:30,582 [INFO] PluginManager:220 - loadIPPluginJar : add tim
2023-09-19 16:58:30,620 [INFO] IPUIPlugin:80 - create IPUIPlugin
2023-09-19 16:58:30,620 [INFO] PluginManager:220 - loadIPPluginJar : add touchsensing
2023-09-19 16:58:30,636 [INFO] IPUIPlugin:80 - create IPUIPlugin
2023-09-19 16:58:30,636 [INFO] PluginManager:220 - loadIPPluginJar : add tracer_emb
2023-09-19 16:58:30,651 [INFO] IPUIPlugin:80 - create IPUIPlugin
2023-09-19 16:58:30,651 [INFO] PluginManager:220 - loadIPPluginJar : add ts
2023-09-19 16:58:30,665 [INFO] IPUIPlugin:80 - create IPUIPlugin
2023-09-19 16:58:30,665 [INFO] PluginManager:220 - loadIPPluginJar : add tsc
2023-09-19 16:58:30,682 [INFO] IPUIPlugin:80 - create IPUIPlugin
2023-09-19 16:58:30,682 [INFO] PluginManager:220 - loadIPPluginJar : add ucpd
2023-09-19 16:58:30,712 [INFO] IPUIPlugin:80 - create IPUIPlugin
2023-09-19 16:58:30,712 [INFO] PluginManager:220 - loadIPPluginJar : add usart
2023-09-19 16:58:30,742 [INFO] IPUIPlugin:80 - create IPUIPlugin
2023-09-19 16:58:30,742 [INFO] PluginManager:220 - loadIPPluginJar : add usbx
2023-09-19 16:58:30,852 [INFO] CADModel:165 - CPN selected for project level
2023-09-19 16:58:30,853 [INFO] CADModel:114 - Register for checkConnection events
2023-09-19 16:58:30,853 [FATAL] Updater:308 - Updater called before beeing initialized
2023-09-19 16:58:30,853 [ERROR] CADModel:125 - Updater not yet initialized, retry later 
2023-09-19 16:58:30,964 [INFO] CADModel:165 - CPN selected for project level
2023-09-19 16:58:30,964 [INFO] CADModel:114 - Register for checkConnection events
2023-09-19 16:58:30,964 [FATAL] Updater:308 - Updater called before beeing initialized
2023-09-19 16:58:30,964 [ERROR] CADModel:125 - Updater not yet initialized, retry later 
2023-09-19 16:58:30,968 [FATAL] Updater:308 - Updater called before beeing initialized
2023-09-19 16:58:31,054 [FATAL] Updater:308 - Updater called before beeing initialized
2023-09-19 16:58:31,064 [INFO] DbMcusAds:53 - JSON generation date=Tue Mar 07 03:50:55 EST 2023 (1678179055114)
2023-09-19 16:58:31,064 [FATAL] Updater:308 - Updater called before beeing initialized
2023-09-19 16:58:31,104 [WARN] DetailPanel:346 - Failed to get advertising image, set to default
2023-09-19 16:58:31,182 [FATAL] Updater:308 - Updater called before beeing initialized
2023-09-19 16:58:31,185 [FATAL] Updater:308 - Updater called before beeing initialized
2023-09-19 16:58:31,185 [FATAL] Updater:308 - Updater called before beeing initialized
2023-09-19 16:58:31,185 [WARN] DetailPanel:346 - Failed to get advertising image, set to default
2023-09-19 16:58:31,186 [FATAL] Updater:308 - Updater called before beeing initialized
2023-09-19 16:58:31,233 [ERROR] Updater:1120 - MainUpdater not yet initialized. External WinMGr cannot be set.
2023-09-19 16:58:31,241 [INFO] Updater:1056 - Updater Version found : 6.9.1
2023-09-19 16:58:31,258 [INFO] ApplicationProperties:184 - Using Application install path: C:\ST\STM32CubeIDE_1.13.1\STM32CubeIDE\plugins\com.st.stm32cube.common.mx_6.9.1.202307191849
2023-09-19 16:58:31,497 [INFO] MainUpdater:2868 - connection check result : 10
2023-09-19 16:58:31,497 [INFO] MainUpdater:3562 - Updater definition file requires update
2023-09-19 16:58:31,498 [INFO] MainUpdater:285 - Updater Check For Update Now.
2023-09-19 16:58:31,498 [INFO] MicroXplorer:498 - Change Database Version : DB.6.0.91
2023-09-19 16:58:31,512 [INFO] McuFinderGlobals:63 - Set McuFinder mode to 2 (CubeIDE integrated)
2023-09-19 16:58:31,512 [INFO] UserAuth:179 - activating auth plugin
2023-09-19 16:58:31,515 [INFO] UserAuth:393 - Internet connection configuration mode: 1
2023-09-19 16:58:31,540 [INFO] JxBrowserEngine:151 - Initiate JxBrowser Engine with user profile folder
2023-09-19 16:58:31,559 [INFO] ServerAccessManage:473 - Download File updaters.zip
2023-09-19 16:58:31,689 [INFO] FileExtend:240 - Unzip File : updaters.zip
2023-09-19 16:58:31,689 [INFO] FileExtend:255 - Standard Zip Deflate
2023-09-19 16:58:31,938 [WARN] MainUpdater:1189 - Updater busy. Cannot search thirdparties
2023-09-19 16:58:31,938 [INFO] ThirdPartyUpdaterWithRetryManager:96 - Updater plugin is busy. [1/15]
2023-09-19 16:58:32,055 [INFO] ServerAccessManage:473 - Download File PacksControlFlags.xml
2023-09-19 16:58:32,179 [INFO] ServerAccessManage:473 - Download File cubemx.pidx
2023-09-19 16:58:32,315 [INFO] LoadServerUpdatesThread:373 - End of LoadServerUpdate Thread
2023-09-19 16:58:32,507 [INFO] CheckServerUpdateThread:120 - End of CheckServer Thread
2023-09-19 16:58:34,152 [INFO] WebApp:157 - Instantiating new browser for Auth
2023-09-19 16:58:34,794 [INFO] WebApp:753 - Register for checkConnection events
2023-09-19 16:58:34,795 [INFO] WebApp:390 - Apply proxy settings
2023-09-19 16:58:34,795 [INFO] WebApp:475 - Chromium requires no authentication
2023-09-19 16:58:34,802 [INFO] WebApp:418 - Direct internet connection detected
2023-09-19 16:58:34,973 [INFO] WebApp:188 - Starting web application
2023-09-19 16:58:34,973 [INFO] WebApp:520 - Web application path used C:\ST\STM32CubeIDE_1.13.1\STM32CubeIDE\plugins\com.st.stm32cube.common.mx_6.9.1.202307191849\db\plugins\mcufinder\reactClient1\index.html
2023-09-19 16:58:35,105 [WARN] PackLoader:240 - Cannot read IP mode file for STMicroelectronics.X-CUBE-SMBUS.2.1.0
2023-09-19 16:58:35,158 [WARN] PackLoader:240 - Cannot read IP mode file for STMicroelectronics.X-CUBE-AZRTOS-F7.1.1.0
2023-09-19 16:58:35,180 [WARN] PackLoader:240 - Cannot read IP mode file for STMicroelectronics.FP-SNS-MOTENV1.4.3.2
2023-09-19 16:58:35,202 [WARN] PackLoader:240 - Cannot read IP mode file for STMicroelectronics.FP-SNS-FLIGHT1.5.0.2
2023-09-19 16:58:35,225 [WARN] PackLoader:240 - Cannot read IP mode file for STMicroelectronics.X-CUBE-DISPLAY.3.0.0
2023-09-19 16:58:35,250 [WARN] PackLoader:240 - Cannot read IP mode file for STMicroelectronics.X-CUBE-BLE1.7.0.0
2023-09-19 16:58:35,263 [WARN] PackLoader:240 - Cannot read IP mode file for emotas.I-CUBE-CANOPEN.1.3.0
2023-09-19 16:58:35,280 [WARN] PackLoader:240 - Cannot read IP mode file for STMicroelectronics.X-CUBE-TOUCHGFX.4.22.0
2023-09-19 16:58:35,293 [WARN] PackLoader:240 - Cannot read IP mode file for STMicroelectronics.FP-SNS-SMARTAG2.1.2.0
2023-09-19 16:58:35,314 [INFO] LogOutputStream:77 - [STDOUT_REDIRECT] 1 : Invalid condition id : UX_CORESTACK_Condition cause : null
2023-09-19 16:58:35,314 [INFO] LogOutputStream:77 - [STDOUT_REDIRECT] 1 : Invalid condition id : UX_CORESTACK_Condition cause : null
2023-09-19 16:58:35,315 [INFO] LogOutputStream:77 - [STDOUT_REDIRECT] 1 : Invalid condition id : UX_CORESTACK_Condition cause : null
2023-09-19 16:58:35,315 [INFO] LogOutputStream:77 - [STDOUT_REDIRECT] 1 : Invalid condition id : UX_CORESTACK_Condition cause : null
2023-09-19 16:58:35,316 [INFO] LogOutputStream:77 - [STDOUT_REDIRECT] 1 : Invalid condition id : UX_CORESTACK_Condition cause : null
2023-09-19 16:58:35,319 [WARN] PackLoader:240 - Cannot read IP mode file for STMicroelectronics.X-CUBE-AZRTOS-WL.2.0.0
2023-09-19 16:58:35,336 [WARN] PackLoader:240 - Cannot read IP mode file for WES.I-CUBE-Cesium.1.3.0
2023-09-19 16:58:35,349 [WARN] PackLoader:240 - Cannot read IP mode file for STMicroelectronics.X-CUBE-BLE2.3.3.0
2023-09-19 16:58:35,362 [WARN] PackLoader:240 - Cannot read IP mode file for STMicroelectronics.X-CUBE-ALGOBUILD.1.3.0
2023-09-19 16:58:35,388 [WARN] PackLoader:240 - Cannot read IP mode file for STMicroelectronics.X-CUBE-AZRTOS-G0.1.1.0
2023-09-19 16:58:35,408 [WARN] PackLoader:240 - Cannot read IP mode file for STMicroelectronics.X-CUBE-NFC4.3.0.0
2023-09-19 16:58:35,424 [WARN] PackLoader:240 - Cannot read IP mode file for STMicroelectronics.FP-ATR-SIGFOX1.3.2.0
2023-09-19 16:58:35,469 [WARN] PackLoader:240 - Cannot read IP mode file for SEGGER.I-CUBE-embOS.1.3.1
2023-09-19 16:58:35,522 [WARN] PackLoader:240 - Cannot read IP mode file for STMicroelectronics.X-CUBE-GNSS1.6.0.0
2023-09-19 16:58:35,557 [WARN] PackLoader:240 - Cannot read IP mode file for STMicroelectronics.X-CUBE-AZRTOS-F4.1.1.0
2023-09-19 16:58:35,572 [WARN] PackLoader:240 - Cannot read IP mode file for wolfSSL.I-CUBE-wolfSSL.5.6.3
2023-09-19 16:58:35,601 [WARN] PackLoader:240 - Cannot read IP mode file for STMicroelectronics.X-CUBE-AZRTOS-L5.2.0.0
2023-09-19 16:58:35,657 [WARN] PackLoader:240 - Cannot read IP mode file for STMicroelectronics.X-CUBE-MEMS1.9.6.0
2023-09-19 16:58:35,814 [WARN] PackLoader:240 - Cannot read IP mode file for STMicroelectronics.X-CUBE-BLEMGR.2.0.0
2023-09-19 16:58:35,848 [WARN] ConditionMgr:438 - getConditionDescription Invalid condition id : UX DEVICE CLASS RTOS Condition cause : null
2023-09-19 16:58:35,848 [WARN] ConditionMgr:438 - getConditionDescription Invalid condition id : UX DEVICE CLASS RTOS Condition cause : null
2023-09-19 16:58:35,851 [WARN] PackLoader:240 - Cannot read IP mode file for STMicroelectronics.X-CUBE-AZRTOS-H7.3.1.0
2023-09-19 16:58:35,853 [WARN] ConditionMgr:1039 - genDependencies : Invalid condition id : UX DEVICE CLASS RTOS Condition cause : null
2023-09-19 16:58:35,853 [WARN] ConditionMgr:1039 - genDependencies : Invalid condition id : UX DEVICE CLASS RTOS Condition cause : null
2023-09-19 16:58:35,853 [WARN] ConditionMgr:1039 - genDependencies : Invalid condition id : UX DEVICE CLASS RTOS Condition cause : null
2023-09-19 16:58:35,854 [WARN] ConditionMgr:1039 - genDependencies : Invalid condition id : UX DEVICE CLASS RTOS Condition cause : null
2023-09-19 16:58:35,854 [WARN] ConditionMgr:1039 - genDependencies : Invalid condition id : UX DEVICE CLASS RTOS Condition cause : null
2023-09-19 16:58:35,868 [WARN] PackLoader:240 - Cannot read IP mode file for STMicroelectronics.X-CUBE-NFC7.1.0.1
2023-09-19 16:58:35,884 [WARN] PackLoader:240 - Cannot read IP mode file for STMicroelectronics.X-CUBE-NFC6.3.0.0
2023-09-19 16:58:35,898 [WARN] PackLoader:240 - Cannot read IP mode file for STMicroelectronics.X-CUBE-EEPRMA1.4.1.0
2023-09-19 16:58:35,912 [WARN] PackLoader:240 - Cannot read IP mode file for STMicroelectronics.X-CUBE-AI.8.1.0
2023-09-19 16:58:35,943 [WARN] ConditionMgr:438 - getConditionDescription Invalid condition id : LAN8742 Phy interface Condition cause : null
2023-09-19 16:58:35,944 [WARN] PackLoader:240 - Cannot read IP mode file for STMicroelectronics.X-CUBE-AZRTOS-L4.2.0.0
2023-09-19 16:58:35,945 [WARN] ConditionMgr:1039 - genDependencies : Invalid condition id : LAN8742 Phy interface Condition cause : null
2023-09-19 16:58:35,946 [WARN] ConditionMgr:1039 - genDependencies : Invalid condition id : LAN8742 Phy interface Condition cause : null
2023-09-19 16:58:35,946 [WARN] ConditionMgr:1039 - genDependencies : Invalid condition id : LAN8742 Phy interface Condition cause : null
2023-09-19 16:58:35,964 [WARN] PackLoader:240 - Cannot read IP mode file for STMicroelectronics.X-CUBE-SFXS2LP1.4.0.0
2023-09-19 16:58:35,975 [WARN] PackLoader:240 - Cannot read IP mode file for STMicroelectronics.X-CUBE-ISPU.1.1.0
2023-09-19 16:58:35,996 [WARN] ConditionMgr:438 - getConditionDescription Invalid condition id : UX DEVICE CLASS RTOS Condition cause : null
2023-09-19 16:58:35,997 [WARN] ConditionMgr:438 - getConditionDescription Invalid condition id : UX DEVICE CLASS RTOS Condition cause : null
2023-09-19 16:58:35,998 [WARN] PackLoader:240 - Cannot read IP mode file for STMicroelectronics.X-CUBE-AZRTOS-WB.2.0.0
2023-09-19 16:58:35,998 [WARN] ConditionMgr:1039 - genDependencies : Invalid condition id : UX DEVICE CLASS RTOS Condition cause : null
2023-09-19 16:58:35,999 [WARN] ConditionMgr:1039 - genDependencies : Invalid condition id : UX DEVICE CLASS RTOS Condition cause : null
2023-09-19 16:58:35,999 [WARN] ConditionMgr:1039 - genDependencies : Invalid condition id : UX DEVICE CLASS RTOS Condition cause : null
2023-09-19 16:58:36,000 [WARN] ConditionMgr:1039 - genDependencies : Invalid condition id : UX DEVICE CLASS RTOS Condition cause : null
2023-09-19 16:58:36,000 [WARN] ConditionMgr:1039 - genDependencies : Invalid condition id : UX DEVICE CLASS RTOS Condition cause : null
2023-09-19 16:58:36,019 [WARN] PackLoader:240 - Cannot read IP mode file for STMicroelectronics.X-CUBE-SUBG2.5.0.0
2023-09-19 16:58:36,043 [WARN] PackLoader:240 - Cannot read IP mode file for STMicroelectronics.X-CUBE-TOF1.3.3.1
2023-09-19 16:58:36,074 [WARN] PackLoader:240 - Cannot read IP mode file for STMicroelectronics.X-CUBE-AZRTOS-G4.2.0.0
2023-09-19 16:58:36,086 [WARN] PackLoader:240 - Cannot read IP mode file for STMicroelectronics.X-CUBE-FREERTOS.1.1.0
2023-09-19 16:58:36,102 [WARN] PackLoader:240 - Cannot read IP mode file for portGmbH.I-Cube-SoM-uGOAL.1.1.0
2023-09-19 16:58:36,116 [WARN] PackLoader:240 - Cannot read IP mode file for STMicroelectronics.X-CUBE-ALS.1.0.1
2023-09-19 16:58:36,130 [WARN] PackLoader:240 - Cannot read IP mode file for STMicroelectronics.FP-ATR-ASTRA1.2.0.0
2023-09-19 16:58:36,131 [INFO] ThirdParty:978 - Integrity check success = true
2023-09-19 16:58:36,131 [INFO] IntegrityCheckThread:100 - exiting critical section [integrity check]
2023-09-19 16:58:36,131 [INFO] IntegrityCheckThread:103 - End integrity checks thread
2023-09-19 16:58:55,761 [ERROR] LogOutputStream:75 - [STDERR_REDIRECT] SLF4J: Failed to load class "org.slf4j.impl.StaticLoggerBinder".
2023-09-19 16:58:55,762 [ERROR] LogOutputStream:75 - [STDERR_REDIRECT] SLF4J: Defaulting to no-operation (NOP) logger implementation
2023-09-19 16:58:55,762 [ERROR] LogOutputStream:75 - [STDERR_REDIRECT] SLF4J: See http://www.slf4j.org/codes.html#StaticLoggerBinder for further details.
2023-09-19 17:04:30,355 [INFO] McuFinderGlobals:63 - Set McuFinder mode to 2 (CubeIDE integrated)
2023-09-19 17:04:30,378 [INFO] MainUpdater:2868 - connection check result : 10
2023-09-19 17:04:30,412 [INFO] McuFinderGlobals:76 - Set McuFinderConnectedMode to true
2023-09-19 17:04:31,920 [INFO] ServerAccessManage:473 - Download File mcusAds.json._tmp_
2023-09-19 17:04:32,029 [INFO] LoadUrlFilesThread:156 - End of LoadUrlFiles Thread
2023-09-19 17:04:33,495 [INFO] ServerAccessManage:473 - Download File cube-finder-db.zip
2023-09-19 17:04:34,795 [INFO] FileExtend:240 - Unzip File : cube-finder-db.zip
2023-09-19 17:04:34,795 [INFO] FileExtend:255 - Standard Zip Deflate
2023-09-19 17:04:35,361 [INFO] LoadUrlFilesThread:156 - End of LoadUrlFiles Thread
2023-09-19 17:04:38,229 [INFO] ServerAccessManage:473 - Download File crdb.zip
2023-09-19 17:04:39,076 [INFO] FileExtend:240 - Unzip File : crdb.zip
2023-09-19 17:04:39,076 [INFO] FileExtend:255 - Standard Zip Deflate
2023-09-19 17:04:39,211 [INFO] LoadUrlFilesThread:156 - End of LoadUrlFiles Thread
2023-09-19 17:04:39,708 [INFO] ServerAccessManage:473 - Download File tutoVideoDB.zip
2023-09-19 17:04:39,724 [INFO] FileExtend:240 - Unzip File : tutoVideoDB.zip
2023-09-19 17:04:39,724 [INFO] FileExtend:255 - Standard Zip Deflate
2023-09-19 17:04:39,845 [INFO] LoadUrlFilesThread:156 - End of LoadUrlFiles Thread
2023-09-19 17:04:39,846 [WARN] DbFile:41 - Overriding database path with different value: C:\Users\christian.saiz\.stmcufinder\plugins\mcufinder/ => C:\Users\christian.saiz\.stmcufinder\plugins\mcufinder
2023-09-19 17:04:40,041 [INFO] ServerAccessManage:473 - Download File api_config.json
2023-09-19 17:04:40,154 [INFO] LoadUrlFilesThread:156 - End of LoadUrlFiles Thread
2023-09-19 17:04:40,155 [INFO] DbMcusAds:53 - JSON generation date=Tue Mar 07 03:50:55 EST 2023 (1678179055114)
2023-09-19 17:04:40,173 [INFO] LoadUrlFilesThread:185 - End of LoadServerUrlFiles without Thread
2023-09-19 17:04:40,174 [INFO] TargetSelectorAdapter:259 - Refresh data is successful
2023-09-19 17:04:40,281 [INFO] ApiDb:581 - Connected to CubeFinder SQLite database (C:\Users\christian.saiz\.stmcufinder\plugins\mcufinder\mcu\cube-finder-db.db)
2023-09-19 17:04:40,319 [INFO] ApiDb:668 - CubeFinder database Data Model version=2.1
2023-09-19 17:04:40,319 [INFO] ApiDb:669 - CubeFinder database Configuration version=3.0.37
2023-09-19 17:04:40,319 [INFO] ApiDb:670 - CubeFinder database generation date=2023-08-09 (1691586011)
2023-09-19 17:04:40,319 [INFO] ApiDb:671 - CubeFinder database FW Pack versions=[FP-ATR-ASTRA1_V2.0.0, FP-SNS-FLIGHT1_V5.0.1, FP-SNS-FLIGHT1_V5.0.2, FP-SNS-MOTENV1_V4.3.1, FP-SNS-MOTENV1_V4.3.2, STM32Cube_FW_C0_V1.1.0, STM32Cube_FW_F4_V1.27.1, STM32Cube_FW_F7_V1.17.0, STM32Cube_FW_G0_V1.6.1, STM32Cube_FW_G4_V1.5.1, STM32Cube_FW_H5_V0.5.1, STM32Cube_FW_H5_V1.1.0, STM32Cube_FW_H7_V1.11.0, STM32Cube_FW_L0_V1.12.2, STM32Cube_FW_L5_V1.5.0, STM32Cube_FW_U5_V1.3.0, STM32Cube_FW_U5_V1.3.0RC4, STM32Cube_FW_WBA_V1.0.0RC1, STM32Cube_FW_WBA_V1.1.0, STM32Cube_FW_WBA_V1.1.0RC1, STM32Cube_FW_WB_V1.15.0RC1, STM32Cube_FW_WB_V1.16.0, STM32Cube_FW_WB_V1.16.0RC2, STM32Cube_FW_WB_V1.17.0, STM32Cube_FW_WL_V1.3.0, X-CUBE-ALGOBUILD_V1.3.0, X-CUBE-ALS_V1.0.1, X-CUBE-AZRTOS-F4_V1.1.0, X-CUBE-AZRTOS-F7_V1.1.0, X-CUBE-AZRTOS-G0_V1.1.0, X-CUBE-AZRTOS-G4_V2.0.0, X-CUBE-AZRTOS-H7_V3.1.0, X-CUBE-AZRTOS-L4_V1.0.0, X-CUBE-AZRTOS-L4_V2.0.0, X-CUBE-AZRTOS-L5_V1.1.0, X-CUBE-AZRTOS-WB_V1.1.0, X-CUBE-AZRTOS-WL_V2.0.0, X-CUBE-BLE1_V7.0.0, X-CUBE-BLE2_V3.3.0, X-CUBE-BLEMGR_V2.0.0, X-CUBE-EEPRMA1_V4.1.0, X-CUBE-FREERTOS_V1.1.0, X-CUBE-GNSS1_V6.0.0, X-CUBE-MEMS1_V9.1.0, X-CUBE-MEMS1_V9.4.0, X-CUBE-MEMS1_V9.6.0, X-CUBE-NFC4_V3.0.0, X-CUBE-NFC7_V1.0.0, X-CUBE-SFXS2LP1_V4.0.0, X-CUBE-SUBG2_V5.0.0, X-CUBE-TOF1_V3.3.1]
2023-09-19 17:04:41,649 [INFO] ApiDb:240 - Found 323 in-development CPN: [B-G473E-ZEST1S, B-WB1M-WPAN1, B-WL5M-SUBG1, NUCLEO-C031C6, NUCLEO-H503RB, NUCLEO-H563ZI, NUCLEO-U545RE-Q, NUCLEO-U5A5ZJ-Q, NUCLEO-WBA52CG, STEVAL-PROTEUS1, STEVAL-SMARTAG2, STEVAL-STWINBX1, STM320518-EVAL, STM32C0116-DK, STM32C011D6Y3TR, STM32C011D6Y6TR, STM32C011F4P3, STM32C011F4P6, STM32C011F4U3, STM32C011F4U6TR, STM32C011F6P3, STM32C011F6P6, STM32C011F6U3, STM32C011F6U6TR, STM32C011J4M3, STM32C011J4M6, STM32C011J6M3, STM32C011J6M6, STM32C0316-DK, STM32C031C4T3, STM32C031C4T6, STM32C031C4U3, STM32C031C4U6, STM32C031C6T3, STM32C031C6T6, STM32C031C6U3, STM32C031C6U6, STM32C031F4P3, STM32C031F4P6, STM32C031F6P3, STM32C031F6P6, STM32C031G4U3, STM32C031G4U6, STM32C031G6U3, STM32C031G6U6, STM32C031K4T3, STM32C031K4T6, STM32C031K4U3, STM32C031K4U6, STM32C031K6T3, STM32C031K6T6, STM32C031K6U3, STM32C031K6U6, STM32G071K8TXN, STM32G071K8UXN, STM32G081GBU6N, STM32G081KBT6N, STM32G081KBUXN, STM32G0B1CCT6N, STM32G0B1KCT6, STM32G0B1NEY6TR, STM32G0B1RCT6N, STM32G0C1CCT6, STM32G0C1CCT6N, STM32G0C1CCU6N, STM32G0C1CET6N, STM32G0C1CEU6N, STM32G0C1KCT6, STM32G0C1NEY6TR, STM32G0C1RCI6N, STM32G0C1RCT6N, STM32G0C1REI6N, STM32G0C1RET6N, STM32G0C1VCI6, STM32G0C1VEI6, STM32G471CCT6, STM32G471CCU6, STM32G471CET3, STM32G471CET6, STM32G471CEU3, STM32G471CEU6, STM32G471MCT6, STM32G471MET3, STM32G471MET6, STM32G471MEY6TR, STM32G471QCT6, STM32G471QET3, STM32G471RCT6, STM32G471RET3, STM32G471RET6, STM32G471VCH6, STM32G471VCI6, STM32G471VCT6, STM32G471VEH3, STM32G471VEH6, STM32G471VEI3, STM32G471VEI6, STM32G471VET3, STM32G471VET6, STM32G474CCT6, STM32H503CBT6, STM32H503CBU6, STM32H503EBY6TR, STM32H503KBU6, STM32H503RBT6, STM32H562AGI6, STM32H562AII6, STM32H562IGK6, STM32H562IGT6, STM32H562IIK6, STM32H562IIT6, STM32H562RGT6, STM32H562RGV6, STM32H562RIT6, STM32H562RIV6, STM32H562VGT6, STM32H562VIT6, STM32H562ZGT6, STM32H562ZIT6, STM32H563AGI6, STM32H563AII3Q, STM32H563AII6, STM32H563IGK6, STM32H563IGT6, STM32H563IIK3Q, STM32H563IIK6, STM32H563IIT3Q, STM32H563IIT6, STM32H563MIY3QTR, STM32H563RGT6, STM32H563RGV6, STM32H563RIT6, STM32H563RIV6, STM32H563VGT6, STM32H563VIT3Q, STM32H563VIT6, STM32H563ZGT6, STM32H563ZIT3Q, STM32H563ZIT6, STM32H573AII3Q, STM32H573AII6, STM32H573I-DK, STM32H573IIK3Q, STM32H573IIK6, STM32H573IIT3Q, STM32H573IIT6, STM32H573MIY3QTR, STM32H573RIT6, STM32H573RIV6, STM32H573VIT3Q, STM32H573VIT6, STM32H573ZIT3Q, STM32H573ZIT6, STM32L4R5QGI6STR, STM32MP131AAE3, STM32MP131AAF3, STM32MP131AAG3, STM32MP131CAE3, STM32MP131CAF3, STM32MP131CAG3, STM32MP131DAE7, STM32MP131DAF7, STM32MP131DAG7, STM32MP131FAE7, STM32MP131FAF7, STM32MP131FAG7, STM32MP133AAE3, STM32MP133AAF3, STM32MP133AAG3, STM32MP133CAE3, STM32MP133CAF3, STM32MP133CAG3, STM32MP133DAE7, STM32MP133DAF7, STM32MP133DAG7, STM32MP133FAE7, STM32MP133FAF7, STM32MP133FAG7, STM32MP135AAE3, STM32MP135AAF3, STM32MP135AAG3, STM32MP135CAE3, STM32MP135CAF3, STM32MP135CAG3, STM32MP135DAE7, STM32MP135DAF7, STM32MP135DAG7, STM32MP135F-DK, STM32MP135FAE7, STM32MP135FAF7, STM32MP135FAF7T, STM32MP135FAF7U, STM32MP135FAG7, STM32U535CBT6, STM32U535CBT6Q, STM32U535CBU6, STM32U535CBU6Q, STM32U535CCT6, STM32U535CCT6Q, STM32U535CCU6, STM32U535CCU6Q, STM32U535CET6, STM32U535CET6Q, STM32U535CEU6, STM32U535CEU6Q, STM32U535JEY6QTR, STM32U535NCY6QTR, STM32U535NEY6QTR, STM32U535RBI6, STM32U535RBI6Q, STM32U535RBT6, STM32U535RBT6Q, STM32U535RCI6, STM32U535RCI6Q, STM32U535RCT6, STM32U535RCT6Q, STM32U535REI6, STM32U535REI6Q, STM32U535RET6, STM32U535RET6Q, STM32U535VCI6, STM32U535VCI6Q, STM32U535VCT6, STM32U535VCT6Q, STM32U535VEI6, STM32U535VEI6Q, STM32U535VET6, STM32U535VET6Q, STM32U545CET6, STM32U545CET6Q, STM32U545CEU6, STM32U545CEU6Q, STM32U545JEY6QTR, STM32U545NEY6QTR, STM32U545REI6, STM32U545REI6Q, STM32U545RET6, STM32U545RET6Q, STM32U545VEI6, STM32U545VEI6Q, STM32U545VET6, STM32U545VET6Q, STM32U595AIH6, STM32U595AIH6Q, STM32U595AJH6, STM32U595AJH6Q, STM32U595QII6, STM32U595QII6Q, STM32U595QJI6, STM32U595QJI6Q, STM32U595RIT6, STM32U595RIT6Q, STM32U595RJT6, STM32U595RJT6Q, STM32U595VIT6, STM32U595VIT6Q, STM32U595VJT6, STM32U595VJT6Q, STM32U595ZIT6, STM32U595ZIT6Q, STM32U595ZIY6QTR, STM32U595ZJT6, STM32U595ZJT6Q, STM32U595ZJY6QTR, STM32U599BJY6QTR, STM32U599NIH6Q, STM32U599NJH6Q, STM32U599VIT6Q, STM32U599VJT6, STM32U599VJT6Q, STM32U599ZIT6Q, STM32U599ZIY6QTR, STM32U599ZJT6Q, STM32U599ZJY6QTR, STM32U5A5AJH6, STM32U5A5AJH6Q, STM32U5A5QJI6, STM32U5A5QJI6Q, STM32U5A5RJT6, STM32U5A5RJT6Q, STM32U5A5VJT6, STM32U5A5VJT6Q, STM32U5A5ZJT6, STM32U5A5ZJT6Q, STM32U5A5ZJY6QTR, STM32U5A9BJY6QTR, STM32U5A9J-DK, STM32U5A9NJH6Q, STM32U5A9VJT6Q, STM32U5A9ZJT6Q, STM32U5A9ZJY6QTR, STM32U5F7VIT6, STM32U5F7VIT6Q, STM32U5F7VJT6, STM32U5F7VJT6Q, STM32U5F9BJY6QTR, STM32U5F9NJH6Q, STM32U5F9VIT6Q, STM32U5F9VJT6Q, STM32U5F9ZIJ6QTR, STM32U5F9ZIT6Q, STM32U5F9ZJJ6QTR, STM32U5F9ZJT6Q, STM32U5G7VJT6, STM32U5G7VJT6Q, STM32U5G9BJY6QTR, STM32U5G9J-DK1, STM32U5G9J-DK2, STM32U5G9NJH6Q, STM32U5G9VJT6Q, STM32U5G9ZJJ6QTR, STM32U5G9ZJT6Q, STM32WB1MMCH6, STM32WBA52CEU6, STM32WBA52CEU6T, STM32WBA52CGU6, STM32WBA52CGU6T, STM32WBA52KEU6, STM32WBA52KEU6T, STM32WBA52KGU6, STM32WBA52KGU6T, STM32WL5MOCH6, STM32WL5MOCH6TR]
2023-09-19 17:04:41,652 [INFO] DbMcus:217 - Found 3848 MCUs, 3848 are supported
2023-09-19 17:04:41,657 [INFO] ApiDb:423 - Load user favorites file C:\Users\christian.saiz/.stm32cubeide/favorites.mcus.txt: 1 item(s)
2023-09-19 17:04:41,657 [INFO] ApiDb:427 - User favorites MCUs=[STM32F103C8T6]
2023-09-19 17:04:41,657 [INFO] DbMcus:223 - Set 1 / 1 favorites MCUs
2023-09-19 17:04:41,813 [INFO] ApiDb:668 - CubeFinder database Data Model version=2.1
2023-09-19 17:04:41,813 [INFO] ApiDb:669 - CubeFinder database Configuration version=3.0.37
2023-09-19 17:04:41,813 [INFO] ApiDb:670 - CubeFinder database generation date=2023-08-09 (1691586011)
2023-09-19 17:04:41,813 [INFO] ApiDb:671 - CubeFinder database FW Pack versions=[FP-ATR-ASTRA1_V2.0.0, FP-SNS-FLIGHT1_V5.0.1, FP-SNS-FLIGHT1_V5.0.2, FP-SNS-MOTENV1_V4.3.1, FP-SNS-MOTENV1_V4.3.2, STM32Cube_FW_C0_V1.1.0, STM32Cube_FW_F4_V1.27.1, STM32Cube_FW_F7_V1.17.0, STM32Cube_FW_G0_V1.6.1, STM32Cube_FW_G4_V1.5.1, STM32Cube_FW_H5_V0.5.1, STM32Cube_FW_H5_V1.1.0, STM32Cube_FW_H7_V1.11.0, STM32Cube_FW_L0_V1.12.2, STM32Cube_FW_L5_V1.5.0, STM32Cube_FW_U5_V1.3.0, STM32Cube_FW_U5_V1.3.0RC4, STM32Cube_FW_WBA_V1.0.0RC1, STM32Cube_FW_WBA_V1.1.0, STM32Cube_FW_WBA_V1.1.0RC1, STM32Cube_FW_WB_V1.15.0RC1, STM32Cube_FW_WB_V1.16.0, STM32Cube_FW_WB_V1.16.0RC2, STM32Cube_FW_WB_V1.17.0, STM32Cube_FW_WL_V1.3.0, X-CUBE-ALGOBUILD_V1.3.0, X-CUBE-ALS_V1.0.1, X-CUBE-AZRTOS-F4_V1.1.0, X-CUBE-AZRTOS-F7_V1.1.0, X-CUBE-AZRTOS-G0_V1.1.0, X-CUBE-AZRTOS-G4_V2.0.0, X-CUBE-AZRTOS-H7_V3.1.0, X-CUBE-AZRTOS-L4_V1.0.0, X-CUBE-AZRTOS-L4_V2.0.0, X-CUBE-AZRTOS-L5_V1.1.0, X-CUBE-AZRTOS-WB_V1.1.0, X-CUBE-AZRTOS-WL_V2.0.0, X-CUBE-BLE1_V7.0.0, X-CUBE-BLE2_V3.3.0, X-CUBE-BLEMGR_V2.0.0, X-CUBE-EEPRMA1_V4.1.0, X-CUBE-FREERTOS_V1.1.0, X-CUBE-GNSS1_V6.0.0, X-CUBE-MEMS1_V9.1.0, X-CUBE-MEMS1_V9.4.0, X-CUBE-MEMS1_V9.6.0, X-CUBE-NFC4_V3.0.0, X-CUBE-NFC7_V1.0.0, X-CUBE-SFXS2LP1_V4.0.0, X-CUBE-SUBG2_V5.0.0, X-CUBE-TOF1_V3.3.1]
2023-09-19 17:04:41,848 [INFO] DbBoardsSqlite:226 - include board P-NUCLEO-WB55-NUCLEO as a kit item of type 'Nucleo-64'
2023-09-19 17:04:41,848 [INFO] DbBoardsSqlite:226 - include board P-NUCLEO-WB55-USBDONGLE as a kit item of type 'Nucleo USB Dongle'
2023-09-19 17:04:41,848 [INFO] DbBoardsSqlite:226 - include board STEVAL-IDP005V1 as a kit item of type 'Evaluation Board'
2023-09-19 17:04:41,849 [INFO] DbBoardsSqlite:226 - include board STEVAL-IDP005V2 as a kit item of type 'Evaluation Board'
2023-09-19 17:04:41,876 [INFO] ApiDb:240 - Found 323 in-development CPN: [B-G473E-ZEST1S, B-WB1M-WPAN1, B-WL5M-SUBG1, NUCLEO-C031C6, NUCLEO-H503RB, NUCLEO-H563ZI, NUCLEO-U545RE-Q, NUCLEO-U5A5ZJ-Q, NUCLEO-WBA52CG, STEVAL-PROTEUS1, STEVAL-SMARTAG2, STEVAL-STWINBX1, STM320518-EVAL, STM32C0116-DK, STM32C011D6Y3TR, STM32C011D6Y6TR, STM32C011F4P3, STM32C011F4P6, STM32C011F4U3, STM32C011F4U6TR, STM32C011F6P3, STM32C011F6P6, STM32C011F6U3, STM32C011F6U6TR, STM32C011J4M3, STM32C011J4M6, STM32C011J6M3, STM32C011J6M6, STM32C0316-DK, STM32C031C4T3, STM32C031C4T6, STM32C031C4U3, STM32C031C4U6, STM32C031C6T3, STM32C031C6T6, STM32C031C6U3, STM32C031C6U6, STM32C031F4P3, STM32C031F4P6, STM32C031F6P3, STM32C031F6P6, STM32C031G4U3, STM32C031G4U6, STM32C031G6U3, STM32C031G6U6, STM32C031K4T3, STM32C031K4T6, STM32C031K4U3, STM32C031K4U6, STM32C031K6T3, STM32C031K6T6, STM32C031K6U3, STM32C031K6U6, STM32G071K8TXN, STM32G071K8UXN, STM32G081GBU6N, STM32G081KBT6N, STM32G081KBUXN, STM32G0B1CCT6N, STM32G0B1KCT6, STM32G0B1NEY6TR, STM32G0B1RCT6N, STM32G0C1CCT6, STM32G0C1CCT6N, STM32G0C1CCU6N, STM32G0C1CET6N, STM32G0C1CEU6N, STM32G0C1KCT6, STM32G0C1NEY6TR, STM32G0C1RCI6N, STM32G0C1RCT6N, STM32G0C1REI6N, STM32G0C1RET6N, STM32G0C1VCI6, STM32G0C1VEI6, STM32G471CCT6, STM32G471CCU6, STM32G471CET3, STM32G471CET6, STM32G471CEU3, STM32G471CEU6, STM32G471MCT6, STM32G471MET3, STM32G471MET6, STM32G471MEY6TR, STM32G471QCT6, STM32G471QET3, STM32G471RCT6, STM32G471RET3, STM32G471RET6, STM32G471VCH6, STM32G471VCI6, STM32G471VCT6, STM32G471VEH3, STM32G471VEH6, STM32G471VEI3, STM32G471VEI6, STM32G471VET3, STM32G471VET6, STM32G474CCT6, STM32H503CBT6, STM32H503CBU6, STM32H503EBY6TR, STM32H503KBU6, STM32H503RBT6, STM32H562AGI6, STM32H562AII6, STM32H562IGK6, STM32H562IGT6, STM32H562IIK6, STM32H562IIT6, STM32H562RGT6, STM32H562RGV6, STM32H562RIT6, STM32H562RIV6, STM32H562VGT6, STM32H562VIT6, STM32H562ZGT6, STM32H562ZIT6, STM32H563AGI6, STM32H563AII3Q, STM32H563AII6, STM32H563IGK6, STM32H563IGT6, STM32H563IIK3Q, STM32H563IIK6, STM32H563IIT3Q, STM32H563IIT6, STM32H563MIY3QTR, STM32H563RGT6, STM32H563RGV6, STM32H563RIT6, STM32H563RIV6, STM32H563VGT6, STM32H563VIT3Q, STM32H563VIT6, STM32H563ZGT6, STM32H563ZIT3Q, STM32H563ZIT6, STM32H573AII3Q, STM32H573AII6, STM32H573I-DK, STM32H573IIK3Q, STM32H573IIK6, STM32H573IIT3Q, STM32H573IIT6, STM32H573MIY3QTR, STM32H573RIT6, STM32H573RIV6, STM32H573VIT3Q, STM32H573VIT6, STM32H573ZIT3Q, STM32H573ZIT6, STM32L4R5QGI6STR, STM32MP131AAE3, STM32MP131AAF3, STM32MP131AAG3, STM32MP131CAE3, STM32MP131CAF3, STM32MP131CAG3, STM32MP131DAE7, STM32MP131DAF7, STM32MP131DAG7, STM32MP131FAE7, STM32MP131FAF7, STM32MP131FAG7, STM32MP133AAE3, STM32MP133AAF3, STM32MP133AAG3, STM32MP133CAE3, STM32MP133CAF3, STM32MP133CAG3, STM32MP133DAE7, STM32MP133DAF7, STM32MP133DAG7, STM32MP133FAE7, STM32MP133FAF7, STM32MP133FAG7, STM32MP135AAE3, STM32MP135AAF3, STM32MP135AAG3, STM32MP135CAE3, STM32MP135CAF3, STM32MP135CAG3, STM32MP135DAE7, STM32MP135DAF7, STM32MP135DAG7, STM32MP135F-DK, STM32MP135FAE7, STM32MP135FAF7, STM32MP135FAF7T, STM32MP135FAF7U, STM32MP135FAG7, STM32U535CBT6, STM32U535CBT6Q, STM32U535CBU6, STM32U535CBU6Q, STM32U535CCT6, STM32U535CCT6Q, STM32U535CCU6, STM32U535CCU6Q, STM32U535CET6, STM32U535CET6Q, STM32U535CEU6, STM32U535CEU6Q, STM32U535JEY6QTR, STM32U535NCY6QTR, STM32U535NEY6QTR, STM32U535RBI6, STM32U535RBI6Q, STM32U535RBT6, STM32U535RBT6Q, STM32U535RCI6, STM32U535RCI6Q, STM32U535RCT6, STM32U535RCT6Q, STM32U535REI6, STM32U535REI6Q, STM32U535RET6, STM32U535RET6Q, STM32U535VCI6, STM32U535VCI6Q, STM32U535VCT6, STM32U535VCT6Q, STM32U535VEI6, STM32U535VEI6Q, STM32U535VET6, STM32U535VET6Q, STM32U545CET6, STM32U545CET6Q, STM32U545CEU6, STM32U545CEU6Q, STM32U545JEY6QTR, STM32U545NEY6QTR, STM32U545REI6, STM32U545REI6Q, STM32U545RET6, STM32U545RET6Q, STM32U545VEI6, STM32U545VEI6Q, STM32U545VET6, STM32U545VET6Q, STM32U595AIH6, STM32U595AIH6Q, STM32U595AJH6, STM32U595AJH6Q, STM32U595QII6, STM32U595QII6Q, STM32U595QJI6, STM32U595QJI6Q, STM32U595RIT6, STM32U595RIT6Q, STM32U595RJT6, STM32U595RJT6Q, STM32U595VIT6, STM32U595VIT6Q, STM32U595VJT6, STM32U595VJT6Q, STM32U595ZIT6, STM32U595ZIT6Q, STM32U595ZIY6QTR, STM32U595ZJT6, STM32U595ZJT6Q, STM32U595ZJY6QTR, STM32U599BJY6QTR, STM32U599NIH6Q, STM32U599NJH6Q, STM32U599VIT6Q, STM32U599VJT6, STM32U599VJT6Q, STM32U599ZIT6Q, STM32U599ZIY6QTR, STM32U599ZJT6Q, STM32U599ZJY6QTR, STM32U5A5AJH6, STM32U5A5AJH6Q, STM32U5A5QJI6, STM32U5A5QJI6Q, STM32U5A5RJT6, STM32U5A5RJT6Q, STM32U5A5VJT6, STM32U5A5VJT6Q, STM32U5A5ZJT6, STM32U5A5ZJT6Q, STM32U5A5ZJY6QTR, STM32U5A9BJY6QTR, STM32U5A9J-DK, STM32U5A9NJH6Q, STM32U5A9VJT6Q, STM32U5A9ZJT6Q, STM32U5A9ZJY6QTR, STM32U5F7VIT6, STM32U5F7VIT6Q, STM32U5F7VJT6, STM32U5F7VJT6Q, STM32U5F9BJY6QTR, STM32U5F9NJH6Q, STM32U5F9VIT6Q, STM32U5F9VJT6Q, STM32U5F9ZIJ6QTR, STM32U5F9ZIT6Q, STM32U5F9ZJJ6QTR, STM32U5F9ZJT6Q, STM32U5G7VJT6, STM32U5G7VJT6Q, STM32U5G9BJY6QTR, STM32U5G9J-DK1, STM32U5G9J-DK2, STM32U5G9NJH6Q, STM32U5G9VJT6Q, STM32U5G9ZJJ6QTR, STM32U5G9ZJT6Q, STM32WB1MMCH6, STM32WBA52CEU6, STM32WBA52CEU6T, STM32WBA52CGU6, STM32WBA52CGU6T, STM32WBA52KEU6, STM32WBA52KEU6T, STM32WBA52KGU6, STM32WBA52KGU6T, STM32WL5MOCH6, STM32WL5MOCH6TR]
2023-09-19 17:04:41,967 [INFO] BoardInfo:880 - No configuration file found for board P-NUCLEO-WB55
2023-09-19 17:04:41,967 [INFO] DbBoards:157 - Kit is not supported: P-NUCLEO-WB55
2023-09-19 17:04:41,970 [INFO] BoardInfo:880 - No configuration file found for board STEVAL-BFA001V1B
2023-09-19 17:04:41,970 [INFO] DbBoards:157 - Kit is not supported: STEVAL-BFA001V1B
2023-09-19 17:04:41,971 [INFO] BoardInfo:880 - No configuration file found for board STEVAL-BFA001V2B
2023-09-19 17:04:41,971 [INFO] DbBoards:157 - Kit is not supported: STEVAL-BFA001V2B
2023-09-19 17:04:42,037 [INFO] DbBoards:161 - Found 190 boards, 187 are supported
2023-09-19 17:04:42,040 [INFO] ApiDb:423 - Load user favorites file C:\Users\christian.saiz/.stm32cubeide/favorites.boards.txt: 0 item(s)
2023-09-19 17:04:42,040 [INFO] ApiDb:427 - User favorites Boards=[]
2023-09-19 17:04:42,040 [INFO] DbBoards:190 - Set 0 / 0 favorites Boards
2023-09-19 17:04:42,042 [INFO] ApiDb:668 - CubeFinder database Data Model version=2.1
2023-09-19 17:04:42,042 [INFO] ApiDb:669 - CubeFinder database Configuration version=3.0.37
2023-09-19 17:04:42,042 [INFO] ApiDb:670 - CubeFinder database generation date=2023-08-09 (1691586011)
2023-09-19 17:04:42,042 [INFO] ApiDb:671 - CubeFinder database FW Pack versions=[FP-ATR-ASTRA1_V2.0.0, FP-SNS-FLIGHT1_V5.0.1, FP-SNS-FLIGHT1_V5.0.2, FP-SNS-MOTENV1_V4.3.1, FP-SNS-MOTENV1_V4.3.2, STM32Cube_FW_C0_V1.1.0, STM32Cube_FW_F4_V1.27.1, STM32Cube_FW_F7_V1.17.0, STM32Cube_FW_G0_V1.6.1, STM32Cube_FW_G4_V1.5.1, STM32Cube_FW_H5_V0.5.1, STM32Cube_FW_H5_V1.1.0, STM32Cube_FW_H7_V1.11.0, STM32Cube_FW_L0_V1.12.2, STM32Cube_FW_L5_V1.5.0, STM32Cube_FW_U5_V1.3.0, STM32Cube_FW_U5_V1.3.0RC4, STM32Cube_FW_WBA_V1.0.0RC1, STM32Cube_FW_WBA_V1.1.0, STM32Cube_FW_WBA_V1.1.0RC1, STM32Cube_FW_WB_V1.15.0RC1, STM32Cube_FW_WB_V1.16.0, STM32Cube_FW_WB_V1.16.0RC2, STM32Cube_FW_WB_V1.17.0, STM32Cube_FW_WL_V1.3.0, X-CUBE-ALGOBUILD_V1.3.0, X-CUBE-ALS_V1.0.1, X-CUBE-AZRTOS-F4_V1.1.0, X-CUBE-AZRTOS-F7_V1.1.0, X-CUBE-AZRTOS-G0_V1.1.0, X-CUBE-AZRTOS-G4_V2.0.0, X-CUBE-AZRTOS-H7_V3.1.0, X-CUBE-AZRTOS-L4_V1.0.0, X-CUBE-AZRTOS-L4_V2.0.0, X-CUBE-AZRTOS-L5_V1.1.0, X-CUBE-AZRTOS-WB_V1.1.0, X-CUBE-AZRTOS-WL_V2.0.0, X-CUBE-BLE1_V7.0.0, X-CUBE-BLE2_V3.3.0, X-CUBE-BLEMGR_V2.0.0, X-CUBE-EEPRMA1_V4.1.0, X-CUBE-FREERTOS_V1.1.0, X-CUBE-GNSS1_V6.0.0, X-CUBE-MEMS1_V9.1.0, X-CUBE-MEMS1_V9.4.0, X-CUBE-MEMS1_V9.6.0, X-CUBE-NFC4_V3.0.0, X-CUBE-NFC7_V1.0.0, X-CUBE-SFXS2LP1_V4.0.0, X-CUBE-SUBG2_V5.0.0, X-CUBE-TOF1_V3.3.1]
2023-09-19 17:04:42,546 [INFO] DbExamplesSqlite:395 - Ignored 27 examples not supported by CubeIDE
2023-09-19 17:04:42,546 [INFO] DbExamplesSqlite:396 - Found 7231 examples active
2023-09-19 17:04:42,546 [INFO] DbExamplesSqlite:397 - Found 677 examples obsolete
2023-09-19 17:04:42,546 [INFO] DbExamplesSqlite:398 - Found 0 examples under development
2023-09-19 17:04:42,547 [INFO] DbExamplesSqlite:399 - Found 74 examples not building
2023-09-19 17:04:42,549 [INFO] DbExamples:125 - Found 7278 examples
2023-09-19 17:04:42,559 [INFO] DbExamples:222 - Found 92 boards with related examples
2023-09-19 17:04:42,560 [INFO] DbExamples:235 - Found 78 MCUs with related examples
2023-09-19 17:04:42,579 [INFO] ApiDb:423 - Load user favorites file C:\Users\christian.saiz/.stm32cubeide/favorites.examples.txt: 0 item(s)
2023-09-19 17:04:42,579 [INFO] ApiDb:427 - User favorites Examples=[]
2023-09-19 17:04:42,580 [INFO] DbExamples:250 - Set 0 / 0 favorites Examples
2023-09-19 17:04:42,856 [INFO] McuFinderGlobals:76 - Set McuFinderConnectedMode to true
2023-09-19 17:04:42,865 [INFO] MultiScanPanel:200 - Auto-refresh data requested => check proxy status ongoing
2023-09-19 17:04:42,869 [INFO] FinderPluginLoader:95 - Searching for filters in installed packs
2023-09-19 17:04:44,028 [INFO] LoadUrlFilesThread:185 - End of LoadServerUrlFiles without Thread
2023-09-19 17:04:44,041 [INFO] DetailPanel:341 - Set advertising image to C:/Users/christian.saiz/STM32Cube/Repository/\en.prom-stm32h5-mcu-finder.jpg
2023-09-19 17:07:19,330 [INFO] MainUpdater:2868 - connection check result : 10
2023-09-19 17:07:19,331 [INFO] MainUpdater:2868 - connection check result : 10
2023-09-19 17:07:19,354 [INFO] MicroXplorer:468 - Change Database Path : 
2023-09-19 17:07:19,354 [INFO] MicroXplorer:498 - Change Database Version : DB.6.0.91
2023-09-19 17:07:19,358 [WARN] ThirdParty:871 - waiting for thirdparty lock release [close project]
2023-09-19 17:07:19,358 [INFO] ThirdParty:873 - entering critical section [close project]
2023-09-19 17:07:19,359 [INFO] ThirdParty:883 - exiting critical section [close project]
2023-09-19 17:07:19,359 [INFO] PinOutPanel:1499 - setPackage(No Configuration,No Configuration)
2023-09-19 17:07:19,364 [INFO] UtilMem:75 - Begin LoadConfig() Used Memory: 614549672 Bytes (940572672)
2023-09-19 17:07:19,365 [INFO] MicroXplorer:468 - Change Database Path : 
2023-09-19 17:07:19,366 [INFO] MicroXplorer:498 - Change Database Version : DB.6.0.91
2023-09-19 17:07:19,366 [INFO] OpenFileManager:308 - Change cursor
2023-09-19 17:07:19,532 [INFO] Mcu:1946 - Initializing MCU STM32F103C8Tx STM32F103C8Tx STM32F103C8T6
2023-09-19 17:07:20,145 [INFO] Context:659 - Trying to add GPIOservice into a context  which must be forbidden
2023-09-19 17:07:20,315 [INFO] ImportTextPane:194 - (OptionalMessage_ERROR) Unable to find key (Mcu.ThirdPartyNb) in loaded IOC file
2023-09-19 17:07:20,315 [INFO] ImportTextPane:194 - (OptionalMessage_ERROR) Unable to find key (Mcu.PinsNb) in loaded IOC file
2023-09-19 17:07:20,315 [INFO] ImportTextPane:194 - (OptionalMessage_ERROR) Unable to find key (Mcu.IPNb) in loaded IOC file
2023-09-19 17:07:20,425 [INFO] RtosManager:555 - Registered RTOS mode: class=CMSIS, group=RTOS, mode=CMSIS_V1, owner=FREERTOS
2023-09-19 17:07:20,425 [INFO] RtosManager:555 - Registered RTOS mode: class=CMSIS, group=RTOS2, mode=CMSIS_V2, owner=FREERTOS
2023-09-19 17:07:20,425 [INFO] RtosManager:555 - Registered RTOS mode: class=RTOS, group=Core, mode=CMSIS_V1, owner=FREERTOS
2023-09-19 17:07:20,425 [INFO] RtosManager:555 - Registered RTOS mode: class=RTOS, group=Core, mode=CMSIS_V2, owner=FREERTOS
2023-09-19 17:07:20,426 [WARN] ModelIntegratedComponent:184 - Missing modes for component STMicroelectronics:FreeRTOS:0.0.1:STMicroelectronics:RTOS:FreeRTOS:Core:::10.2.0:
2023-09-19 17:07:20,433 [WARN] ModelIntegratedComponent:63 - No mode defined for component null
2023-09-19 17:07:20,433 [WARN] ModelIntegratedComponent:63 - No mode defined for component null
2023-09-19 17:07:20,433 [WARN] ModelIntegratedComponent:63 - No mode defined for component null
2023-09-19 17:07:20,433 [WARN] ModelIntegratedComponent:63 - No mode defined for component null
2023-09-19 17:07:20,433 [WARN] ModelIntegratedComponent:63 - No mode defined for component null
2023-09-19 17:07:20,433 [WARN] ModelIntegratedComponent:63 - No mode defined for component null
2023-09-19 17:07:20,433 [WARN] ModelIntegratedComponent:63 - No mode defined for component null
2023-09-19 17:07:20,433 [WARN] ModelIntegratedComponent:63 - No mode defined for component null
2023-09-19 17:07:20,433 [WARN] ModelIntegratedComponent:63 - No mode defined for component null
2023-09-19 17:07:20,433 [WARN] ModelIntegratedComponent:63 - No mode defined for component null
2023-09-19 17:07:20,433 [WARN] ModelIntegratedComponent:63 - No mode defined for component null
2023-09-19 17:07:20,434 [WARN] ModelIntegratedComponent:63 - No mode defined for component null
2023-09-19 17:07:20,434 [WARN] ModelIntegratedComponent:63 - No mode defined for component null
2023-09-19 17:07:20,434 [WARN] ModelIntegratedComponent:63 - No mode defined for component null
2023-09-19 17:07:20,434 [WARN] ModelIntegratedComponent:63 - No mode defined for component null
2023-09-19 17:07:20,434 [WARN] ModelIntegratedComponent:63 - No mode defined for component null
2023-09-19 17:07:20,434 [WARN] ModelIntegratedComponent:63 - No mode defined for component null
2023-09-19 17:07:20,434 [WARN] ModelIntegratedComponent:63 - No mode defined for component null
2023-09-19 17:07:20,434 [WARN] ModelIntegratedComponent:63 - No mode defined for component null
2023-09-19 17:07:20,434 [WARN] ModelIntegratedComponent:63 - No mode defined for component null
2023-09-19 17:07:20,434 [WARN] ModelIntegratedComponent:63 - No mode defined for component null
2023-09-19 17:07:20,434 [WARN] ModelIntegratedComponent:63 - No mode defined for component null
2023-09-19 17:07:20,434 [WARN] ModelIntegratedComponent:63 - No mode defined for component null
2023-09-19 17:07:20,434 [WARN] ModelIntegratedComponent:63 - No mode defined for component null
2023-09-19 17:07:20,434 [WARN] ModelIntegratedComponent:63 - No mode defined for component null
2023-09-19 17:07:20,434 [WARN] ModelIntegratedComponent:63 - No mode defined for component null
2023-09-19 17:07:20,434 [WARN] ModelIntegratedComponent:63 - No mode defined for component null
2023-09-19 17:07:20,434 [WARN] ModelIntegratedComponent:63 - No mode defined for component null
2023-09-19 17:07:20,434 [WARN] ModelIntegratedComponent:63 - No mode defined for component null
2023-09-19 17:07:20,434 [WARN] ModelIntegratedComponent:63 - No mode defined for component null
2023-09-19 17:07:20,434 [WARN] ModelIntegratedComponent:63 - No mode defined for component null
2023-09-19 17:07:20,434 [WARN] ModelIntegratedComponent:63 - No mode defined for component null
2023-09-19 17:07:20,434 [WARN] ModelIntegratedComponent:63 - No mode defined for component null
2023-09-19 17:07:20,447 [INFO] ThirdPartyModel:298 - Start build external matchings
2023-09-19 17:07:20,684 [INFO] ThirdPartyModel:316 - End build external matchings
2023-09-19 17:07:20,842 [INFO] UtilMem:75 - End LoadConfig() Used Memory: 603594648 Bytes (1008730112)
2023-09-19 17:07:20,865 [WARN] ThirdParty:833 - waiting for thirdparty lock release [change project]
2023-09-19 17:07:20,865 [INFO] ThirdParty:835 - entering critical section [change project]
2023-09-19 17:07:20,866 [INFO] ThirdParty:1030 - CMSIS Pack Vendor :STMicroelectronics X-CUBE-ISPU 1.1.0
2023-09-19 17:07:20,866 [INFO] ThirdParty:1030 - CMSIS Pack Vendor :STMicroelectronics USBPD 4.1
2023-09-19 17:07:20,866 [INFO] ThirdParty:1030 - CMSIS Pack Vendor :STMicroelectronics X-CUBE-GNSS1 6.0.0
2023-09-19 17:07:20,866 [INFO] ThirdParty:1030 - CMSIS Pack Vendor :STMicroelectronics USB_HOST 2.0.0
2023-09-19 17:07:20,866 [INFO] ThirdParty:1030 - CMSIS Pack Vendor :STMicroelectronics X-CUBE-AZRTOS-F4 1.1.0
2023-09-19 17:07:20,866 [INFO] ThirdParty:1030 - CMSIS Pack Vendor :STMicroelectronics LIBJPEG 8.0.0
2023-09-19 17:07:20,866 [INFO] ThirdParty:1030 - CMSIS Pack Vendor :wolfSSL I-CUBE-wolfSSL 5.6.3
2023-09-19 17:07:20,866 [INFO] ThirdParty:1030 - CMSIS Pack Vendor :STMicroelectronics X-CUBE-SMBUS 2.1.0
2023-09-19 17:07:20,866 [INFO] ThirdParty:1030 - CMSIS Pack Vendor :STMicroelectronics USB_DEVICE 3.0.0
2023-09-19 17:07:20,866 [INFO] ThirdParty:1030 - CMSIS Pack Vendor :STMicroelectronics X-CUBE-AZRTOS-WB 2.0.0
2023-09-19 17:07:20,866 [INFO] ThirdParty:1030 - CMSIS Pack Vendor :STMicroelectronics X-CUBE-AZRTOS-F7 1.1.0
2023-09-19 17:07:20,866 [INFO] ThirdParty:1030 - CMSIS Pack Vendor :STMicroelectronics X-CUBE-AZRTOS-L5 2.0.0
2023-09-19 17:07:20,866 [INFO] ThirdParty:1030 - CMSIS Pack Vendor :STMicroelectronics USB_DEVICE 2.0.0
2023-09-19 17:07:20,866 [INFO] ThirdParty:1030 - CMSIS Pack Vendor :STMicroelectronics X-CUBE-MEMS1 9.6.0
2023-09-19 17:07:20,866 [INFO] ThirdParty:1030 - CMSIS Pack Vendor :STMicroelectronics FP-SNS-MOTENV1 4.3.2
2023-09-19 17:07:20,866 [INFO] ThirdParty:1030 - CMSIS Pack Vendor :STMicroelectronics X-CUBE-ALGOBUILD 1.3.0
2023-09-19 17:07:20,866 [INFO] ThirdParty:1030 - CMSIS Pack Vendor :STMicroelectronics FreeRTOS 0.0.1
2023-09-19 17:07:20,866 [INFO] ThirdParty:1030 - CMSIS Pack Vendor :STMicroelectronics X-CUBE-AZRTOS-G0 1.1.0
2023-09-19 17:07:20,866 [INFO] ThirdParty:1030 - CMSIS Pack Vendor :STMicroelectronics X-CUBE-BLEMGR 2.0.0
2023-09-19 17:07:20,866 [INFO] ThirdParty:1030 - CMSIS Pack Vendor :STMicroelectronics X-CUBE-NFC4 3.0.0
2023-09-19 17:07:20,866 [INFO] ThirdParty:1030 - CMSIS Pack Vendor :STMicroelectronics X-CUBE-SUBG2 5.0.0
2023-09-19 17:07:20,866 [INFO] ThirdParty:1030 - CMSIS Pack Vendor :STMicroelectronics STM32_WPAN 1.0.0
2023-09-19 17:07:20,866 [INFO] ThirdParty:1030 - CMSIS Pack Vendor :STMicroelectronics lwIP 2.0.3
2023-09-19 17:07:20,866 [INFO] ThirdParty:1030 - CMSIS Pack Vendor :STMicroelectronics FP-SNS-FLIGHT1 5.0.2
2023-09-19 17:07:20,866 [INFO] ThirdParty:1030 - CMSIS Pack Vendor :STMicroelectronics USB_HOST 1.0.0
2023-09-19 17:07:20,866 [INFO] ThirdParty:1030 - CMSIS Pack Vendor :STMicroelectronics X-CUBE-TOF1 3.3.1
2023-09-19 17:07:20,866 [INFO] ThirdParty:1030 - CMSIS Pack Vendor :STMicroelectronics X-CUBE-AZRTOS-G4 2.0.0
2023-09-19 17:07:20,866 [INFO] ThirdParty:1030 - CMSIS Pack Vendor :STMicroelectronics PDM2PCM 3.1.0
2023-09-19 17:07:20,866 [INFO] ThirdParty:1030 - CMSIS Pack Vendor :STMicroelectronics X-CUBE-AZRTOS-H7 3.1.0
2023-09-19 17:07:20,866 [INFO] ThirdParty:1030 - CMSIS Pack Vendor :STMicroelectronics PDM2PCM 3.3.0
2023-09-19 17:07:20,866 [INFO] ThirdParty:1030 - CMSIS Pack Vendor :STMicroelectronics X-CUBE-DISPLAY 3.0.0
2023-09-19 17:07:20,866 [INFO] ThirdParty:1030 - CMSIS Pack Vendor :STMicroelectronics X-CUBE-BLE1 7.0.0
2023-09-19 17:07:20,866 [INFO] ThirdParty:1030 - CMSIS Pack Vendor :STMicroelectronics FP-ATR-SIGFOX1 3.2.0
2023-09-19 17:07:20,866 [INFO] ThirdParty:1030 - CMSIS Pack Vendor :STMicroelectronics HAL Drivers 0.0.0
2023-09-19 17:07:20,866 [INFO] ThirdParty:1030 - CMSIS Pack Vendor :STMicroelectronics MBEDTLS 2.16.2
2023-09-19 17:07:20,866 [INFO] ThirdParty:1030 - CMSIS Pack Vendor :emotas I-CUBE-CANOPEN 1.3.0
2023-09-19 17:07:20,866 [INFO] ThirdParty:1030 - CMSIS Pack Vendor :STMicroelectronics X-CUBE-FREERTOS 1.1.0
2023-09-19 17:07:20,866 [INFO] ThirdParty:1030 - CMSIS Pack Vendor :STMicroelectronics X-CUBE-TOUCHGFX 4.22.0
2023-09-19 17:07:20,866 [INFO] ThirdParty:1030 - CMSIS Pack Vendor :STMicroelectronics X-CUBE-NFC7 1.0.1
2023-09-19 17:07:20,866 [INFO] ThirdParty:1030 - CMSIS Pack Vendor :STMicroelectronics MBEDTLS 2.14.1
2023-09-19 17:07:20,866 [INFO] ThirdParty:1030 - CMSIS Pack Vendor :STMicroelectronics X-CUBE-NFC6 3.0.0
2023-09-19 17:07:20,867 [INFO] ThirdParty:1030 - CMSIS Pack Vendor :STMicroelectronics X-CUBE-EEPRMA1 4.1.0
2023-09-19 17:07:20,867 [INFO] ThirdParty:1030 - CMSIS Pack Vendor :portGmbH I-Cube-SoM-uGOAL 1.1.0
2023-09-19 17:07:20,867 [INFO] ThirdParty:1030 - CMSIS Pack Vendor :STMicroelectronics X-CUBE-ALS 1.0.1
2023-09-19 17:07:20,867 [INFO] ThirdParty:1030 - CMSIS Pack Vendor :STMicroelectronics ThreadX 1.0.0
2023-09-19 17:07:20,867 [INFO] ThirdParty:1030 - CMSIS Pack Vendor :STMicroelectronics FP-SNS-SMARTAG2 1.2.0
2023-09-19 17:07:20,867 [INFO] ThirdParty:1030 - CMSIS Pack Vendor :STMicroelectronics X-CUBE-AZRTOS-WL 2.0.0
2023-09-19 17:07:20,867 [INFO] ThirdParty:1030 - CMSIS Pack Vendor :SEGGER I-CUBE-embOS 1.3.1
2023-09-19 17:07:20,867 [INFO] ThirdParty:1030 - CMSIS Pack Vendor :STMicroelectronics USB_DEVICE 1.0.0
2023-09-19 17:07:20,867 [INFO] ThirdParty:1030 - CMSIS Pack Vendor :STMicroelectronics X-CUBE-AI 8.1.0
2023-09-19 17:07:20,867 [INFO] ThirdParty:1030 - CMSIS Pack Vendor :STMicroelectronics X-CUBE-AZRTOS-L4 2.0.0
2023-09-19 17:07:20,867 [INFO] ThirdParty:1030 - CMSIS Pack Vendor :STMicroelectronics ThreadX 0.0.2
2023-09-19 17:07:20,867 [INFO] ThirdParty:1030 - CMSIS Pack Vendor :WES I-CUBE-Cesium 1.3.0
2023-09-19 17:07:20,867 [INFO] ThirdParty:1030 - CMSIS Pack Vendor :STMicroelectronics FP-ATR-ASTRA1 2.0.0
2023-09-19 17:07:20,867 [INFO] ThirdParty:1030 - CMSIS Pack Vendor :STMicroelectronics lwIP 2.1.2
2023-09-19 17:07:20,867 [INFO] ThirdParty:1030 - CMSIS Pack Vendor :STMicroelectronics X-CUBE-SFXS2LP1 4.0.0
2023-09-19 17:07:20,867 [INFO] ThirdParty:1030 - CMSIS Pack Vendor :STMicroelectronics X-CUBE-BLE2 3.3.0
2023-09-19 17:07:20,867 [INFO] ThirdParty:1030 - CMSIS Pack Vendor :STMicroelectronics PDM2PCM 3.2.0
2023-09-19 17:07:20,867 [INFO] ThirdParty:841 - exiting critical section [change project]
2023-09-19 17:07:21,075 [INFO] PinOutPanel:1499 - setPackage(No Configuration,No Configuration)
2023-09-19 17:07:21,076 [INFO] PinOutPanel:1499 - setPackage(STM32F103C8Tx,LQFP48)
2023-09-19 17:07:21,409 [INFO] UtilMem:75 - Before build in PCC Used Memory: 718387160 Bytes (1008730112)
2023-09-19 17:07:22,011 [INFO] UtilMem:75 - After build in PCC Used Memory: 530021664 Bytes (1008730112)
2023-09-19 17:07:22,030 [INFO] IPUIPlugin:80 - create IPUIPlugin
2023-09-19 17:07:22,030 [INFO] IPUIPlugin:80 - create IPUIPlugin
2023-09-19 17:07:22,030 [INFO] IPUIPlugin:80 - create IPUIPlugin
2023-09-19 17:07:22,030 [INFO] IPUIPlugin:80 - create IPUIPlugin
2023-09-19 17:07:22,030 [INFO] IPUIPlugin:80 - create IPUIPlugin
2023-09-19 17:07:22,031 [INFO] IPUIPlugin:80 - create IPUIPlugin
2023-09-19 17:07:22,031 [INFO] IPUIPlugin:80 - create IPUIPlugin
2023-09-19 17:07:22,031 [INFO] IPUIPlugin:80 - create IPUIPlugin
2023-09-19 17:07:22,031 [INFO] IPUIPlugin:80 - create IPUIPlugin
2023-09-19 17:07:22,031 [INFO] IPUIPlugin:80 - create IPUIPlugin
2023-09-19 17:07:22,031 [INFO] IPUIPlugin:80 - create IPUIPlugin
2023-09-19 17:07:22,031 [INFO] IPUIPlugin:80 - create IPUIPlugin
2023-09-19 17:07:22,031 [INFO] IPUIPlugin:80 - create IPUIPlugin
2023-09-19 17:07:22,032 [INFO] IPUIPlugin:80 - create IPUIPlugin
2023-09-19 17:07:22,032 [INFO] IPUIPlugin:80 - create IPUIPlugin
2023-09-19 17:07:22,032 [INFO] IPUIPlugin:80 - create IPUIPlugin
2023-09-19 17:07:22,032 [INFO] IPUIPlugin:80 - create IPUIPlugin
2023-09-19 17:07:22,032 [INFO] IPUIPlugin:80 - create IPUIPlugin
2023-09-19 17:07:22,032 [INFO] IPUIPlugin:80 - create IPUIPlugin
2023-09-19 17:07:22,032 [INFO] IPUIPlugin:80 - create IPUIPlugin
2023-09-19 17:07:22,033 [INFO] IPUIPlugin:80 - create IPUIPlugin
2023-09-19 17:07:22,033 [INFO] IPUIPlugin:80 - create IPUIPlugin
2023-09-19 17:07:22,049 [INFO] IPUIPlugin:80 - create IPUIPlugin
2023-09-19 17:07:22,049 [INFO] IPUIPlugin:80 - create IPUIPlugin
2023-09-19 17:07:22,049 [INFO] IPUIPlugin:80 - create IPUIPlugin
2023-09-19 17:07:22,049 [INFO] IPUIPlugin:80 - create IPUIPlugin
2023-09-19 17:07:22,049 [INFO] IPUIPlugin:80 - create IPUIPlugin
2023-09-19 17:07:22,207 [INFO] CADModel:165 - CPN selected for project levelSTM32F103C8T6
2023-09-19 17:07:22,207 [INFO] CADModel:114 - Register for checkConnection events
2023-09-19 17:07:22,253 [INFO] OpenFileManager:328 - Restore cursor
2023-09-19 17:07:22,600 [INFO] UtilMem:75 - End SaveConfig() Used Memory: 575772608 Bytes (1008730112)
2023-09-19 17:07:22,649 [INFO] UtilMem:75 - End SaveConfig() Used Memory: 587862640 Bytes (1008730112)
2023-09-19 17:07:22,968 [INFO] BlockDiagram:2759 - set Specific Code input for plugin: NVIC
2023-09-19 17:07:22,968 [INFO] BlockDiagram:2759 - set Specific Code input for plugin: RCC
2023-09-19 17:07:22,971 [INFO] CodeGenerator:799 - code generatio: config db path: C:\ST\STM32CubeIDE_1.13.1\STM32CubeIDE\plugins\com.st.stm32cube.common.mx_6.9.1.202307191849\\db\
2023-09-19 17:07:23,213 [INFO] CodeEngine:255 - oldGeneratedFile, C:\Users\christian.saiz\STM32CubeIDE\workspace_1.13.1\UART_2\MXTmpFiles\license.tmp_save
2023-09-19 17:07:23,546 [INFO] CodeEngine:279 - Generated code: C:\Users\christian.saiz\STM32CubeIDE\workspace_1.13.1\UART_2\MXTmpFiles\license.tmp
2023-09-19 17:07:23,569 [INFO] CodeEngine:255 - oldGeneratedFile, C:\Users\christian.saiz\STM32CubeIDE\workspace_1.13.1\UART_2\Core\Src\stm32f1xx_it.c_save
2023-09-19 17:07:23,704 [INFO] CodeEngine:279 - Generated code: C:\Users\christian.saiz\STM32CubeIDE\workspace_1.13.1\UART_2\Core\Src\stm32f1xx_it.c
2023-09-19 17:07:23,714 [INFO] CodeEngine:255 - oldGeneratedFile, C:\Users\christian.saiz\STM32CubeIDE\workspace_1.13.1\UART_2\Core\Inc\stm32f1xx_it.h_save
2023-09-19 17:07:23,798 [INFO] CodeEngine:279 - Generated code: C:\Users\christian.saiz\STM32CubeIDE\workspace_1.13.1\UART_2\Core\Inc\stm32f1xx_it.h
2023-09-19 17:07:23,903 [INFO] CodeEngine:255 - oldGeneratedFile, C:\Users\christian.saiz\STM32CubeIDE\workspace_1.13.1\UART_2\Core\Src\stm32f1xx_hal_msp.c_save
2023-09-19 17:07:24,031 [INFO] CodeEngine:279 - Generated code: C:\Users\christian.saiz\STM32CubeIDE\workspace_1.13.1\UART_2\Core\Src\stm32f1xx_hal_msp.c
2023-09-19 17:07:24,045 [INFO] CodeEngine:255 - oldGeneratedFile, C:\Users\christian.saiz\STM32CubeIDE\workspace_1.13.1\UART_2\MXTmpFiles\system.tmp_save
2023-09-19 17:07:24,105 [INFO] CodeEngine:279 - Generated code: C:\Users\christian.saiz\STM32CubeIDE\workspace_1.13.1\UART_2\MXTmpFiles\system.tmp
2023-09-19 17:07:24,125 [INFO] CodeEngine:311 - oldGeneratedFile, C:\Users\christian.saiz\STM32CubeIDE\workspace_1.13.1\UART_2\Core\Inc\stm32f1xx_hal_conf.h_save
2023-09-19 17:07:24,203 [INFO] CodeEngine:335 - Generated code: C:\Users\christian.saiz\STM32CubeIDE\workspace_1.13.1\UART_2\Core\Inc\stm32f1xx_hal_conf.h
2023-09-19 17:07:24,244 [INFO] CodeEngine:255 - oldGeneratedFile, C:\Users\christian.saiz\STM32CubeIDE\workspace_1.13.1\UART_2\Core\Inc\main.h_save
2023-09-19 17:07:24,330 [INFO] CodeEngine:279 - Generated code: C:\Users\christian.saiz\STM32CubeIDE\workspace_1.13.1\UART_2\Core\Inc\main.h
2023-09-19 17:07:24,341 [INFO] CodeEngine:255 - oldGeneratedFile, C:\Users\christian.saiz\STM32CubeIDE\workspace_1.13.1\UART_2\Core\Src\main.c_save
2023-09-19 17:07:24,465 [INFO] CodeEngine:279 - Generated code: C:\Users\christian.saiz\STM32CubeIDE\workspace_1.13.1\UART_2\Core\Src\main.c
2023-09-19 17:07:24,969 [INFO] ProjectBuilder:3064 - Time for Copy HAL[1] : 149mS.
2023-09-19 17:07:24,973 [INFO] ProjectBuilder:4404 - Project Generator version: 4.1.0
2023-09-19 17:07:25,181 [INFO] ConfigFileManager:1457 - The Die is : DIE410
2023-09-19 17:07:25,202 [INFO] ApiDbMcu:507 - Load IP Config File for FATFS
2023-09-19 17:07:25,216 [INFO] ApiDbMcu:507 - Load IP Config File for FREERTOS
2023-09-19 17:07:25,258 [INFO] ApiDbMcu:507 - Load IP Config File for USB_DEVICE
2023-09-19 17:07:26,059 [INFO] LogOutputStream:77 - [STDOUT_REDIRECT] 
2023-09-19 17:07:29,970 [INFO] ProjectBuilder:4626 - Time for Generating toolchain IDE Files: 4997mS.
2023-09-19 17:07:29,972 [INFO] ProjectBuilder:2935 - Time for Copy CMSIS : 2mS.
2023-09-19 17:07:29,975 [INFO] ProjectBuilder:2935 - Time for Copy CMSIS : 0mS.
2023-09-19 17:07:35,128 [INFO] McuFinderGlobals:76 - Set McuFinderConnectedMode to true
2023-09-19 17:07:35,132 [INFO] ApiDb:448 - Save user favorites file C:\Users\christian.saiz/.stm32cubeide/favorites.mcus.txt: 1 item(s)
2023-09-19 17:07:35,132 [INFO] ApiDb:452 - User favorites MCUs=[STM32F103C8T6]
2023-09-19 17:08:33,262 [INFO] Gpio:273 - dependency for GPIO [RCC, SYS]
2023-09-19 17:08:56,503 [INFO] Gpio:273 - dependency for GPIO [RCC, SYS]
2023-09-19 17:09:43,384 [INFO] Gpio:273 - dependency for GPIO [RCC, SYS]
2023-09-19 17:10:00,312 [INFO] Gpio:273 - dependency for GPIO [RCC, SYS]
2023-09-19 17:12:05,422 [INFO] Gpio:273 - dependency for GPIO [RCC, SYS]
2023-09-19 17:16:16,919 [INFO] Gpio:273 - dependency for GPIO [RCC, SYS]
2023-09-19 17:16:49,680 [INFO] NvicIntPanel:101 - NVIC parent = com.st.microxplorer.plugins.ip.nvic.MultiNvicIntPanel[,0,0,0x0,invalid,layout=javax.swing.BoxLayout,alignmentX=0.0,alignmentY=0.0,border=,flags=9,maximumSize=,minimumSize=,preferredSize=]
2023-09-19 17:17:33,603 [INFO] NvicIntPanel:101 - NVIC parent = com.st.microxplorer.plugins.ip.nvic.MultiNvicIntPanel[,0,0,572x212,layout=javax.swing.BoxLayout,alignmentX=0.0,alignmentY=0.0,border=,flags=9,maximumSize=,minimumSize=,preferredSize=]
2023-09-19 17:19:10,073 [INFO] UtilMem:75 - End SaveConfig() Used Memory: 611595920 Bytes (1073741824)
2023-09-19 17:19:11,289 [INFO] UtilMem:75 - End SaveConfig() Used Memory: 628481712 Bytes (1073741824)
2023-09-19 17:19:11,687 [INFO] UtilMem:75 - End SaveConfig() Used Memory: 658112448 Bytes (1073741824)
2023-09-19 17:19:11,895 [INFO] BlockDiagram:2759 - set Specific Code input for plugin: NVIC
2023-09-19 17:19:11,895 [INFO] BlockDiagram:2759 - set Specific Code input for plugin: USART
2023-09-19 17:19:11,895 [INFO] BlockDiagram:2759 - set Specific Code input for plugin: SYS
2023-09-19 17:19:11,895 [INFO] BlockDiagram:2759 - set Specific Code input for plugin: GPIO
2023-09-19 17:19:11,895 [INFO] BlockDiagram:2759 - set Specific Code input for plugin: RCC
2023-09-19 17:19:11,897 [INFO] CodeGenerator:799 - code generatio: config db path: C:\ST\STM32CubeIDE_1.13.1\STM32CubeIDE\plugins\com.st.stm32cube.common.mx_6.9.1.202307191849\\db\
2023-09-19 17:19:12,038 [INFO] CodeEngine:255 - oldGeneratedFile, C:\Users\christian.saiz\STM32CubeIDE\workspace_1.13.1\UART_2\MXTmpFiles\license.tmp_save
2023-09-19 17:19:12,147 [INFO] CodeEngine:279 - Generated code: C:\Users\christian.saiz\STM32CubeIDE\workspace_1.13.1\UART_2\MXTmpFiles\license.tmp
2023-09-19 17:19:12,219 [INFO] CodeEngine:255 - oldGeneratedFile, C:\Users\christian.saiz\STM32CubeIDE\workspace_1.13.1\UART_2\MXTmpFiles\gpio.tmp_save
2023-09-19 17:19:12,312 [INFO] CodeEngine:279 - Generated code: C:\Users\christian.saiz\STM32CubeIDE\workspace_1.13.1\UART_2\MXTmpFiles\gpio.tmp
2023-09-19 17:19:12,387 [INFO] CodeEngine:255 - oldGeneratedFile, C:\Users\christian.saiz\STM32CubeIDE\workspace_1.13.1\UART_2\Core\Src\stm32f1xx_it.c_save
2023-09-19 17:19:12,579 [INFO] CodeEngine:279 - Generated code: C:\Users\christian.saiz\STM32CubeIDE\workspace_1.13.1\UART_2\Core\Src\stm32f1xx_it.c
2023-09-19 17:19:12,593 [INFO] CodeEngine:255 - oldGeneratedFile, C:\Users\christian.saiz\STM32CubeIDE\workspace_1.13.1\UART_2\Core\Inc\stm32f1xx_it.h_save
2023-09-19 17:19:12,646 [INFO] CodeEngine:279 - Generated code: C:\Users\christian.saiz\STM32CubeIDE\workspace_1.13.1\UART_2\Core\Inc\stm32f1xx_it.h
2023-09-19 17:19:12,672 [INFO] CodeEngine:255 - oldGeneratedFile, C:\Users\christian.saiz\STM32CubeIDE\workspace_1.13.1\UART_2\Core\Src\stm32f1xx_hal_msp.c_save
2023-09-19 17:19:12,775 [INFO] CodeEngine:279 - Generated code: C:\Users\christian.saiz\STM32CubeIDE\workspace_1.13.1\UART_2\Core\Src\stm32f1xx_hal_msp.c
2023-09-19 17:19:12,781 [INFO] CodeEngine:255 - oldGeneratedFile, C:\Users\christian.saiz\STM32CubeIDE\workspace_1.13.1\UART_2\MXTmpFiles\system.tmp_save
2023-09-19 17:19:12,832 [INFO] CodeEngine:279 - Generated code: C:\Users\christian.saiz\STM32CubeIDE\workspace_1.13.1\UART_2\MXTmpFiles\system.tmp
2023-09-19 17:19:12,848 [INFO] CodeEngine:311 - oldGeneratedFile, C:\Users\christian.saiz\STM32CubeIDE\workspace_1.13.1\UART_2\Core\Inc\stm32f1xx_hal_conf.h_save
2023-09-19 17:19:12,932 [INFO] CodeEngine:335 - Generated code: C:\Users\christian.saiz\STM32CubeIDE\workspace_1.13.1\UART_2\Core\Inc\stm32f1xx_hal_conf.h
2023-09-19 17:19:12,968 [INFO] CodeEngine:255 - oldGeneratedFile, C:\Users\christian.saiz\STM32CubeIDE\workspace_1.13.1\UART_2\Core\Inc\main.h_save
2023-09-19 17:19:13,068 [INFO] CodeEngine:279 - Generated code: C:\Users\christian.saiz\STM32CubeIDE\workspace_1.13.1\UART_2\Core\Inc\main.h
2023-09-19 17:19:13,082 [INFO] CodeEngine:255 - oldGeneratedFile, C:\Users\christian.saiz\STM32CubeIDE\workspace_1.13.1\UART_2\Core\Src\main.c_save
2023-09-19 17:19:13,213 [INFO] CodeEngine:279 - Generated code: C:\Users\christian.saiz\STM32CubeIDE\workspace_1.13.1\UART_2\Core\Src\main.c
2023-09-19 17:19:13,628 [INFO] ProjectBuilder:3064 - Time for Copy HAL[1] : 112mS.
2023-09-19 17:19:13,631 [INFO] ProjectBuilder:4404 - Project Generator version: 4.1.0
2023-09-19 17:19:13,865 [INFO] ConfigFileManager:1457 - The Die is : DIE410
2023-09-19 17:19:15,339 [INFO] ProjectBuilder:4626 - Time for Generating toolchain IDE Files: 1708mS.
2023-09-19 17:19:15,340 [INFO] ProjectBuilder:2935 - Time for Copy CMSIS : 1mS.
2023-09-19 17:19:15,342 [INFO] ProjectBuilder:2935 - Time for Copy CMSIS : 1mS.
2023-09-19 17:19:58,323 [INFO] UtilMem:75 - End SaveConfig() Used Memory: 571532504 Bytes (1073741824)
2023-09-19 17:19:59,923 [INFO] UtilMem:75 - End SaveConfig() Used Memory: 588471296 Bytes (1073741824)
2023-09-19 17:20:00,186 [INFO] UtilMem:75 - End SaveConfig() Used Memory: 611378392 Bytes (1073741824)
2023-09-19 17:20:00,315 [INFO] BlockDiagram:2759 - set Specific Code input for plugin: NVIC
2023-09-19 17:20:00,316 [INFO] BlockDiagram:2759 - set Specific Code input for plugin: USART
2023-09-19 17:20:00,316 [INFO] BlockDiagram:2759 - set Specific Code input for plugin: SYS
2023-09-19 17:20:00,316 [INFO] BlockDiagram:2759 - set Specific Code input for plugin: GPIO
2023-09-19 17:20:00,316 [INFO] BlockDiagram:2759 - set Specific Code input for plugin: RCC
2023-09-19 17:20:00,317 [INFO] CodeGenerator:799 - code generatio: config db path: C:\ST\STM32CubeIDE_1.13.1\STM32CubeIDE\plugins\com.st.stm32cube.common.mx_6.9.1.202307191849\\db\
2023-09-19 17:20:00,391 [INFO] CodeEngine:255 - oldGeneratedFile, C:\Users\christian.saiz\STM32CubeIDE\workspace_1.13.1\UART_2\MXTmpFiles\license.tmp_save
2023-09-19 17:20:00,463 [INFO] CodeEngine:279 - Generated code: C:\Users\christian.saiz\STM32CubeIDE\workspace_1.13.1\UART_2\MXTmpFiles\license.tmp
2023-09-19 17:20:00,490 [INFO] CodeEngine:255 - oldGeneratedFile, C:\Users\christian.saiz\STM32CubeIDE\workspace_1.13.1\UART_2\Core\Src\gpio.c_save
2023-09-19 17:20:00,559 [INFO] CodeEngine:279 - Generated code: C:\Users\christian.saiz\STM32CubeIDE\workspace_1.13.1\UART_2\Core\Src\gpio.c
2023-09-19 17:20:00,570 [INFO] CodeEngine:255 - oldGeneratedFile, C:\Users\christian.saiz\STM32CubeIDE\workspace_1.13.1\UART_2\Core\Inc\gpio.h_save
2023-09-19 17:20:00,627 [INFO] CodeEngine:279 - Generated code: C:\Users\christian.saiz\STM32CubeIDE\workspace_1.13.1\UART_2\Core\Inc\gpio.h
2023-09-19 17:20:00,661 [INFO] CodeEngine:255 - oldGeneratedFile, C:\Users\christian.saiz\STM32CubeIDE\workspace_1.13.1\UART_2\Core\Src\usart.c_save
2023-09-19 17:20:00,752 [INFO] CodeEngine:279 - Generated code: C:\Users\christian.saiz\STM32CubeIDE\workspace_1.13.1\UART_2\Core\Src\usart.c
2023-09-19 17:20:00,763 [INFO] CodeEngine:255 - oldGeneratedFile, C:\Users\christian.saiz\STM32CubeIDE\workspace_1.13.1\UART_2\Core\Inc\usart.h_save
2023-09-19 17:20:00,815 [INFO] CodeEngine:279 - Generated code: C:\Users\christian.saiz\STM32CubeIDE\workspace_1.13.1\UART_2\Core\Inc\usart.h
2023-09-19 17:20:00,832 [INFO] CodeEngine:255 - oldGeneratedFile, C:\Users\christian.saiz\STM32CubeIDE\workspace_1.13.1\UART_2\Core\Src\stm32f1xx_it.c_save
2023-09-19 17:20:00,884 [INFO] CodeEngine:279 - Generated code: C:\Users\christian.saiz\STM32CubeIDE\workspace_1.13.1\UART_2\Core\Src\stm32f1xx_it.c
2023-09-19 17:20:00,890 [INFO] CodeEngine:255 - oldGeneratedFile, C:\Users\christian.saiz\STM32CubeIDE\workspace_1.13.1\UART_2\Core\Inc\stm32f1xx_it.h_save
2023-09-19 17:20:00,928 [INFO] CodeEngine:279 - Generated code: C:\Users\christian.saiz\STM32CubeIDE\workspace_1.13.1\UART_2\Core\Inc\stm32f1xx_it.h
2023-09-19 17:20:00,943 [INFO] CodeEngine:255 - oldGeneratedFile, C:\Users\christian.saiz\STM32CubeIDE\workspace_1.13.1\UART_2\Core\Src\stm32f1xx_hal_msp.c_save
2023-09-19 17:20:01,020 [INFO] CodeEngine:279 - Generated code: C:\Users\christian.saiz\STM32CubeIDE\workspace_1.13.1\UART_2\Core\Src\stm32f1xx_hal_msp.c
2023-09-19 17:20:01,025 [INFO] CodeEngine:255 - oldGeneratedFile, C:\Users\christian.saiz\STM32CubeIDE\workspace_1.13.1\UART_2\MXTmpFiles\system.tmp_save
2023-09-19 17:20:01,098 [INFO] CodeEngine:279 - Generated code: C:\Users\christian.saiz\STM32CubeIDE\workspace_1.13.1\UART_2\MXTmpFiles\system.tmp
2023-09-19 17:20:01,110 [INFO] CodeEngine:311 - oldGeneratedFile, C:\Users\christian.saiz\STM32CubeIDE\workspace_1.13.1\UART_2\Core\Inc\stm32f1xx_hal_conf.h_save
2023-09-19 17:20:01,178 [INFO] CodeEngine:335 - Generated code: C:\Users\christian.saiz\STM32CubeIDE\workspace_1.13.1\UART_2\Core\Inc\stm32f1xx_hal_conf.h
2023-09-19 17:20:01,205 [INFO] CodeEngine:255 - oldGeneratedFile, C:\Users\christian.saiz\STM32CubeIDE\workspace_1.13.1\UART_2\Core\Inc\main.h_save
2023-09-19 17:20:01,308 [INFO] CodeEngine:279 - Generated code: C:\Users\christian.saiz\STM32CubeIDE\workspace_1.13.1\UART_2\Core\Inc\main.h
2023-09-19 17:20:01,319 [INFO] CodeEngine:255 - oldGeneratedFile, C:\Users\christian.saiz\STM32CubeIDE\workspace_1.13.1\UART_2\Core\Src\main.c_save
2023-09-19 17:20:01,399 [INFO] CodeEngine:279 - Generated code: C:\Users\christian.saiz\STM32CubeIDE\workspace_1.13.1\UART_2\Core\Src\main.c
2023-09-19 17:20:01,787 [INFO] ProjectBuilder:3064 - Time for Copy HAL[1] : 124mS.
2023-09-19 17:20:01,790 [INFO] ProjectBuilder:4404 - Project Generator version: 4.1.0
2023-09-19 17:20:01,986 [INFO] ConfigFileManager:1457 - The Die is : DIE410
2023-09-19 17:20:03,066 [INFO] ProjectBuilder:4626 - Time for Generating toolchain IDE Files: 1276mS.
2023-09-19 17:20:03,071 [INFO] ProjectBuilder:2935 - Time for Copy CMSIS : 2mS.
2023-09-19 17:20:03,072 [INFO] ProjectBuilder:2935 - Time for Copy CMSIS : 0mS.
2023-09-19 19:26:58,209 [ERROR] LogOutputStream:75 - [STDERR_REDIRECT] 
