2023-09-20 15:31:54,324 [INFO] Activator:176 - 


2023-09-20 15:31:54,329 [INFO] Activator:177 - !SESSION log4j initialized
2023-09-20 15:32:01,020 [INFO] LogOutputStream:77 - [STDOUT_REDIRECT] 
2023-09-20 15:32:04,163 [INFO] ApplicationProperties:184 - Using Application install path: C:\ST\STM32CubeIDE_1.13.1\STM32CubeIDE\plugins\com.st.stm32cube.common.mx_6.9.1.202307191849
2023-09-20 15:32:04,184 [INFO] DbMcusXml:78 - Set database path to: C:\ST\STM32CubeIDE_1.13.1\STM32CubeIDE\plugins\com.st.stm32cube.common.mx_6.9.1.202307191849\\db\/mcu/
2023-09-20 15:32:04,184 [INFO] ApiDb:274 - Set plugin database path to: C:\ST\STM32CubeIDE_1.13.1\STM32CubeIDE\plugins\com.st.stm32cube.common.mx_6.9.1.202307191849\\db\/plugins/boardmanager/
2023-09-20 15:32:04,185 [WARN] ApiDb:259 - Overriding images path with different value:  => C:\ST\STM32CubeIDE_1.13.1\STM32CubeIDE\plugins\com.st.stm32cube.common.mx_6.9.1.202307191849\\db\/plugins/mcufinder/images/
2023-09-20 15:32:04,199 [INFO] ApiDb:250 - Set database path to: C:\Users\christian.saiz\.stmcufinder\plugins\mcufinder//mcu/
2023-09-20 15:32:04,201 [INFO] DbMcusAds:125 - Set database path to: C:\Users\christian.saiz\.stmcufinder\plugins\mcufinder//mcu/
2023-09-20 15:32:04,202 [INFO] CrossReferenceDbSqlite:203 - Set database path to: C:\Users\christian.saiz\.stmcufinder\plugins\mcufinder//mcu/cs/
2023-09-20 15:32:04,309 [INFO] RulesReader:64 - Compatibility file has been processed (293 Rules)
2023-09-20 15:32:04,405 [INFO] DbMcusXml:78 - Set database path to: C:\ST\STM32CubeIDE_1.13.1\STM32CubeIDE\plugins\com.st.stm32cube.common.mx_6.9.1.202307191849\\db\/mcu/
2023-09-20 15:32:04,405 [INFO] ApiDb:274 - Set plugin database path to: C:\ST\STM32CubeIDE_1.13.1\STM32CubeIDE\plugins\com.st.stm32cube.common.mx_6.9.1.202307191849\\db\/plugins/boardmanager/
2023-09-20 15:32:04,405 [INFO] ApiDb:261 - Set plugin images path to: C:\ST\STM32CubeIDE_1.13.1\STM32CubeIDE\plugins\com.st.stm32cube.common.mx_6.9.1.202307191849\\db\/plugins/mcufinder/images/
2023-09-20 15:32:04,405 [WARN] DbFile:41 - Overriding database path with different value: C:\Users\christian.saiz\.stmcufinder\plugins\mcufinder/ => C:\Users\christian.saiz\.stmcufinder\plugins\mcufinder
2023-09-20 15:32:04,405 [INFO] ApiDb:250 - Set database path to: C:\Users\christian.saiz\.stmcufinder\plugins\mcufinder//mcu/
2023-09-20 15:32:04,405 [WARN] DbFile:41 - Overriding database path with different value: C:\Users\christian.saiz\.stmcufinder\plugins\mcufinder/ => C:\Users\christian.saiz\.stmcufinder\plugins\mcufinder
2023-09-20 15:32:04,405 [INFO] DbMcusAds:125 - Set database path to: C:\Users\christian.saiz\.stmcufinder\plugins\mcufinder//mcu/
2023-09-20 15:32:04,405 [WARN] DbFile:41 - Overriding database path with different value: C:\Users\christian.saiz\.stmcufinder\plugins\mcufinder/ => C:\Users\christian.saiz\.stmcufinder\plugins\mcufinder
2023-09-20 15:32:04,405 [WARN] DbFile:41 - Overriding database path with different value: C:\Users\christian.saiz\.stmcufinder\plugins\mcufinder/ => C:\Users\christian.saiz\.stmcufinder\plugins\mcufinder
2023-09-20 15:32:04,406 [INFO] CrossReferenceDbSqlite:203 - Set database path to: C:\Users\christian.saiz\.stmcufinder\plugins\mcufinder//mcu/cs/
2023-09-20 15:32:04,492 [INFO] MainPanel:262 - HeapMemory: 268435456
2023-09-20 15:32:04,601 [INFO] DbMcusXml:78 - Set database path to: C:\ST\STM32CubeIDE_1.13.1\STM32CubeIDE\plugins\com.st.stm32cube.common.mx_6.9.1.202307191849\\db\/mcu/
2023-09-20 15:32:04,602 [INFO] ApiDb:274 - Set plugin database path to: C:\ST\STM32CubeIDE_1.13.1\STM32CubeIDE\plugins\com.st.stm32cube.common.mx_6.9.1.202307191849\\db\/plugins/boardmanager/
2023-09-20 15:32:04,602 [INFO] ApiDb:261 - Set plugin images path to: C:\ST\STM32CubeIDE_1.13.1\STM32CubeIDE\plugins\com.st.stm32cube.common.mx_6.9.1.202307191849\\db\/plugins/mcufinder/images/
2023-09-20 15:32:04,602 [WARN] DbFile:41 - Overriding database path with different value: C:\Users\christian.saiz\.stmcufinder\plugins\mcufinder/ => C:\Users\christian.saiz\.stmcufinder\plugins\mcufinder
2023-09-20 15:32:04,602 [INFO] ApiDb:250 - Set database path to: C:\Users\christian.saiz\.stmcufinder\plugins\mcufinder//mcu/
2023-09-20 15:32:04,602 [WARN] DbFile:41 - Overriding database path with different value: C:\Users\christian.saiz\.stmcufinder\plugins\mcufinder/ => C:\Users\christian.saiz\.stmcufinder\plugins\mcufinder
2023-09-20 15:32:04,603 [INFO] DbMcusAds:125 - Set database path to: C:\Users\christian.saiz\.stmcufinder\plugins\mcufinder//mcu/
2023-09-20 15:32:04,603 [WARN] DbFile:41 - Overriding database path with different value: C:\Users\christian.saiz\.stmcufinder\plugins\mcufinder/ => C:\Users\christian.saiz\.stmcufinder\plugins\mcufinder
2023-09-20 15:32:04,603 [WARN] DbFile:41 - Overriding database path with different value: C:\Users\christian.saiz\.stmcufinder\plugins\mcufinder/ => C:\Users\christian.saiz\.stmcufinder\plugins\mcufinder
2023-09-20 15:32:04,603 [INFO] CrossReferenceDbSqlite:203 - Set database path to: C:\Users\christian.saiz\.stmcufinder\plugins\mcufinder//mcu/cs/
2023-09-20 15:32:04,622 [INFO] ApplicationProperties:184 - Using Application install path: C:\ST\STM32CubeIDE_1.13.1\STM32CubeIDE\plugins\com.st.stm32cube.common.mx_6.9.1.202307191849
2023-09-20 15:32:04,623 [INFO] PluginManage:196 - Search for loadable plugins [exclusion list=, ]
2023-09-20 15:32:04,624 [INFO] PluginManage:310 - Check plugin analytics
2023-09-20 15:32:04,804 [INFO] AnalyticsPlugin:253 - Accepted Software Licenses: 
2023-09-20 15:32:04,805 [INFO] AnalyticsPlugin:255 - Accepted CMSIS Pack Licenses: 
2023-09-20 15:32:04,805 [INFO] AnalyticsPlugin:257 - Accepted Firmware Licenses: 
2023-09-20 15:32:04,808 [INFO] PluginManage:359 - Loaded plugin analytics (category:tool,tabindex:-1)
2023-09-20 15:32:04,808 [INFO] PluginManage:310 - Check plugin cadmodel
2023-09-20 15:32:04,824 [INFO] CADModel:105 - Init CAD model plugin
2023-09-20 15:32:04,824 [INFO] PluginManage:359 - Loaded plugin cadmodel (category:power,tabindex:5)
2023-09-20 15:32:04,824 [INFO] PluginManage:310 - Check plugin clock
2023-09-20 15:32:04,843 [INFO] PluginManage:359 - Loaded plugin clock (category:base,tabindex:2)
2023-09-20 15:32:04,843 [INFO] PluginManage:310 - Check plugin ddr
2023-09-20 15:32:04,846 [INFO] PluginManage:359 - Loaded plugin ddr (category:tool,tabindex:6)
2023-09-20 15:32:04,847 [INFO] PluginManage:310 - Check plugin filemanager
2023-09-20 15:32:04,983 [INFO] PluginManage:359 - Loaded plugin filemanager (category:base,tabindex:10)
2023-09-20 15:32:04,983 [INFO] PluginManage:310 - Check plugin ipmanager
2023-09-20 15:32:04,991 [INFO] PluginManage:359 - Loaded plugin ipmanager (category:base,tabindex:5)
2023-09-20 15:32:04,991 [INFO] PluginManage:310 - Check plugin lpbam
2023-09-20 15:32:05,006 [INFO] PluginManage:359 - Loaded plugin lpbam (category:base,tabindex:0)
2023-09-20 15:32:05,006 [INFO] PluginManage:310 - Check plugin memorymap
2023-09-20 15:32:05,029 [INFO] PluginManage:359 - Loaded plugin memorymap (category:base,tabindex:4)
2023-09-20 15:32:05,029 [INFO] PluginManage:310 - Check plugin pinoutandconfiguration
2023-09-20 15:32:05,046 [INFO] PluginManage:359 - Loaded plugin pinoutandconfiguration (category:base,tabindex:1)
2023-09-20 15:32:05,046 [INFO] PluginManage:310 - Check plugin pinoutconfig
2023-09-20 15:32:05,135 [WARN] SupportedApi:132 - Cannot load RTOS API schema: s4s-elt-must-match.1: The content of 'definitions' must match (annotation?, (simpleType | complexType)?, (unique | key | keyref)*)). A problem was found starting at: attribute.
2023-09-20 15:32:05,303 [INFO] PluginManage:359 - Loaded plugin pinoutconfig (category:base,tabindex:0)
2023-09-20 15:32:05,303 [INFO] PluginManage:310 - Check plugin power
2023-09-20 15:32:05,325 [INFO] PluginManage:359 - Loaded plugin power (category:power,tabindex:4)
2023-09-20 15:32:05,325 [INFO] PluginManage:310 - Check plugin projectmanager
2023-09-20 15:32:05,338 [INFO] PluginManage:359 - Loaded plugin projectmanager (category:projectmanager,tabindex:3)
2023-09-20 15:32:05,339 [INFO] PluginManage:310 - Check plugin thirdparty
2023-09-20 15:32:05,626 [INFO] PluginManage:359 - Loaded plugin thirdparty (category:base,tabindex:-1)
2023-09-20 15:32:05,626 [WARN] IntegrityCheckThread:84 - waiting for thirdparty lock release [integrity check]
2023-09-20 15:32:05,626 [INFO] IntegrityCheckThread:86 - entering critical section [integrity check]
2023-09-20 15:32:05,626 [INFO] PluginManage:310 - Check plugin tools
2023-09-20 15:32:05,627 [INFO] ThirdPartyUpdaterWithRetryManager:70 - Updater plugin not ready yet. [1/15]
2023-09-20 15:32:05,659 [INFO] PluginManage:359 - Loaded plugin tools (category:base,tabindex:7)
2023-09-20 15:32:05,659 [INFO] PluginManage:310 - Check plugin tutovideos
2023-09-20 15:32:05,934 [INFO] PluginManage:359 - Loaded plugin tutovideos (category:base,tabindex:-1)
2023-09-20 15:32:05,934 [INFO] PluginManage:310 - Check plugin updater
2023-09-20 15:32:05,948 [INFO] PluginManage:359 - Loaded plugin updater (category:base,tabindex:12)
2023-09-20 15:32:05,948 [INFO] PluginManage:310 - Check plugin userauth
2023-09-20 15:32:05,956 [INFO] UserAuth:113 - Init User Auth plugin
2023-09-20 15:32:05,956 [INFO] PluginManage:359 - Loaded plugin userauth (category:base,tabindex:14)
2023-09-20 15:32:05,956 [INFO] PluginManage:283 - PluginManage : Loaded plugins [17]
2023-09-20 15:32:06,238 [INFO] PinOutPanel:1499 - setPackage(No Configuration,No Configuration)
2023-09-20 15:32:06,355 [INFO] CADModel:165 - CPN selected for project level
2023-09-20 15:32:06,355 [INFO] CADModel:114 - Register for checkConnection events
2023-09-20 15:32:06,387 [INFO] IPUIPlugin:80 - create IPUIPlugin
2023-09-20 15:32:06,387 [INFO] PluginManager:220 - loadIPPluginJar : add adc
2023-09-20 15:32:06,418 [INFO] IPUIPlugin:80 - create IPUIPlugin
2023-09-20 15:32:06,419 [INFO] PluginManager:220 - loadIPPluginJar : add aes
2023-09-20 15:32:06,450 [INFO] IPUIPlugin:80 - create IPUIPlugin
2023-09-20 15:32:06,450 [INFO] PluginManager:220 - loadIPPluginJar : add can
2023-09-20 15:32:06,469 [INFO] IPUIPlugin:80 - create IPUIPlugin
2023-09-20 15:32:06,469 [INFO] PluginManager:220 - loadIPPluginJar : add comp
2023-09-20 15:32:06,499 [INFO] IPUIPlugin:80 - create IPUIPlugin
2023-09-20 15:32:06,499 [INFO] PluginManager:220 - loadIPPluginJar : add cryp
2023-09-20 15:32:06,521 [INFO] IPUIPlugin:80 - create IPUIPlugin
2023-09-20 15:32:06,521 [INFO] PluginManager:220 - loadIPPluginJar : add dfsdm
2023-09-20 15:32:06,533 [INFO] IPUIPlugin:80 - create IPUIPlugin
2023-09-20 15:32:06,533 [INFO] PluginManager:220 - loadIPPluginJar : add dma
2023-09-20 15:32:06,571 [INFO] IPUIPlugin:80 - create IPUIPlugin
2023-09-20 15:32:06,571 [INFO] PluginManager:220 - loadIPPluginJar : add dma3
2023-09-20 15:32:06,589 [INFO] IPUIPlugin:80 - create IPUIPlugin
2023-09-20 15:32:06,589 [INFO] PluginManager:220 - loadIPPluginJar : add fatfs
2023-09-20 15:32:06,621 [INFO] IPUIPlugin:80 - create IPUIPlugin
2023-09-20 15:32:06,621 [INFO] PluginManager:220 - loadIPPluginJar : add fmc
2023-09-20 15:32:06,633 [INFO] IPUIPlugin:80 - create IPUIPlugin
2023-09-20 15:32:06,633 [INFO] PluginManager:220 - loadIPPluginJar : add freertos
2023-09-20 15:32:06,648 [INFO] IPUIPlugin:80 - create IPUIPlugin
2023-09-20 15:32:06,648 [INFO] PluginManager:220 - loadIPPluginJar : add genericplugin
2023-09-20 15:32:06,716 [INFO] IPUIPlugin:80 - create IPUIPlugin
2023-09-20 15:32:06,716 [INFO] PluginManager:220 - loadIPPluginJar : add gfxmmu
2023-09-20 15:32:06,803 [INFO] IPUIPlugin:80 - create IPUIPlugin
2023-09-20 15:32:06,803 [INFO] PluginManager:220 - loadIPPluginJar : add gic
2023-09-20 15:32:06,817 [INFO] IPUIPlugin:80 - create IPUIPlugin
2023-09-20 15:32:06,817 [INFO] PluginManager:220 - loadIPPluginJar : add gpio
2023-09-20 15:32:06,890 [INFO] IPUIPlugin:80 - create IPUIPlugin
2023-09-20 15:32:06,890 [INFO] PluginManager:220 - loadIPPluginJar : add gtzc
2023-09-20 15:32:06,914 [INFO] IPUIPlugin:80 - create IPUIPlugin
2023-09-20 15:32:06,914 [INFO] PluginManager:220 - loadIPPluginJar : add hash
2023-09-20 15:32:06,950 [INFO] IPUIPlugin:80 - create IPUIPlugin
2023-09-20 15:32:06,951 [INFO] PluginManager:220 - loadIPPluginJar : add i2c
2023-09-20 15:32:07,025 [INFO] IPUIPlugin:80 - create IPUIPlugin
2023-09-20 15:32:07,025 [INFO] PluginManager:220 - loadIPPluginJar : add i2s
2023-09-20 15:32:07,052 [INFO] IPUIPlugin:80 - create IPUIPlugin
2023-09-20 15:32:07,052 [INFO] PluginManager:220 - loadIPPluginJar : add i3c
2023-09-20 15:32:07,133 [INFO] IPUIPlugin:80 - create IPUIPlugin
2023-09-20 15:32:07,133 [INFO] PluginManager:220 - loadIPPluginJar : add ipddr
2023-09-20 15:32:07,200 [INFO] IPUIPlugin:80 - create IPUIPlugin
2023-09-20 15:32:07,200 [INFO] PluginManager:220 - loadIPPluginJar : add linkedlist
2023-09-20 15:32:07,227 [INFO] IPUIPlugin:80 - create IPUIPlugin
2023-09-20 15:32:07,227 [INFO] PluginManager:220 - loadIPPluginJar : add lorawan
2023-09-20 15:32:07,252 [INFO] IPUIPlugin:80 - create IPUIPlugin
2023-09-20 15:32:07,252 [INFO] PluginManager:220 - loadIPPluginJar : add ltdc
2023-09-20 15:32:07,265 [INFO] IPUIPlugin:80 - create IPUIPlugin
2023-09-20 15:32:07,265 [INFO] PluginManager:220 - loadIPPluginJar : add mdma
2023-09-20 15:32:07,276 [INFO] IPUIPlugin:80 - create IPUIPlugin
2023-09-20 15:32:07,276 [INFO] PluginManager:220 - loadIPPluginJar : add nvic
2023-09-20 15:32:07,302 [INFO] IPUIPlugin:80 - create IPUIPlugin
2023-09-20 15:32:07,302 [INFO] PluginManager:220 - loadIPPluginJar : add opamp
2023-09-20 15:32:07,349 [INFO] IPUIPlugin:80 - create IPUIPlugin
2023-09-20 15:32:07,350 [INFO] PluginManager:220 - loadIPPluginJar : add openamp
2023-09-20 15:32:07,383 [INFO] IPUIPlugin:80 - create IPUIPlugin
2023-09-20 15:32:07,383 [INFO] PluginManager:220 - loadIPPluginJar : add pdm2pcm
2023-09-20 15:32:07,395 [INFO] IPUIPlugin:80 - create IPUIPlugin
2023-09-20 15:32:07,396 [INFO] PluginManager:220 - loadIPPluginJar : add plateformsettings
2023-09-20 15:32:07,412 [INFO] IPUIPlugin:80 - create IPUIPlugin
2023-09-20 15:32:07,412 [INFO] PluginManager:220 - loadIPPluginJar : add quadspi
2023-09-20 15:32:07,424 [INFO] IPUIPlugin:80 - create IPUIPlugin
2023-09-20 15:32:07,424 [INFO] PluginManager:220 - loadIPPluginJar : add resmgrutility
2023-09-20 15:32:07,460 [INFO] IPUIPlugin:80 - create IPUIPlugin
2023-09-20 15:32:07,460 [INFO] PluginManager:220 - loadIPPluginJar : add sai
2023-09-20 15:32:07,485 [INFO] IPUIPlugin:80 - create IPUIPlugin
2023-09-20 15:32:07,485 [INFO] PluginManager:220 - loadIPPluginJar : add spi
2023-09-20 15:32:07,530 [INFO] IPUIPlugin:80 - create IPUIPlugin
2023-09-20 15:32:07,530 [INFO] PluginManager:220 - loadIPPluginJar : add stm32_wpan
2023-09-20 15:32:07,547 [INFO] IPUIPlugin:80 - create IPUIPlugin
2023-09-20 15:32:07,547 [INFO] PluginManager:220 - loadIPPluginJar : add tim
2023-09-20 15:32:07,593 [INFO] IPUIPlugin:80 - create IPUIPlugin
2023-09-20 15:32:07,593 [INFO] PluginManager:220 - loadIPPluginJar : add touchsensing
2023-09-20 15:32:07,609 [INFO] IPUIPlugin:80 - create IPUIPlugin
2023-09-20 15:32:07,609 [INFO] PluginManager:220 - loadIPPluginJar : add tracer_emb
2023-09-20 15:32:07,625 [INFO] IPUIPlugin:80 - create IPUIPlugin
2023-09-20 15:32:07,626 [INFO] PluginManager:220 - loadIPPluginJar : add ts
2023-09-20 15:32:07,641 [INFO] IPUIPlugin:80 - create IPUIPlugin
2023-09-20 15:32:07,641 [INFO] PluginManager:220 - loadIPPluginJar : add tsc
2023-09-20 15:32:07,658 [INFO] IPUIPlugin:80 - create IPUIPlugin
2023-09-20 15:32:07,658 [INFO] PluginManager:220 - loadIPPluginJar : add ucpd
2023-09-20 15:32:07,691 [INFO] IPUIPlugin:80 - create IPUIPlugin
2023-09-20 15:32:07,691 [INFO] PluginManager:220 - loadIPPluginJar : add usart
2023-09-20 15:32:07,726 [INFO] IPUIPlugin:80 - create IPUIPlugin
2023-09-20 15:32:07,726 [INFO] PluginManager:220 - loadIPPluginJar : add usbx
2023-09-20 15:32:07,839 [INFO] CADModel:165 - CPN selected for project level
2023-09-20 15:32:07,839 [INFO] CADModel:114 - Register for checkConnection events
2023-09-20 15:32:07,840 [FATAL] Updater:308 - Updater called before beeing initialized
2023-09-20 15:32:07,840 [ERROR] CADModel:125 - Updater not yet initialized, retry later 
2023-09-20 15:32:07,951 [INFO] CADModel:165 - CPN selected for project level
2023-09-20 15:32:07,951 [INFO] CADModel:114 - Register for checkConnection events
2023-09-20 15:32:07,952 [FATAL] Updater:308 - Updater called before beeing initialized
2023-09-20 15:32:07,952 [ERROR] CADModel:125 - Updater not yet initialized, retry later 
2023-09-20 15:32:07,956 [FATAL] Updater:308 - Updater called before beeing initialized
2023-09-20 15:32:08,063 [FATAL] Updater:308 - Updater called before beeing initialized
2023-09-20 15:32:08,076 [INFO] DbMcusAds:53 - JSON generation date=Tue Mar 07 03:50:55 EST 2023 (1678179055114)
2023-09-20 15:32:08,076 [FATAL] Updater:308 - Updater called before beeing initialized
2023-09-20 15:32:08,111 [WARN] DetailPanel:346 - Failed to get advertising image, set to default
2023-09-20 15:32:08,191 [FATAL] Updater:308 - Updater called before beeing initialized
2023-09-20 15:32:08,195 [FATAL] Updater:308 - Updater called before beeing initialized
2023-09-20 15:32:08,195 [FATAL] Updater:308 - Updater called before beeing initialized
2023-09-20 15:32:08,195 [WARN] DetailPanel:346 - Failed to get advertising image, set to default
2023-09-20 15:32:08,196 [FATAL] Updater:308 - Updater called before beeing initialized
2023-09-20 15:32:08,248 [ERROR] Updater:1120 - MainUpdater not yet initialized. External WinMGr cannot be set.
2023-09-20 15:32:08,260 [INFO] Updater:1056 - Updater Version found : 6.9.1
2023-09-20 15:32:08,281 [INFO] ApplicationProperties:184 - Using Application install path: C:\ST\STM32CubeIDE_1.13.1\STM32CubeIDE\plugins\com.st.stm32cube.common.mx_6.9.1.202307191849
2023-09-20 15:32:08,434 [INFO] MainUpdater:2868 - connection check result : 10
2023-09-20 15:32:08,435 [INFO] MainUpdater:285 - Updater Check For Update Now.
2023-09-20 15:32:08,435 [INFO] MicroXplorer:498 - Change Database Version : DB.6.0.91
2023-09-20 15:32:08,449 [INFO] McuFinderGlobals:63 - Set McuFinder mode to 2 (CubeIDE integrated)
2023-09-20 15:32:08,450 [INFO] UserAuth:179 - activating auth plugin
2023-09-20 15:32:08,453 [INFO] UserAuth:393 - Internet connection configuration mode: 1
2023-09-20 15:32:08,480 [INFO] JxBrowserEngine:151 - Initiate JxBrowser Engine with user profile folder
2023-09-20 15:32:08,626 [INFO] CheckServerUpdateThread:120 - End of CheckServer Thread
2023-09-20 15:32:08,805 [WARN] PackLoader:240 - Cannot read IP mode file for STMicroelectronics.X-CUBE-SMBUS.2.1.0
2023-09-20 15:32:08,857 [WARN] PackLoader:240 - Cannot read IP mode file for STMicroelectronics.X-CUBE-AZRTOS-F7.1.1.0
2023-09-20 15:32:08,876 [WARN] PackLoader:240 - Cannot read IP mode file for STMicroelectronics.FP-SNS-MOTENV1.4.3.2
2023-09-20 15:32:08,896 [WARN] PackLoader:240 - Cannot read IP mode file for STMicroelectronics.FP-SNS-FLIGHT1.5.0.2
2023-09-20 15:32:08,919 [WARN] PackLoader:240 - Cannot read IP mode file for STMicroelectronics.X-CUBE-DISPLAY.3.0.0
2023-09-20 15:32:08,945 [WARN] PackLoader:240 - Cannot read IP mode file for STMicroelectronics.X-CUBE-BLE1.7.0.0
2023-09-20 15:32:08,962 [WARN] PackLoader:240 - Cannot read IP mode file for emotas.I-CUBE-CANOPEN.1.3.0
2023-09-20 15:32:08,978 [WARN] PackLoader:240 - Cannot read IP mode file for STMicroelectronics.X-CUBE-TOUCHGFX.4.22.0
2023-09-20 15:32:08,996 [WARN] PackLoader:240 - Cannot read IP mode file for STMicroelectronics.FP-SNS-SMARTAG2.1.2.0
2023-09-20 15:32:09,029 [INFO] LogOutputStream:77 - [STDOUT_REDIRECT] 1 : Invalid condition id : UX_CORESTACK_Condition cause : null
2023-09-20 15:32:09,030 [INFO] LogOutputStream:77 - [STDOUT_REDIRECT] 1 : Invalid condition id : UX_CORESTACK_Condition cause : null
2023-09-20 15:32:09,030 [INFO] LogOutputStream:77 - [STDOUT_REDIRECT] 1 : Invalid condition id : UX_CORESTACK_Condition cause : null
2023-09-20 15:32:09,031 [INFO] LogOutputStream:77 - [STDOUT_REDIRECT] 1 : Invalid condition id : UX_CORESTACK_Condition cause : null
2023-09-20 15:32:09,032 [INFO] LogOutputStream:77 - [STDOUT_REDIRECT] 1 : Invalid condition id : UX_CORESTACK_Condition cause : null
2023-09-20 15:32:09,037 [WARN] PackLoader:240 - Cannot read IP mode file for STMicroelectronics.X-CUBE-AZRTOS-WL.2.0.0
2023-09-20 15:32:09,062 [WARN] PackLoader:240 - Cannot read IP mode file for WES.I-CUBE-Cesium.1.3.0
2023-09-20 15:32:09,074 [WARN] PackLoader:240 - Cannot read IP mode file for STMicroelectronics.X-CUBE-BLE2.3.3.0
2023-09-20 15:32:09,090 [WARN] PackLoader:240 - Cannot read IP mode file for STMicroelectronics.X-CUBE-ALGOBUILD.1.3.0
2023-09-20 15:32:09,121 [WARN] PackLoader:240 - Cannot read IP mode file for STMicroelectronics.X-CUBE-AZRTOS-G0.1.1.0
2023-09-20 15:32:09,141 [WARN] PackLoader:240 - Cannot read IP mode file for STMicroelectronics.X-CUBE-NFC4.3.0.0
2023-09-20 15:32:09,158 [WARN] PackLoader:240 - Cannot read IP mode file for STMicroelectronics.FP-ATR-SIGFOX1.3.2.0
2023-09-20 15:32:09,203 [WARN] PackLoader:240 - Cannot read IP mode file for SEGGER.I-CUBE-embOS.1.3.1
2023-09-20 15:32:09,266 [WARN] PackLoader:240 - Cannot read IP mode file for STMicroelectronics.X-CUBE-GNSS1.6.0.0
2023-09-20 15:32:09,301 [WARN] PackLoader:240 - Cannot read IP mode file for STMicroelectronics.X-CUBE-AZRTOS-F4.1.1.0
2023-09-20 15:32:09,317 [WARN] PackLoader:240 - Cannot read IP mode file for wolfSSL.I-CUBE-wolfSSL.5.6.3
2023-09-20 15:32:09,351 [WARN] PackLoader:240 - Cannot read IP mode file for STMicroelectronics.X-CUBE-AZRTOS-L5.2.0.0
2023-09-20 15:32:09,430 [WARN] PackLoader:240 - Cannot read IP mode file for STMicroelectronics.X-CUBE-MEMS1.9.6.0
2023-09-20 15:32:09,658 [WARN] PackLoader:240 - Cannot read IP mode file for STMicroelectronics.X-CUBE-BLEMGR.2.0.0
2023-09-20 15:32:09,696 [WARN] ConditionMgr:438 - getConditionDescription Invalid condition id : UX DEVICE CLASS RTOS Condition cause : null
2023-09-20 15:32:09,696 [WARN] ConditionMgr:438 - getConditionDescription Invalid condition id : UX DEVICE CLASS RTOS Condition cause : null
2023-09-20 15:32:09,700 [WARN] PackLoader:240 - Cannot read IP mode file for STMicroelectronics.X-CUBE-AZRTOS-H7.3.1.0
2023-09-20 15:32:09,702 [WARN] ConditionMgr:1039 - genDependencies : Invalid condition id : UX DEVICE CLASS RTOS Condition cause : null
2023-09-20 15:32:09,702 [WARN] ConditionMgr:1039 - genDependencies : Invalid condition id : UX DEVICE CLASS RTOS Condition cause : null
2023-09-20 15:32:09,703 [WARN] ConditionMgr:1039 - genDependencies : Invalid condition id : UX DEVICE CLASS RTOS Condition cause : null
2023-09-20 15:32:09,703 [WARN] ConditionMgr:1039 - genDependencies : Invalid condition id : UX DEVICE CLASS RTOS Condition cause : null
2023-09-20 15:32:09,703 [WARN] ConditionMgr:1039 - genDependencies : Invalid condition id : UX DEVICE CLASS RTOS Condition cause : null
2023-09-20 15:32:09,722 [WARN] PackLoader:240 - Cannot read IP mode file for STMicroelectronics.X-CUBE-NFC7.1.0.1
2023-09-20 15:32:09,742 [WARN] PackLoader:240 - Cannot read IP mode file for STMicroelectronics.X-CUBE-NFC6.3.0.0
2023-09-20 15:32:09,762 [WARN] PackLoader:240 - Cannot read IP mode file for STMicroelectronics.X-CUBE-EEPRMA1.4.1.0
2023-09-20 15:32:09,778 [WARN] PackLoader:240 - Cannot read IP mode file for STMicroelectronics.X-CUBE-AI.8.1.0
2023-09-20 15:32:09,821 [WARN] ConditionMgr:438 - getConditionDescription Invalid condition id : LAN8742 Phy interface Condition cause : null
2023-09-20 15:32:09,822 [WARN] PackLoader:240 - Cannot read IP mode file for STMicroelectronics.X-CUBE-AZRTOS-L4.2.0.0
2023-09-20 15:32:09,823 [WARN] ConditionMgr:1039 - genDependencies : Invalid condition id : LAN8742 Phy interface Condition cause : null
2023-09-20 15:32:09,824 [WARN] ConditionMgr:1039 - genDependencies : Invalid condition id : LAN8742 Phy interface Condition cause : null
2023-09-20 15:32:09,825 [WARN] ConditionMgr:1039 - genDependencies : Invalid condition id : LAN8742 Phy interface Condition cause : null
2023-09-20 15:32:09,844 [WARN] PackLoader:240 - Cannot read IP mode file for STMicroelectronics.X-CUBE-SFXS2LP1.4.0.0
2023-09-20 15:32:09,857 [WARN] PackLoader:240 - Cannot read IP mode file for STMicroelectronics.X-CUBE-ISPU.1.1.0
2023-09-20 15:32:09,889 [WARN] ConditionMgr:438 - getConditionDescription Invalid condition id : UX DEVICE CLASS RTOS Condition cause : null
2023-09-20 15:32:09,890 [WARN] ConditionMgr:438 - getConditionDescription Invalid condition id : UX DEVICE CLASS RTOS Condition cause : null
2023-09-20 15:32:09,892 [WARN] PackLoader:240 - Cannot read IP mode file for STMicroelectronics.X-CUBE-AZRTOS-WB.2.0.0
2023-09-20 15:32:09,893 [WARN] ConditionMgr:1039 - genDependencies : Invalid condition id : UX DEVICE CLASS RTOS Condition cause : null
2023-09-20 15:32:09,893 [WARN] ConditionMgr:1039 - genDependencies : Invalid condition id : UX DEVICE CLASS RTOS Condition cause : null
2023-09-20 15:32:09,895 [WARN] ConditionMgr:1039 - genDependencies : Invalid condition id : UX DEVICE CLASS RTOS Condition cause : null
2023-09-20 15:32:09,895 [WARN] ConditionMgr:1039 - genDependencies : Invalid condition id : UX DEVICE CLASS RTOS Condition cause : null
2023-09-20 15:32:09,895 [WARN] ConditionMgr:1039 - genDependencies : Invalid condition id : UX DEVICE CLASS RTOS Condition cause : null
2023-09-20 15:32:09,928 [WARN] PackLoader:240 - Cannot read IP mode file for STMicroelectronics.X-CUBE-SUBG2.5.0.0
2023-09-20 15:32:09,958 [WARN] PackLoader:240 - Cannot read IP mode file for STMicroelectronics.X-CUBE-TOF1.3.3.1
2023-09-20 15:32:09,993 [WARN] PackLoader:240 - Cannot read IP mode file for STMicroelectronics.X-CUBE-AZRTOS-G4.2.0.0
2023-09-20 15:32:10,011 [WARN] PackLoader:240 - Cannot read IP mode file for STMicroelectronics.X-CUBE-FREERTOS.1.1.0
2023-09-20 15:32:10,027 [WARN] PackLoader:240 - Cannot read IP mode file for portGmbH.I-Cube-SoM-uGOAL.1.1.0
2023-09-20 15:32:10,043 [WARN] PackLoader:240 - Cannot read IP mode file for STMicroelectronics.X-CUBE-ALS.1.0.1
2023-09-20 15:32:10,059 [WARN] PackLoader:240 - Cannot read IP mode file for STMicroelectronics.FP-ATR-ASTRA1.2.0.0
2023-09-20 15:32:10,060 [INFO] ThirdParty:978 - Integrity check success = true
2023-09-20 15:32:10,060 [INFO] IntegrityCheckThread:100 - exiting critical section [integrity check]
2023-09-20 15:32:10,060 [INFO] IntegrityCheckThread:103 - End integrity checks thread
2023-09-20 15:32:11,840 [INFO] WebApp:157 - Instantiating new browser for Auth
2023-09-20 15:32:12,767 [INFO] WebApp:753 - Register for checkConnection events
2023-09-20 15:32:12,768 [INFO] WebApp:390 - Apply proxy settings
2023-09-20 15:32:12,768 [INFO] WebApp:475 - Chromium requires no authentication
2023-09-20 15:32:12,777 [INFO] WebApp:418 - Direct internet connection detected
2023-09-20 15:32:12,962 [INFO] WebApp:188 - Starting web application
2023-09-20 15:32:12,963 [INFO] WebApp:520 - Web application path used C:\ST\STM32CubeIDE_1.13.1\STM32CubeIDE\plugins\com.st.stm32cube.common.mx_6.9.1.202307191849\db\plugins\mcufinder\reactClient1\index.html
2023-09-20 15:32:33,916 [ERROR] LogOutputStream:75 - [STDERR_REDIRECT] SLF4J: Failed to load class "org.slf4j.impl.StaticLoggerBinder".
2023-09-20 15:32:33,916 [ERROR] LogOutputStream:75 - [STDERR_REDIRECT] SLF4J: Defaulting to no-operation (NOP) logger implementation
2023-09-20 15:32:33,917 [ERROR] LogOutputStream:75 - [STDERR_REDIRECT] SLF4J: See http://www.slf4j.org/codes.html#StaticLoggerBinder for further details.
2023-09-20 15:55:24,448 [ERROR] LogOutputStream:75 - [STDERR_REDIRECT] 
