2023-09-28 14:15:23,651 [INFO] Activator:176 - 


2023-09-28 14:15:23,660 [INFO] Activator:177 - !SESSION log4j initialized
2023-09-28 14:15:32,515 [INFO] LogOutputStream:77 - [STDOUT_REDIRECT] 
2023-09-28 14:15:38,735 [ERROR] ConfigurationRetriever:142 - IOException on connection: The server selected protocol version TLS10 is not accepted by client preferences [TLS12]
2023-09-28 14:15:38,809 [ERROR] ConfigurationRetriever:142 - IOException on connection: The server selected protocol version TLS10 is not accepted by client preferences [TLS12]
2023-09-28 14:15:38,881 [ERROR] ConfigurationRetriever:142 - IOException on connection: The server selected protocol version TLS10 is not accepted by client preferences [TLS12]
2023-09-28 14:15:41,790 [INFO] ApplicationProperties:184 - Using Application install path: C:\ST\STM32CubeIDE_1.13.1\STM32CubeIDE\plugins\com.st.stm32cube.common.mx_6.9.1.202307191849
2023-09-28 14:15:41,816 [INFO] DbMcusXml:78 - Set database path to: C:\ST\STM32CubeIDE_1.13.1\STM32CubeIDE\plugins\com.st.stm32cube.common.mx_6.9.1.202307191849\\db\/mcu/
2023-09-28 14:15:41,816 [INFO] ApiDb:274 - Set plugin database path to: C:\ST\STM32CubeIDE_1.13.1\STM32CubeIDE\plugins\com.st.stm32cube.common.mx_6.9.1.202307191849\\db\/plugins/boardmanager/
2023-09-28 14:15:41,816 [WARN] ApiDb:259 - Overriding images path with different value:  => C:\ST\STM32CubeIDE_1.13.1\STM32CubeIDE\plugins\com.st.stm32cube.common.mx_6.9.1.202307191849\\db\/plugins/mcufinder/images/
2023-09-28 14:15:41,833 [INFO] ApiDb:250 - Set database path to: C:\Users\christian.saiz\.stmcufinder\plugins\mcufinder//mcu/
2023-09-28 14:15:41,834 [INFO] DbMcusAds:125 - Set database path to: C:\Users\christian.saiz\.stmcufinder\plugins\mcufinder//mcu/
2023-09-28 14:15:41,836 [INFO] CrossReferenceDbSqlite:203 - Set database path to: C:\Users\christian.saiz\.stmcufinder\plugins\mcufinder//mcu/cs/
2023-09-28 14:15:41,961 [INFO] RulesReader:64 - Compatibility file has been processed (293 Rules)
2023-09-28 14:15:42,051 [INFO] DbMcusXml:78 - Set database path to: C:\ST\STM32CubeIDE_1.13.1\STM32CubeIDE\plugins\com.st.stm32cube.common.mx_6.9.1.202307191849\\db\/mcu/
2023-09-28 14:15:42,051 [INFO] ApiDb:274 - Set plugin database path to: C:\ST\STM32CubeIDE_1.13.1\STM32CubeIDE\plugins\com.st.stm32cube.common.mx_6.9.1.202307191849\\db\/plugins/boardmanager/
2023-09-28 14:15:42,052 [INFO] ApiDb:261 - Set plugin images path to: C:\ST\STM32CubeIDE_1.13.1\STM32CubeIDE\plugins\com.st.stm32cube.common.mx_6.9.1.202307191849\\db\/plugins/mcufinder/images/
2023-09-28 14:15:42,052 [WARN] DbFile:41 - Overriding database path with different value: C:\Users\christian.saiz\.stmcufinder\plugins\mcufinder/ => C:\Users\christian.saiz\.stmcufinder\plugins\mcufinder
2023-09-28 14:15:42,052 [INFO] ApiDb:250 - Set database path to: C:\Users\christian.saiz\.stmcufinder\plugins\mcufinder//mcu/
2023-09-28 14:15:42,052 [WARN] DbFile:41 - Overriding database path with different value: C:\Users\christian.saiz\.stmcufinder\plugins\mcufinder/ => C:\Users\christian.saiz\.stmcufinder\plugins\mcufinder
2023-09-28 14:15:42,052 [INFO] DbMcusAds:125 - Set database path to: C:\Users\christian.saiz\.stmcufinder\plugins\mcufinder//mcu/
2023-09-28 14:15:42,052 [WARN] DbFile:41 - Overriding database path with different value: C:\Users\christian.saiz\.stmcufinder\plugins\mcufinder/ => C:\Users\christian.saiz\.stmcufinder\plugins\mcufinder
2023-09-28 14:15:42,052 [WARN] DbFile:41 - Overriding database path with different value: C:\Users\christian.saiz\.stmcufinder\plugins\mcufinder/ => C:\Users\christian.saiz\.stmcufinder\plugins\mcufinder
2023-09-28 14:15:42,052 [INFO] CrossReferenceDbSqlite:203 - Set database path to: C:\Users\christian.saiz\.stmcufinder\plugins\mcufinder//mcu/cs/
2023-09-28 14:15:42,134 [INFO] MainPanel:262 - HeapMemory: 268435456
2023-09-28 14:15:42,250 [INFO] DbMcusXml:78 - Set database path to: C:\ST\STM32CubeIDE_1.13.1\STM32CubeIDE\plugins\com.st.stm32cube.common.mx_6.9.1.202307191849\\db\/mcu/
2023-09-28 14:15:42,251 [INFO] ApiDb:274 - Set plugin database path to: C:\ST\STM32CubeIDE_1.13.1\STM32CubeIDE\plugins\com.st.stm32cube.common.mx_6.9.1.202307191849\\db\/plugins/boardmanager/
2023-09-28 14:15:42,251 [INFO] ApiDb:261 - Set plugin images path to: C:\ST\STM32CubeIDE_1.13.1\STM32CubeIDE\plugins\com.st.stm32cube.common.mx_6.9.1.202307191849\\db\/plugins/mcufinder/images/
2023-09-28 14:15:42,251 [WARN] DbFile:41 - Overriding database path with different value: C:\Users\christian.saiz\.stmcufinder\plugins\mcufinder/ => C:\Users\christian.saiz\.stmcufinder\plugins\mcufinder
2023-09-28 14:15:42,251 [INFO] ApiDb:250 - Set database path to: C:\Users\christian.saiz\.stmcufinder\plugins\mcufinder//mcu/
2023-09-28 14:15:42,251 [WARN] DbFile:41 - Overriding database path with different value: C:\Users\christian.saiz\.stmcufinder\plugins\mcufinder/ => C:\Users\christian.saiz\.stmcufinder\plugins\mcufinder
2023-09-28 14:15:42,252 [INFO] DbMcusAds:125 - Set database path to: C:\Users\christian.saiz\.stmcufinder\plugins\mcufinder//mcu/
2023-09-28 14:15:42,252 [WARN] DbFile:41 - Overriding database path with different value: C:\Users\christian.saiz\.stmcufinder\plugins\mcufinder/ => C:\Users\christian.saiz\.stmcufinder\plugins\mcufinder
2023-09-28 14:15:42,252 [WARN] DbFile:41 - Overriding database path with different value: C:\Users\christian.saiz\.stmcufinder\plugins\mcufinder/ => C:\Users\christian.saiz\.stmcufinder\plugins\mcufinder
2023-09-28 14:15:42,252 [INFO] CrossReferenceDbSqlite:203 - Set database path to: C:\Users\christian.saiz\.stmcufinder\plugins\mcufinder//mcu/cs/
2023-09-28 14:15:42,271 [INFO] ApplicationProperties:184 - Using Application install path: C:\ST\STM32CubeIDE_1.13.1\STM32CubeIDE\plugins\com.st.stm32cube.common.mx_6.9.1.202307191849
2023-09-28 14:15:42,273 [INFO] PluginManage:196 - Search for loadable plugins [exclusion list=, ]
2023-09-28 14:15:42,274 [INFO] PluginManage:310 - Check plugin analytics
2023-09-28 14:15:46,957 [INFO] AnalyticsPlugin:253 - Accepted Software Licenses: 
2023-09-28 14:15:46,957 [INFO] AnalyticsPlugin:255 - Accepted CMSIS Pack Licenses: 
2023-09-28 14:15:46,957 [INFO] AnalyticsPlugin:257 - Accepted Firmware Licenses: 
2023-09-28 14:15:46,959 [INFO] PluginManage:359 - Loaded plugin analytics (category:tool,tabindex:-1)
2023-09-28 14:15:46,960 [INFO] PluginManage:310 - Check plugin cadmodel
2023-09-28 14:15:46,973 [INFO] CADModel:105 - Init CAD model plugin
2023-09-28 14:15:46,973 [INFO] PluginManage:359 - Loaded plugin cadmodel (category:power,tabindex:5)
2023-09-28 14:15:46,973 [INFO] PluginManage:310 - Check plugin clock
2023-09-28 14:15:46,989 [INFO] PluginManage:359 - Loaded plugin clock (category:base,tabindex:2)
2023-09-28 14:15:46,990 [INFO] PluginManage:310 - Check plugin ddr
2023-09-28 14:15:46,992 [INFO] PluginManage:359 - Loaded plugin ddr (category:tool,tabindex:6)
2023-09-28 14:15:46,992 [INFO] PluginManage:310 - Check plugin filemanager
2023-09-28 14:15:47,053 [ERROR] ConfigurationRetriever:142 - IOException on connection: The server selected protocol version TLS10 is not accepted by client preferences [TLS12]
2023-09-28 14:15:47,118 [INFO] PluginManage:359 - Loaded plugin filemanager (category:base,tabindex:10)
2023-09-28 14:15:47,118 [INFO] PluginManage:310 - Check plugin ipmanager
2023-09-28 14:15:47,126 [INFO] PluginManage:359 - Loaded plugin ipmanager (category:base,tabindex:5)
2023-09-28 14:15:47,126 [INFO] PluginManage:310 - Check plugin lpbam
2023-09-28 14:15:47,143 [INFO] PluginManage:359 - Loaded plugin lpbam (category:base,tabindex:0)
2023-09-28 14:15:47,143 [INFO] PluginManage:310 - Check plugin memorymap
2023-09-28 14:15:47,165 [INFO] PluginManage:359 - Loaded plugin memorymap (category:base,tabindex:4)
2023-09-28 14:15:47,165 [INFO] PluginManage:310 - Check plugin pinoutandconfiguration
2023-09-28 14:15:47,181 [INFO] PluginManage:359 - Loaded plugin pinoutandconfiguration (category:base,tabindex:1)
2023-09-28 14:15:47,182 [INFO] PluginManage:310 - Check plugin pinoutconfig
2023-09-28 14:15:47,268 [WARN] SupportedApi:132 - Cannot load RTOS API schema: s4s-elt-must-match.1: The content of 'definitions' must match (annotation?, (simpleType | complexType)?, (unique | key | keyref)*)). A problem was found starting at: attribute.
2023-09-28 14:15:47,391 [INFO] PluginManage:359 - Loaded plugin pinoutconfig (category:base,tabindex:0)
2023-09-28 14:15:47,391 [INFO] PluginManage:310 - Check plugin power
2023-09-28 14:15:47,415 [INFO] PluginManage:359 - Loaded plugin power (category:power,tabindex:4)
2023-09-28 14:15:47,415 [INFO] PluginManage:310 - Check plugin projectmanager
2023-09-28 14:15:47,425 [INFO] PluginManage:359 - Loaded plugin projectmanager (category:projectmanager,tabindex:3)
2023-09-28 14:15:47,425 [INFO] PluginManage:310 - Check plugin thirdparty
2023-09-28 14:15:47,687 [INFO] PluginManage:359 - Loaded plugin thirdparty (category:base,tabindex:-1)
2023-09-28 14:15:47,687 [WARN] IntegrityCheckThread:84 - waiting for thirdparty lock release [integrity check]
2023-09-28 14:15:47,687 [INFO] PluginManage:310 - Check plugin tools
2023-09-28 14:15:47,687 [INFO] IntegrityCheckThread:86 - entering critical section [integrity check]
2023-09-28 14:15:47,687 [INFO] ThirdPartyUpdaterWithRetryManager:70 - Updater plugin not ready yet. [1/15]
2023-09-28 14:15:47,709 [INFO] PluginManage:359 - Loaded plugin tools (category:base,tabindex:7)
2023-09-28 14:15:47,710 [INFO] PluginManage:310 - Check plugin tutovideos
2023-09-28 14:15:47,882 [ERROR] ConfigurationRetriever:142 - IOException on connection: The server selected protocol version TLS10 is not accepted by client preferences [TLS12]
2023-09-28 14:15:47,912 [INFO] PluginManage:359 - Loaded plugin tutovideos (category:base,tabindex:-1)
2023-09-28 14:15:47,912 [INFO] PluginManage:310 - Check plugin updater
2023-09-28 14:15:47,923 [INFO] PluginManage:359 - Loaded plugin updater (category:base,tabindex:12)
2023-09-28 14:15:47,923 [INFO] PluginManage:310 - Check plugin userauth
2023-09-28 14:15:47,930 [INFO] UserAuth:113 - Init User Auth plugin
2023-09-28 14:15:47,930 [INFO] PluginManage:359 - Loaded plugin userauth (category:base,tabindex:14)
2023-09-28 14:15:47,931 [INFO] PluginManage:283 - PluginManage : Loaded plugins [17]
2023-09-28 14:15:48,160 [INFO] PinOutPanel:1499 - setPackage(No Configuration,No Configuration)
2023-09-28 14:15:48,272 [INFO] CADModel:165 - CPN selected for project level
2023-09-28 14:15:48,272 [INFO] CADModel:114 - Register for checkConnection events
2023-09-28 14:15:48,296 [INFO] IPUIPlugin:80 - create IPUIPlugin
2023-09-28 14:15:48,296 [INFO] PluginManager:220 - loadIPPluginJar : add adc
2023-09-28 14:15:48,328 [INFO] IPUIPlugin:80 - create IPUIPlugin
2023-09-28 14:15:48,328 [INFO] PluginManager:220 - loadIPPluginJar : add aes
2023-09-28 14:15:48,371 [INFO] IPUIPlugin:80 - create IPUIPlugin
2023-09-28 14:15:48,371 [INFO] PluginManager:220 - loadIPPluginJar : add can
2023-09-28 14:15:48,390 [INFO] IPUIPlugin:80 - create IPUIPlugin
2023-09-28 14:15:48,390 [INFO] PluginManager:220 - loadIPPluginJar : add comp
2023-09-28 14:15:48,423 [INFO] IPUIPlugin:80 - create IPUIPlugin
2023-09-28 14:15:48,423 [INFO] PluginManager:220 - loadIPPluginJar : add cryp
2023-09-28 14:15:48,452 [INFO] IPUIPlugin:80 - create IPUIPlugin
2023-09-28 14:15:48,452 [INFO] PluginManager:220 - loadIPPluginJar : add dfsdm
2023-09-28 14:15:48,464 [INFO] IPUIPlugin:80 - create IPUIPlugin
2023-09-28 14:15:48,465 [INFO] PluginManager:220 - loadIPPluginJar : add dma
2023-09-28 14:15:48,496 [INFO] IPUIPlugin:80 - create IPUIPlugin
2023-09-28 14:15:48,496 [INFO] PluginManager:220 - loadIPPluginJar : add dma3
2023-09-28 14:15:48,510 [INFO] IPUIPlugin:80 - create IPUIPlugin
2023-09-28 14:15:48,511 [INFO] PluginManager:220 - loadIPPluginJar : add fatfs
2023-09-28 14:15:48,543 [INFO] IPUIPlugin:80 - create IPUIPlugin
2023-09-28 14:15:48,543 [INFO] PluginManager:220 - loadIPPluginJar : add fmc
2023-09-28 14:15:48,555 [INFO] IPUIPlugin:80 - create IPUIPlugin
2023-09-28 14:15:48,555 [INFO] PluginManager:220 - loadIPPluginJar : add freertos
2023-09-28 14:15:48,569 [INFO] IPUIPlugin:80 - create IPUIPlugin
2023-09-28 14:15:48,570 [INFO] PluginManager:220 - loadIPPluginJar : add genericplugin
2023-09-28 14:15:48,638 [INFO] IPUIPlugin:80 - create IPUIPlugin
2023-09-28 14:15:48,638 [INFO] PluginManager:220 - loadIPPluginJar : add gfxmmu
2023-09-28 14:15:48,663 [ERROR] ConfigurationRetriever:142 - IOException on connection: The server selected protocol version TLS10 is not accepted by client preferences [TLS12]
2023-09-28 14:15:48,736 [INFO] IPUIPlugin:80 - create IPUIPlugin
2023-09-28 14:15:48,736 [INFO] PluginManager:220 - loadIPPluginJar : add gic
2023-09-28 14:15:48,747 [INFO] IPUIPlugin:80 - create IPUIPlugin
2023-09-28 14:15:48,747 [INFO] PluginManager:220 - loadIPPluginJar : add gpio
2023-09-28 14:15:48,812 [INFO] IPUIPlugin:80 - create IPUIPlugin
2023-09-28 14:15:48,812 [INFO] PluginManager:220 - loadIPPluginJar : add gtzc
2023-09-28 14:15:48,839 [INFO] IPUIPlugin:80 - create IPUIPlugin
2023-09-28 14:15:48,840 [INFO] PluginManager:220 - loadIPPluginJar : add hash
2023-09-28 14:15:48,872 [INFO] IPUIPlugin:80 - create IPUIPlugin
2023-09-28 14:15:48,872 [INFO] PluginManager:220 - loadIPPluginJar : add i2c
2023-09-28 14:15:48,900 [INFO] IPUIPlugin:80 - create IPUIPlugin
2023-09-28 14:15:48,901 [INFO] PluginManager:220 - loadIPPluginJar : add i2s
2023-09-28 14:15:48,931 [INFO] IPUIPlugin:80 - create IPUIPlugin
2023-09-28 14:15:48,931 [INFO] PluginManager:220 - loadIPPluginJar : add i3c
2023-09-28 14:15:49,004 [INFO] IPUIPlugin:80 - create IPUIPlugin
2023-09-28 14:15:49,004 [INFO] PluginManager:220 - loadIPPluginJar : add ipddr
2023-09-28 14:15:49,072 [INFO] IPUIPlugin:80 - create IPUIPlugin
2023-09-28 14:15:49,072 [INFO] PluginManager:220 - loadIPPluginJar : add linkedlist
2023-09-28 14:15:49,102 [INFO] IPUIPlugin:80 - create IPUIPlugin
2023-09-28 14:15:49,102 [INFO] PluginManager:220 - loadIPPluginJar : add lorawan
2023-09-28 14:15:49,132 [INFO] IPUIPlugin:80 - create IPUIPlugin
2023-09-28 14:15:49,132 [INFO] PluginManager:220 - loadIPPluginJar : add ltdc
2023-09-28 14:15:49,144 [INFO] IPUIPlugin:80 - create IPUIPlugin
2023-09-28 14:15:49,144 [INFO] PluginManager:220 - loadIPPluginJar : add mdma
2023-09-28 14:15:49,152 [INFO] IPUIPlugin:80 - create IPUIPlugin
2023-09-28 14:15:49,152 [INFO] PluginManager:220 - loadIPPluginJar : add nvic
2023-09-28 14:15:49,189 [INFO] IPUIPlugin:80 - create IPUIPlugin
2023-09-28 14:15:49,189 [INFO] PluginManager:220 - loadIPPluginJar : add opamp
2023-09-28 14:15:49,240 [INFO] IPUIPlugin:80 - create IPUIPlugin
2023-09-28 14:15:49,240 [INFO] PluginManager:220 - loadIPPluginJar : add openamp
2023-09-28 14:15:49,274 [INFO] IPUIPlugin:80 - create IPUIPlugin
2023-09-28 14:15:49,274 [INFO] PluginManager:220 - loadIPPluginJar : add pdm2pcm
2023-09-28 14:15:49,298 [INFO] IPUIPlugin:80 - create IPUIPlugin
2023-09-28 14:15:49,301 [INFO] PluginManager:220 - loadIPPluginJar : add plateformsettings
2023-09-28 14:15:49,321 [INFO] IPUIPlugin:80 - create IPUIPlugin
2023-09-28 14:15:49,321 [INFO] PluginManager:220 - loadIPPluginJar : add quadspi
2023-09-28 14:15:49,334 [INFO] IPUIPlugin:80 - create IPUIPlugin
2023-09-28 14:15:49,334 [INFO] PluginManager:220 - loadIPPluginJar : add resmgrutility
2023-09-28 14:15:49,373 [INFO] IPUIPlugin:80 - create IPUIPlugin
2023-09-28 14:15:49,373 [INFO] PluginManager:220 - loadIPPluginJar : add sai
2023-09-28 14:15:49,406 [INFO] IPUIPlugin:80 - create IPUIPlugin
2023-09-28 14:15:49,406 [INFO] PluginManager:220 - loadIPPluginJar : add spi
2023-09-28 14:15:49,463 [INFO] IPUIPlugin:80 - create IPUIPlugin
2023-09-28 14:15:49,463 [INFO] PluginManager:220 - loadIPPluginJar : add stm32_wpan
2023-09-28 14:15:49,480 [INFO] IPUIPlugin:80 - create IPUIPlugin
2023-09-28 14:15:49,480 [INFO] PluginManager:220 - loadIPPluginJar : add tim
2023-09-28 14:15:49,518 [INFO] IPUIPlugin:80 - create IPUIPlugin
2023-09-28 14:15:49,518 [INFO] PluginManager:220 - loadIPPluginJar : add touchsensing
2023-09-28 14:15:49,537 [INFO] IPUIPlugin:80 - create IPUIPlugin
2023-09-28 14:15:49,537 [INFO] PluginManager:220 - loadIPPluginJar : add tracer_emb
2023-09-28 14:15:49,554 [INFO] IPUIPlugin:80 - create IPUIPlugin
2023-09-28 14:15:49,554 [INFO] PluginManager:220 - loadIPPluginJar : add ts
2023-09-28 14:15:49,578 [INFO] IPUIPlugin:80 - create IPUIPlugin
2023-09-28 14:15:49,578 [INFO] PluginManager:220 - loadIPPluginJar : add tsc
2023-09-28 14:15:49,600 [INFO] IPUIPlugin:80 - create IPUIPlugin
2023-09-28 14:15:49,600 [INFO] PluginManager:220 - loadIPPluginJar : add ucpd
2023-09-28 14:15:49,633 [INFO] IPUIPlugin:80 - create IPUIPlugin
2023-09-28 14:15:49,633 [INFO] PluginManager:220 - loadIPPluginJar : add usart
2023-09-28 14:15:49,730 [INFO] IPUIPlugin:80 - create IPUIPlugin
2023-09-28 14:15:49,730 [INFO] PluginManager:220 - loadIPPluginJar : add usbx
2023-09-28 14:15:49,860 [INFO] CADModel:165 - CPN selected for project level
2023-09-28 14:15:49,861 [INFO] CADModel:114 - Register for checkConnection events
2023-09-28 14:15:49,861 [FATAL] Updater:308 - Updater called before beeing initialized
2023-09-28 14:15:49,861 [ERROR] CADModel:125 - Updater not yet initialized, retry later 
2023-09-28 14:15:50,029 [INFO] CADModel:165 - CPN selected for project level
2023-09-28 14:15:50,029 [INFO] CADModel:114 - Register for checkConnection events
2023-09-28 14:15:50,029 [FATAL] Updater:308 - Updater called before beeing initialized
2023-09-28 14:15:50,029 [ERROR] CADModel:125 - Updater not yet initialized, retry later 
2023-09-28 14:15:50,033 [FATAL] Updater:308 - Updater called before beeing initialized
2023-09-28 14:15:50,118 [FATAL] Updater:308 - Updater called before beeing initialized
2023-09-28 14:15:50,129 [INFO] DbMcusAds:53 - JSON generation date=Tue Mar 07 03:50:55 EST 2023 (1678179055114)
2023-09-28 14:15:50,131 [FATAL] Updater:308 - Updater called before beeing initialized
2023-09-28 14:15:50,179 [WARN] DetailPanel:346 - Failed to get advertising image, set to default
2023-09-28 14:15:50,262 [FATAL] Updater:308 - Updater called before beeing initialized
2023-09-28 14:15:50,265 [FATAL] Updater:308 - Updater called before beeing initialized
2023-09-28 14:15:50,265 [FATAL] Updater:308 - Updater called before beeing initialized
2023-09-28 14:15:50,265 [WARN] DetailPanel:346 - Failed to get advertising image, set to default
2023-09-28 14:15:50,265 [FATAL] Updater:308 - Updater called before beeing initialized
2023-09-28 14:15:50,313 [ERROR] Updater:1120 - MainUpdater not yet initialized. External WinMGr cannot be set.
2023-09-28 14:15:50,322 [INFO] Updater:1056 - Updater Version found : 6.9.1
2023-09-28 14:15:50,342 [INFO] ApplicationProperties:184 - Using Application install path: C:\ST\STM32CubeIDE_1.13.1\STM32CubeIDE\plugins\com.st.stm32cube.common.mx_6.9.1.202307191849
2023-09-28 14:15:50,688 [INFO] ThirdPartyUpdaterWithRetryManager:70 - Updater plugin not ready yet. [2/15]
2023-09-28 14:15:52,148 [ERROR] ServerAccessManage:1172 - Problem during Server Connection :  IO error The server selected protocol version TLS10 is not accepted by client preferences [TLS12]
2023-09-28 14:15:52,152 [INFO] MainUpdater:2868 - connection check result : 22
2023-09-28 14:15:52,152 [INFO] MainUpdater:285 - Updater Check For Update Now.
2023-09-28 14:15:52,152 [INFO] MicroXplorer:498 - Change Database Version : DB.6.0.91
2023-09-28 14:15:52,169 [INFO] McuFinderGlobals:63 - Set McuFinder mode to 2 (CubeIDE integrated)
2023-09-28 14:15:52,170 [INFO] UserAuth:179 - activating auth plugin
2023-09-28 14:15:52,173 [INFO] UserAuth:393 - Internet connection configuration mode: 2
2023-09-28 14:15:52,357 [INFO] CheckServerUpdateThread:120 - End of CheckServer Thread
2023-09-28 14:15:53,841 [WARN] PackLoader:240 - Cannot read IP mode file for STMicroelectronics.X-CUBE-SMBUS.2.1.0
2023-09-28 14:15:53,885 [WARN] PackLoader:240 - Cannot read IP mode file for STMicroelectronics.X-CUBE-AZRTOS-F7.1.1.0
2023-09-28 14:15:53,903 [WARN] PackLoader:240 - Cannot read IP mode file for STMicroelectronics.FP-SNS-MOTENV1.4.3.2
2023-09-28 14:15:53,917 [WARN] PackLoader:240 - Cannot read IP mode file for STMicroelectronics.FP-SNS-FLIGHT1.5.0.2
2023-09-28 14:15:53,934 [WARN] PackLoader:240 - Cannot read IP mode file for STMicroelectronics.X-CUBE-DISPLAY.3.0.0
2023-09-28 14:15:53,952 [WARN] PackLoader:240 - Cannot read IP mode file for STMicroelectronics.X-CUBE-BLE1.7.0.0
2023-09-28 14:15:53,967 [WARN] PackLoader:240 - Cannot read IP mode file for emotas.I-CUBE-CANOPEN.1.3.0
2023-09-28 14:15:53,981 [WARN] PackLoader:240 - Cannot read IP mode file for STMicroelectronics.X-CUBE-TOUCHGFX.4.22.0
2023-09-28 14:15:53,992 [WARN] PackLoader:240 - Cannot read IP mode file for STMicroelectronics.FP-SNS-SMARTAG2.1.2.0
2023-09-28 14:15:54,013 [INFO] LogOutputStream:77 - [STDOUT_REDIRECT] 1 : Invalid condition id : UX_CORESTACK_Condition cause : null
2023-09-28 14:15:54,013 [INFO] LogOutputStream:77 - [STDOUT_REDIRECT] 1 : Invalid condition id : UX_CORESTACK_Condition cause : null
2023-09-28 14:15:54,014 [INFO] LogOutputStream:77 - [STDOUT_REDIRECT] 1 : Invalid condition id : UX_CORESTACK_Condition cause : null
2023-09-28 14:15:54,014 [INFO] LogOutputStream:77 - [STDOUT_REDIRECT] 1 : Invalid condition id : UX_CORESTACK_Condition cause : null
2023-09-28 14:15:54,015 [INFO] LogOutputStream:77 - [STDOUT_REDIRECT] 1 : Invalid condition id : UX_CORESTACK_Condition cause : null
2023-09-28 14:15:54,018 [WARN] PackLoader:240 - Cannot read IP mode file for STMicroelectronics.X-CUBE-AZRTOS-WL.2.0.0
2023-09-28 14:15:54,036 [WARN] PackLoader:240 - Cannot read IP mode file for WES.I-CUBE-Cesium.1.3.0
2023-09-28 14:15:54,049 [WARN] PackLoader:240 - Cannot read IP mode file for STMicroelectronics.X-CUBE-BLE2.3.3.0
2023-09-28 14:15:54,064 [WARN] PackLoader:240 - Cannot read IP mode file for STMicroelectronics.X-CUBE-ALGOBUILD.1.3.0
2023-09-28 14:15:54,099 [WARN] PackLoader:240 - Cannot read IP mode file for STMicroelectronics.X-CUBE-AZRTOS-G0.1.1.0
2023-09-28 14:15:54,117 [WARN] PackLoader:240 - Cannot read IP mode file for STMicroelectronics.X-CUBE-NFC4.3.0.0
2023-09-28 14:15:54,132 [WARN] PackLoader:240 - Cannot read IP mode file for STMicroelectronics.FP-ATR-SIGFOX1.3.2.0
2023-09-28 14:15:54,167 [WARN] PackLoader:240 - Cannot read IP mode file for SEGGER.I-CUBE-embOS.1.3.1
2023-09-28 14:15:54,224 [WARN] PackLoader:240 - Cannot read IP mode file for STMicroelectronics.X-CUBE-GNSS1.6.0.0
2023-09-28 14:15:54,260 [WARN] PackLoader:240 - Cannot read IP mode file for STMicroelectronics.X-CUBE-AZRTOS-F4.1.1.0
2023-09-28 14:15:54,275 [WARN] PackLoader:240 - Cannot read IP mode file for wolfSSL.I-CUBE-wolfSSL.5.6.3
2023-09-28 14:15:54,302 [WARN] PackLoader:240 - Cannot read IP mode file for STMicroelectronics.X-CUBE-AZRTOS-L5.2.0.0
2023-09-28 14:15:54,357 [WARN] PackLoader:240 - Cannot read IP mode file for STMicroelectronics.X-CUBE-MEMS1.9.6.0
2023-09-28 14:15:54,496 [WARN] PackLoader:240 - Cannot read IP mode file for STMicroelectronics.X-CUBE-BLEMGR.2.0.0
2023-09-28 14:15:54,520 [WARN] ConditionMgr:438 - getConditionDescription Invalid condition id : UX DEVICE CLASS RTOS Condition cause : null
2023-09-28 14:15:54,520 [WARN] ConditionMgr:438 - getConditionDescription Invalid condition id : UX DEVICE CLASS RTOS Condition cause : null
2023-09-28 14:15:54,522 [WARN] PackLoader:240 - Cannot read IP mode file for STMicroelectronics.X-CUBE-AZRTOS-H7.3.1.0
2023-09-28 14:15:54,522 [WARN] ConditionMgr:1039 - genDependencies : Invalid condition id : UX DEVICE CLASS RTOS Condition cause : null
2023-09-28 14:15:54,523 [WARN] ConditionMgr:1039 - genDependencies : Invalid condition id : UX DEVICE CLASS RTOS Condition cause : null
2023-09-28 14:15:54,523 [WARN] ConditionMgr:1039 - genDependencies : Invalid condition id : UX DEVICE CLASS RTOS Condition cause : null
2023-09-28 14:15:54,523 [WARN] ConditionMgr:1039 - genDependencies : Invalid condition id : UX DEVICE CLASS RTOS Condition cause : null
2023-09-28 14:15:54,523 [WARN] ConditionMgr:1039 - genDependencies : Invalid condition id : UX DEVICE CLASS RTOS Condition cause : null
2023-09-28 14:15:54,538 [WARN] PackLoader:240 - Cannot read IP mode file for STMicroelectronics.X-CUBE-NFC7.1.0.1
2023-09-28 14:15:54,552 [WARN] PackLoader:240 - Cannot read IP mode file for STMicroelectronics.X-CUBE-NFC6.3.0.0
2023-09-28 14:15:54,566 [WARN] PackLoader:240 - Cannot read IP mode file for STMicroelectronics.X-CUBE-EEPRMA1.4.1.0
2023-09-28 14:15:54,580 [WARN] PackLoader:240 - Cannot read IP mode file for STMicroelectronics.X-CUBE-AI.8.1.0
2023-09-28 14:15:54,610 [WARN] ConditionMgr:438 - getConditionDescription Invalid condition id : LAN8742 Phy interface Condition cause : null
2023-09-28 14:15:54,611 [WARN] PackLoader:240 - Cannot read IP mode file for STMicroelectronics.X-CUBE-AZRTOS-L4.2.0.0
2023-09-28 14:15:54,612 [WARN] ConditionMgr:1039 - genDependencies : Invalid condition id : LAN8742 Phy interface Condition cause : null
2023-09-28 14:15:54,612 [WARN] ConditionMgr:1039 - genDependencies : Invalid condition id : LAN8742 Phy interface Condition cause : null
2023-09-28 14:15:54,613 [WARN] ConditionMgr:1039 - genDependencies : Invalid condition id : LAN8742 Phy interface Condition cause : null
2023-09-28 14:15:54,627 [WARN] PackLoader:240 - Cannot read IP mode file for STMicroelectronics.X-CUBE-SFXS2LP1.4.0.0
2023-09-28 14:15:54,642 [WARN] PackLoader:240 - Cannot read IP mode file for STMicroelectronics.X-CUBE-ISPU.1.1.0
2023-09-28 14:15:54,668 [WARN] ConditionMgr:438 - getConditionDescription Invalid condition id : UX DEVICE CLASS RTOS Condition cause : null
2023-09-28 14:15:54,669 [WARN] ConditionMgr:438 - getConditionDescription Invalid condition id : UX DEVICE CLASS RTOS Condition cause : null
2023-09-28 14:15:54,670 [WARN] PackLoader:240 - Cannot read IP mode file for STMicroelectronics.X-CUBE-AZRTOS-WB.2.0.0
2023-09-28 14:15:54,670 [WARN] ConditionMgr:1039 - genDependencies : Invalid condition id : UX DEVICE CLASS RTOS Condition cause : null
2023-09-28 14:15:54,671 [WARN] ConditionMgr:1039 - genDependencies : Invalid condition id : UX DEVICE CLASS RTOS Condition cause : null
2023-09-28 14:15:54,671 [WARN] ConditionMgr:1039 - genDependencies : Invalid condition id : UX DEVICE CLASS RTOS Condition cause : null
2023-09-28 14:15:54,671 [WARN] ConditionMgr:1039 - genDependencies : Invalid condition id : UX DEVICE CLASS RTOS Condition cause : null
2023-09-28 14:15:54,671 [WARN] ConditionMgr:1039 - genDependencies : Invalid condition id : UX DEVICE CLASS RTOS Condition cause : null
2023-09-28 14:15:54,689 [WARN] PackLoader:240 - Cannot read IP mode file for STMicroelectronics.X-CUBE-SUBG2.5.0.0
2023-09-28 14:15:54,716 [WARN] PackLoader:240 - Cannot read IP mode file for STMicroelectronics.X-CUBE-TOF1.3.3.1
2023-09-28 14:15:54,754 [WARN] PackLoader:240 - Cannot read IP mode file for STMicroelectronics.X-CUBE-AZRTOS-G4.2.0.0
2023-09-28 14:15:54,777 [WARN] PackLoader:240 - Cannot read IP mode file for STMicroelectronics.X-CUBE-FREERTOS.1.1.0
2023-09-28 14:15:54,792 [WARN] PackLoader:240 - Cannot read IP mode file for portGmbH.I-Cube-SoM-uGOAL.1.1.0
2023-09-28 14:15:54,813 [WARN] PackLoader:240 - Cannot read IP mode file for STMicroelectronics.X-CUBE-ALS.1.0.1
2023-09-28 14:15:54,827 [WARN] PackLoader:240 - Cannot read IP mode file for STMicroelectronics.FP-ATR-ASTRA1.2.0.0
2023-09-28 14:15:54,828 [INFO] ThirdParty:978 - Integrity check success = true
2023-09-28 14:15:54,828 [INFO] IntegrityCheckThread:100 - exiting critical section [integrity check]
2023-09-28 14:15:54,828 [INFO] IntegrityCheckThread:103 - End integrity checks thread
2023-09-28 14:16:12,787 [ERROR] LogOutputStream:75 - [STDERR_REDIRECT] SLF4J: Failed to load class "org.slf4j.impl.StaticLoggerBinder".
2023-09-28 14:16:12,787 [ERROR] LogOutputStream:75 - [STDERR_REDIRECT] SLF4J: Defaulting to no-operation (NOP) logger implementation
2023-09-28 14:16:12,788 [ERROR] LogOutputStream:75 - [STDERR_REDIRECT] SLF4J: See http://www.slf4j.org/codes.html#StaticLoggerBinder for further details.
2023-09-28 14:17:07,214 [INFO] McuFinderGlobals:63 - Set McuFinder mode to 2 (CubeIDE integrated)
2023-09-28 14:17:07,366 [ERROR] ServerAccessManage:1172 - Problem during Server Connection :  IO error The server selected protocol version TLS10 is not accepted by client preferences [TLS12]
2023-09-28 14:17:07,368 [INFO] MainUpdater:2868 - connection check result : 22
2023-09-28 14:17:11,883 [INFO] ApiDb:581 - Connected to CubeFinder SQLite database (C:\Users\christian.saiz\.stmcufinder\plugins\mcufinder\mcu\cube-finder-db.db)
2023-09-28 14:17:11,964 [INFO] ApiDb:668 - CubeFinder database Data Model version=2.1
2023-09-28 14:17:11,964 [INFO] ApiDb:669 - CubeFinder database Configuration version=3.0.37
2023-09-28 14:17:11,964 [INFO] ApiDb:670 - CubeFinder database generation date=2023-08-09 (1691586011)
2023-09-28 14:17:11,964 [INFO] ApiDb:671 - CubeFinder database FW Pack versions=[FP-ATR-ASTRA1_V2.0.0, FP-SNS-FLIGHT1_V5.0.1, FP-SNS-FLIGHT1_V5.0.2, FP-SNS-MOTENV1_V4.3.1, FP-SNS-MOTENV1_V4.3.2, STM32Cube_FW_C0_V1.1.0, STM32Cube_FW_F4_V1.27.1, STM32Cube_FW_F7_V1.17.0, STM32Cube_FW_G0_V1.6.1, STM32Cube_FW_G4_V1.5.1, STM32Cube_FW_H5_V0.5.1, STM32Cube_FW_H5_V1.1.0, STM32Cube_FW_H7_V1.11.0, STM32Cube_FW_L0_V1.12.2, STM32Cube_FW_L5_V1.5.0, STM32Cube_FW_U5_V1.3.0, STM32Cube_FW_U5_V1.3.0RC4, STM32Cube_FW_WBA_V1.0.0RC1, STM32Cube_FW_WBA_V1.1.0, STM32Cube_FW_WBA_V1.1.0RC1, STM32Cube_FW_WB_V1.15.0RC1, STM32Cube_FW_WB_V1.16.0, STM32Cube_FW_WB_V1.16.0RC2, STM32Cube_FW_WB_V1.17.0, STM32Cube_FW_WL_V1.3.0, X-CUBE-ALGOBUILD_V1.3.0, X-CUBE-ALS_V1.0.1, X-CUBE-AZRTOS-F4_V1.1.0, X-CUBE-AZRTOS-F7_V1.1.0, X-CUBE-AZRTOS-G0_V1.1.0, X-CUBE-AZRTOS-G4_V2.0.0, X-CUBE-AZRTOS-H7_V3.1.0, X-CUBE-AZRTOS-L4_V1.0.0, X-CUBE-AZRTOS-L4_V2.0.0, X-CUBE-AZRTOS-L5_V1.1.0, X-CUBE-AZRTOS-WB_V1.1.0, X-CUBE-AZRTOS-WL_V2.0.0, X-CUBE-BLE1_V7.0.0, X-CUBE-BLE2_V3.3.0, X-CUBE-BLEMGR_V2.0.0, X-CUBE-EEPRMA1_V4.1.0, X-CUBE-FREERTOS_V1.1.0, X-CUBE-GNSS1_V6.0.0, X-CUBE-MEMS1_V9.1.0, X-CUBE-MEMS1_V9.4.0, X-CUBE-MEMS1_V9.6.0, X-CUBE-NFC4_V3.0.0, X-CUBE-NFC7_V1.0.0, X-CUBE-SFXS2LP1_V4.0.0, X-CUBE-SUBG2_V5.0.0, X-CUBE-TOF1_V3.3.1]
2023-09-28 14:17:12,126 [INFO] DbBoardsSqlite:226 - include board P-NUCLEO-WB55-NUCLEO as a kit item of type 'Nucleo-64'
2023-09-28 14:17:12,126 [INFO] DbBoardsSqlite:226 - include board P-NUCLEO-WB55-USBDONGLE as a kit item of type 'Nucleo USB Dongle'
2023-09-28 14:17:12,128 [INFO] DbBoardsSqlite:226 - include board STEVAL-IDP005V1 as a kit item of type 'Evaluation Board'
2023-09-28 14:17:12,128 [INFO] DbBoardsSqlite:226 - include board STEVAL-IDP005V2 as a kit item of type 'Evaluation Board'
2023-09-28 14:17:12,361 [INFO] ApiDb:240 - Found 323 in-development CPN: [B-G473E-ZEST1S, B-WB1M-WPAN1, B-WL5M-SUBG1, NUCLEO-C031C6, NUCLEO-H503RB, NUCLEO-H563ZI, NUCLEO-U545RE-Q, NUCLEO-U5A5ZJ-Q, NUCLEO-WBA52CG, STEVAL-PROTEUS1, STEVAL-SMARTAG2, STEVAL-STWINBX1, STM320518-EVAL, STM32C0116-DK, STM32C011D6Y3TR, STM32C011D6Y6TR, STM32C011F4P3, STM32C011F4P6, STM32C011F4U3, STM32C011F4U6TR, STM32C011F6P3, STM32C011F6P6, STM32C011F6U3, STM32C011F6U6TR, STM32C011J4M3, STM32C011J4M6, STM32C011J6M3, STM32C011J6M6, STM32C0316-DK, STM32C031C4T3, STM32C031C4T6, STM32C031C4U3, STM32C031C4U6, STM32C031C6T3, STM32C031C6T6, STM32C031C6U3, STM32C031C6U6, STM32C031F4P3, STM32C031F4P6, STM32C031F6P3, STM32C031F6P6, STM32C031G4U3, STM32C031G4U6, STM32C031G6U3, STM32C031G6U6, STM32C031K4T3, STM32C031K4T6, STM32C031K4U3, STM32C031K4U6, STM32C031K6T3, STM32C031K6T6, STM32C031K6U3, STM32C031K6U6, STM32G071K8TXN, STM32G071K8UXN, STM32G081GBU6N, STM32G081KBT6N, STM32G081KBUXN, STM32G0B1CCT6N, STM32G0B1KCT6, STM32G0B1NEY6TR, STM32G0B1RCT6N, STM32G0C1CCT6, STM32G0C1CCT6N, STM32G0C1CCU6N, STM32G0C1CET6N, STM32G0C1CEU6N, STM32G0C1KCT6, STM32G0C1NEY6TR, STM32G0C1RCI6N, STM32G0C1RCT6N, STM32G0C1REI6N, STM32G0C1RET6N, STM32G0C1VCI6, STM32G0C1VEI6, STM32G471CCT6, STM32G471CCU6, STM32G471CET3, STM32G471CET6, STM32G471CEU3, STM32G471CEU6, STM32G471MCT6, STM32G471MET3, STM32G471MET6, STM32G471MEY6TR, STM32G471QCT6, STM32G471QET3, STM32G471RCT6, STM32G471RET3, STM32G471RET6, STM32G471VCH6, STM32G471VCI6, STM32G471VCT6, STM32G471VEH3, STM32G471VEH6, STM32G471VEI3, STM32G471VEI6, STM32G471VET3, STM32G471VET6, STM32G474CCT6, STM32H503CBT6, STM32H503CBU6, STM32H503EBY6TR, STM32H503KBU6, STM32H503RBT6, STM32H562AGI6, STM32H562AII6, STM32H562IGK6, STM32H562IGT6, STM32H562IIK6, STM32H562IIT6, STM32H562RGT6, STM32H562RGV6, STM32H562RIT6, STM32H562RIV6, STM32H562VGT6, STM32H562VIT6, STM32H562ZGT6, STM32H562ZIT6, STM32H563AGI6, STM32H563AII3Q, STM32H563AII6, STM32H563IGK6, STM32H563IGT6, STM32H563IIK3Q, STM32H563IIK6, STM32H563IIT3Q, STM32H563IIT6, STM32H563MIY3QTR, STM32H563RGT6, STM32H563RGV6, STM32H563RIT6, STM32H563RIV6, STM32H563VGT6, STM32H563VIT3Q, STM32H563VIT6, STM32H563ZGT6, STM32H563ZIT3Q, STM32H563ZIT6, STM32H573AII3Q, STM32H573AII6, STM32H573I-DK, STM32H573IIK3Q, STM32H573IIK6, STM32H573IIT3Q, STM32H573IIT6, STM32H573MIY3QTR, STM32H573RIT6, STM32H573RIV6, STM32H573VIT3Q, STM32H573VIT6, STM32H573ZIT3Q, STM32H573ZIT6, STM32L4R5QGI6STR, STM32MP131AAE3, STM32MP131AAF3, STM32MP131AAG3, STM32MP131CAE3, STM32MP131CAF3, STM32MP131CAG3, STM32MP131DAE7, STM32MP131DAF7, STM32MP131DAG7, STM32MP131FAE7, STM32MP131FAF7, STM32MP131FAG7, STM32MP133AAE3, STM32MP133AAF3, STM32MP133AAG3, STM32MP133CAE3, STM32MP133CAF3, STM32MP133CAG3, STM32MP133DAE7, STM32MP133DAF7, STM32MP133DAG7, STM32MP133FAE7, STM32MP133FAF7, STM32MP133FAG7, STM32MP135AAE3, STM32MP135AAF3, STM32MP135AAG3, STM32MP135CAE3, STM32MP135CAF3, STM32MP135CAG3, STM32MP135DAE7, STM32MP135DAF7, STM32MP135DAG7, STM32MP135F-DK, STM32MP135FAE7, STM32MP135FAF7, STM32MP135FAF7T, STM32MP135FAF7U, STM32MP135FAG7, STM32U535CBT6, STM32U535CBT6Q, STM32U535CBU6, STM32U535CBU6Q, STM32U535CCT6, STM32U535CCT6Q, STM32U535CCU6, STM32U535CCU6Q, STM32U535CET6, STM32U535CET6Q, STM32U535CEU6, STM32U535CEU6Q, STM32U535JEY6QTR, STM32U535NCY6QTR, STM32U535NEY6QTR, STM32U535RBI6, STM32U535RBI6Q, STM32U535RBT6, STM32U535RBT6Q, STM32U535RCI6, STM32U535RCI6Q, STM32U535RCT6, STM32U535RCT6Q, STM32U535REI6, STM32U535REI6Q, STM32U535RET6, STM32U535RET6Q, STM32U535VCI6, STM32U535VCI6Q, STM32U535VCT6, STM32U535VCT6Q, STM32U535VEI6, STM32U535VEI6Q, STM32U535VET6, STM32U535VET6Q, STM32U545CET6, STM32U545CET6Q, STM32U545CEU6, STM32U545CEU6Q, STM32U545JEY6QTR, STM32U545NEY6QTR, STM32U545REI6, STM32U545REI6Q, STM32U545RET6, STM32U545RET6Q, STM32U545VEI6, STM32U545VEI6Q, STM32U545VET6, STM32U545VET6Q, STM32U595AIH6, STM32U595AIH6Q, STM32U595AJH6, STM32U595AJH6Q, STM32U595QII6, STM32U595QII6Q, STM32U595QJI6, STM32U595QJI6Q, STM32U595RIT6, STM32U595RIT6Q, STM32U595RJT6, STM32U595RJT6Q, STM32U595VIT6, STM32U595VIT6Q, STM32U595VJT6, STM32U595VJT6Q, STM32U595ZIT6, STM32U595ZIT6Q, STM32U595ZIY6QTR, STM32U595ZJT6, STM32U595ZJT6Q, STM32U595ZJY6QTR, STM32U599BJY6QTR, STM32U599NIH6Q, STM32U599NJH6Q, STM32U599VIT6Q, STM32U599VJT6, STM32U599VJT6Q, STM32U599ZIT6Q, STM32U599ZIY6QTR, STM32U599ZJT6Q, STM32U599ZJY6QTR, STM32U5A5AJH6, STM32U5A5AJH6Q, STM32U5A5QJI6, STM32U5A5QJI6Q, STM32U5A5RJT6, STM32U5A5RJT6Q, STM32U5A5VJT6, STM32U5A5VJT6Q, STM32U5A5ZJT6, STM32U5A5ZJT6Q, STM32U5A5ZJY6QTR, STM32U5A9BJY6QTR, STM32U5A9J-DK, STM32U5A9NJH6Q, STM32U5A9VJT6Q, STM32U5A9ZJT6Q, STM32U5A9ZJY6QTR, STM32U5F7VIT6, STM32U5F7VIT6Q, STM32U5F7VJT6, STM32U5F7VJT6Q, STM32U5F9BJY6QTR, STM32U5F9NJH6Q, STM32U5F9VIT6Q, STM32U5F9VJT6Q, STM32U5F9ZIJ6QTR, STM32U5F9ZIT6Q, STM32U5F9ZJJ6QTR, STM32U5F9ZJT6Q, STM32U5G7VJT6, STM32U5G7VJT6Q, STM32U5G9BJY6QTR, STM32U5G9J-DK1, STM32U5G9J-DK2, STM32U5G9NJH6Q, STM32U5G9VJT6Q, STM32U5G9ZJJ6QTR, STM32U5G9ZJT6Q, STM32WB1MMCH6, STM32WBA52CEU6, STM32WBA52CEU6T, STM32WBA52CGU6, STM32WBA52CGU6T, STM32WBA52KEU6, STM32WBA52KEU6T, STM32WBA52KGU6, STM32WBA52KGU6T, STM32WL5MOCH6, STM32WL5MOCH6TR]
2023-09-28 14:17:12,471 [INFO] BoardInfo:880 - No configuration file found for board P-NUCLEO-WB55
2023-09-28 14:17:12,471 [INFO] DbBoards:157 - Kit is not supported: P-NUCLEO-WB55
2023-09-28 14:17:12,473 [INFO] BoardInfo:880 - No configuration file found for board STEVAL-BFA001V1B
2023-09-28 14:17:12,473 [INFO] DbBoards:157 - Kit is not supported: STEVAL-BFA001V1B
2023-09-28 14:17:12,474 [INFO] BoardInfo:880 - No configuration file found for board STEVAL-BFA001V2B
2023-09-28 14:17:12,475 [INFO] DbBoards:157 - Kit is not supported: STEVAL-BFA001V2B
2023-09-28 14:17:12,547 [INFO] DbBoards:161 - Found 190 boards, 187 are supported
2023-09-28 14:17:12,551 [INFO] ApiDb:668 - CubeFinder database Data Model version=2.1
2023-09-28 14:17:12,551 [INFO] ApiDb:669 - CubeFinder database Configuration version=3.0.37
2023-09-28 14:17:12,551 [INFO] ApiDb:670 - CubeFinder database generation date=2023-08-09 (1691586011)
2023-09-28 14:17:12,551 [INFO] ApiDb:671 - CubeFinder database FW Pack versions=[FP-ATR-ASTRA1_V2.0.0, FP-SNS-FLIGHT1_V5.0.1, FP-SNS-FLIGHT1_V5.0.2, FP-SNS-MOTENV1_V4.3.1, FP-SNS-MOTENV1_V4.3.2, STM32Cube_FW_C0_V1.1.0, STM32Cube_FW_F4_V1.27.1, STM32Cube_FW_F7_V1.17.0, STM32Cube_FW_G0_V1.6.1, STM32Cube_FW_G4_V1.5.1, STM32Cube_FW_H5_V0.5.1, STM32Cube_FW_H5_V1.1.0, STM32Cube_FW_H7_V1.11.0, STM32Cube_FW_L0_V1.12.2, STM32Cube_FW_L5_V1.5.0, STM32Cube_FW_U5_V1.3.0, STM32Cube_FW_U5_V1.3.0RC4, STM32Cube_FW_WBA_V1.0.0RC1, STM32Cube_FW_WBA_V1.1.0, STM32Cube_FW_WBA_V1.1.0RC1, STM32Cube_FW_WB_V1.15.0RC1, STM32Cube_FW_WB_V1.16.0, STM32Cube_FW_WB_V1.16.0RC2, STM32Cube_FW_WB_V1.17.0, STM32Cube_FW_WL_V1.3.0, X-CUBE-ALGOBUILD_V1.3.0, X-CUBE-ALS_V1.0.1, X-CUBE-AZRTOS-F4_V1.1.0, X-CUBE-AZRTOS-F7_V1.1.0, X-CUBE-AZRTOS-G0_V1.1.0, X-CUBE-AZRTOS-G4_V2.0.0, X-CUBE-AZRTOS-H7_V3.1.0, X-CUBE-AZRTOS-L4_V1.0.0, X-CUBE-AZRTOS-L4_V2.0.0, X-CUBE-AZRTOS-L5_V1.1.0, X-CUBE-AZRTOS-WB_V1.1.0, X-CUBE-AZRTOS-WL_V2.0.0, X-CUBE-BLE1_V7.0.0, X-CUBE-BLE2_V3.3.0, X-CUBE-BLEMGR_V2.0.0, X-CUBE-EEPRMA1_V4.1.0, X-CUBE-FREERTOS_V1.1.0, X-CUBE-GNSS1_V6.0.0, X-CUBE-MEMS1_V9.1.0, X-CUBE-MEMS1_V9.4.0, X-CUBE-MEMS1_V9.6.0, X-CUBE-NFC4_V3.0.0, X-CUBE-NFC7_V1.0.0, X-CUBE-SFXS2LP1_V4.0.0, X-CUBE-SUBG2_V5.0.0, X-CUBE-TOF1_V3.3.1]
2023-09-28 14:17:13,907 [INFO] ApiDb:240 - Found 323 in-development CPN: [B-G473E-ZEST1S, B-WB1M-WPAN1, B-WL5M-SUBG1, NUCLEO-C031C6, NUCLEO-H503RB, NUCLEO-H563ZI, NUCLEO-U545RE-Q, NUCLEO-U5A5ZJ-Q, NUCLEO-WBA52CG, STEVAL-PROTEUS1, STEVAL-SMARTAG2, STEVAL-STWINBX1, STM320518-EVAL, STM32C0116-DK, STM32C011D6Y3TR, STM32C011D6Y6TR, STM32C011F4P3, STM32C011F4P6, STM32C011F4U3, STM32C011F4U6TR, STM32C011F6P3, STM32C011F6P6, STM32C011F6U3, STM32C011F6U6TR, STM32C011J4M3, STM32C011J4M6, STM32C011J6M3, STM32C011J6M6, STM32C0316-DK, STM32C031C4T3, STM32C031C4T6, STM32C031C4U3, STM32C031C4U6, STM32C031C6T3, STM32C031C6T6, STM32C031C6U3, STM32C031C6U6, STM32C031F4P3, STM32C031F4P6, STM32C031F6P3, STM32C031F6P6, STM32C031G4U3, STM32C031G4U6, STM32C031G6U3, STM32C031G6U6, STM32C031K4T3, STM32C031K4T6, STM32C031K4U3, STM32C031K4U6, STM32C031K6T3, STM32C031K6T6, STM32C031K6U3, STM32C031K6U6, STM32G071K8TXN, STM32G071K8UXN, STM32G081GBU6N, STM32G081KBT6N, STM32G081KBUXN, STM32G0B1CCT6N, STM32G0B1KCT6, STM32G0B1NEY6TR, STM32G0B1RCT6N, STM32G0C1CCT6, STM32G0C1CCT6N, STM32G0C1CCU6N, STM32G0C1CET6N, STM32G0C1CEU6N, STM32G0C1KCT6, STM32G0C1NEY6TR, STM32G0C1RCI6N, STM32G0C1RCT6N, STM32G0C1REI6N, STM32G0C1RET6N, STM32G0C1VCI6, STM32G0C1VEI6, STM32G471CCT6, STM32G471CCU6, STM32G471CET3, STM32G471CET6, STM32G471CEU3, STM32G471CEU6, STM32G471MCT6, STM32G471MET3, STM32G471MET6, STM32G471MEY6TR, STM32G471QCT6, STM32G471QET3, STM32G471RCT6, STM32G471RET3, STM32G471RET6, STM32G471VCH6, STM32G471VCI6, STM32G471VCT6, STM32G471VEH3, STM32G471VEH6, STM32G471VEI3, STM32G471VEI6, STM32G471VET3, STM32G471VET6, STM32G474CCT6, STM32H503CBT6, STM32H503CBU6, STM32H503EBY6TR, STM32H503KBU6, STM32H503RBT6, STM32H562AGI6, STM32H562AII6, STM32H562IGK6, STM32H562IGT6, STM32H562IIK6, STM32H562IIT6, STM32H562RGT6, STM32H562RGV6, STM32H562RIT6, STM32H562RIV6, STM32H562VGT6, STM32H562VIT6, STM32H562ZGT6, STM32H562ZIT6, STM32H563AGI6, STM32H563AII3Q, STM32H563AII6, STM32H563IGK6, STM32H563IGT6, STM32H563IIK3Q, STM32H563IIK6, STM32H563IIT3Q, STM32H563IIT6, STM32H563MIY3QTR, STM32H563RGT6, STM32H563RGV6, STM32H563RIT6, STM32H563RIV6, STM32H563VGT6, STM32H563VIT3Q, STM32H563VIT6, STM32H563ZGT6, STM32H563ZIT3Q, STM32H563ZIT6, STM32H573AII3Q, STM32H573AII6, STM32H573I-DK, STM32H573IIK3Q, STM32H573IIK6, STM32H573IIT3Q, STM32H573IIT6, STM32H573MIY3QTR, STM32H573RIT6, STM32H573RIV6, STM32H573VIT3Q, STM32H573VIT6, STM32H573ZIT3Q, STM32H573ZIT6, STM32L4R5QGI6STR, STM32MP131AAE3, STM32MP131AAF3, STM32MP131AAG3, STM32MP131CAE3, STM32MP131CAF3, STM32MP131CAG3, STM32MP131DAE7, STM32MP131DAF7, STM32MP131DAG7, STM32MP131FAE7, STM32MP131FAF7, STM32MP131FAG7, STM32MP133AAE3, STM32MP133AAF3, STM32MP133AAG3, STM32MP133CAE3, STM32MP133CAF3, STM32MP133CAG3, STM32MP133DAE7, STM32MP133DAF7, STM32MP133DAG7, STM32MP133FAE7, STM32MP133FAF7, STM32MP133FAG7, STM32MP135AAE3, STM32MP135AAF3, STM32MP135AAG3, STM32MP135CAE3, STM32MP135CAF3, STM32MP135CAG3, STM32MP135DAE7, STM32MP135DAF7, STM32MP135DAG7, STM32MP135F-DK, STM32MP135FAE7, STM32MP135FAF7, STM32MP135FAF7T, STM32MP135FAF7U, STM32MP135FAG7, STM32U535CBT6, STM32U535CBT6Q, STM32U535CBU6, STM32U535CBU6Q, STM32U535CCT6, STM32U535CCT6Q, STM32U535CCU6, STM32U535CCU6Q, STM32U535CET6, STM32U535CET6Q, STM32U535CEU6, STM32U535CEU6Q, STM32U535JEY6QTR, STM32U535NCY6QTR, STM32U535NEY6QTR, STM32U535RBI6, STM32U535RBI6Q, STM32U535RBT6, STM32U535RBT6Q, STM32U535RCI6, STM32U535RCI6Q, STM32U535RCT6, STM32U535RCT6Q, STM32U535REI6, STM32U535REI6Q, STM32U535RET6, STM32U535RET6Q, STM32U535VCI6, STM32U535VCI6Q, STM32U535VCT6, STM32U535VCT6Q, STM32U535VEI6, STM32U535VEI6Q, STM32U535VET6, STM32U535VET6Q, STM32U545CET6, STM32U545CET6Q, STM32U545CEU6, STM32U545CEU6Q, STM32U545JEY6QTR, STM32U545NEY6QTR, STM32U545REI6, STM32U545REI6Q, STM32U545RET6, STM32U545RET6Q, STM32U545VEI6, STM32U545VEI6Q, STM32U545VET6, STM32U545VET6Q, STM32U595AIH6, STM32U595AIH6Q, STM32U595AJH6, STM32U595AJH6Q, STM32U595QII6, STM32U595QII6Q, STM32U595QJI6, STM32U595QJI6Q, STM32U595RIT6, STM32U595RIT6Q, STM32U595RJT6, STM32U595RJT6Q, STM32U595VIT6, STM32U595VIT6Q, STM32U595VJT6, STM32U595VJT6Q, STM32U595ZIT6, STM32U595ZIT6Q, STM32U595ZIY6QTR, STM32U595ZJT6, STM32U595ZJT6Q, STM32U595ZJY6QTR, STM32U599BJY6QTR, STM32U599NIH6Q, STM32U599NJH6Q, STM32U599VIT6Q, STM32U599VJT6, STM32U599VJT6Q, STM32U599ZIT6Q, STM32U599ZIY6QTR, STM32U599ZJT6Q, STM32U599ZJY6QTR, STM32U5A5AJH6, STM32U5A5AJH6Q, STM32U5A5QJI6, STM32U5A5QJI6Q, STM32U5A5RJT6, STM32U5A5RJT6Q, STM32U5A5VJT6, STM32U5A5VJT6Q, STM32U5A5ZJT6, STM32U5A5ZJT6Q, STM32U5A5ZJY6QTR, STM32U5A9BJY6QTR, STM32U5A9J-DK, STM32U5A9NJH6Q, STM32U5A9VJT6Q, STM32U5A9ZJT6Q, STM32U5A9ZJY6QTR, STM32U5F7VIT6, STM32U5F7VIT6Q, STM32U5F7VJT6, STM32U5F7VJT6Q, STM32U5F9BJY6QTR, STM32U5F9NJH6Q, STM32U5F9VIT6Q, STM32U5F9VJT6Q, STM32U5F9ZIJ6QTR, STM32U5F9ZIT6Q, STM32U5F9ZJJ6QTR, STM32U5F9ZJT6Q, STM32U5G7VJT6, STM32U5G7VJT6Q, STM32U5G9BJY6QTR, STM32U5G9J-DK1, STM32U5G9J-DK2, STM32U5G9NJH6Q, STM32U5G9VJT6Q, STM32U5G9ZJJ6QTR, STM32U5G9ZJT6Q, STM32WB1MMCH6, STM32WBA52CEU6, STM32WBA52CEU6T, STM32WBA52CGU6, STM32WBA52CGU6T, STM32WBA52KEU6, STM32WBA52KEU6T, STM32WBA52KGU6, STM32WBA52KGU6T, STM32WL5MOCH6, STM32WL5MOCH6TR]
2023-09-28 14:17:13,910 [INFO] DbMcus:217 - Found 3848 MCUs, 3848 are supported
2023-09-28 14:17:13,916 [INFO] ApiDb:423 - Load user favorites file C:\Users\christian.saiz/.stm32cubeide/favorites.mcus.txt: 1 item(s)
2023-09-28 14:17:13,916 [INFO] ApiDb:427 - User favorites MCUs=[STM32F103C8T6]
2023-09-28 14:17:13,916 [INFO] DbMcus:223 - Set 1 / 1 favorites MCUs
2023-09-28 14:17:14,076 [INFO] ApiDb:423 - Load user favorites file C:\Users\christian.saiz/.stm32cubeide/favorites.boards.txt: 0 item(s)
2023-09-28 14:17:14,076 [INFO] ApiDb:427 - User favorites Boards=[]
2023-09-28 14:17:14,076 [INFO] DbBoards:190 - Set 0 / 0 favorites Boards
2023-09-28 14:17:14,076 [INFO] McuFinderGlobals:76 - Set McuFinderConnectedMode to false
2023-09-28 14:17:14,084 [INFO] MultiScanPanel:200 - Auto-refresh data requested => check proxy status ongoing
2023-09-28 14:17:14,084 [INFO] MultiScanPanel:204 - Proxy status is invalid
2023-09-28 14:17:14,087 [INFO] FinderPluginLoader:95 - Searching for filters in installed packs
2023-09-28 14:17:15,174 [INFO] DetailPanel:341 - Set advertising image to C:/Users/christian.saiz/STM32Cube/Repository/\en.prom-stm32h5-mcu-finder.jpg
2023-09-28 14:18:05,822 [ERROR] ServerAccessManage:1172 - Problem during Server Connection :  IO error The server selected protocol version TLS10 is not accepted by client preferences [TLS12]
2023-09-28 14:18:05,823 [INFO] MainUpdater:2868 - connection check result : 22
2023-09-28 14:18:06,828 [WARN] ServerAccessManage:1168 - Warning during Server Connection :  timeout Connect timed out
2023-09-28 14:18:06,900 [ERROR] ServerAccessManage:1172 - Problem during Server Connection :  IO error The server selected protocol version TLS10 is not accepted by client preferences [TLS12]
2023-09-28 14:18:06,901 [INFO] MainUpdater:2868 - connection check result : 22
2023-09-28 14:18:16,213 [INFO] MicroXplorer:468 - Change Database Path : 
2023-09-28 14:18:16,213 [INFO] MicroXplorer:498 - Change Database Version : DB.6.0.91
2023-09-28 14:18:16,218 [WARN] ThirdParty:871 - waiting for thirdparty lock release [close project]
2023-09-28 14:18:16,218 [INFO] ThirdParty:873 - entering critical section [close project]
2023-09-28 14:18:16,219 [INFO] ThirdParty:883 - exiting critical section [close project]
2023-09-28 14:18:16,221 [INFO] PinOutPanel:1499 - setPackage(No Configuration,No Configuration)
2023-09-28 14:18:16,228 [INFO] UtilMem:75 - Begin LoadConfig() Used Memory: 281850192 Bytes (603979776)
2023-09-28 14:18:16,229 [INFO] MicroXplorer:468 - Change Database Path : 
2023-09-28 14:18:16,229 [INFO] MicroXplorer:498 - Change Database Version : DB.6.0.91
2023-09-28 14:18:16,229 [INFO] OpenFileManager:308 - Change cursor
2023-09-28 14:18:16,408 [INFO] Mcu:1946 - Initializing MCU STM32F103C8Tx STM32F103C8Tx STM32F103C8T6
2023-09-28 14:18:17,133 [INFO] Context:659 - Trying to add GPIOservice into a context  which must be forbidden
2023-09-28 14:18:17,350 [INFO] ImportTextPane:194 - (OptionalMessage_ERROR) Unable to find key (Mcu.ThirdPartyNb) in loaded IOC file
2023-09-28 14:18:17,350 [INFO] ImportTextPane:194 - (OptionalMessage_ERROR) Unable to find key (Mcu.PinsNb) in loaded IOC file
2023-09-28 14:18:17,350 [INFO] ImportTextPane:194 - (OptionalMessage_ERROR) Unable to find key (Mcu.IPNb) in loaded IOC file
2023-09-28 14:18:17,522 [INFO] RtosManager:555 - Registered RTOS mode: class=CMSIS, group=RTOS, mode=CMSIS_V1, owner=FREERTOS
2023-09-28 14:18:17,522 [INFO] RtosManager:555 - Registered RTOS mode: class=CMSIS, group=RTOS2, mode=CMSIS_V2, owner=FREERTOS
2023-09-28 14:18:17,522 [INFO] RtosManager:555 - Registered RTOS mode: class=RTOS, group=Core, mode=CMSIS_V1, owner=FREERTOS
2023-09-28 14:18:17,522 [INFO] RtosManager:555 - Registered RTOS mode: class=RTOS, group=Core, mode=CMSIS_V2, owner=FREERTOS
2023-09-28 14:18:17,523 [WARN] ModelIntegratedComponent:184 - Missing modes for component STMicroelectronics:FreeRTOS:0.0.1:STMicroelectronics:RTOS:FreeRTOS:Core:::10.2.0:
2023-09-28 14:18:17,534 [WARN] ModelIntegratedComponent:63 - No mode defined for component null
2023-09-28 14:18:17,534 [WARN] ModelIntegratedComponent:63 - No mode defined for component null
2023-09-28 14:18:17,534 [WARN] ModelIntegratedComponent:63 - No mode defined for component null
2023-09-28 14:18:17,534 [WARN] ModelIntegratedComponent:63 - No mode defined for component null
2023-09-28 14:18:17,534 [WARN] ModelIntegratedComponent:63 - No mode defined for component null
2023-09-28 14:18:17,534 [WARN] ModelIntegratedComponent:63 - No mode defined for component null
2023-09-28 14:18:17,534 [WARN] ModelIntegratedComponent:63 - No mode defined for component null
2023-09-28 14:18:17,534 [WARN] ModelIntegratedComponent:63 - No mode defined for component null
2023-09-28 14:18:17,534 [WARN] ModelIntegratedComponent:63 - No mode defined for component null
2023-09-28 14:18:17,534 [WARN] ModelIntegratedComponent:63 - No mode defined for component null
2023-09-28 14:18:17,534 [WARN] ModelIntegratedComponent:63 - No mode defined for component null
2023-09-28 14:18:17,534 [WARN] ModelIntegratedComponent:63 - No mode defined for component null
2023-09-28 14:18:17,535 [WARN] ModelIntegratedComponent:63 - No mode defined for component null
2023-09-28 14:18:17,535 [WARN] ModelIntegratedComponent:63 - No mode defined for component null
2023-09-28 14:18:17,535 [WARN] ModelIntegratedComponent:63 - No mode defined for component null
2023-09-28 14:18:17,535 [WARN] ModelIntegratedComponent:63 - No mode defined for component null
2023-09-28 14:18:17,535 [WARN] ModelIntegratedComponent:63 - No mode defined for component null
2023-09-28 14:18:17,535 [WARN] ModelIntegratedComponent:63 - No mode defined for component null
2023-09-28 14:18:17,535 [WARN] ModelIntegratedComponent:63 - No mode defined for component null
2023-09-28 14:18:17,535 [WARN] ModelIntegratedComponent:63 - No mode defined for component null
2023-09-28 14:18:17,535 [WARN] ModelIntegratedComponent:63 - No mode defined for component null
2023-09-28 14:18:17,535 [WARN] ModelIntegratedComponent:63 - No mode defined for component null
2023-09-28 14:18:17,535 [WARN] ModelIntegratedComponent:63 - No mode defined for component null
2023-09-28 14:18:17,535 [WARN] ModelIntegratedComponent:63 - No mode defined for component null
2023-09-28 14:18:17,535 [WARN] ModelIntegratedComponent:63 - No mode defined for component null
2023-09-28 14:18:17,535 [WARN] ModelIntegratedComponent:63 - No mode defined for component null
2023-09-28 14:18:17,535 [WARN] ModelIntegratedComponent:63 - No mode defined for component null
2023-09-28 14:18:17,535 [WARN] ModelIntegratedComponent:63 - No mode defined for component null
2023-09-28 14:18:17,535 [WARN] ModelIntegratedComponent:63 - No mode defined for component null
2023-09-28 14:18:17,535 [WARN] ModelIntegratedComponent:63 - No mode defined for component null
2023-09-28 14:18:17,535 [WARN] ModelIntegratedComponent:63 - No mode defined for component null
2023-09-28 14:18:17,535 [WARN] ModelIntegratedComponent:63 - No mode defined for component null
2023-09-28 14:18:17,535 [WARN] ModelIntegratedComponent:63 - No mode defined for component null
2023-09-28 14:18:17,553 [INFO] ThirdPartyModel:298 - Start build external matchings
2023-09-28 14:18:17,758 [INFO] ThirdPartyModel:316 - End build external matchings
2023-09-28 14:18:17,906 [INFO] UtilMem:75 - End LoadConfig() Used Memory: 215241272 Bytes (603979776)
2023-09-28 14:18:17,927 [WARN] ThirdParty:833 - waiting for thirdparty lock release [change project]
2023-09-28 14:18:17,927 [INFO] ThirdParty:835 - entering critical section [change project]
2023-09-28 14:18:17,927 [INFO] ThirdParty:1030 - CMSIS Pack Vendor :STMicroelectronics X-CUBE-ISPU 1.1.0
2023-09-28 14:18:17,927 [INFO] ThirdParty:1030 - CMSIS Pack Vendor :STMicroelectronics USBPD 4.1
2023-09-28 14:18:17,928 [INFO] ThirdParty:1030 - CMSIS Pack Vendor :STMicroelectronics X-CUBE-GNSS1 6.0.0
2023-09-28 14:18:17,928 [INFO] ThirdParty:1030 - CMSIS Pack Vendor :STMicroelectronics USB_HOST 2.0.0
2023-09-28 14:18:17,928 [INFO] ThirdParty:1030 - CMSIS Pack Vendor :STMicroelectronics X-CUBE-AZRTOS-F4 1.1.0
2023-09-28 14:18:17,928 [INFO] ThirdParty:1030 - CMSIS Pack Vendor :STMicroelectronics LIBJPEG 8.0.0
2023-09-28 14:18:17,928 [INFO] ThirdParty:1030 - CMSIS Pack Vendor :wolfSSL I-CUBE-wolfSSL 5.6.3
2023-09-28 14:18:17,928 [INFO] ThirdParty:1030 - CMSIS Pack Vendor :STMicroelectronics X-CUBE-SMBUS 2.1.0
2023-09-28 14:18:17,928 [INFO] ThirdParty:1030 - CMSIS Pack Vendor :STMicroelectronics USB_DEVICE 3.0.0
2023-09-28 14:18:17,928 [INFO] ThirdParty:1030 - CMSIS Pack Vendor :STMicroelectronics X-CUBE-AZRTOS-WB 2.0.0
2023-09-28 14:18:17,928 [INFO] ThirdParty:1030 - CMSIS Pack Vendor :STMicroelectronics X-CUBE-AZRTOS-F7 1.1.0
2023-09-28 14:18:17,928 [INFO] ThirdParty:1030 - CMSIS Pack Vendor :STMicroelectronics X-CUBE-AZRTOS-L5 2.0.0
2023-09-28 14:18:17,928 [INFO] ThirdParty:1030 - CMSIS Pack Vendor :STMicroelectronics USB_DEVICE 2.0.0
2023-09-28 14:18:17,928 [INFO] ThirdParty:1030 - CMSIS Pack Vendor :STMicroelectronics X-CUBE-MEMS1 9.6.0
2023-09-28 14:18:17,928 [INFO] ThirdParty:1030 - CMSIS Pack Vendor :STMicroelectronics FP-SNS-MOTENV1 4.3.2
2023-09-28 14:18:17,928 [INFO] ThirdParty:1030 - CMSIS Pack Vendor :STMicroelectronics X-CUBE-ALGOBUILD 1.3.0
2023-09-28 14:18:17,928 [INFO] ThirdParty:1030 - CMSIS Pack Vendor :STMicroelectronics FreeRTOS 0.0.1
2023-09-28 14:18:17,928 [INFO] ThirdParty:1030 - CMSIS Pack Vendor :STMicroelectronics X-CUBE-AZRTOS-G0 1.1.0
2023-09-28 14:18:17,928 [INFO] ThirdParty:1030 - CMSIS Pack Vendor :STMicroelectronics X-CUBE-BLEMGR 2.0.0
2023-09-28 14:18:17,928 [INFO] ThirdParty:1030 - CMSIS Pack Vendor :STMicroelectronics X-CUBE-NFC4 3.0.0
2023-09-28 14:18:17,928 [INFO] ThirdParty:1030 - CMSIS Pack Vendor :STMicroelectronics X-CUBE-SUBG2 5.0.0
2023-09-28 14:18:17,928 [INFO] ThirdParty:1030 - CMSIS Pack Vendor :STMicroelectronics STM32_WPAN 1.0.0
2023-09-28 14:18:17,928 [INFO] ThirdParty:1030 - CMSIS Pack Vendor :STMicroelectronics lwIP 2.0.3
2023-09-28 14:18:17,928 [INFO] ThirdParty:1030 - CMSIS Pack Vendor :STMicroelectronics FP-SNS-FLIGHT1 5.0.2
2023-09-28 14:18:17,928 [INFO] ThirdParty:1030 - CMSIS Pack Vendor :STMicroelectronics USB_HOST 1.0.0
2023-09-28 14:18:17,928 [INFO] ThirdParty:1030 - CMSIS Pack Vendor :STMicroelectronics X-CUBE-TOF1 3.3.1
2023-09-28 14:18:17,928 [INFO] ThirdParty:1030 - CMSIS Pack Vendor :STMicroelectronics X-CUBE-AZRTOS-G4 2.0.0
2023-09-28 14:18:17,928 [INFO] ThirdParty:1030 - CMSIS Pack Vendor :STMicroelectronics PDM2PCM 3.1.0
2023-09-28 14:18:17,928 [INFO] ThirdParty:1030 - CMSIS Pack Vendor :STMicroelectronics X-CUBE-AZRTOS-H7 3.1.0
2023-09-28 14:18:17,928 [INFO] ThirdParty:1030 - CMSIS Pack Vendor :STMicroelectronics PDM2PCM 3.3.0
2023-09-28 14:18:17,929 [INFO] ThirdParty:1030 - CMSIS Pack Vendor :STMicroelectronics X-CUBE-DISPLAY 3.0.0
2023-09-28 14:18:17,929 [INFO] ThirdParty:1030 - CMSIS Pack Vendor :STMicroelectronics X-CUBE-BLE1 7.0.0
2023-09-28 14:18:17,929 [INFO] ThirdParty:1030 - CMSIS Pack Vendor :STMicroelectronics FP-ATR-SIGFOX1 3.2.0
2023-09-28 14:18:17,929 [INFO] ThirdParty:1030 - CMSIS Pack Vendor :STMicroelectronics HAL Drivers 0.0.0
2023-09-28 14:18:17,929 [INFO] ThirdParty:1030 - CMSIS Pack Vendor :STMicroelectronics MBEDTLS 2.16.2
2023-09-28 14:18:17,929 [INFO] ThirdParty:1030 - CMSIS Pack Vendor :emotas I-CUBE-CANOPEN 1.3.0
2023-09-28 14:18:17,929 [INFO] ThirdParty:1030 - CMSIS Pack Vendor :STMicroelectronics X-CUBE-FREERTOS 1.1.0
2023-09-28 14:18:17,929 [INFO] ThirdParty:1030 - CMSIS Pack Vendor :STMicroelectronics X-CUBE-TOUCHGFX 4.22.0
2023-09-28 14:18:17,929 [INFO] ThirdParty:1030 - CMSIS Pack Vendor :STMicroelectronics X-CUBE-NFC7 1.0.1
2023-09-28 14:18:17,929 [INFO] ThirdParty:1030 - CMSIS Pack Vendor :STMicroelectronics MBEDTLS 2.14.1
2023-09-28 14:18:17,929 [INFO] ThirdParty:1030 - CMSIS Pack Vendor :STMicroelectronics X-CUBE-NFC6 3.0.0
2023-09-28 14:18:17,929 [INFO] ThirdParty:1030 - CMSIS Pack Vendor :STMicroelectronics X-CUBE-EEPRMA1 4.1.0
2023-09-28 14:18:17,929 [INFO] ThirdParty:1030 - CMSIS Pack Vendor :portGmbH I-Cube-SoM-uGOAL 1.1.0
2023-09-28 14:18:17,929 [INFO] ThirdParty:1030 - CMSIS Pack Vendor :STMicroelectronics X-CUBE-ALS 1.0.1
2023-09-28 14:18:17,929 [INFO] ThirdParty:1030 - CMSIS Pack Vendor :STMicroelectronics ThreadX 1.0.0
2023-09-28 14:18:17,929 [INFO] ThirdParty:1030 - CMSIS Pack Vendor :STMicroelectronics FP-SNS-SMARTAG2 1.2.0
2023-09-28 14:18:17,929 [INFO] ThirdParty:1030 - CMSIS Pack Vendor :STMicroelectronics X-CUBE-AZRTOS-WL 2.0.0
2023-09-28 14:18:17,929 [INFO] ThirdParty:1030 - CMSIS Pack Vendor :SEGGER I-CUBE-embOS 1.3.1
2023-09-28 14:18:17,929 [INFO] ThirdParty:1030 - CMSIS Pack Vendor :STMicroelectronics USB_DEVICE 1.0.0
2023-09-28 14:18:17,929 [INFO] ThirdParty:1030 - CMSIS Pack Vendor :STMicroelectronics X-CUBE-AI 8.1.0
2023-09-28 14:18:17,929 [INFO] ThirdParty:1030 - CMSIS Pack Vendor :STMicroelectronics X-CUBE-AZRTOS-L4 2.0.0
2023-09-28 14:18:17,929 [INFO] ThirdParty:1030 - CMSIS Pack Vendor :STMicroelectronics ThreadX 0.0.2
2023-09-28 14:18:17,929 [INFO] ThirdParty:1030 - CMSIS Pack Vendor :WES I-CUBE-Cesium 1.3.0
2023-09-28 14:18:17,929 [INFO] ThirdParty:1030 - CMSIS Pack Vendor :STMicroelectronics FP-ATR-ASTRA1 2.0.0
2023-09-28 14:18:17,929 [INFO] ThirdParty:1030 - CMSIS Pack Vendor :STMicroelectronics lwIP 2.1.2
2023-09-28 14:18:17,929 [INFO] ThirdParty:1030 - CMSIS Pack Vendor :STMicroelectronics X-CUBE-SFXS2LP1 4.0.0
2023-09-28 14:18:17,929 [INFO] ThirdParty:1030 - CMSIS Pack Vendor :STMicroelectronics X-CUBE-BLE2 3.3.0
2023-09-28 14:18:17,929 [INFO] ThirdParty:1030 - CMSIS Pack Vendor :STMicroelectronics PDM2PCM 3.2.0
2023-09-28 14:18:17,930 [INFO] ThirdParty:841 - exiting critical section [change project]
2023-09-28 14:18:18,123 [INFO] PinOutPanel:1499 - setPackage(No Configuration,No Configuration)
2023-09-28 14:18:18,124 [INFO] PinOutPanel:1499 - setPackage(STM32F103C8Tx,LQFP48)
2023-09-28 14:18:18,477 [INFO] UtilMem:75 - Before build in PCC Used Memory: 198076488 Bytes (603979776)
2023-09-28 14:18:19,422 [INFO] UtilMem:75 - After build in PCC Used Memory: 290877512 Bytes (603979776)
2023-09-28 14:18:19,461 [INFO] IPUIPlugin:80 - create IPUIPlugin
2023-09-28 14:18:19,461 [INFO] IPUIPlugin:80 - create IPUIPlugin
2023-09-28 14:18:19,461 [INFO] IPUIPlugin:80 - create IPUIPlugin
2023-09-28 14:18:19,462 [INFO] IPUIPlugin:80 - create IPUIPlugin
2023-09-28 14:18:19,462 [INFO] IPUIPlugin:80 - create IPUIPlugin
2023-09-28 14:18:19,462 [INFO] IPUIPlugin:80 - create IPUIPlugin
2023-09-28 14:18:19,463 [INFO] IPUIPlugin:80 - create IPUIPlugin
2023-09-28 14:18:19,463 [INFO] IPUIPlugin:80 - create IPUIPlugin
2023-09-28 14:18:19,463 [INFO] IPUIPlugin:80 - create IPUIPlugin
2023-09-28 14:18:19,463 [INFO] IPUIPlugin:80 - create IPUIPlugin
2023-09-28 14:18:19,463 [INFO] IPUIPlugin:80 - create IPUIPlugin
2023-09-28 14:18:19,464 [INFO] IPUIPlugin:80 - create IPUIPlugin
2023-09-28 14:18:19,464 [INFO] IPUIPlugin:80 - create IPUIPlugin
2023-09-28 14:18:19,464 [INFO] IPUIPlugin:80 - create IPUIPlugin
2023-09-28 14:18:19,465 [INFO] IPUIPlugin:80 - create IPUIPlugin
2023-09-28 14:18:19,465 [INFO] IPUIPlugin:80 - create IPUIPlugin
2023-09-28 14:18:19,465 [INFO] IPUIPlugin:80 - create IPUIPlugin
2023-09-28 14:18:19,466 [INFO] IPUIPlugin:80 - create IPUIPlugin
2023-09-28 14:18:19,466 [INFO] IPUIPlugin:80 - create IPUIPlugin
2023-09-28 14:18:19,466 [INFO] IPUIPlugin:80 - create IPUIPlugin
2023-09-28 14:18:19,467 [INFO] IPUIPlugin:80 - create IPUIPlugin
2023-09-28 14:18:19,467 [INFO] IPUIPlugin:80 - create IPUIPlugin
2023-09-28 14:18:19,467 [INFO] IPUIPlugin:80 - create IPUIPlugin
2023-09-28 14:18:19,468 [INFO] IPUIPlugin:80 - create IPUIPlugin
2023-09-28 14:18:19,468 [INFO] IPUIPlugin:80 - create IPUIPlugin
2023-09-28 14:18:19,469 [INFO] IPUIPlugin:80 - create IPUIPlugin
2023-09-28 14:18:19,469 [INFO] IPUIPlugin:80 - create IPUIPlugin
2023-09-28 14:18:19,693 [INFO] CADModel:165 - CPN selected for project levelSTM32F103C8T6
2023-09-28 14:18:19,693 [INFO] CADModel:114 - Register for checkConnection events
2023-09-28 14:18:19,742 [INFO] OpenFileManager:328 - Restore cursor
2023-09-28 14:18:20,793 [INFO] UtilMem:75 - End SaveConfig() Used Memory: 369520712 Bytes (603979776)
2023-09-28 14:18:20,874 [INFO] UtilMem:75 - End SaveConfig() Used Memory: 381126336 Bytes (603979776)
2023-09-28 14:18:20,910 [ERROR] ConfigurationRetriever:142 - IOException on connection: The server selected protocol version TLS10 is not accepted by client preferences [TLS12]
2023-09-28 14:18:20,985 [ERROR] ConfigurationRetriever:142 - IOException on connection: The server selected protocol version TLS10 is not accepted by client preferences [TLS12]
2023-09-28 14:18:21,485 [INFO] BlockDiagram:2759 - set Specific Code input for plugin: NVIC
2023-09-28 14:18:21,486 [INFO] BlockDiagram:2759 - set Specific Code input for plugin: RCC
2023-09-28 14:18:21,488 [INFO] CodeGenerator:799 - code generatio: config db path: C:\ST\STM32CubeIDE_1.13.1\STM32CubeIDE\plugins\com.st.stm32cube.common.mx_6.9.1.202307191849\\db\
2023-09-28 14:18:21,821 [INFO] CodeEngine:255 - oldGeneratedFile, C:\Users\christian.saiz\STM32CubeIDE\workspace_1.13.1\test\MXTmpFiles\license.tmp_save
2023-09-28 14:18:22,089 [ERROR] ConfigurationRetriever:142 - IOException on connection: The server selected protocol version TLS10 is not accepted by client preferences [TLS12]
2023-09-28 14:18:22,440 [INFO] CodeEngine:279 - Generated code: C:\Users\christian.saiz\STM32CubeIDE\workspace_1.13.1\test\MXTmpFiles\license.tmp
2023-09-28 14:18:22,525 [INFO] CodeEngine:255 - oldGeneratedFile, C:\Users\christian.saiz\STM32CubeIDE\workspace_1.13.1\test\Core\Src\stm32f1xx_it.c_save
2023-09-28 14:18:22,792 [INFO] CodeEngine:279 - Generated code: C:\Users\christian.saiz\STM32CubeIDE\workspace_1.13.1\test\Core\Src\stm32f1xx_it.c
2023-09-28 14:18:22,807 [INFO] CodeEngine:255 - oldGeneratedFile, C:\Users\christian.saiz\STM32CubeIDE\workspace_1.13.1\test\Core\Inc\stm32f1xx_it.h_save
2023-09-28 14:18:22,989 [INFO] CodeEngine:279 - Generated code: C:\Users\christian.saiz\STM32CubeIDE\workspace_1.13.1\test\Core\Inc\stm32f1xx_it.h
2023-09-28 14:18:23,177 [INFO] CodeEngine:255 - oldGeneratedFile, C:\Users\christian.saiz\STM32CubeIDE\workspace_1.13.1\test\Core\Src\stm32f1xx_hal_msp.c_save
2023-09-28 14:18:23,438 [INFO] CodeEngine:279 - Generated code: C:\Users\christian.saiz\STM32CubeIDE\workspace_1.13.1\test\Core\Src\stm32f1xx_hal_msp.c
2023-09-28 14:18:23,454 [INFO] CodeEngine:255 - oldGeneratedFile, C:\Users\christian.saiz\STM32CubeIDE\workspace_1.13.1\test\MXTmpFiles\system.tmp_save
2023-09-28 14:18:23,565 [INFO] CodeEngine:279 - Generated code: C:\Users\christian.saiz\STM32CubeIDE\workspace_1.13.1\test\MXTmpFiles\system.tmp
2023-09-28 14:18:23,592 [INFO] CodeEngine:311 - oldGeneratedFile, C:\Users\christian.saiz\STM32CubeIDE\workspace_1.13.1\test\Core\Inc\stm32f1xx_hal_conf.h_save
2023-09-28 14:18:23,809 [INFO] CodeEngine:335 - Generated code: C:\Users\christian.saiz\STM32CubeIDE\workspace_1.13.1\test\Core\Inc\stm32f1xx_hal_conf.h
2023-09-28 14:18:23,898 [INFO] CodeEngine:255 - oldGeneratedFile, C:\Users\christian.saiz\STM32CubeIDE\workspace_1.13.1\test\Core\Inc\main.h_save
2023-09-28 14:18:24,113 [INFO] CodeEngine:279 - Generated code: C:\Users\christian.saiz\STM32CubeIDE\workspace_1.13.1\test\Core\Inc\main.h
2023-09-28 14:18:24,129 [INFO] CodeEngine:255 - oldGeneratedFile, C:\Users\christian.saiz\STM32CubeIDE\workspace_1.13.1\test\Core\Src\main.c_save
2023-09-28 14:18:24,343 [INFO] CodeEngine:279 - Generated code: C:\Users\christian.saiz\STM32CubeIDE\workspace_1.13.1\test\Core\Src\main.c
2023-09-28 14:18:25,143 [INFO] ProjectBuilder:3064 - Time for Copy HAL[1] : 204mS.
2023-09-28 14:18:25,150 [INFO] ProjectBuilder:4404 - Project Generator version: 4.1.0
2023-09-28 14:18:25,537 [INFO] ConfigFileManager:1457 - The Die is : DIE410
2023-09-28 14:18:25,565 [INFO] ApiDbMcu:507 - Load IP Config File for FATFS
2023-09-28 14:18:25,593 [INFO] ApiDbMcu:507 - Load IP Config File for FREERTOS
2023-09-28 14:18:25,618 [INFO] ApiDbMcu:507 - Load IP Config File for USB_DEVICE
2023-09-28 14:18:27,068 [INFO] LogOutputStream:77 - [STDOUT_REDIRECT] 
2023-09-28 14:18:32,644 [INFO] ProjectBuilder:4626 - Time for Generating toolchain IDE Files: 7494mS.
2023-09-28 14:18:32,645 [INFO] ProjectBuilder:2935 - Time for Copy CMSIS : 1mS.
2023-09-28 14:18:32,647 [INFO] ProjectBuilder:2935 - Time for Copy CMSIS : 0mS.
2023-09-28 14:18:33,599 [ERROR] ConfigurationRetriever:142 - IOException on connection: The server selected protocol version TLS10 is not accepted by client preferences [TLS12]
2023-09-28 14:18:33,680 [ERROR] ConfigurationRetriever:142 - IOException on connection: The server selected protocol version TLS10 is not accepted by client preferences [TLS12]
2023-09-28 14:18:33,732 [INFO] McuFinderGlobals:76 - Set McuFinderConnectedMode to true
2023-09-28 14:18:33,736 [INFO] ApiDb:448 - Save user favorites file C:\Users\christian.saiz/.stm32cubeide/favorites.mcus.txt: 1 item(s)
2023-09-28 14:18:33,737 [INFO] ApiDb:452 - User favorites MCUs=[STM32F103C8T6]
2023-09-28 14:18:34,766 [ERROR] ConfigurationRetriever:142 - IOException on connection: The server selected protocol version TLS10 is not accepted by client preferences [TLS12]
2023-09-28 14:20:00,651 [INFO] NvicIntPanel:101 - NVIC parent = com.st.microxplorer.plugins.ip.nvic.MultiNvicIntPanel[,0,0,0x0,invalid,layout=javax.swing.BoxLayout,alignmentX=0.0,alignmentY=0.0,border=,flags=9,maximumSize=,minimumSize=,preferredSize=]
2023-09-28 14:20:00,715 [INFO] NvicIntPanel:101 - NVIC parent = com.st.microxplorer.plugins.ip.nvic.MultiNvicIntPanel[,0,0,0x0,invalid,layout=javax.swing.BoxLayout,alignmentX=0.0,alignmentY=0.0,border=,flags=9,maximumSize=,minimumSize=,preferredSize=]
2023-09-28 14:20:03,936 [INFO] NvicIntPanel:101 - NVIC parent = com.st.microxplorer.plugins.ip.nvic.MultiNvicIntPanel[,0,0,0x0,invalid,layout=javax.swing.BoxLayout,alignmentX=0.0,alignmentY=0.0,border=,flags=9,maximumSize=,minimumSize=,preferredSize=]
2023-09-28 14:20:04,566 [INFO] NvicIntPanel:101 - NVIC parent = com.st.microxplorer.plugins.ip.nvic.MultiNvicIntPanel[,0,0,0x0,invalid,layout=javax.swing.BoxLayout,alignmentX=0.0,alignmentY=0.0,border=,flags=9,maximumSize=,minimumSize=,preferredSize=]
2023-09-28 14:20:58,775 [INFO] NvicIntPanel:101 - NVIC parent = com.st.microxplorer.plugins.ip.nvic.MultiNvicIntPanel[,0,0,0x0,invalid,layout=javax.swing.BoxLayout,alignmentX=0.0,alignmentY=0.0,border=,flags=9,maximumSize=,minimumSize=,preferredSize=]
2023-09-28 14:20:58,944 [INFO] NvicIntPanel:101 - NVIC parent = com.st.microxplorer.plugins.ip.nvic.MultiNvicIntPanel[,0,0,0x0,invalid,layout=javax.swing.BoxLayout,alignmentX=0.0,alignmentY=0.0,border=,flags=9,maximumSize=,minimumSize=,preferredSize=]
2023-09-28 14:22:40,679 [INFO] NvicIntPanel:101 - NVIC parent = com.st.microxplorer.plugins.ip.nvic.MultiNvicIntPanel[,0,0,0x0,invalid,layout=javax.swing.BoxLayout,alignmentX=0.0,alignmentY=0.0,border=,flags=9,maximumSize=,minimumSize=,preferredSize=]
2023-09-28 14:26:04,760 [INFO] UtilMem:75 - End SaveConfig() Used Memory: 628153688 Bytes (968884224)
2023-09-28 14:26:04,945 [ERROR] ConfigurationRetriever:142 - IOException on connection: The server selected protocol version TLS10 is not accepted by client preferences [TLS12]
2023-09-28 14:26:05,047 [ERROR] ConfigurationRetriever:142 - IOException on connection: The server selected protocol version TLS10 is not accepted by client preferences [TLS12]
2023-09-28 14:26:06,154 [ERROR] ConfigurationRetriever:142 - IOException on connection: The server selected protocol version TLS10 is not accepted by client preferences [TLS12]
2023-09-28 14:26:06,902 [INFO] UtilMem:75 - End SaveConfig() Used Memory: 646251624 Bytes (968884224)
2023-09-28 14:26:06,997 [ERROR] ConfigurationRetriever:142 - IOException on connection: The server selected protocol version TLS10 is not accepted by client preferences [TLS12]
2023-09-28 14:26:07,389 [INFO] UtilMem:75 - End SaveConfig() Used Memory: 679345200 Bytes (968884224)
2023-09-28 14:26:07,563 [INFO] BlockDiagram:2759 - set Specific Code input for plugin: NVIC
2023-09-28 14:26:07,563 [INFO] BlockDiagram:2759 - set Specific Code input for plugin: USART
2023-09-28 14:26:07,563 [INFO] BlockDiagram:2759 - set Specific Code input for plugin: SYS
2023-09-28 14:26:07,564 [INFO] BlockDiagram:2759 - set Specific Code input for plugin: GPIO
2023-09-28 14:26:07,564 [INFO] BlockDiagram:2759 - set Specific Code input for plugin: RCC
2023-09-28 14:26:07,566 [INFO] CodeGenerator:799 - code generatio: config db path: C:\ST\STM32CubeIDE_1.13.1\STM32CubeIDE\plugins\com.st.stm32cube.common.mx_6.9.1.202307191849\\db\
2023-09-28 14:26:07,716 [INFO] CodeEngine:255 - oldGeneratedFile, C:\Users\christian.saiz\STM32CubeIDE\workspace_1.13.1\test\MXTmpFiles\license.tmp_save
2023-09-28 14:26:07,857 [INFO] CodeEngine:279 - Generated code: C:\Users\christian.saiz\STM32CubeIDE\workspace_1.13.1\test\MXTmpFiles\license.tmp
2023-09-28 14:26:07,914 [INFO] CodeEngine:255 - oldGeneratedFile, C:\Users\christian.saiz\STM32CubeIDE\workspace_1.13.1\test\MXTmpFiles\gpio.tmp_save
2023-09-28 14:26:08,047 [INFO] CodeEngine:279 - Generated code: C:\Users\christian.saiz\STM32CubeIDE\workspace_1.13.1\test\MXTmpFiles\gpio.tmp
2023-09-28 14:26:08,084 [ERROR] ConfigurationRetriever:142 - IOException on connection: The server selected protocol version TLS10 is not accepted by client preferences [TLS12]
2023-09-28 14:26:08,106 [INFO] CodeEngine:255 - oldGeneratedFile, C:\Users\christian.saiz\STM32CubeIDE\workspace_1.13.1\test\Core\Src\stm32f1xx_it.c_save
2023-09-28 14:26:08,155 [ERROR] ConfigurationRetriever:142 - IOException on connection: The server selected protocol version TLS10 is not accepted by client preferences [TLS12]
2023-09-28 14:26:08,241 [INFO] CodeEngine:279 - Generated code: C:\Users\christian.saiz\STM32CubeIDE\workspace_1.13.1\test\Core\Src\stm32f1xx_it.c
2023-09-28 14:26:08,248 [INFO] CodeEngine:255 - oldGeneratedFile, C:\Users\christian.saiz\STM32CubeIDE\workspace_1.13.1\test\Core\Inc\stm32f1xx_it.h_save
2023-09-28 14:26:08,315 [INFO] CodeEngine:279 - Generated code: C:\Users\christian.saiz\STM32CubeIDE\workspace_1.13.1\test\Core\Inc\stm32f1xx_it.h
2023-09-28 14:26:08,339 [INFO] CodeEngine:255 - oldGeneratedFile, C:\Users\christian.saiz\STM32CubeIDE\workspace_1.13.1\test\Core\Src\stm32f1xx_hal_msp.c_save
2023-09-28 14:26:08,506 [INFO] CodeEngine:279 - Generated code: C:\Users\christian.saiz\STM32CubeIDE\workspace_1.13.1\test\Core\Src\stm32f1xx_hal_msp.c
2023-09-28 14:26:08,510 [INFO] CodeEngine:255 - oldGeneratedFile, C:\Users\christian.saiz\STM32CubeIDE\workspace_1.13.1\test\MXTmpFiles\system.tmp_save
2023-09-28 14:26:08,588 [INFO] CodeEngine:279 - Generated code: C:\Users\christian.saiz\STM32CubeIDE\workspace_1.13.1\test\MXTmpFiles\system.tmp
2023-09-28 14:26:08,612 [INFO] CodeEngine:311 - oldGeneratedFile, C:\Users\christian.saiz\STM32CubeIDE\workspace_1.13.1\test\Core\Inc\stm32f1xx_hal_conf.h_save
2023-09-28 14:26:08,746 [INFO] CodeEngine:335 - Generated code: C:\Users\christian.saiz\STM32CubeIDE\workspace_1.13.1\test\Core\Inc\stm32f1xx_hal_conf.h
2023-09-28 14:26:08,815 [INFO] CodeEngine:255 - oldGeneratedFile, C:\Users\christian.saiz\STM32CubeIDE\workspace_1.13.1\test\Core\Inc\main.h_save
2023-09-28 14:26:08,942 [INFO] CodeEngine:279 - Generated code: C:\Users\christian.saiz\STM32CubeIDE\workspace_1.13.1\test\Core\Inc\main.h
2023-09-28 14:26:08,968 [INFO] CodeEngine:255 - oldGeneratedFile, C:\Users\christian.saiz\STM32CubeIDE\workspace_1.13.1\test\Core\Src\main.c_save
2023-09-28 14:26:09,081 [INFO] CodeEngine:279 - Generated code: C:\Users\christian.saiz\STM32CubeIDE\workspace_1.13.1\test\Core\Src\main.c
2023-09-28 14:26:09,416 [INFO] ProjectBuilder:3064 - Time for Copy HAL[1] : 112mS.
2023-09-28 14:26:09,419 [INFO] ProjectBuilder:4404 - Project Generator version: 4.1.0
2023-09-28 14:26:09,546 [INFO] ConfigFileManager:1457 - The Die is : DIE410
2023-09-28 14:26:11,400 [INFO] ProjectBuilder:4626 - Time for Generating toolchain IDE Files: 1981mS.
2023-09-28 14:26:11,400 [INFO] ProjectBuilder:2935 - Time for Copy CMSIS : 0mS.
2023-09-28 14:26:11,402 [INFO] ProjectBuilder:2935 - Time for Copy CMSIS : 0mS.
2023-09-28 14:26:11,504 [ERROR] ConfigurationRetriever:142 - IOException on connection: The server selected protocol version TLS10 is not accepted by client preferences [TLS12]
2023-09-28 14:26:11,583 [ERROR] ConfigurationRetriever:142 - IOException on connection: The server selected protocol version TLS10 is not accepted by client preferences [TLS12]
2023-09-28 14:26:12,719 [ERROR] ConfigurationRetriever:142 - IOException on connection: The server selected protocol version TLS10 is not accepted by client preferences [TLS12]
