2023-12-14 12:13:37,095 [INFO] Activator:176 - 


2023-12-14 12:13:37,095 [INFO] Activator:177 - !SESSION log4j initialized
2023-12-14 12:13:45,354 [INFO] LogOutputStream:77 - [STDOUT_REDIRECT] 
2023-12-14 12:13:51,073 [INFO] ApplicationProperties:184 - Using Application install path: C:\ST\STM32CubeIDE_1.13.1\STM32CubeIDE\plugins\com.st.stm32cube.common.mx_6.9.1.202307191849
2023-12-14 12:13:51,093 [INFO] DbMcusXml:78 - Set database path to: C:\ST\STM32CubeIDE_1.13.1\STM32CubeIDE\plugins\com.st.stm32cube.common.mx_6.9.1.202307191849\\db\/mcu/
2023-12-14 12:13:51,093 [INFO] ApiDb:274 - Set plugin database path to: C:\ST\STM32CubeIDE_1.13.1\STM32CubeIDE\plugins\com.st.stm32cube.common.mx_6.9.1.202307191849\\db\/plugins/boardmanager/
2023-12-14 12:13:51,094 [WARN] ApiDb:259 - Overriding images path with different value:  => C:\ST\STM32CubeIDE_1.13.1\STM32CubeIDE\plugins\com.st.stm32cube.common.mx_6.9.1.202307191849\\db\/plugins/mcufinder/images/
2023-12-14 12:13:51,107 [INFO] ApiDb:250 - Set database path to: C:\Users\christian.saiz\.stmcufinder\plugins\mcufinder//mcu/
2023-12-14 12:13:51,108 [INFO] DbMcusAds:125 - Set database path to: C:\Users\christian.saiz\.stmcufinder\plugins\mcufinder//mcu/
2023-12-14 12:13:51,110 [INFO] CrossReferenceDbSqlite:203 - Set database path to: C:\Users\christian.saiz\.stmcufinder\plugins\mcufinder//mcu/cs/
2023-12-14 12:13:51,216 [INFO] RulesReader:64 - Compatibility file has been processed (293 Rules)
2023-12-14 12:13:51,284 [INFO] DbMcusXml:78 - Set database path to: C:\ST\STM32CubeIDE_1.13.1\STM32CubeIDE\plugins\com.st.stm32cube.common.mx_6.9.1.202307191849\\db\/mcu/
2023-12-14 12:13:51,284 [INFO] ApiDb:274 - Set plugin database path to: C:\ST\STM32CubeIDE_1.13.1\STM32CubeIDE\plugins\com.st.stm32cube.common.mx_6.9.1.202307191849\\db\/plugins/boardmanager/
2023-12-14 12:13:51,284 [INFO] ApiDb:261 - Set plugin images path to: C:\ST\STM32CubeIDE_1.13.1\STM32CubeIDE\plugins\com.st.stm32cube.common.mx_6.9.1.202307191849\\db\/plugins/mcufinder/images/
2023-12-14 12:13:51,284 [WARN] DbFile:41 - Overriding database path with different value: C:\Users\christian.saiz\.stmcufinder\plugins\mcufinder/ => C:\Users\christian.saiz\.stmcufinder\plugins\mcufinder
2023-12-14 12:13:51,284 [INFO] ApiDb:250 - Set database path to: C:\Users\christian.saiz\.stmcufinder\plugins\mcufinder//mcu/
2023-12-14 12:13:51,284 [WARN] DbFile:41 - Overriding database path with different value: C:\Users\christian.saiz\.stmcufinder\plugins\mcufinder/ => C:\Users\christian.saiz\.stmcufinder\plugins\mcufinder
2023-12-14 12:13:51,284 [INFO] DbMcusAds:125 - Set database path to: C:\Users\christian.saiz\.stmcufinder\plugins\mcufinder//mcu/
2023-12-14 12:13:51,284 [WARN] DbFile:41 - Overriding database path with different value: C:\Users\christian.saiz\.stmcufinder\plugins\mcufinder/ => C:\Users\christian.saiz\.stmcufinder\plugins\mcufinder
2023-12-14 12:13:51,284 [WARN] DbFile:41 - Overriding database path with different value: C:\Users\christian.saiz\.stmcufinder\plugins\mcufinder/ => C:\Users\christian.saiz\.stmcufinder\plugins\mcufinder
2023-12-14 12:13:51,285 [INFO] CrossReferenceDbSqlite:203 - Set database path to: C:\Users\christian.saiz\.stmcufinder\plugins\mcufinder//mcu/cs/
2023-12-14 12:13:51,355 [INFO] MainPanel:262 - HeapMemory: 268435456
2023-12-14 12:13:51,474 [INFO] DbMcusXml:78 - Set database path to: C:\ST\STM32CubeIDE_1.13.1\STM32CubeIDE\plugins\com.st.stm32cube.common.mx_6.9.1.202307191849\\db\/mcu/
2023-12-14 12:13:51,474 [INFO] ApiDb:274 - Set plugin database path to: C:\ST\STM32CubeIDE_1.13.1\STM32CubeIDE\plugins\com.st.stm32cube.common.mx_6.9.1.202307191849\\db\/plugins/boardmanager/
2023-12-14 12:13:51,474 [INFO] ApiDb:261 - Set plugin images path to: C:\ST\STM32CubeIDE_1.13.1\STM32CubeIDE\plugins\com.st.stm32cube.common.mx_6.9.1.202307191849\\db\/plugins/mcufinder/images/
2023-12-14 12:13:51,474 [WARN] DbFile:41 - Overriding database path with different value: C:\Users\christian.saiz\.stmcufinder\plugins\mcufinder/ => C:\Users\christian.saiz\.stmcufinder\plugins\mcufinder
2023-12-14 12:13:51,474 [INFO] ApiDb:250 - Set database path to: C:\Users\christian.saiz\.stmcufinder\plugins\mcufinder//mcu/
2023-12-14 12:13:51,475 [WARN] DbFile:41 - Overriding database path with different value: C:\Users\christian.saiz\.stmcufinder\plugins\mcufinder/ => C:\Users\christian.saiz\.stmcufinder\plugins\mcufinder
2023-12-14 12:13:51,475 [INFO] DbMcusAds:125 - Set database path to: C:\Users\christian.saiz\.stmcufinder\plugins\mcufinder//mcu/
2023-12-14 12:13:51,475 [WARN] DbFile:41 - Overriding database path with different value: C:\Users\christian.saiz\.stmcufinder\plugins\mcufinder/ => C:\Users\christian.saiz\.stmcufinder\plugins\mcufinder
2023-12-14 12:13:51,475 [WARN] DbFile:41 - Overriding database path with different value: C:\Users\christian.saiz\.stmcufinder\plugins\mcufinder/ => C:\Users\christian.saiz\.stmcufinder\plugins\mcufinder
2023-12-14 12:13:51,475 [INFO] CrossReferenceDbSqlite:203 - Set database path to: C:\Users\christian.saiz\.stmcufinder\plugins\mcufinder//mcu/cs/
2023-12-14 12:13:51,495 [INFO] ApplicationProperties:184 - Using Application install path: C:\ST\STM32CubeIDE_1.13.1\STM32CubeIDE\plugins\com.st.stm32cube.common.mx_6.9.1.202307191849
2023-12-14 12:13:51,496 [INFO] PluginManage:196 - Search for loadable plugins [exclusion list=, ]
2023-12-14 12:13:51,497 [INFO] PluginManage:310 - Check plugin analytics
2023-12-14 12:13:51,655 [INFO] AnalyticsPlugin:253 - Accepted Software Licenses: 
2023-12-14 12:13:51,655 [INFO] AnalyticsPlugin:255 - Accepted CMSIS Pack Licenses: 
2023-12-14 12:13:51,655 [INFO] AnalyticsPlugin:257 - Accepted Firmware Licenses: 
2023-12-14 12:13:51,657 [INFO] PluginManage:359 - Loaded plugin analytics (category:tool,tabindex:-1)
2023-12-14 12:13:51,657 [INFO] PluginManage:310 - Check plugin cadmodel
2023-12-14 12:13:51,671 [INFO] CADModel:105 - Init CAD model plugin
2023-12-14 12:13:51,671 [INFO] PluginManage:359 - Loaded plugin cadmodel (category:power,tabindex:5)
2023-12-14 12:13:51,671 [INFO] PluginManage:310 - Check plugin clock
2023-12-14 12:13:51,690 [INFO] PluginManage:359 - Loaded plugin clock (category:base,tabindex:2)
2023-12-14 12:13:51,690 [INFO] PluginManage:310 - Check plugin ddr
2023-12-14 12:13:51,693 [INFO] PluginManage:359 - Loaded plugin ddr (category:tool,tabindex:6)
2023-12-14 12:13:51,693 [INFO] PluginManage:310 - Check plugin filemanager
2023-12-14 12:13:51,815 [INFO] PluginManage:359 - Loaded plugin filemanager (category:base,tabindex:10)
2023-12-14 12:13:51,815 [INFO] PluginManage:310 - Check plugin ipmanager
2023-12-14 12:13:51,821 [INFO] PluginManage:359 - Loaded plugin ipmanager (category:base,tabindex:5)
2023-12-14 12:13:51,821 [INFO] PluginManage:310 - Check plugin lpbam
2023-12-14 12:13:51,835 [INFO] PluginManage:359 - Loaded plugin lpbam (category:base,tabindex:0)
2023-12-14 12:13:51,835 [INFO] PluginManage:310 - Check plugin memorymap
2023-12-14 12:13:51,860 [INFO] PluginManage:359 - Loaded plugin memorymap (category:base,tabindex:4)
2023-12-14 12:13:51,860 [INFO] PluginManage:310 - Check plugin pinoutandconfiguration
2023-12-14 12:13:51,875 [INFO] PluginManage:359 - Loaded plugin pinoutandconfiguration (category:base,tabindex:1)
2023-12-14 12:13:51,875 [INFO] PluginManage:310 - Check plugin pinoutconfig
2023-12-14 12:13:51,968 [WARN] SupportedApi:132 - Cannot load RTOS API schema: s4s-elt-must-match.1: The content of 'definitions' must match (annotation?, (simpleType | complexType)?, (unique | key | keyref)*)). A problem was found starting at: attribute.
2023-12-14 12:13:52,096 [INFO] PluginManage:359 - Loaded plugin pinoutconfig (category:base,tabindex:0)
2023-12-14 12:13:52,096 [INFO] PluginManage:310 - Check plugin power
2023-12-14 12:13:52,115 [INFO] PluginManage:359 - Loaded plugin power (category:power,tabindex:4)
2023-12-14 12:13:52,115 [INFO] PluginManage:310 - Check plugin projectmanager
2023-12-14 12:13:52,128 [INFO] PluginManage:359 - Loaded plugin projectmanager (category:projectmanager,tabindex:3)
2023-12-14 12:13:52,128 [INFO] PluginManage:310 - Check plugin thirdparty
2023-12-14 12:13:52,373 [INFO] PluginManage:359 - Loaded plugin thirdparty (category:base,tabindex:-1)
2023-12-14 12:13:52,373 [INFO] PluginManage:310 - Check plugin tools
2023-12-14 12:13:52,373 [WARN] IntegrityCheckThread:84 - waiting for thirdparty lock release [integrity check]
2023-12-14 12:13:52,373 [INFO] IntegrityCheckThread:86 - entering critical section [integrity check]
2023-12-14 12:13:52,374 [INFO] ThirdPartyUpdaterWithRetryManager:70 - Updater plugin not ready yet. [1/15]
2023-12-14 12:13:52,395 [INFO] PluginManage:359 - Loaded plugin tools (category:base,tabindex:7)
2023-12-14 12:13:52,396 [INFO] PluginManage:310 - Check plugin tutovideos
2023-12-14 12:13:52,595 [INFO] PluginManage:359 - Loaded plugin tutovideos (category:base,tabindex:-1)
2023-12-14 12:13:52,595 [INFO] PluginManage:310 - Check plugin updater
2023-12-14 12:13:52,607 [INFO] PluginManage:359 - Loaded plugin updater (category:base,tabindex:12)
2023-12-14 12:13:52,607 [INFO] PluginManage:310 - Check plugin userauth
2023-12-14 12:13:52,613 [INFO] UserAuth:113 - Init User Auth plugin
2023-12-14 12:13:52,613 [INFO] PluginManage:359 - Loaded plugin userauth (category:base,tabindex:14)
2023-12-14 12:13:52,613 [INFO] PluginManage:283 - PluginManage : Loaded plugins [17]
2023-12-14 12:13:52,818 [INFO] PinOutPanel:1499 - setPackage(No Configuration,No Configuration)
2023-12-14 12:13:52,923 [INFO] CADModel:165 - CPN selected for project level
2023-12-14 12:13:52,924 [INFO] CADModel:114 - Register for checkConnection events
2023-12-14 12:13:52,948 [INFO] IPUIPlugin:80 - create IPUIPlugin
2023-12-14 12:13:52,948 [INFO] PluginManager:220 - loadIPPluginJar : add adc
2023-12-14 12:13:52,972 [INFO] IPUIPlugin:80 - create IPUIPlugin
2023-12-14 12:13:52,972 [INFO] PluginManager:220 - loadIPPluginJar : add aes
2023-12-14 12:13:52,999 [INFO] IPUIPlugin:80 - create IPUIPlugin
2023-12-14 12:13:52,999 [INFO] PluginManager:220 - loadIPPluginJar : add can
2023-12-14 12:13:53,033 [INFO] IPUIPlugin:80 - create IPUIPlugin
2023-12-14 12:13:53,033 [INFO] PluginManager:220 - loadIPPluginJar : add comp
2023-12-14 12:13:53,059 [INFO] IPUIPlugin:80 - create IPUIPlugin
2023-12-14 12:13:53,059 [INFO] PluginManager:220 - loadIPPluginJar : add cryp
2023-12-14 12:13:53,080 [INFO] IPUIPlugin:80 - create IPUIPlugin
2023-12-14 12:13:53,080 [INFO] PluginManager:220 - loadIPPluginJar : add dfsdm
2023-12-14 12:13:53,092 [INFO] IPUIPlugin:80 - create IPUIPlugin
2023-12-14 12:13:53,093 [INFO] PluginManager:220 - loadIPPluginJar : add dma
2023-12-14 12:13:53,121 [INFO] IPUIPlugin:80 - create IPUIPlugin
2023-12-14 12:13:53,121 [INFO] PluginManager:220 - loadIPPluginJar : add dma3
2023-12-14 12:13:53,136 [INFO] IPUIPlugin:80 - create IPUIPlugin
2023-12-14 12:13:53,136 [INFO] PluginManager:220 - loadIPPluginJar : add fatfs
2023-12-14 12:13:53,171 [INFO] IPUIPlugin:80 - create IPUIPlugin
2023-12-14 12:13:53,171 [INFO] PluginManager:220 - loadIPPluginJar : add fmc
2023-12-14 12:13:53,185 [INFO] IPUIPlugin:80 - create IPUIPlugin
2023-12-14 12:13:53,185 [INFO] PluginManager:220 - loadIPPluginJar : add freertos
2023-12-14 12:13:53,202 [INFO] IPUIPlugin:80 - create IPUIPlugin
2023-12-14 12:13:53,202 [INFO] PluginManager:220 - loadIPPluginJar : add genericplugin
2023-12-14 12:13:53,270 [INFO] IPUIPlugin:80 - create IPUIPlugin
2023-12-14 12:13:53,270 [INFO] PluginManager:220 - loadIPPluginJar : add gfxmmu
2023-12-14 12:13:53,354 [INFO] IPUIPlugin:80 - create IPUIPlugin
2023-12-14 12:13:53,354 [INFO] PluginManager:220 - loadIPPluginJar : add gic
2023-12-14 12:13:53,366 [INFO] IPUIPlugin:80 - create IPUIPlugin
2023-12-14 12:13:53,367 [INFO] PluginManager:220 - loadIPPluginJar : add gpio
2023-12-14 12:13:53,425 [INFO] IPUIPlugin:80 - create IPUIPlugin
2023-12-14 12:13:53,425 [INFO] PluginManager:220 - loadIPPluginJar : add gtzc
2023-12-14 12:13:53,446 [INFO] IPUIPlugin:80 - create IPUIPlugin
2023-12-14 12:13:53,447 [INFO] PluginManager:220 - loadIPPluginJar : add hash
2023-12-14 12:13:53,481 [INFO] IPUIPlugin:80 - create IPUIPlugin
2023-12-14 12:13:53,481 [INFO] PluginManager:220 - loadIPPluginJar : add i2c
2023-12-14 12:13:53,508 [INFO] IPUIPlugin:80 - create IPUIPlugin
2023-12-14 12:13:53,508 [INFO] PluginManager:220 - loadIPPluginJar : add i2s
2023-12-14 12:13:53,536 [INFO] IPUIPlugin:80 - create IPUIPlugin
2023-12-14 12:13:53,536 [INFO] PluginManager:220 - loadIPPluginJar : add i3c
2023-12-14 12:13:53,607 [INFO] IPUIPlugin:80 - create IPUIPlugin
2023-12-14 12:13:53,607 [INFO] PluginManager:220 - loadIPPluginJar : add ipddr
2023-12-14 12:13:53,673 [INFO] IPUIPlugin:80 - create IPUIPlugin
2023-12-14 12:13:53,673 [INFO] PluginManager:220 - loadIPPluginJar : add linkedlist
2023-12-14 12:13:53,698 [INFO] IPUIPlugin:80 - create IPUIPlugin
2023-12-14 12:13:53,698 [INFO] PluginManager:220 - loadIPPluginJar : add lorawan
2023-12-14 12:13:53,725 [INFO] IPUIPlugin:80 - create IPUIPlugin
2023-12-14 12:13:53,725 [INFO] PluginManager:220 - loadIPPluginJar : add ltdc
2023-12-14 12:13:53,738 [INFO] IPUIPlugin:80 - create IPUIPlugin
2023-12-14 12:13:53,738 [INFO] PluginManager:220 - loadIPPluginJar : add mdma
2023-12-14 12:13:53,748 [INFO] IPUIPlugin:80 - create IPUIPlugin
2023-12-14 12:13:53,748 [INFO] PluginManager:220 - loadIPPluginJar : add nvic
2023-12-14 12:13:53,773 [INFO] IPUIPlugin:80 - create IPUIPlugin
2023-12-14 12:13:53,773 [INFO] PluginManager:220 - loadIPPluginJar : add opamp
2023-12-14 12:13:53,811 [INFO] IPUIPlugin:80 - create IPUIPlugin
2023-12-14 12:13:53,811 [INFO] PluginManager:220 - loadIPPluginJar : add openamp
2023-12-14 12:13:53,842 [INFO] IPUIPlugin:80 - create IPUIPlugin
2023-12-14 12:13:53,842 [INFO] PluginManager:220 - loadIPPluginJar : add pdm2pcm
2023-12-14 12:13:53,853 [INFO] IPUIPlugin:80 - create IPUIPlugin
2023-12-14 12:13:53,855 [INFO] PluginManager:220 - loadIPPluginJar : add plateformsettings
2023-12-14 12:13:53,871 [INFO] IPUIPlugin:80 - create IPUIPlugin
2023-12-14 12:13:53,871 [INFO] PluginManager:220 - loadIPPluginJar : add quadspi
2023-12-14 12:13:53,881 [INFO] IPUIPlugin:80 - create IPUIPlugin
2023-12-14 12:13:53,881 [INFO] PluginManager:220 - loadIPPluginJar : add resmgrutility
2023-12-14 12:13:53,915 [INFO] IPUIPlugin:80 - create IPUIPlugin
2023-12-14 12:13:53,915 [INFO] PluginManager:220 - loadIPPluginJar : add sai
2023-12-14 12:13:53,989 [INFO] IPUIPlugin:80 - create IPUIPlugin
2023-12-14 12:13:53,989 [INFO] PluginManager:220 - loadIPPluginJar : add spi
2023-12-14 12:13:54,027 [INFO] IPUIPlugin:80 - create IPUIPlugin
2023-12-14 12:13:54,027 [INFO] PluginManager:220 - loadIPPluginJar : add stm32_wpan
2023-12-14 12:13:54,044 [INFO] IPUIPlugin:80 - create IPUIPlugin
2023-12-14 12:13:54,044 [INFO] PluginManager:220 - loadIPPluginJar : add tim
2023-12-14 12:13:54,082 [INFO] IPUIPlugin:80 - create IPUIPlugin
2023-12-14 12:13:54,082 [INFO] PluginManager:220 - loadIPPluginJar : add touchsensing
2023-12-14 12:13:54,098 [INFO] IPUIPlugin:80 - create IPUIPlugin
2023-12-14 12:13:54,098 [INFO] PluginManager:220 - loadIPPluginJar : add tracer_emb
2023-12-14 12:13:54,114 [INFO] IPUIPlugin:80 - create IPUIPlugin
2023-12-14 12:13:54,114 [INFO] PluginManager:220 - loadIPPluginJar : add ts
2023-12-14 12:13:54,129 [INFO] IPUIPlugin:80 - create IPUIPlugin
2023-12-14 12:13:54,129 [INFO] PluginManager:220 - loadIPPluginJar : add tsc
2023-12-14 12:13:54,144 [INFO] IPUIPlugin:80 - create IPUIPlugin
2023-12-14 12:13:54,144 [INFO] PluginManager:220 - loadIPPluginJar : add ucpd
2023-12-14 12:13:54,174 [INFO] IPUIPlugin:80 - create IPUIPlugin
2023-12-14 12:13:54,174 [INFO] PluginManager:220 - loadIPPluginJar : add usart
2023-12-14 12:13:54,201 [INFO] IPUIPlugin:80 - create IPUIPlugin
2023-12-14 12:13:54,201 [INFO] PluginManager:220 - loadIPPluginJar : add usbx
2023-12-14 12:13:54,314 [INFO] CADModel:165 - CPN selected for project level
2023-12-14 12:13:54,314 [INFO] CADModel:114 - Register for checkConnection events
2023-12-14 12:13:54,314 [FATAL] Updater:308 - Updater called before beeing initialized
2023-12-14 12:13:54,315 [ERROR] CADModel:125 - Updater not yet initialized, retry later 
2023-12-14 12:13:54,435 [INFO] CADModel:165 - CPN selected for project level
2023-12-14 12:13:54,435 [INFO] CADModel:114 - Register for checkConnection events
2023-12-14 12:13:54,435 [FATAL] Updater:308 - Updater called before beeing initialized
2023-12-14 12:13:54,435 [ERROR] CADModel:125 - Updater not yet initialized, retry later 
2023-12-14 12:13:54,439 [FATAL] Updater:308 - Updater called before beeing initialized
2023-12-14 12:13:54,525 [FATAL] Updater:308 - Updater called before beeing initialized
2023-12-14 12:13:54,536 [INFO] DbMcusAds:53 - JSON generation date=Tue Mar 07 03:50:55 EST 2023 (1678179055114)
2023-12-14 12:13:54,536 [FATAL] Updater:308 - Updater called before beeing initialized
2023-12-14 12:13:54,570 [WARN] DetailPanel:346 - Failed to get advertising image, set to default
2023-12-14 12:13:54,644 [FATAL] Updater:308 - Updater called before beeing initialized
2023-12-14 12:13:54,648 [FATAL] Updater:308 - Updater called before beeing initialized
2023-12-14 12:13:54,648 [FATAL] Updater:308 - Updater called before beeing initialized
2023-12-14 12:13:54,648 [WARN] DetailPanel:346 - Failed to get advertising image, set to default
2023-12-14 12:13:54,649 [FATAL] Updater:308 - Updater called before beeing initialized
2023-12-14 12:13:54,696 [ERROR] Updater:1120 - MainUpdater not yet initialized. External WinMGr cannot be set.
2023-12-14 12:13:54,704 [INFO] Updater:1056 - Updater Version found : 6.9.1
2023-12-14 12:13:54,720 [INFO] ApplicationProperties:184 - Using Application install path: C:\ST\STM32CubeIDE_1.13.1\STM32CubeIDE\plugins\com.st.stm32cube.common.mx_6.9.1.202307191849
2023-12-14 12:13:54,890 [INFO] MainUpdater:2868 - connection check result : 10
2023-12-14 12:13:54,891 [INFO] MainUpdater:3562 - Updater definition file requires update
2023-12-14 12:13:54,893 [INFO] MainUpdater:285 - Updater Check For Update Now.
2023-12-14 12:13:54,893 [INFO] MicroXplorer:498 - Change Database Version : DB.6.0.91
2023-12-14 12:13:54,919 [INFO] McuFinderGlobals:63 - Set McuFinder mode to 2 (CubeIDE integrated)
2023-12-14 12:13:54,920 [INFO] UserAuth:179 - activating auth plugin
2023-12-14 12:13:54,922 [INFO] UserAuth:393 - Internet connection configuration mode: 1
2023-12-14 12:13:54,947 [INFO] JxBrowserEngine:151 - Initiate JxBrowser Engine with user profile folder
2023-12-14 12:13:55,003 [INFO] ServerAccessManage:473 - Download File updaters.zip
2023-12-14 12:13:55,105 [INFO] FileExtend:240 - Unzip File : updaters.zip
2023-12-14 12:13:55,105 [INFO] FileExtend:255 - Standard Zip Deflate
2023-12-14 12:13:55,375 [WARN] MainUpdater:1189 - Updater busy. Cannot search thirdparties
2023-12-14 12:13:55,376 [INFO] ThirdPartyUpdaterWithRetryManager:96 - Updater plugin is busy. [1/15]
2023-12-14 12:13:55,398 [INFO] ServerAccessManage:473 - Download File PacksControlFlags.xml
2023-12-14 12:13:55,514 [INFO] ServerAccessManage:473 - Download File cubemx.pidx
2023-12-14 12:13:56,450 [INFO] ServerAccessManage:473 - Download File STMicroelectronics.X-CUBE-TOUCHGFX.pdsc
2023-12-14 12:13:57,961 [INFO] WebApp:157 - Instantiating new browser for Auth
2023-12-14 12:13:58,376 [WARN] MainUpdater:1189 - Updater busy. Cannot search thirdparties
2023-12-14 12:13:58,376 [INFO] ThirdPartyUpdaterWithRetryManager:96 - Updater plugin is busy. [2/15]
2023-12-14 12:13:58,718 [INFO] WebApp:753 - Register for checkConnection events
2023-12-14 12:13:58,719 [INFO] WebApp:390 - Apply proxy settings
2023-12-14 12:13:58,720 [INFO] WebApp:475 - Chromium requires no authentication
2023-12-14 12:13:58,728 [INFO] WebApp:418 - Direct internet connection detected
2023-12-14 12:13:58,896 [INFO] WebApp:188 - Starting web application
2023-12-14 12:13:58,896 [INFO] WebApp:520 - Web application path used C:\ST\STM32CubeIDE_1.13.1\STM32CubeIDE\plugins\com.st.stm32cube.common.mx_6.9.1.202307191849\db\plugins\mcufinder\reactClient1\index.html
2023-12-14 12:14:01,377 [WARN] MainUpdater:1189 - Updater busy. Cannot search thirdparties
2023-12-14 12:14:01,377 [INFO] ThirdPartyUpdaterWithRetryManager:96 - Updater plugin is busy. [3/15]
2023-12-14 12:14:02,067 [ERROR] ServerAccessManage:1096 - Problem, Http access forbiden
2023-12-14 12:14:02,069 [ERROR] ServerAccessManage:651 - Problem, Http access forbiden : RoweBots.I-CUBE-UNISONRTOS.pdsc.
2023-12-14 12:14:02,217 [WARN] PackLoader:240 - Cannot read IP mode file for STMicroelectronics.X-CUBE-TOUCHGFX.4.23.0
2023-12-14 12:14:02,218 [INFO] PopulateThirdPartyThread:66 - Ending populate Thread
2023-12-14 12:14:02,219 [INFO] ThirdParty:1030 - CMSIS Pack Vendor :STMicroelectronics X-CUBE-TOUCHGFX 4.23.0
2023-12-14 12:14:02,219 [INFO] LoadServerUpdatesThread:373 - End of LoadServerUpdate Thread
2023-12-14 12:14:02,339 [INFO] CheckServerUpdateThread:120 - End of CheckServer Thread
2023-12-14 12:14:04,496 [WARN] PackLoader:240 - Cannot read IP mode file for STMicroelectronics.X-CUBE-SMBUS.2.1.0
2023-12-14 12:14:04,499 [WARN] PackLoader:240 - Cannot read IP mode file for STMicroelectronics.X-CUBE-TOUCHGFX.4.23.0
2023-12-14 12:14:04,532 [WARN] PackLoader:240 - Cannot read IP mode file for STMicroelectronics.X-CUBE-AZRTOS-F7.1.1.0
2023-12-14 12:14:04,547 [WARN] PackLoader:240 - Cannot read IP mode file for STMicroelectronics.FP-SNS-MOTENV1.4.3.2
2023-12-14 12:14:04,555 [WARN] PackLoader:240 - Cannot read IP mode file for STMicroelectronics.FP-SNS-FLIGHT1.5.0.2
2023-12-14 12:14:04,572 [WARN] PackLoader:240 - Cannot read IP mode file for STMicroelectronics.X-CUBE-DISPLAY.3.0.0
2023-12-14 12:14:04,591 [WARN] PackLoader:240 - Cannot read IP mode file for STMicroelectronics.X-CUBE-BLE1.7.0.0
2023-12-14 12:14:04,602 [WARN] PackLoader:240 - Cannot read IP mode file for emotas.I-CUBE-CANOPEN.1.3.0
2023-12-14 12:14:04,610 [WARN] PackLoader:240 - Cannot read IP mode file for STMicroelectronics.X-CUBE-TOUCHGFX.4.22.0
2023-12-14 12:14:04,620 [WARN] PackLoader:240 - Cannot read IP mode file for STMicroelectronics.X-CUBE-TOUCHGFX.4.22.1
2023-12-14 12:14:04,629 [WARN] PackLoader:240 - Cannot read IP mode file for STMicroelectronics.FP-SNS-SMARTAG2.1.2.0
2023-12-14 12:14:04,645 [INFO] LogOutputStream:77 - [STDOUT_REDIRECT] 1 : Invalid condition id : UX_CORESTACK_Condition cause : null
2023-12-14 12:14:04,646 [INFO] LogOutputStream:77 - [STDOUT_REDIRECT] 1 : Invalid condition id : UX_CORESTACK_Condition cause : null
2023-12-14 12:14:04,647 [INFO] LogOutputStream:77 - [STDOUT_REDIRECT] 1 : Invalid condition id : UX_CORESTACK_Condition cause : null
2023-12-14 12:14:04,647 [INFO] LogOutputStream:77 - [STDOUT_REDIRECT] 1 : Invalid condition id : UX_CORESTACK_Condition cause : null
2023-12-14 12:14:04,648 [INFO] LogOutputStream:77 - [STDOUT_REDIRECT] 1 : Invalid condition id : UX_CORESTACK_Condition cause : null
2023-12-14 12:14:04,651 [WARN] PackLoader:240 - Cannot read IP mode file for STMicroelectronics.X-CUBE-AZRTOS-WL.2.0.0
2023-12-14 12:14:04,669 [WARN] PackLoader:240 - Cannot read IP mode file for WES.I-CUBE-Cesium.1.3.0
2023-12-14 12:14:04,678 [WARN] PackLoader:240 - Cannot read IP mode file for STMicroelectronics.X-CUBE-BLE2.3.3.0
2023-12-14 12:14:04,690 [WARN] PackLoader:240 - Cannot read IP mode file for STMicroelectronics.X-CUBE-ALGOBUILD.1.3.0
2023-12-14 12:14:04,715 [WARN] PackLoader:240 - Cannot read IP mode file for STMicroelectronics.X-CUBE-AZRTOS-G0.1.1.0
2023-12-14 12:14:04,731 [WARN] PackLoader:240 - Cannot read IP mode file for STMicroelectronics.X-CUBE-NFC4.3.0.0
2023-12-14 12:14:04,750 [WARN] PackLoader:240 - Cannot read IP mode file for STMicroelectronics.X-CUBE-BLEMGR.3.0.0
2023-12-14 12:14:04,758 [WARN] PackLoader:240 - Cannot read IP mode file for STMicroelectronics.FP-ATR-SIGFOX1.3.2.0
2023-12-14 12:14:04,793 [WARN] PackLoader:240 - Cannot read IP mode file for SEGGER.I-CUBE-embOS.1.3.1
2023-12-14 12:14:04,843 [WARN] PackLoader:240 - Cannot read IP mode file for STMicroelectronics.X-CUBE-GNSS1.6.0.0
2023-12-14 12:14:04,870 [WARN] PackLoader:240 - Cannot read IP mode file for STMicroelectronics.X-CUBE-AZRTOS-F4.1.1.0
2023-12-14 12:14:04,884 [WARN] PackLoader:240 - Cannot read IP mode file for wolfSSL.I-CUBE-wolfSSL.5.6.3
2023-12-14 12:14:04,910 [WARN] PackLoader:240 - Cannot read IP mode file for STMicroelectronics.X-CUBE-AZRTOS-L5.2.0.0
2023-12-14 12:14:04,964 [WARN] PackLoader:240 - Cannot read IP mode file for STMicroelectronics.X-CUBE-MEMS1.9.6.0
2023-12-14 12:14:05,092 [WARN] PackLoader:240 - Cannot read IP mode file for STMicroelectronics.X-CUBE-EEPRMA1.4.2.0
2023-12-14 12:14:05,107 [WARN] PackLoader:240 - Cannot read IP mode file for ITTIA_DB.I-CUBE-ITTIADB.8.8.0
2023-12-14 12:14:05,123 [WARN] PackLoader:240 - Cannot read IP mode file for STMicroelectronics.X-CUBE-BLEMGR.2.0.0
2023-12-14 12:14:05,149 [WARN] ConditionMgr:438 - getConditionDescription Invalid condition id : UX DEVICE CLASS RTOS Condition cause : null
2023-12-14 12:14:05,149 [WARN] ConditionMgr:438 - getConditionDescription Invalid condition id : UX DEVICE CLASS RTOS Condition cause : null
2023-12-14 12:14:05,151 [WARN] PackLoader:240 - Cannot read IP mode file for STMicroelectronics.X-CUBE-AZRTOS-H7.3.1.0
2023-12-14 12:14:05,152 [WARN] ConditionMgr:1039 - genDependencies : Invalid condition id : UX DEVICE CLASS RTOS Condition cause : null
2023-12-14 12:14:05,152 [WARN] ConditionMgr:1039 - genDependencies : Invalid condition id : UX DEVICE CLASS RTOS Condition cause : null
2023-12-14 12:14:05,152 [WARN] ConditionMgr:1039 - genDependencies : Invalid condition id : UX DEVICE CLASS RTOS Condition cause : null
2023-12-14 12:14:05,153 [WARN] ConditionMgr:1039 - genDependencies : Invalid condition id : UX DEVICE CLASS RTOS Condition cause : null
2023-12-14 12:14:05,153 [WARN] ConditionMgr:1039 - genDependencies : Invalid condition id : UX DEVICE CLASS RTOS Condition cause : null
2023-12-14 12:14:05,166 [WARN] PackLoader:240 - Cannot read IP mode file for STMicroelectronics.X-CUBE-NFC7.1.0.1
2023-12-14 12:14:05,179 [WARN] PackLoader:240 - Cannot read IP mode file for STMicroelectronics.X-CUBE-NFC6.3.0.0
2023-12-14 12:14:05,191 [WARN] PackLoader:240 - Cannot read IP mode file for STMicroelectronics.X-CUBE-EEPRMA1.4.1.0
2023-12-14 12:14:05,202 [WARN] PackLoader:240 - Cannot read IP mode file for STMicroelectronics.X-CUBE-AI.8.1.0
2023-12-14 12:14:05,229 [WARN] ConditionMgr:438 - getConditionDescription Invalid condition id : LAN8742 Phy interface Condition cause : null
2023-12-14 12:14:05,230 [WARN] PackLoader:240 - Cannot read IP mode file for STMicroelectronics.X-CUBE-AZRTOS-L4.2.0.0
2023-12-14 12:14:05,231 [WARN] ConditionMgr:1039 - genDependencies : Invalid condition id : LAN8742 Phy interface Condition cause : null
2023-12-14 12:14:05,231 [WARN] ConditionMgr:1039 - genDependencies : Invalid condition id : LAN8742 Phy interface Condition cause : null
2023-12-14 12:14:05,231 [WARN] ConditionMgr:1039 - genDependencies : Invalid condition id : LAN8742 Phy interface Condition cause : null
2023-12-14 12:14:05,246 [WARN] PackLoader:240 - Cannot read IP mode file for STMicroelectronics.X-CUBE-SFXS2LP1.4.0.0
2023-12-14 12:14:05,259 [WARN] PackLoader:240 - Cannot read IP mode file for STMicroelectronics.X-CUBE-ISPU.1.1.0
2023-12-14 12:14:05,280 [WARN] ConditionMgr:438 - getConditionDescription Invalid condition id : UX DEVICE CLASS RTOS Condition cause : null
2023-12-14 12:14:05,280 [WARN] ConditionMgr:438 - getConditionDescription Invalid condition id : UX DEVICE CLASS RTOS Condition cause : null
2023-12-14 12:14:05,281 [WARN] PackLoader:240 - Cannot read IP mode file for STMicroelectronics.X-CUBE-AZRTOS-WB.2.0.0
2023-12-14 12:14:05,282 [WARN] ConditionMgr:1039 - genDependencies : Invalid condition id : UX DEVICE CLASS RTOS Condition cause : null
2023-12-14 12:14:05,282 [WARN] ConditionMgr:1039 - genDependencies : Invalid condition id : UX DEVICE CLASS RTOS Condition cause : null
2023-12-14 12:14:05,282 [WARN] ConditionMgr:1039 - genDependencies : Invalid condition id : UX DEVICE CLASS RTOS Condition cause : null
2023-12-14 12:14:05,282 [WARN] ConditionMgr:1039 - genDependencies : Invalid condition id : UX DEVICE CLASS RTOS Condition cause : null
2023-12-14 12:14:05,282 [WARN] ConditionMgr:1039 - genDependencies : Invalid condition id : UX DEVICE CLASS RTOS Condition cause : null
2023-12-14 12:14:05,302 [WARN] PackLoader:240 - Cannot read IP mode file for STMicroelectronics.X-CUBE-SUBG2.5.0.0
2023-12-14 12:14:05,322 [WARN] PackLoader:240 - Cannot read IP mode file for STMicroelectronics.X-CUBE-TOF1.3.3.1
2023-12-14 12:14:05,349 [WARN] PackLoader:240 - Cannot read IP mode file for STMicroelectronics.X-CUBE-AZRTOS-G4.2.0.0
2023-12-14 12:14:05,368 [WARN] PackLoader:240 - Cannot read IP mode file for Infineon.AIROC-Wi-Fi-Bluetooth-STM32.1.5.1
2023-12-14 12:14:05,380 [WARN] PackLoader:240 - Cannot read IP mode file for STMicroelectronics.FP-SNS-MOTENVWB1.1.3.0
2023-12-14 12:14:05,391 [WARN] PackLoader:240 - Cannot read IP mode file for STMicroelectronics.FP-SNS-MOTENVWB1.1.3.1
2023-12-14 12:14:05,404 [WARN] PackLoader:240 - Cannot read IP mode file for STMicroelectronics.X-CUBE-ISPU.2.0.0
2023-12-14 12:14:05,444 [WARN] PackLoader:240 - Cannot read IP mode file for STMicroelectronics.X-CUBE-MEMS1.10.0.0
2023-12-14 12:14:05,526 [WARN] PackLoader:240 - Cannot read IP mode file for STMicroelectronics.X-CUBE-FREERTOS.1.1.0
2023-12-14 12:14:05,539 [WARN] PackLoader:240 - Cannot read IP mode file for portGmbH.I-Cube-SoM-uGOAL.1.1.0
2023-12-14 12:14:05,550 [WARN] PackLoader:240 - Cannot read IP mode file for STMicroelectronics.X-CUBE-ALS.1.0.1
2023-12-14 12:14:05,555 [WARN] PackLoader:240 - Cannot read IP mode file for STMicroelectronics.FP-ATR-ASTRA1.2.0.0
2023-12-14 12:14:05,573 [WARN] PackLoader:240 - Cannot read IP mode file for STMicroelectronics.X-CUBE-TOF1.3.4.0
2023-12-14 12:14:05,604 [WARN] PackLoader:240 - Cannot read IP mode file for STMicroelectronics.X-CUBE-AZRTOS-H7.3.2.0
2023-12-14 12:14:05,606 [INFO] ThirdParty:978 - Integrity check success = true
2023-12-14 12:14:05,606 [INFO] IntegrityCheckThread:100 - exiting critical section [integrity check]
2023-12-14 12:14:05,606 [INFO] IntegrityCheckThread:103 - End integrity checks thread
2023-12-14 12:14:19,873 [ERROR] LogOutputStream:75 - [STDERR_REDIRECT] SLF4J: Failed to load class "org.slf4j.impl.StaticLoggerBinder".
2023-12-14 12:14:19,873 [ERROR] LogOutputStream:75 - [STDERR_REDIRECT] SLF4J: Defaulting to no-operation (NOP) logger implementation
2023-12-14 12:14:19,874 [ERROR] LogOutputStream:75 - [STDERR_REDIRECT] SLF4J: See http://www.slf4j.org/codes.html#StaticLoggerBinder for further details.
2023-12-14 12:31:01,539 [ERROR] ConfigurationRetriever:142 - IOException on connection: Read timed out
2023-12-14 12:31:03,559 [ERROR] LogOutputStream:75 - [STDERR_REDIRECT] 
2023-12-14 14:07:29,388 [INFO] Activator:176 - 


2023-12-14 14:07:29,389 [INFO] Activator:177 - !SESSION log4j initialized
2023-12-14 14:07:37,864 [INFO] LogOutputStream:77 - [STDOUT_REDIRECT] 
