2023-10-04 16:57:37,033 [INFO] Activator:176 - 


2023-10-04 16:57:37,039 [INFO] Activator:177 - !SESSION log4j initialized
2023-10-04 16:57:42,297 [INFO] LogOutputStream:77 - [STDOUT_REDIRECT] 
2023-10-04 16:57:51,142 [INFO] ApplicationProperties:184 - Using Application install path: C:\ST\STM32CubeIDE_1.13.1\STM32CubeIDE\plugins\com.st.stm32cube.common.mx_6.9.1.202307191849
2023-10-04 16:57:51,162 [INFO] DbMcusXml:78 - Set database path to: C:\ST\STM32CubeIDE_1.13.1\STM32CubeIDE\plugins\com.st.stm32cube.common.mx_6.9.1.202307191849\\db\/mcu/
2023-10-04 16:57:51,163 [INFO] ApiDb:274 - Set plugin database path to: C:\ST\STM32CubeIDE_1.13.1\STM32CubeIDE\plugins\com.st.stm32cube.common.mx_6.9.1.202307191849\\db\/plugins/boardmanager/
2023-10-04 16:57:51,164 [WARN] ApiDb:259 - Overriding images path with different value:  => C:\ST\STM32CubeIDE_1.13.1\STM32CubeIDE\plugins\com.st.stm32cube.common.mx_6.9.1.202307191849\\db\/plugins/mcufinder/images/
2023-10-04 16:57:51,178 [INFO] ApiDb:250 - Set database path to: C:\Users\christian.saiz\.stmcufinder\plugins\mcufinder//mcu/
2023-10-04 16:57:51,180 [INFO] DbMcusAds:125 - Set database path to: C:\Users\christian.saiz\.stmcufinder\plugins\mcufinder//mcu/
2023-10-04 16:57:51,181 [INFO] CrossReferenceDbSqlite:203 - Set database path to: C:\Users\christian.saiz\.stmcufinder\plugins\mcufinder//mcu/cs/
2023-10-04 16:57:51,284 [INFO] RulesReader:64 - Compatibility file has been processed (293 Rules)
2023-10-04 16:57:51,366 [INFO] DbMcusXml:78 - Set database path to: C:\ST\STM32CubeIDE_1.13.1\STM32CubeIDE\plugins\com.st.stm32cube.common.mx_6.9.1.202307191849\\db\/mcu/
2023-10-04 16:57:51,366 [INFO] ApiDb:274 - Set plugin database path to: C:\ST\STM32CubeIDE_1.13.1\STM32CubeIDE\plugins\com.st.stm32cube.common.mx_6.9.1.202307191849\\db\/plugins/boardmanager/
2023-10-04 16:57:51,366 [INFO] ApiDb:261 - Set plugin images path to: C:\ST\STM32CubeIDE_1.13.1\STM32CubeIDE\plugins\com.st.stm32cube.common.mx_6.9.1.202307191849\\db\/plugins/mcufinder/images/
2023-10-04 16:57:51,366 [WARN] DbFile:41 - Overriding database path with different value: C:\Users\christian.saiz\.stmcufinder\plugins\mcufinder/ => C:\Users\christian.saiz\.stmcufinder\plugins\mcufinder
2023-10-04 16:57:51,366 [INFO] ApiDb:250 - Set database path to: C:\Users\christian.saiz\.stmcufinder\plugins\mcufinder//mcu/
2023-10-04 16:57:51,367 [WARN] DbFile:41 - Overriding database path with different value: C:\Users\christian.saiz\.stmcufinder\plugins\mcufinder/ => C:\Users\christian.saiz\.stmcufinder\plugins\mcufinder
2023-10-04 16:57:51,367 [INFO] DbMcusAds:125 - Set database path to: C:\Users\christian.saiz\.stmcufinder\plugins\mcufinder//mcu/
2023-10-04 16:57:51,367 [WARN] DbFile:41 - Overriding database path with different value: C:\Users\christian.saiz\.stmcufinder\plugins\mcufinder/ => C:\Users\christian.saiz\.stmcufinder\plugins\mcufinder
2023-10-04 16:57:51,367 [WARN] DbFile:41 - Overriding database path with different value: C:\Users\christian.saiz\.stmcufinder\plugins\mcufinder/ => C:\Users\christian.saiz\.stmcufinder\plugins\mcufinder
2023-10-04 16:57:51,367 [INFO] CrossReferenceDbSqlite:203 - Set database path to: C:\Users\christian.saiz\.stmcufinder\plugins\mcufinder//mcu/cs/
2023-10-04 16:57:51,453 [INFO] MainPanel:262 - HeapMemory: 268435456
2023-10-04 16:57:51,554 [INFO] DbMcusXml:78 - Set database path to: C:\ST\STM32CubeIDE_1.13.1\STM32CubeIDE\plugins\com.st.stm32cube.common.mx_6.9.1.202307191849\\db\/mcu/
2023-10-04 16:57:51,554 [INFO] ApiDb:274 - Set plugin database path to: C:\ST\STM32CubeIDE_1.13.1\STM32CubeIDE\plugins\com.st.stm32cube.common.mx_6.9.1.202307191849\\db\/plugins/boardmanager/
2023-10-04 16:57:51,554 [INFO] ApiDb:261 - Set plugin images path to: C:\ST\STM32CubeIDE_1.13.1\STM32CubeIDE\plugins\com.st.stm32cube.common.mx_6.9.1.202307191849\\db\/plugins/mcufinder/images/
2023-10-04 16:57:51,555 [WARN] DbFile:41 - Overriding database path with different value: C:\Users\christian.saiz\.stmcufinder\plugins\mcufinder/ => C:\Users\christian.saiz\.stmcufinder\plugins\mcufinder
2023-10-04 16:57:51,555 [INFO] ApiDb:250 - Set database path to: C:\Users\christian.saiz\.stmcufinder\plugins\mcufinder//mcu/
2023-10-04 16:57:51,555 [WARN] DbFile:41 - Overriding database path with different value: C:\Users\christian.saiz\.stmcufinder\plugins\mcufinder/ => C:\Users\christian.saiz\.stmcufinder\plugins\mcufinder
2023-10-04 16:57:51,555 [INFO] DbMcusAds:125 - Set database path to: C:\Users\christian.saiz\.stmcufinder\plugins\mcufinder//mcu/
2023-10-04 16:57:51,555 [WARN] DbFile:41 - Overriding database path with different value: C:\Users\christian.saiz\.stmcufinder\plugins\mcufinder/ => C:\Users\christian.saiz\.stmcufinder\plugins\mcufinder
2023-10-04 16:57:51,555 [WARN] DbFile:41 - Overriding database path with different value: C:\Users\christian.saiz\.stmcufinder\plugins\mcufinder/ => C:\Users\christian.saiz\.stmcufinder\plugins\mcufinder
2023-10-04 16:57:51,555 [INFO] CrossReferenceDbSqlite:203 - Set database path to: C:\Users\christian.saiz\.stmcufinder\plugins\mcufinder//mcu/cs/
2023-10-04 16:57:51,581 [INFO] ApplicationProperties:184 - Using Application install path: C:\ST\STM32CubeIDE_1.13.1\STM32CubeIDE\plugins\com.st.stm32cube.common.mx_6.9.1.202307191849
2023-10-04 16:57:51,582 [INFO] PluginManage:196 - Search for loadable plugins [exclusion list=, ]
2023-10-04 16:57:51,583 [INFO] PluginManage:310 - Check plugin analytics
2023-10-04 16:57:56,407 [INFO] AnalyticsPlugin:253 - Accepted Software Licenses: 
2023-10-04 16:57:56,408 [INFO] AnalyticsPlugin:255 - Accepted CMSIS Pack Licenses: 
2023-10-04 16:57:56,408 [INFO] AnalyticsPlugin:257 - Accepted Firmware Licenses: 
2023-10-04 16:57:56,410 [INFO] PluginManage:359 - Loaded plugin analytics (category:tool,tabindex:-1)
2023-10-04 16:57:56,410 [INFO] PluginManage:310 - Check plugin cadmodel
2023-10-04 16:57:56,424 [INFO] CADModel:105 - Init CAD model plugin
2023-10-04 16:57:56,424 [INFO] PluginManage:359 - Loaded plugin cadmodel (category:power,tabindex:5)
2023-10-04 16:57:56,424 [INFO] PluginManage:310 - Check plugin clock
2023-10-04 16:57:56,443 [INFO] PluginManage:359 - Loaded plugin clock (category:base,tabindex:2)
2023-10-04 16:57:56,443 [INFO] PluginManage:310 - Check plugin ddr
2023-10-04 16:57:56,446 [INFO] PluginManage:359 - Loaded plugin ddr (category:tool,tabindex:6)
2023-10-04 16:57:56,446 [INFO] PluginManage:310 - Check plugin filemanager
2023-10-04 16:57:56,570 [INFO] PluginManage:359 - Loaded plugin filemanager (category:base,tabindex:10)
2023-10-04 16:57:56,570 [INFO] PluginManage:310 - Check plugin ipmanager
2023-10-04 16:57:56,579 [INFO] PluginManage:359 - Loaded plugin ipmanager (category:base,tabindex:5)
2023-10-04 16:57:56,579 [INFO] PluginManage:310 - Check plugin lpbam
2023-10-04 16:57:56,593 [INFO] PluginManage:359 - Loaded plugin lpbam (category:base,tabindex:0)
2023-10-04 16:57:56,594 [INFO] PluginManage:310 - Check plugin memorymap
2023-10-04 16:57:56,619 [INFO] PluginManage:359 - Loaded plugin memorymap (category:base,tabindex:4)
2023-10-04 16:57:56,619 [INFO] PluginManage:310 - Check plugin pinoutandconfiguration
2023-10-04 16:57:56,633 [INFO] PluginManage:359 - Loaded plugin pinoutandconfiguration (category:base,tabindex:1)
2023-10-04 16:57:56,634 [INFO] PluginManage:310 - Check plugin pinoutconfig
2023-10-04 16:57:56,722 [WARN] SupportedApi:132 - Cannot load RTOS API schema: s4s-elt-must-match.1: The content of 'definitions' must match (annotation?, (simpleType | complexType)?, (unique | key | keyref)*)). A problem was found starting at: attribute.
2023-10-04 16:57:56,847 [INFO] PluginManage:359 - Loaded plugin pinoutconfig (category:base,tabindex:0)
2023-10-04 16:57:56,847 [INFO] PluginManage:310 - Check plugin power
2023-10-04 16:57:56,869 [INFO] PluginManage:359 - Loaded plugin power (category:power,tabindex:4)
2023-10-04 16:57:56,869 [INFO] PluginManage:310 - Check plugin projectmanager
2023-10-04 16:57:56,881 [INFO] PluginManage:359 - Loaded plugin projectmanager (category:projectmanager,tabindex:3)
2023-10-04 16:57:56,881 [INFO] PluginManage:310 - Check plugin thirdparty
2023-10-04 16:57:57,122 [INFO] PluginManage:359 - Loaded plugin thirdparty (category:base,tabindex:-1)
2023-10-04 16:57:57,122 [INFO] PluginManage:310 - Check plugin tools
2023-10-04 16:57:57,122 [WARN] IntegrityCheckThread:84 - waiting for thirdparty lock release [integrity check]
2023-10-04 16:57:57,122 [INFO] IntegrityCheckThread:86 - entering critical section [integrity check]
2023-10-04 16:57:57,123 [INFO] ThirdPartyUpdaterWithRetryManager:70 - Updater plugin not ready yet. [1/15]
2023-10-04 16:57:57,146 [INFO] PluginManage:359 - Loaded plugin tools (category:base,tabindex:7)
2023-10-04 16:57:57,147 [INFO] PluginManage:310 - Check plugin tutovideos
2023-10-04 16:57:57,343 [INFO] PluginManage:359 - Loaded plugin tutovideos (category:base,tabindex:-1)
2023-10-04 16:57:57,343 [INFO] PluginManage:310 - Check plugin updater
2023-10-04 16:57:57,357 [INFO] PluginManage:359 - Loaded plugin updater (category:base,tabindex:12)
2023-10-04 16:57:57,357 [INFO] PluginManage:310 - Check plugin userauth
2023-10-04 16:57:57,364 [INFO] UserAuth:113 - Init User Auth plugin
2023-10-04 16:57:57,364 [INFO] PluginManage:359 - Loaded plugin userauth (category:base,tabindex:14)
2023-10-04 16:57:57,364 [INFO] PluginManage:283 - PluginManage : Loaded plugins [17]
2023-10-04 16:57:57,588 [INFO] PinOutPanel:1499 - setPackage(No Configuration,No Configuration)
2023-10-04 16:57:57,699 [INFO] CADModel:165 - CPN selected for project level
2023-10-04 16:57:57,700 [INFO] CADModel:114 - Register for checkConnection events
2023-10-04 16:57:57,726 [INFO] IPUIPlugin:80 - create IPUIPlugin
2023-10-04 16:57:57,726 [INFO] PluginManager:220 - loadIPPluginJar : add adc
2023-10-04 16:57:57,752 [INFO] IPUIPlugin:80 - create IPUIPlugin
2023-10-04 16:57:57,752 [INFO] PluginManager:220 - loadIPPluginJar : add aes
2023-10-04 16:57:57,781 [INFO] IPUIPlugin:80 - create IPUIPlugin
2023-10-04 16:57:57,781 [INFO] PluginManager:220 - loadIPPluginJar : add can
2023-10-04 16:57:57,797 [INFO] IPUIPlugin:80 - create IPUIPlugin
2023-10-04 16:57:57,797 [INFO] PluginManager:220 - loadIPPluginJar : add comp
2023-10-04 16:57:57,818 [INFO] IPUIPlugin:80 - create IPUIPlugin
2023-10-04 16:57:57,818 [INFO] PluginManager:220 - loadIPPluginJar : add cryp
2023-10-04 16:57:57,841 [INFO] IPUIPlugin:80 - create IPUIPlugin
2023-10-04 16:57:57,841 [INFO] PluginManager:220 - loadIPPluginJar : add dfsdm
2023-10-04 16:57:57,854 [INFO] IPUIPlugin:80 - create IPUIPlugin
2023-10-04 16:57:57,855 [INFO] PluginManager:220 - loadIPPluginJar : add dma
2023-10-04 16:57:57,883 [INFO] IPUIPlugin:80 - create IPUIPlugin
2023-10-04 16:57:57,883 [INFO] PluginManager:220 - loadIPPluginJar : add dma3
2023-10-04 16:57:57,897 [INFO] IPUIPlugin:80 - create IPUIPlugin
2023-10-04 16:57:57,897 [INFO] PluginManager:220 - loadIPPluginJar : add fatfs
2023-10-04 16:57:57,930 [INFO] IPUIPlugin:80 - create IPUIPlugin
2023-10-04 16:57:57,930 [INFO] PluginManager:220 - loadIPPluginJar : add fmc
2023-10-04 16:57:57,942 [INFO] IPUIPlugin:80 - create IPUIPlugin
2023-10-04 16:57:57,942 [INFO] PluginManager:220 - loadIPPluginJar : add freertos
2023-10-04 16:57:57,956 [INFO] IPUIPlugin:80 - create IPUIPlugin
2023-10-04 16:57:57,956 [INFO] PluginManager:220 - loadIPPluginJar : add genericplugin
2023-10-04 16:57:58,016 [INFO] IPUIPlugin:80 - create IPUIPlugin
2023-10-04 16:57:58,016 [INFO] PluginManager:220 - loadIPPluginJar : add gfxmmu
2023-10-04 16:57:58,102 [INFO] IPUIPlugin:80 - create IPUIPlugin
2023-10-04 16:57:58,102 [INFO] PluginManager:220 - loadIPPluginJar : add gic
2023-10-04 16:57:58,112 [INFO] IPUIPlugin:80 - create IPUIPlugin
2023-10-04 16:57:58,112 [INFO] PluginManager:220 - loadIPPluginJar : add gpio
2023-10-04 16:57:58,172 [INFO] IPUIPlugin:80 - create IPUIPlugin
2023-10-04 16:57:58,172 [INFO] PluginManager:220 - loadIPPluginJar : add gtzc
2023-10-04 16:57:58,194 [INFO] IPUIPlugin:80 - create IPUIPlugin
2023-10-04 16:57:58,194 [INFO] PluginManager:220 - loadIPPluginJar : add hash
2023-10-04 16:57:58,228 [INFO] IPUIPlugin:80 - create IPUIPlugin
2023-10-04 16:57:58,228 [INFO] PluginManager:220 - loadIPPluginJar : add i2c
2023-10-04 16:57:58,254 [INFO] IPUIPlugin:80 - create IPUIPlugin
2023-10-04 16:57:58,254 [INFO] PluginManager:220 - loadIPPluginJar : add i2s
2023-10-04 16:57:58,284 [INFO] IPUIPlugin:80 - create IPUIPlugin
2023-10-04 16:57:58,284 [INFO] PluginManager:220 - loadIPPluginJar : add i3c
2023-10-04 16:57:58,350 [INFO] IPUIPlugin:80 - create IPUIPlugin
2023-10-04 16:57:58,351 [INFO] PluginManager:220 - loadIPPluginJar : add ipddr
2023-10-04 16:57:58,407 [INFO] IPUIPlugin:80 - create IPUIPlugin
2023-10-04 16:57:58,408 [INFO] PluginManager:220 - loadIPPluginJar : add linkedlist
2023-10-04 16:57:58,436 [INFO] IPUIPlugin:80 - create IPUIPlugin
2023-10-04 16:57:58,436 [INFO] PluginManager:220 - loadIPPluginJar : add lorawan
2023-10-04 16:57:58,461 [INFO] IPUIPlugin:80 - create IPUIPlugin
2023-10-04 16:57:58,461 [INFO] PluginManager:220 - loadIPPluginJar : add ltdc
2023-10-04 16:57:58,473 [INFO] IPUIPlugin:80 - create IPUIPlugin
2023-10-04 16:57:58,474 [INFO] PluginManager:220 - loadIPPluginJar : add mdma
2023-10-04 16:57:58,484 [INFO] IPUIPlugin:80 - create IPUIPlugin
2023-10-04 16:57:58,484 [INFO] PluginManager:220 - loadIPPluginJar : add nvic
2023-10-04 16:57:58,508 [INFO] IPUIPlugin:80 - create IPUIPlugin
2023-10-04 16:57:58,509 [INFO] PluginManager:220 - loadIPPluginJar : add opamp
2023-10-04 16:57:58,548 [INFO] IPUIPlugin:80 - create IPUIPlugin
2023-10-04 16:57:58,549 [INFO] PluginManager:220 - loadIPPluginJar : add openamp
2023-10-04 16:57:58,579 [INFO] IPUIPlugin:80 - create IPUIPlugin
2023-10-04 16:57:58,579 [INFO] PluginManager:220 - loadIPPluginJar : add pdm2pcm
2023-10-04 16:57:58,591 [INFO] IPUIPlugin:80 - create IPUIPlugin
2023-10-04 16:57:58,592 [INFO] PluginManager:220 - loadIPPluginJar : add plateformsettings
2023-10-04 16:57:58,607 [INFO] IPUIPlugin:80 - create IPUIPlugin
2023-10-04 16:57:58,607 [INFO] PluginManager:220 - loadIPPluginJar : add quadspi
2023-10-04 16:57:58,617 [INFO] IPUIPlugin:80 - create IPUIPlugin
2023-10-04 16:57:58,617 [INFO] PluginManager:220 - loadIPPluginJar : add resmgrutility
2023-10-04 16:57:58,650 [INFO] IPUIPlugin:80 - create IPUIPlugin
2023-10-04 16:57:58,651 [INFO] PluginManager:220 - loadIPPluginJar : add sai
2023-10-04 16:57:58,675 [INFO] IPUIPlugin:80 - create IPUIPlugin
2023-10-04 16:57:58,675 [INFO] PluginManager:220 - loadIPPluginJar : add spi
2023-10-04 16:57:58,714 [INFO] IPUIPlugin:80 - create IPUIPlugin
2023-10-04 16:57:58,714 [INFO] PluginManager:220 - loadIPPluginJar : add stm32_wpan
2023-10-04 16:57:58,729 [INFO] IPUIPlugin:80 - create IPUIPlugin
2023-10-04 16:57:58,729 [INFO] PluginManager:220 - loadIPPluginJar : add tim
2023-10-04 16:57:58,764 [INFO] IPUIPlugin:80 - create IPUIPlugin
2023-10-04 16:57:58,765 [INFO] PluginManager:220 - loadIPPluginJar : add touchsensing
2023-10-04 16:57:58,782 [INFO] IPUIPlugin:80 - create IPUIPlugin
2023-10-04 16:57:58,782 [INFO] PluginManager:220 - loadIPPluginJar : add tracer_emb
2023-10-04 16:57:58,800 [INFO] IPUIPlugin:80 - create IPUIPlugin
2023-10-04 16:57:58,800 [INFO] PluginManager:220 - loadIPPluginJar : add ts
2023-10-04 16:57:58,814 [INFO] IPUIPlugin:80 - create IPUIPlugin
2023-10-04 16:57:58,814 [INFO] PluginManager:220 - loadIPPluginJar : add tsc
2023-10-04 16:57:58,828 [INFO] IPUIPlugin:80 - create IPUIPlugin
2023-10-04 16:57:58,828 [INFO] PluginManager:220 - loadIPPluginJar : add ucpd
2023-10-04 16:57:58,856 [INFO] IPUIPlugin:80 - create IPUIPlugin
2023-10-04 16:57:58,856 [INFO] PluginManager:220 - loadIPPluginJar : add usart
2023-10-04 16:57:58,883 [INFO] IPUIPlugin:80 - create IPUIPlugin
2023-10-04 16:57:58,883 [INFO] PluginManager:220 - loadIPPluginJar : add usbx
2023-10-04 16:57:58,998 [INFO] CADModel:165 - CPN selected for project level
2023-10-04 16:57:58,998 [INFO] CADModel:114 - Register for checkConnection events
2023-10-04 16:57:58,999 [FATAL] Updater:308 - Updater called before beeing initialized
2023-10-04 16:57:58,999 [ERROR] CADModel:125 - Updater not yet initialized, retry later 
2023-10-04 16:57:59,104 [INFO] CADModel:165 - CPN selected for project level
2023-10-04 16:57:59,104 [INFO] CADModel:114 - Register for checkConnection events
2023-10-04 16:57:59,104 [FATAL] Updater:308 - Updater called before beeing initialized
2023-10-04 16:57:59,104 [ERROR] CADModel:125 - Updater not yet initialized, retry later 
2023-10-04 16:57:59,108 [FATAL] Updater:308 - Updater called before beeing initialized
2023-10-04 16:57:59,207 [FATAL] Updater:308 - Updater called before beeing initialized
2023-10-04 16:57:59,216 [INFO] DbMcusAds:53 - JSON generation date=Tue Mar 07 03:50:55 EST 2023 (1678179055114)
2023-10-04 16:57:59,217 [FATAL] Updater:308 - Updater called before beeing initialized
2023-10-04 16:57:59,254 [WARN] DetailPanel:346 - Failed to get advertising image, set to default
2023-10-04 16:57:59,332 [FATAL] Updater:308 - Updater called before beeing initialized
2023-10-04 16:57:59,335 [FATAL] Updater:308 - Updater called before beeing initialized
2023-10-04 16:57:59,335 [FATAL] Updater:308 - Updater called before beeing initialized
2023-10-04 16:57:59,335 [WARN] DetailPanel:346 - Failed to get advertising image, set to default
2023-10-04 16:57:59,336 [FATAL] Updater:308 - Updater called before beeing initialized
2023-10-04 16:57:59,385 [ERROR] Updater:1120 - MainUpdater not yet initialized. External WinMGr cannot be set.
2023-10-04 16:57:59,392 [INFO] Updater:1056 - Updater Version found : 6.9.1
2023-10-04 16:57:59,412 [INFO] ApplicationProperties:184 - Using Application install path: C:\ST\STM32CubeIDE_1.13.1\STM32CubeIDE\plugins\com.st.stm32cube.common.mx_6.9.1.202307191849
2023-10-04 16:57:59,560 [INFO] MainUpdater:2868 - connection check result : 10
2023-10-04 16:57:59,561 [INFO] MainUpdater:285 - Updater Check For Update Now.
2023-10-04 16:57:59,561 [INFO] MicroXplorer:498 - Change Database Version : DB.6.0.91
2023-10-04 16:57:59,577 [INFO] McuFinderGlobals:63 - Set McuFinder mode to 2 (CubeIDE integrated)
2023-10-04 16:57:59,577 [INFO] UserAuth:179 - activating auth plugin
2023-10-04 16:57:59,580 [INFO] UserAuth:393 - Internet connection configuration mode: 1
2023-10-04 16:57:59,608 [INFO] JxBrowserEngine:151 - Initiate JxBrowser Engine with user profile folder
2023-10-04 16:57:59,746 [INFO] CheckServerUpdateThread:120 - End of CheckServer Thread
2023-10-04 16:58:00,267 [WARN] PackLoader:240 - Cannot read IP mode file for STMicroelectronics.X-CUBE-SMBUS.2.1.0
2023-10-04 16:58:00,306 [WARN] PackLoader:240 - Cannot read IP mode file for STMicroelectronics.X-CUBE-AZRTOS-F7.1.1.0
2023-10-04 16:58:00,332 [WARN] PackLoader:240 - Cannot read IP mode file for STMicroelectronics.FP-SNS-MOTENV1.4.3.2
2023-10-04 16:58:00,356 [WARN] PackLoader:240 - Cannot read IP mode file for STMicroelectronics.FP-SNS-FLIGHT1.5.0.2
2023-10-04 16:58:00,372 [WARN] PackLoader:240 - Cannot read IP mode file for STMicroelectronics.X-CUBE-DISPLAY.3.0.0
2023-10-04 16:58:00,392 [WARN] PackLoader:240 - Cannot read IP mode file for STMicroelectronics.X-CUBE-BLE1.7.0.0
2023-10-04 16:58:00,405 [WARN] PackLoader:240 - Cannot read IP mode file for emotas.I-CUBE-CANOPEN.1.3.0
2023-10-04 16:58:00,418 [WARN] PackLoader:240 - Cannot read IP mode file for STMicroelectronics.X-CUBE-TOUCHGFX.4.22.0
2023-10-04 16:58:00,429 [WARN] PackLoader:240 - Cannot read IP mode file for STMicroelectronics.X-CUBE-TOUCHGFX.4.22.1
2023-10-04 16:58:00,444 [WARN] PackLoader:240 - Cannot read IP mode file for STMicroelectronics.FP-SNS-SMARTAG2.1.2.0
2023-10-04 16:58:00,466 [INFO] LogOutputStream:77 - [STDOUT_REDIRECT] 1 : Invalid condition id : UX_CORESTACK_Condition cause : null
2023-10-04 16:58:00,466 [INFO] LogOutputStream:77 - [STDOUT_REDIRECT] 1 : Invalid condition id : UX_CORESTACK_Condition cause : null
2023-10-04 16:58:00,467 [INFO] LogOutputStream:77 - [STDOUT_REDIRECT] 1 : Invalid condition id : UX_CORESTACK_Condition cause : null
2023-10-04 16:58:00,468 [INFO] LogOutputStream:77 - [STDOUT_REDIRECT] 1 : Invalid condition id : UX_CORESTACK_Condition cause : null
2023-10-04 16:58:00,469 [INFO] LogOutputStream:77 - [STDOUT_REDIRECT] 1 : Invalid condition id : UX_CORESTACK_Condition cause : null
2023-10-04 16:58:00,474 [WARN] PackLoader:240 - Cannot read IP mode file for STMicroelectronics.X-CUBE-AZRTOS-WL.2.0.0
2023-10-04 16:58:00,489 [WARN] PackLoader:240 - Cannot read IP mode file for WES.I-CUBE-Cesium.1.3.0
2023-10-04 16:58:00,503 [WARN] PackLoader:240 - Cannot read IP mode file for STMicroelectronics.X-CUBE-BLE2.3.3.0
2023-10-04 16:58:00,517 [WARN] PackLoader:240 - Cannot read IP mode file for STMicroelectronics.X-CUBE-ALGOBUILD.1.3.0
2023-10-04 16:58:00,547 [WARN] PackLoader:240 - Cannot read IP mode file for STMicroelectronics.X-CUBE-AZRTOS-G0.1.1.0
2023-10-04 16:58:00,562 [WARN] PackLoader:240 - Cannot read IP mode file for STMicroelectronics.X-CUBE-NFC4.3.0.0
2023-10-04 16:58:00,573 [WARN] PackLoader:240 - Cannot read IP mode file for STMicroelectronics.FP-ATR-SIGFOX1.3.2.0
2023-10-04 16:58:00,601 [WARN] PackLoader:240 - Cannot read IP mode file for SEGGER.I-CUBE-embOS.1.3.1
2023-10-04 16:58:00,653 [WARN] PackLoader:240 - Cannot read IP mode file for STMicroelectronics.X-CUBE-GNSS1.6.0.0
2023-10-04 16:58:00,685 [WARN] PackLoader:240 - Cannot read IP mode file for STMicroelectronics.X-CUBE-AZRTOS-F4.1.1.0
2023-10-04 16:58:00,700 [WARN] PackLoader:240 - Cannot read IP mode file for wolfSSL.I-CUBE-wolfSSL.5.6.3
2023-10-04 16:58:00,728 [WARN] PackLoader:240 - Cannot read IP mode file for STMicroelectronics.X-CUBE-AZRTOS-L5.2.0.0
2023-10-04 16:58:00,776 [WARN] PackLoader:240 - Cannot read IP mode file for STMicroelectronics.X-CUBE-MEMS1.9.6.0
2023-10-04 16:58:00,980 [WARN] PackLoader:240 - Cannot read IP mode file for ITTIA_DB.I-CUBE-ITTIADB.8.8.0
2023-10-04 16:58:00,997 [WARN] PackLoader:240 - Cannot read IP mode file for STMicroelectronics.X-CUBE-BLEMGR.2.0.0
2023-10-04 16:58:01,026 [WARN] ConditionMgr:438 - getConditionDescription Invalid condition id : UX DEVICE CLASS RTOS Condition cause : null
2023-10-04 16:58:01,027 [WARN] ConditionMgr:438 - getConditionDescription Invalid condition id : UX DEVICE CLASS RTOS Condition cause : null
2023-10-04 16:58:01,030 [WARN] PackLoader:240 - Cannot read IP mode file for STMicroelectronics.X-CUBE-AZRTOS-H7.3.1.0
2023-10-04 16:58:01,031 [WARN] ConditionMgr:1039 - genDependencies : Invalid condition id : UX DEVICE CLASS RTOS Condition cause : null
2023-10-04 16:58:01,031 [WARN] ConditionMgr:1039 - genDependencies : Invalid condition id : UX DEVICE CLASS RTOS Condition cause : null
2023-10-04 16:58:01,032 [WARN] ConditionMgr:1039 - genDependencies : Invalid condition id : UX DEVICE CLASS RTOS Condition cause : null
2023-10-04 16:58:01,032 [WARN] ConditionMgr:1039 - genDependencies : Invalid condition id : UX DEVICE CLASS RTOS Condition cause : null
2023-10-04 16:58:01,032 [WARN] ConditionMgr:1039 - genDependencies : Invalid condition id : UX DEVICE CLASS RTOS Condition cause : null
2023-10-04 16:58:01,046 [WARN] PackLoader:240 - Cannot read IP mode file for STMicroelectronics.X-CUBE-NFC7.1.0.1
2023-10-04 16:58:01,062 [WARN] PackLoader:240 - Cannot read IP mode file for STMicroelectronics.X-CUBE-NFC6.3.0.0
2023-10-04 16:58:01,077 [WARN] PackLoader:240 - Cannot read IP mode file for STMicroelectronics.X-CUBE-EEPRMA1.4.1.0
2023-10-04 16:58:01,087 [WARN] PackLoader:240 - Cannot read IP mode file for STMicroelectronics.X-CUBE-AI.8.1.0
2023-10-04 16:58:01,116 [WARN] ConditionMgr:438 - getConditionDescription Invalid condition id : LAN8742 Phy interface Condition cause : null
2023-10-04 16:58:01,116 [WARN] PackLoader:240 - Cannot read IP mode file for STMicroelectronics.X-CUBE-AZRTOS-L4.2.0.0
2023-10-04 16:58:01,117 [WARN] ConditionMgr:1039 - genDependencies : Invalid condition id : LAN8742 Phy interface Condition cause : null
2023-10-04 16:58:01,118 [WARN] ConditionMgr:1039 - genDependencies : Invalid condition id : LAN8742 Phy interface Condition cause : null
2023-10-04 16:58:01,118 [WARN] ConditionMgr:1039 - genDependencies : Invalid condition id : LAN8742 Phy interface Condition cause : null
2023-10-04 16:58:01,135 [WARN] PackLoader:240 - Cannot read IP mode file for STMicroelectronics.X-CUBE-SFXS2LP1.4.0.0
2023-10-04 16:58:01,148 [WARN] PackLoader:240 - Cannot read IP mode file for STMicroelectronics.X-CUBE-ISPU.1.1.0
2023-10-04 16:58:01,172 [WARN] ConditionMgr:438 - getConditionDescription Invalid condition id : UX DEVICE CLASS RTOS Condition cause : null
2023-10-04 16:58:01,172 [WARN] ConditionMgr:438 - getConditionDescription Invalid condition id : UX DEVICE CLASS RTOS Condition cause : null
2023-10-04 16:58:01,174 [WARN] PackLoader:240 - Cannot read IP mode file for STMicroelectronics.X-CUBE-AZRTOS-WB.2.0.0
2023-10-04 16:58:01,175 [WARN] ConditionMgr:1039 - genDependencies : Invalid condition id : UX DEVICE CLASS RTOS Condition cause : null
2023-10-04 16:58:01,175 [WARN] ConditionMgr:1039 - genDependencies : Invalid condition id : UX DEVICE CLASS RTOS Condition cause : null
2023-10-04 16:58:01,175 [WARN] ConditionMgr:1039 - genDependencies : Invalid condition id : UX DEVICE CLASS RTOS Condition cause : null
2023-10-04 16:58:01,175 [WARN] ConditionMgr:1039 - genDependencies : Invalid condition id : UX DEVICE CLASS RTOS Condition cause : null
2023-10-04 16:58:01,175 [WARN] ConditionMgr:1039 - genDependencies : Invalid condition id : UX DEVICE CLASS RTOS Condition cause : null
2023-10-04 16:58:01,196 [WARN] PackLoader:240 - Cannot read IP mode file for STMicroelectronics.X-CUBE-SUBG2.5.0.0
2023-10-04 16:58:01,222 [WARN] PackLoader:240 - Cannot read IP mode file for STMicroelectronics.X-CUBE-TOF1.3.3.1
2023-10-04 16:58:01,255 [WARN] PackLoader:240 - Cannot read IP mode file for STMicroelectronics.X-CUBE-AZRTOS-G4.2.0.0
2023-10-04 16:58:01,269 [WARN] PackLoader:240 - Cannot read IP mode file for STMicroelectronics.X-CUBE-FREERTOS.1.1.0
2023-10-04 16:58:01,283 [WARN] PackLoader:240 - Cannot read IP mode file for portGmbH.I-Cube-SoM-uGOAL.1.1.0
2023-10-04 16:58:01,296 [WARN] PackLoader:240 - Cannot read IP mode file for STMicroelectronics.X-CUBE-ALS.1.0.1
2023-10-04 16:58:01,310 [WARN] PackLoader:240 - Cannot read IP mode file for STMicroelectronics.FP-ATR-ASTRA1.2.0.0
2023-10-04 16:58:01,313 [INFO] ThirdParty:978 - Integrity check success = true
2023-10-04 16:58:01,313 [INFO] IntegrityCheckThread:100 - exiting critical section [integrity check]
2023-10-04 16:58:01,313 [INFO] IntegrityCheckThread:103 - End integrity checks thread
2023-10-04 16:58:02,359 [INFO] WebApp:157 - Instantiating new browser for Auth
2023-10-04 16:58:03,076 [INFO] WebApp:753 - Register for checkConnection events
2023-10-04 16:58:03,076 [INFO] WebApp:390 - Apply proxy settings
2023-10-04 16:58:03,076 [INFO] WebApp:475 - Chromium requires no authentication
2023-10-04 16:58:03,082 [INFO] WebApp:418 - Direct internet connection detected
2023-10-04 16:58:03,234 [INFO] WebApp:188 - Starting web application
2023-10-04 16:58:03,235 [INFO] WebApp:520 - Web application path used C:\ST\STM32CubeIDE_1.13.1\STM32CubeIDE\plugins\com.st.stm32cube.common.mx_6.9.1.202307191849\db\plugins\mcufinder\reactClient1\index.html
2023-10-04 16:58:23,855 [ERROR] LogOutputStream:75 - [STDERR_REDIRECT] SLF4J: Failed to load class "org.slf4j.impl.StaticLoggerBinder".
2023-10-04 16:58:23,855 [ERROR] LogOutputStream:75 - [STDERR_REDIRECT] SLF4J: Defaulting to no-operation (NOP) logger implementation
2023-10-04 16:58:23,856 [ERROR] LogOutputStream:75 - [STDERR_REDIRECT] SLF4J: See http://www.slf4j.org/codes.html#StaticLoggerBinder for further details.
2023-10-04 17:05:56,609 [INFO] McuFinderGlobals:63 - Set McuFinder mode to 2 (CubeIDE integrated)
2023-10-04 17:05:56,629 [INFO] MainUpdater:2868 - connection check result : 10
2023-10-04 17:05:57,104 [INFO] ApiDb:581 - Connected to CubeFinder SQLite database (C:\Users\christian.saiz\.stmcufinder\plugins\mcufinder\mcu\cube-finder-db.db)
2023-10-04 17:05:57,171 [INFO] ApiDb:668 - CubeFinder database Data Model version=2.1
2023-10-04 17:05:57,171 [INFO] ApiDb:669 - CubeFinder database Configuration version=3.0.37
2023-10-04 17:05:57,171 [INFO] ApiDb:670 - CubeFinder database generation date=2023-08-09 (1691586011)
2023-10-04 17:05:57,171 [INFO] ApiDb:671 - CubeFinder database FW Pack versions=[FP-ATR-ASTRA1_V2.0.0, FP-SNS-FLIGHT1_V5.0.1, FP-SNS-FLIGHT1_V5.0.2, FP-SNS-MOTENV1_V4.3.1, FP-SNS-MOTENV1_V4.3.2, STM32Cube_FW_C0_V1.1.0, STM32Cube_FW_F4_V1.27.1, STM32Cube_FW_F7_V1.17.0, STM32Cube_FW_G0_V1.6.1, STM32Cube_FW_G4_V1.5.1, STM32Cube_FW_H5_V0.5.1, STM32Cube_FW_H5_V1.1.0, STM32Cube_FW_H7_V1.11.0, STM32Cube_FW_L0_V1.12.2, STM32Cube_FW_L5_V1.5.0, STM32Cube_FW_U5_V1.3.0, STM32Cube_FW_U5_V1.3.0RC4, STM32Cube_FW_WBA_V1.0.0RC1, STM32Cube_FW_WBA_V1.1.0, STM32Cube_FW_WBA_V1.1.0RC1, STM32Cube_FW_WB_V1.15.0RC1, STM32Cube_FW_WB_V1.16.0, STM32Cube_FW_WB_V1.16.0RC2, STM32Cube_FW_WB_V1.17.0, STM32Cube_FW_WL_V1.3.0, X-CUBE-ALGOBUILD_V1.3.0, X-CUBE-ALS_V1.0.1, X-CUBE-AZRTOS-F4_V1.1.0, X-CUBE-AZRTOS-F7_V1.1.0, X-CUBE-AZRTOS-G0_V1.1.0, X-CUBE-AZRTOS-G4_V2.0.0, X-CUBE-AZRTOS-H7_V3.1.0, X-CUBE-AZRTOS-L4_V1.0.0, X-CUBE-AZRTOS-L4_V2.0.0, X-CUBE-AZRTOS-L5_V1.1.0, X-CUBE-AZRTOS-WB_V1.1.0, X-CUBE-AZRTOS-WL_V2.0.0, X-CUBE-BLE1_V7.0.0, X-CUBE-BLE2_V3.3.0, X-CUBE-BLEMGR_V2.0.0, X-CUBE-EEPRMA1_V4.1.0, X-CUBE-FREERTOS_V1.1.0, X-CUBE-GNSS1_V6.0.0, X-CUBE-MEMS1_V9.1.0, X-CUBE-MEMS1_V9.4.0, X-CUBE-MEMS1_V9.6.0, X-CUBE-NFC4_V3.0.0, X-CUBE-NFC7_V1.0.0, X-CUBE-SFXS2LP1_V4.0.0, X-CUBE-SUBG2_V5.0.0, X-CUBE-TOF1_V3.3.1]
2023-10-04 17:05:57,327 [INFO] DbBoardsSqlite:226 - include board P-NUCLEO-WB55-NUCLEO as a kit item of type 'Nucleo-64'
2023-10-04 17:05:57,328 [INFO] DbBoardsSqlite:226 - include board P-NUCLEO-WB55-USBDONGLE as a kit item of type 'Nucleo USB Dongle'
2023-10-04 17:05:57,329 [INFO] DbBoardsSqlite:226 - include board STEVAL-IDP005V1 as a kit item of type 'Evaluation Board'
2023-10-04 17:05:57,330 [INFO] DbBoardsSqlite:226 - include board STEVAL-IDP005V2 as a kit item of type 'Evaluation Board'
2023-10-04 17:05:57,605 [INFO] ApiDb:240 - Found 323 in-development CPN: [B-G473E-ZEST1S, B-WB1M-WPAN1, B-WL5M-SUBG1, NUCLEO-C031C6, NUCLEO-H503RB, NUCLEO-H563ZI, NUCLEO-U545RE-Q, NUCLEO-U5A5ZJ-Q, NUCLEO-WBA52CG, STEVAL-PROTEUS1, STEVAL-SMARTAG2, STEVAL-STWINBX1, STM320518-EVAL, STM32C0116-DK, STM32C011D6Y3TR, STM32C011D6Y6TR, STM32C011F4P3, STM32C011F4P6, STM32C011F4U3, STM32C011F4U6TR, STM32C011F6P3, STM32C011F6P6, STM32C011F6U3, STM32C011F6U6TR, STM32C011J4M3, STM32C011J4M6, STM32C011J6M3, STM32C011J6M6, STM32C0316-DK, STM32C031C4T3, STM32C031C4T6, STM32C031C4U3, STM32C031C4U6, STM32C031C6T3, STM32C031C6T6, STM32C031C6U3, STM32C031C6U6, STM32C031F4P3, STM32C031F4P6, STM32C031F6P3, STM32C031F6P6, STM32C031G4U3, STM32C031G4U6, STM32C031G6U3, STM32C031G6U6, STM32C031K4T3, STM32C031K4T6, STM32C031K4U3, STM32C031K4U6, STM32C031K6T3, STM32C031K6T6, STM32C031K6U3, STM32C031K6U6, STM32G071K8TXN, STM32G071K8UXN, STM32G081GBU6N, STM32G081KBT6N, STM32G081KBUXN, STM32G0B1CCT6N, STM32G0B1KCT6, STM32G0B1NEY6TR, STM32G0B1RCT6N, STM32G0C1CCT6, STM32G0C1CCT6N, STM32G0C1CCU6N, STM32G0C1CET6N, STM32G0C1CEU6N, STM32G0C1KCT6, STM32G0C1NEY6TR, STM32G0C1RCI6N, STM32G0C1RCT6N, STM32G0C1REI6N, STM32G0C1RET6N, STM32G0C1VCI6, STM32G0C1VEI6, STM32G471CCT6, STM32G471CCU6, STM32G471CET3, STM32G471CET6, STM32G471CEU3, STM32G471CEU6, STM32G471MCT6, STM32G471MET3, STM32G471MET6, STM32G471MEY6TR, STM32G471QCT6, STM32G471QET3, STM32G471RCT6, STM32G471RET3, STM32G471RET6, STM32G471VCH6, STM32G471VCI6, STM32G471VCT6, STM32G471VEH3, STM32G471VEH6, STM32G471VEI3, STM32G471VEI6, STM32G471VET3, STM32G471VET6, STM32G474CCT6, STM32H503CBT6, STM32H503CBU6, STM32H503EBY6TR, STM32H503KBU6, STM32H503RBT6, STM32H562AGI6, STM32H562AII6, STM32H562IGK6, STM32H562IGT6, STM32H562IIK6, STM32H562IIT6, STM32H562RGT6, STM32H562RGV6, STM32H562RIT6, STM32H562RIV6, STM32H562VGT6, STM32H562VIT6, STM32H562ZGT6, STM32H562ZIT6, STM32H563AGI6, STM32H563AII3Q, STM32H563AII6, STM32H563IGK6, STM32H563IGT6, STM32H563IIK3Q, STM32H563IIK6, STM32H563IIT3Q, STM32H563IIT6, STM32H563MIY3QTR, STM32H563RGT6, STM32H563RGV6, STM32H563RIT6, STM32H563RIV6, STM32H563VGT6, STM32H563VIT3Q, STM32H563VIT6, STM32H563ZGT6, STM32H563ZIT3Q, STM32H563ZIT6, STM32H573AII3Q, STM32H573AII6, STM32H573I-DK, STM32H573IIK3Q, STM32H573IIK6, STM32H573IIT3Q, STM32H573IIT6, STM32H573MIY3QTR, STM32H573RIT6, STM32H573RIV6, STM32H573VIT3Q, STM32H573VIT6, STM32H573ZIT3Q, STM32H573ZIT6, STM32L4R5QGI6STR, STM32MP131AAE3, STM32MP131AAF3, STM32MP131AAG3, STM32MP131CAE3, STM32MP131CAF3, STM32MP131CAG3, STM32MP131DAE7, STM32MP131DAF7, STM32MP131DAG7, STM32MP131FAE7, STM32MP131FAF7, STM32MP131FAG7, STM32MP133AAE3, STM32MP133AAF3, STM32MP133AAG3, STM32MP133CAE3, STM32MP133CAF3, STM32MP133CAG3, STM32MP133DAE7, STM32MP133DAF7, STM32MP133DAG7, STM32MP133FAE7, STM32MP133FAF7, STM32MP133FAG7, STM32MP135AAE3, STM32MP135AAF3, STM32MP135AAG3, STM32MP135CAE3, STM32MP135CAF3, STM32MP135CAG3, STM32MP135DAE7, STM32MP135DAF7, STM32MP135DAG7, STM32MP135F-DK, STM32MP135FAE7, STM32MP135FAF7, STM32MP135FAF7T, STM32MP135FAF7U, STM32MP135FAG7, STM32U535CBT6, STM32U535CBT6Q, STM32U535CBU6, STM32U535CBU6Q, STM32U535CCT6, STM32U535CCT6Q, STM32U535CCU6, STM32U535CCU6Q, STM32U535CET6, STM32U535CET6Q, STM32U535CEU6, STM32U535CEU6Q, STM32U535JEY6QTR, STM32U535NCY6QTR, STM32U535NEY6QTR, STM32U535RBI6, STM32U535RBI6Q, STM32U535RBT6, STM32U535RBT6Q, STM32U535RCI6, STM32U535RCI6Q, STM32U535RCT6, STM32U535RCT6Q, STM32U535REI6, STM32U535REI6Q, STM32U535RET6, STM32U535RET6Q, STM32U535VCI6, STM32U535VCI6Q, STM32U535VCT6, STM32U535VCT6Q, STM32U535VEI6, STM32U535VEI6Q, STM32U535VET6, STM32U535VET6Q, STM32U545CET6, STM32U545CET6Q, STM32U545CEU6, STM32U545CEU6Q, STM32U545JEY6QTR, STM32U545NEY6QTR, STM32U545REI6, STM32U545REI6Q, STM32U545RET6, STM32U545RET6Q, STM32U545VEI6, STM32U545VEI6Q, STM32U545VET6, STM32U545VET6Q, STM32U595AIH6, STM32U595AIH6Q, STM32U595AJH6, STM32U595AJH6Q, STM32U595QII6, STM32U595QII6Q, STM32U595QJI6, STM32U595QJI6Q, STM32U595RIT6, STM32U595RIT6Q, STM32U595RJT6, STM32U595RJT6Q, STM32U595VIT6, STM32U595VIT6Q, STM32U595VJT6, STM32U595VJT6Q, STM32U595ZIT6, STM32U595ZIT6Q, STM32U595ZIY6QTR, STM32U595ZJT6, STM32U595ZJT6Q, STM32U595ZJY6QTR, STM32U599BJY6QTR, STM32U599NIH6Q, STM32U599NJH6Q, STM32U599VIT6Q, STM32U599VJT6, STM32U599VJT6Q, STM32U599ZIT6Q, STM32U599ZIY6QTR, STM32U599ZJT6Q, STM32U599ZJY6QTR, STM32U5A5AJH6, STM32U5A5AJH6Q, STM32U5A5QJI6, STM32U5A5QJI6Q, STM32U5A5RJT6, STM32U5A5RJT6Q, STM32U5A5VJT6, STM32U5A5VJT6Q, STM32U5A5ZJT6, STM32U5A5ZJT6Q, STM32U5A5ZJY6QTR, STM32U5A9BJY6QTR, STM32U5A9J-DK, STM32U5A9NJH6Q, STM32U5A9VJT6Q, STM32U5A9ZJT6Q, STM32U5A9ZJY6QTR, STM32U5F7VIT6, STM32U5F7VIT6Q, STM32U5F7VJT6, STM32U5F7VJT6Q, STM32U5F9BJY6QTR, STM32U5F9NJH6Q, STM32U5F9VIT6Q, STM32U5F9VJT6Q, STM32U5F9ZIJ6QTR, STM32U5F9ZIT6Q, STM32U5F9ZJJ6QTR, STM32U5F9ZJT6Q, STM32U5G7VJT6, STM32U5G7VJT6Q, STM32U5G9BJY6QTR, STM32U5G9J-DK1, STM32U5G9J-DK2, STM32U5G9NJH6Q, STM32U5G9VJT6Q, STM32U5G9ZJJ6QTR, STM32U5G9ZJT6Q, STM32WB1MMCH6, STM32WBA52CEU6, STM32WBA52CEU6T, STM32WBA52CGU6, STM32WBA52CGU6T, STM32WBA52KEU6, STM32WBA52KEU6T, STM32WBA52KGU6, STM32WBA52KGU6T, STM32WL5MOCH6, STM32WL5MOCH6TR]
2023-10-04 17:05:57,697 [INFO] BoardInfo:880 - No configuration file found for board P-NUCLEO-WB55
2023-10-04 17:05:57,697 [INFO] DbBoards:157 - Kit is not supported: P-NUCLEO-WB55
2023-10-04 17:05:57,700 [INFO] BoardInfo:880 - No configuration file found for board STEVAL-BFA001V1B
2023-10-04 17:05:57,700 [INFO] DbBoards:157 - Kit is not supported: STEVAL-BFA001V1B
2023-10-04 17:05:57,701 [INFO] BoardInfo:880 - No configuration file found for board STEVAL-BFA001V2B
2023-10-04 17:05:57,701 [INFO] DbBoards:157 - Kit is not supported: STEVAL-BFA001V2B
2023-10-04 17:05:57,768 [INFO] DbBoards:161 - Found 190 boards, 187 are supported
2023-10-04 17:05:57,770 [INFO] ApiDb:668 - CubeFinder database Data Model version=2.1
2023-10-04 17:05:57,770 [INFO] ApiDb:669 - CubeFinder database Configuration version=3.0.37
2023-10-04 17:05:57,770 [INFO] ApiDb:670 - CubeFinder database generation date=2023-08-09 (1691586011)
2023-10-04 17:05:57,771 [INFO] ApiDb:671 - CubeFinder database FW Pack versions=[FP-ATR-ASTRA1_V2.0.0, FP-SNS-FLIGHT1_V5.0.1, FP-SNS-FLIGHT1_V5.0.2, FP-SNS-MOTENV1_V4.3.1, FP-SNS-MOTENV1_V4.3.2, STM32Cube_FW_C0_V1.1.0, STM32Cube_FW_F4_V1.27.1, STM32Cube_FW_F7_V1.17.0, STM32Cube_FW_G0_V1.6.1, STM32Cube_FW_G4_V1.5.1, STM32Cube_FW_H5_V0.5.1, STM32Cube_FW_H5_V1.1.0, STM32Cube_FW_H7_V1.11.0, STM32Cube_FW_L0_V1.12.2, STM32Cube_FW_L5_V1.5.0, STM32Cube_FW_U5_V1.3.0, STM32Cube_FW_U5_V1.3.0RC4, STM32Cube_FW_WBA_V1.0.0RC1, STM32Cube_FW_WBA_V1.1.0, STM32Cube_FW_WBA_V1.1.0RC1, STM32Cube_FW_WB_V1.15.0RC1, STM32Cube_FW_WB_V1.16.0, STM32Cube_FW_WB_V1.16.0RC2, STM32Cube_FW_WB_V1.17.0, STM32Cube_FW_WL_V1.3.0, X-CUBE-ALGOBUILD_V1.3.0, X-CUBE-ALS_V1.0.1, X-CUBE-AZRTOS-F4_V1.1.0, X-CUBE-AZRTOS-F7_V1.1.0, X-CUBE-AZRTOS-G0_V1.1.0, X-CUBE-AZRTOS-G4_V2.0.0, X-CUBE-AZRTOS-H7_V3.1.0, X-CUBE-AZRTOS-L4_V1.0.0, X-CUBE-AZRTOS-L4_V2.0.0, X-CUBE-AZRTOS-L5_V1.1.0, X-CUBE-AZRTOS-WB_V1.1.0, X-CUBE-AZRTOS-WL_V2.0.0, X-CUBE-BLE1_V7.0.0, X-CUBE-BLE2_V3.3.0, X-CUBE-BLEMGR_V2.0.0, X-CUBE-EEPRMA1_V4.1.0, X-CUBE-FREERTOS_V1.1.0, X-CUBE-GNSS1_V6.0.0, X-CUBE-MEMS1_V9.1.0, X-CUBE-MEMS1_V9.4.0, X-CUBE-MEMS1_V9.6.0, X-CUBE-NFC4_V3.0.0, X-CUBE-NFC7_V1.0.0, X-CUBE-SFXS2LP1_V4.0.0, X-CUBE-SUBG2_V5.0.0, X-CUBE-TOF1_V3.3.1]
2023-10-04 17:05:59,125 [INFO] ApiDb:240 - Found 323 in-development CPN: [B-G473E-ZEST1S, B-WB1M-WPAN1, B-WL5M-SUBG1, NUCLEO-C031C6, NUCLEO-H503RB, NUCLEO-H563ZI, NUCLEO-U545RE-Q, NUCLEO-U5A5ZJ-Q, NUCLEO-WBA52CG, STEVAL-PROTEUS1, STEVAL-SMARTAG2, STEVAL-STWINBX1, STM320518-EVAL, STM32C0116-DK, STM32C011D6Y3TR, STM32C011D6Y6TR, STM32C011F4P3, STM32C011F4P6, STM32C011F4U3, STM32C011F4U6TR, STM32C011F6P3, STM32C011F6P6, STM32C011F6U3, STM32C011F6U6TR, STM32C011J4M3, STM32C011J4M6, STM32C011J6M3, STM32C011J6M6, STM32C0316-DK, STM32C031C4T3, STM32C031C4T6, STM32C031C4U3, STM32C031C4U6, STM32C031C6T3, STM32C031C6T6, STM32C031C6U3, STM32C031C6U6, STM32C031F4P3, STM32C031F4P6, STM32C031F6P3, STM32C031F6P6, STM32C031G4U3, STM32C031G4U6, STM32C031G6U3, STM32C031G6U6, STM32C031K4T3, STM32C031K4T6, STM32C031K4U3, STM32C031K4U6, STM32C031K6T3, STM32C031K6T6, STM32C031K6U3, STM32C031K6U6, STM32G071K8TXN, STM32G071K8UXN, STM32G081GBU6N, STM32G081KBT6N, STM32G081KBUXN, STM32G0B1CCT6N, STM32G0B1KCT6, STM32G0B1NEY6TR, STM32G0B1RCT6N, STM32G0C1CCT6, STM32G0C1CCT6N, STM32G0C1CCU6N, STM32G0C1CET6N, STM32G0C1CEU6N, STM32G0C1KCT6, STM32G0C1NEY6TR, STM32G0C1RCI6N, STM32G0C1RCT6N, STM32G0C1REI6N, STM32G0C1RET6N, STM32G0C1VCI6, STM32G0C1VEI6, STM32G471CCT6, STM32G471CCU6, STM32G471CET3, STM32G471CET6, STM32G471CEU3, STM32G471CEU6, STM32G471MCT6, STM32G471MET3, STM32G471MET6, STM32G471MEY6TR, STM32G471QCT6, STM32G471QET3, STM32G471RCT6, STM32G471RET3, STM32G471RET6, STM32G471VCH6, STM32G471VCI6, STM32G471VCT6, STM32G471VEH3, STM32G471VEH6, STM32G471VEI3, STM32G471VEI6, STM32G471VET3, STM32G471VET6, STM32G474CCT6, STM32H503CBT6, STM32H503CBU6, STM32H503EBY6TR, STM32H503KBU6, STM32H503RBT6, STM32H562AGI6, STM32H562AII6, STM32H562IGK6, STM32H562IGT6, STM32H562IIK6, STM32H562IIT6, STM32H562RGT6, STM32H562RGV6, STM32H562RIT6, STM32H562RIV6, STM32H562VGT6, STM32H562VIT6, STM32H562ZGT6, STM32H562ZIT6, STM32H563AGI6, STM32H563AII3Q, STM32H563AII6, STM32H563IGK6, STM32H563IGT6, STM32H563IIK3Q, STM32H563IIK6, STM32H563IIT3Q, STM32H563IIT6, STM32H563MIY3QTR, STM32H563RGT6, STM32H563RGV6, STM32H563RIT6, STM32H563RIV6, STM32H563VGT6, STM32H563VIT3Q, STM32H563VIT6, STM32H563ZGT6, STM32H563ZIT3Q, STM32H563ZIT6, STM32H573AII3Q, STM32H573AII6, STM32H573I-DK, STM32H573IIK3Q, STM32H573IIK6, STM32H573IIT3Q, STM32H573IIT6, STM32H573MIY3QTR, STM32H573RIT6, STM32H573RIV6, STM32H573VIT3Q, STM32H573VIT6, STM32H573ZIT3Q, STM32H573ZIT6, STM32L4R5QGI6STR, STM32MP131AAE3, STM32MP131AAF3, STM32MP131AAG3, STM32MP131CAE3, STM32MP131CAF3, STM32MP131CAG3, STM32MP131DAE7, STM32MP131DAF7, STM32MP131DAG7, STM32MP131FAE7, STM32MP131FAF7, STM32MP131FAG7, STM32MP133AAE3, STM32MP133AAF3, STM32MP133AAG3, STM32MP133CAE3, STM32MP133CAF3, STM32MP133CAG3, STM32MP133DAE7, STM32MP133DAF7, STM32MP133DAG7, STM32MP133FAE7, STM32MP133FAF7, STM32MP133FAG7, STM32MP135AAE3, STM32MP135AAF3, STM32MP135AAG3, STM32MP135CAE3, STM32MP135CAF3, STM32MP135CAG3, STM32MP135DAE7, STM32MP135DAF7, STM32MP135DAG7, STM32MP135F-DK, STM32MP135FAE7, STM32MP135FAF7, STM32MP135FAF7T, STM32MP135FAF7U, STM32MP135FAG7, STM32U535CBT6, STM32U535CBT6Q, STM32U535CBU6, STM32U535CBU6Q, STM32U535CCT6, STM32U535CCT6Q, STM32U535CCU6, STM32U535CCU6Q, STM32U535CET6, STM32U535CET6Q, STM32U535CEU6, STM32U535CEU6Q, STM32U535JEY6QTR, STM32U535NCY6QTR, STM32U535NEY6QTR, STM32U535RBI6, STM32U535RBI6Q, STM32U535RBT6, STM32U535RBT6Q, STM32U535RCI6, STM32U535RCI6Q, STM32U535RCT6, STM32U535RCT6Q, STM32U535REI6, STM32U535REI6Q, STM32U535RET6, STM32U535RET6Q, STM32U535VCI6, STM32U535VCI6Q, STM32U535VCT6, STM32U535VCT6Q, STM32U535VEI6, STM32U535VEI6Q, STM32U535VET6, STM32U535VET6Q, STM32U545CET6, STM32U545CET6Q, STM32U545CEU6, STM32U545CEU6Q, STM32U545JEY6QTR, STM32U545NEY6QTR, STM32U545REI6, STM32U545REI6Q, STM32U545RET6, STM32U545RET6Q, STM32U545VEI6, STM32U545VEI6Q, STM32U545VET6, STM32U545VET6Q, STM32U595AIH6, STM32U595AIH6Q, STM32U595AJH6, STM32U595AJH6Q, STM32U595QII6, STM32U595QII6Q, STM32U595QJI6, STM32U595QJI6Q, STM32U595RIT6, STM32U595RIT6Q, STM32U595RJT6, STM32U595RJT6Q, STM32U595VIT6, STM32U595VIT6Q, STM32U595VJT6, STM32U595VJT6Q, STM32U595ZIT6, STM32U595ZIT6Q, STM32U595ZIY6QTR, STM32U595ZJT6, STM32U595ZJT6Q, STM32U595ZJY6QTR, STM32U599BJY6QTR, STM32U599NIH6Q, STM32U599NJH6Q, STM32U599VIT6Q, STM32U599VJT6, STM32U599VJT6Q, STM32U599ZIT6Q, STM32U599ZIY6QTR, STM32U599ZJT6Q, STM32U599ZJY6QTR, STM32U5A5AJH6, STM32U5A5AJH6Q, STM32U5A5QJI6, STM32U5A5QJI6Q, STM32U5A5RJT6, STM32U5A5RJT6Q, STM32U5A5VJT6, STM32U5A5VJT6Q, STM32U5A5ZJT6, STM32U5A5ZJT6Q, STM32U5A5ZJY6QTR, STM32U5A9BJY6QTR, STM32U5A9J-DK, STM32U5A9NJH6Q, STM32U5A9VJT6Q, STM32U5A9ZJT6Q, STM32U5A9ZJY6QTR, STM32U5F7VIT6, STM32U5F7VIT6Q, STM32U5F7VJT6, STM32U5F7VJT6Q, STM32U5F9BJY6QTR, STM32U5F9NJH6Q, STM32U5F9VIT6Q, STM32U5F9VJT6Q, STM32U5F9ZIJ6QTR, STM32U5F9ZIT6Q, STM32U5F9ZJJ6QTR, STM32U5F9ZJT6Q, STM32U5G7VJT6, STM32U5G7VJT6Q, STM32U5G9BJY6QTR, STM32U5G9J-DK1, STM32U5G9J-DK2, STM32U5G9NJH6Q, STM32U5G9VJT6Q, STM32U5G9ZJJ6QTR, STM32U5G9ZJT6Q, STM32WB1MMCH6, STM32WBA52CEU6, STM32WBA52CEU6T, STM32WBA52CGU6, STM32WBA52CGU6T, STM32WBA52KEU6, STM32WBA52KEU6T, STM32WBA52KGU6, STM32WBA52KGU6T, STM32WL5MOCH6, STM32WL5MOCH6TR]
2023-10-04 17:05:59,128 [INFO] DbMcus:217 - Found 3848 MCUs, 3848 are supported
2023-10-04 17:05:59,133 [INFO] ApiDb:423 - Load user favorites file C:\Users\christian.saiz/.stm32cubeide/favorites.mcus.txt: 1 item(s)
2023-10-04 17:05:59,133 [INFO] ApiDb:427 - User favorites MCUs=[STM32F103C8T6]
2023-10-04 17:05:59,133 [INFO] DbMcus:223 - Set 1 / 1 favorites MCUs
2023-10-04 17:05:59,282 [INFO] ApiDb:423 - Load user favorites file C:\Users\christian.saiz/.stm32cubeide/favorites.boards.txt: 0 item(s)
2023-10-04 17:05:59,283 [INFO] ApiDb:427 - User favorites Boards=[]
2023-10-04 17:05:59,283 [INFO] DbBoards:190 - Set 0 / 0 favorites Boards
2023-10-04 17:05:59,283 [INFO] McuFinderGlobals:76 - Set McuFinderConnectedMode to true
2023-10-04 17:05:59,290 [INFO] MultiScanPanel:200 - Auto-refresh data requested => check proxy status ongoing
2023-10-04 17:05:59,293 [INFO] FinderPluginLoader:95 - Searching for filters in installed packs
2023-10-04 17:06:00,297 [INFO] LoadUrlFilesThread:185 - End of LoadServerUrlFiles without Thread
2023-10-04 17:06:00,306 [INFO] DetailPanel:341 - Set advertising image to C:/Users/christian.saiz/STM32Cube/Repository/\en.prom-stm32h5-mcu-finder.jpg
2023-10-04 17:06:29,153 [INFO] MainUpdater:2868 - connection check result : 10
2023-10-04 17:06:29,154 [INFO] MainUpdater:2868 - connection check result : 10
2023-10-04 17:06:29,179 [INFO] MicroXplorer:468 - Change Database Path : 
2023-10-04 17:06:29,179 [INFO] MicroXplorer:498 - Change Database Version : DB.6.0.91
2023-10-04 17:06:29,183 [WARN] ThirdParty:871 - waiting for thirdparty lock release [close project]
2023-10-04 17:06:29,183 [INFO] ThirdParty:873 - entering critical section [close project]
2023-10-04 17:06:29,184 [INFO] ThirdParty:883 - exiting critical section [close project]
2023-10-04 17:06:29,185 [INFO] PinOutPanel:1499 - setPackage(No Configuration,No Configuration)
2023-10-04 17:06:29,192 [INFO] UtilMem:75 - Begin LoadConfig() Used Memory: 551415896 Bytes (947912704)
2023-10-04 17:06:29,192 [INFO] MicroXplorer:468 - Change Database Path : 
2023-10-04 17:06:29,192 [INFO] MicroXplorer:498 - Change Database Version : DB.6.0.91
2023-10-04 17:06:29,192 [INFO] OpenFileManager:308 - Change cursor
2023-10-04 17:06:29,369 [INFO] Mcu:1946 - Initializing MCU STM32F103C8Tx STM32F103C8Tx STM32F103C8T6
2023-10-04 17:06:30,000 [INFO] Context:659 - Trying to add GPIOservice into a context  which must be forbidden
2023-10-04 17:06:30,174 [INFO] ImportTextPane:194 - (OptionalMessage_ERROR) Unable to find key (Mcu.ThirdPartyNb) in loaded IOC file
2023-10-04 17:06:30,174 [INFO] ImportTextPane:194 - (OptionalMessage_ERROR) Unable to find key (Mcu.PinsNb) in loaded IOC file
2023-10-04 17:06:30,174 [INFO] ImportTextPane:194 - (OptionalMessage_ERROR) Unable to find key (Mcu.IPNb) in loaded IOC file
2023-10-04 17:06:30,348 [INFO] RtosManager:555 - Registered RTOS mode: class=CMSIS, group=RTOS, mode=CMSIS_V1, owner=FREERTOS
2023-10-04 17:06:30,348 [INFO] RtosManager:555 - Registered RTOS mode: class=CMSIS, group=RTOS2, mode=CMSIS_V2, owner=FREERTOS
2023-10-04 17:06:30,348 [INFO] RtosManager:555 - Registered RTOS mode: class=RTOS, group=Core, mode=CMSIS_V1, owner=FREERTOS
2023-10-04 17:06:30,348 [INFO] RtosManager:555 - Registered RTOS mode: class=RTOS, group=Core, mode=CMSIS_V2, owner=FREERTOS
2023-10-04 17:06:30,348 [WARN] ModelIntegratedComponent:184 - Missing modes for component STMicroelectronics:FreeRTOS:0.0.1:STMicroelectronics:RTOS:FreeRTOS:Core:::10.2.0:
2023-10-04 17:06:30,358 [WARN] ModelIntegratedComponent:63 - No mode defined for component null
2023-10-04 17:06:30,358 [WARN] ModelIntegratedComponent:63 - No mode defined for component null
2023-10-04 17:06:30,358 [WARN] ModelIntegratedComponent:63 - No mode defined for component null
2023-10-04 17:06:30,358 [WARN] ModelIntegratedComponent:63 - No mode defined for component null
2023-10-04 17:06:30,358 [WARN] ModelIntegratedComponent:63 - No mode defined for component null
2023-10-04 17:06:30,358 [WARN] ModelIntegratedComponent:63 - No mode defined for component null
2023-10-04 17:06:30,358 [WARN] ModelIntegratedComponent:63 - No mode defined for component null
2023-10-04 17:06:30,358 [WARN] ModelIntegratedComponent:63 - No mode defined for component null
2023-10-04 17:06:30,358 [WARN] ModelIntegratedComponent:63 - No mode defined for component null
2023-10-04 17:06:30,358 [WARN] ModelIntegratedComponent:63 - No mode defined for component null
2023-10-04 17:06:30,358 [WARN] ModelIntegratedComponent:63 - No mode defined for component null
2023-10-04 17:06:30,358 [WARN] ModelIntegratedComponent:63 - No mode defined for component null
2023-10-04 17:06:30,358 [WARN] ModelIntegratedComponent:63 - No mode defined for component null
2023-10-04 17:06:30,358 [WARN] ModelIntegratedComponent:63 - No mode defined for component null
2023-10-04 17:06:30,358 [WARN] ModelIntegratedComponent:63 - No mode defined for component null
2023-10-04 17:06:30,358 [WARN] ModelIntegratedComponent:63 - No mode defined for component null
2023-10-04 17:06:30,358 [WARN] ModelIntegratedComponent:63 - No mode defined for component null
2023-10-04 17:06:30,359 [WARN] ModelIntegratedComponent:63 - No mode defined for component null
2023-10-04 17:06:30,359 [WARN] ModelIntegratedComponent:63 - No mode defined for component null
2023-10-04 17:06:30,359 [WARN] ModelIntegratedComponent:63 - No mode defined for component null
2023-10-04 17:06:30,359 [WARN] ModelIntegratedComponent:63 - No mode defined for component null
2023-10-04 17:06:30,359 [WARN] ModelIntegratedComponent:63 - No mode defined for component null
2023-10-04 17:06:30,359 [WARN] ModelIntegratedComponent:63 - No mode defined for component null
2023-10-04 17:06:30,359 [WARN] ModelIntegratedComponent:63 - No mode defined for component null
2023-10-04 17:06:30,359 [WARN] ModelIntegratedComponent:63 - No mode defined for component null
2023-10-04 17:06:30,359 [WARN] ModelIntegratedComponent:63 - No mode defined for component null
2023-10-04 17:06:30,359 [WARN] ModelIntegratedComponent:63 - No mode defined for component null
2023-10-04 17:06:30,359 [WARN] ModelIntegratedComponent:63 - No mode defined for component null
2023-10-04 17:06:30,359 [WARN] ModelIntegratedComponent:63 - No mode defined for component null
2023-10-04 17:06:30,359 [WARN] ModelIntegratedComponent:63 - No mode defined for component null
2023-10-04 17:06:30,359 [WARN] ModelIntegratedComponent:63 - No mode defined for component null
2023-10-04 17:06:30,359 [WARN] ModelIntegratedComponent:63 - No mode defined for component null
2023-10-04 17:06:30,359 [WARN] ModelIntegratedComponent:63 - No mode defined for component null
2023-10-04 17:06:30,377 [INFO] ThirdPartyModel:298 - Start build external matchings
2023-10-04 17:06:30,701 [INFO] ThirdPartyModel:316 - End build external matchings
2023-10-04 17:06:30,852 [INFO] UtilMem:75 - End LoadConfig() Used Memory: 681463192 Bytes (1001390080)
2023-10-04 17:06:30,875 [WARN] ThirdParty:833 - waiting for thirdparty lock release [change project]
2023-10-04 17:06:30,875 [INFO] ThirdParty:835 - entering critical section [change project]
2023-10-04 17:06:30,875 [INFO] ThirdParty:1030 - CMSIS Pack Vendor :STMicroelectronics X-CUBE-ISPU 1.1.0
2023-10-04 17:06:30,875 [INFO] ThirdParty:1030 - CMSIS Pack Vendor :STMicroelectronics USBPD 4.1
2023-10-04 17:06:30,875 [INFO] ThirdParty:1030 - CMSIS Pack Vendor :STMicroelectronics X-CUBE-GNSS1 6.0.0
2023-10-04 17:06:30,875 [INFO] ThirdParty:1030 - CMSIS Pack Vendor :STMicroelectronics USB_HOST 2.0.0
2023-10-04 17:06:30,876 [INFO] ThirdParty:1030 - CMSIS Pack Vendor :STMicroelectronics X-CUBE-AZRTOS-F4 1.1.0
2023-10-04 17:06:30,876 [INFO] ThirdParty:1030 - CMSIS Pack Vendor :STMicroelectronics LIBJPEG 8.0.0
2023-10-04 17:06:30,876 [INFO] ThirdParty:1030 - CMSIS Pack Vendor :wolfSSL I-CUBE-wolfSSL 5.6.3
2023-10-04 17:06:30,876 [INFO] ThirdParty:1030 - CMSIS Pack Vendor :STMicroelectronics X-CUBE-SMBUS 2.1.0
2023-10-04 17:06:30,876 [INFO] ThirdParty:1030 - CMSIS Pack Vendor :STMicroelectronics USB_DEVICE 3.0.0
2023-10-04 17:06:30,877 [INFO] ThirdParty:1030 - CMSIS Pack Vendor :STMicroelectronics X-CUBE-AZRTOS-WB 2.0.0
2023-10-04 17:06:30,877 [INFO] ThirdParty:1030 - CMSIS Pack Vendor :STMicroelectronics X-CUBE-AZRTOS-F7 1.1.0
2023-10-04 17:06:30,877 [INFO] ThirdParty:1030 - CMSIS Pack Vendor :STMicroelectronics X-CUBE-AZRTOS-L5 2.0.0
2023-10-04 17:06:30,877 [INFO] ThirdParty:1030 - CMSIS Pack Vendor :STMicroelectronics USB_DEVICE 2.0.0
2023-10-04 17:06:30,877 [INFO] ThirdParty:1030 - CMSIS Pack Vendor :STMicroelectronics X-CUBE-MEMS1 9.6.0
2023-10-04 17:06:30,877 [INFO] ThirdParty:1030 - CMSIS Pack Vendor :ITTIA_DB I-CUBE-ITTIADB 8.8.0
2023-10-04 17:06:30,877 [INFO] ThirdParty:1030 - CMSIS Pack Vendor :STMicroelectronics FP-SNS-MOTENV1 4.3.2
2023-10-04 17:06:30,877 [INFO] ThirdParty:1030 - CMSIS Pack Vendor :STMicroelectronics X-CUBE-ALGOBUILD 1.3.0
2023-10-04 17:06:30,877 [INFO] ThirdParty:1030 - CMSIS Pack Vendor :STMicroelectronics FreeRTOS 0.0.1
2023-10-04 17:06:30,877 [INFO] ThirdParty:1030 - CMSIS Pack Vendor :STMicroelectronics X-CUBE-AZRTOS-G0 1.1.0
2023-10-04 17:06:30,877 [INFO] ThirdParty:1030 - CMSIS Pack Vendor :STMicroelectronics X-CUBE-BLEMGR 2.0.0
2023-10-04 17:06:30,877 [INFO] ThirdParty:1030 - CMSIS Pack Vendor :STMicroelectronics X-CUBE-NFC4 3.0.0
2023-10-04 17:06:30,877 [INFO] ThirdParty:1030 - CMSIS Pack Vendor :STMicroelectronics X-CUBE-SUBG2 5.0.0
2023-10-04 17:06:30,877 [INFO] ThirdParty:1030 - CMSIS Pack Vendor :STMicroelectronics STM32_WPAN 1.0.0
2023-10-04 17:06:30,877 [INFO] ThirdParty:1030 - CMSIS Pack Vendor :STMicroelectronics lwIP 2.0.3
2023-10-04 17:06:30,877 [INFO] ThirdParty:1030 - CMSIS Pack Vendor :STMicroelectronics FP-SNS-FLIGHT1 5.0.2
2023-10-04 17:06:30,879 [INFO] ThirdParty:1030 - CMSIS Pack Vendor :STMicroelectronics USB_HOST 1.0.0
2023-10-04 17:06:30,880 [INFO] ThirdParty:1030 - CMSIS Pack Vendor :STMicroelectronics X-CUBE-TOF1 3.3.1
2023-10-04 17:06:30,880 [INFO] ThirdParty:1030 - CMSIS Pack Vendor :STMicroelectronics X-CUBE-AZRTOS-G4 2.0.0
2023-10-04 17:06:30,880 [INFO] ThirdParty:1030 - CMSIS Pack Vendor :STMicroelectronics PDM2PCM 3.1.0
2023-10-04 17:06:30,880 [INFO] ThirdParty:1030 - CMSIS Pack Vendor :STMicroelectronics X-CUBE-AZRTOS-H7 3.1.0
2023-10-04 17:06:30,880 [INFO] ThirdParty:1030 - CMSIS Pack Vendor :STMicroelectronics PDM2PCM 3.3.0
2023-10-04 17:06:30,880 [INFO] ThirdParty:1030 - CMSIS Pack Vendor :STMicroelectronics X-CUBE-DISPLAY 3.0.0
2023-10-04 17:06:30,880 [INFO] ThirdParty:1030 - CMSIS Pack Vendor :STMicroelectronics X-CUBE-BLE1 7.0.0
2023-10-04 17:06:30,882 [INFO] ThirdParty:1030 - CMSIS Pack Vendor :STMicroelectronics FP-ATR-SIGFOX1 3.2.0
2023-10-04 17:06:30,882 [INFO] ThirdParty:1030 - CMSIS Pack Vendor :STMicroelectronics HAL Drivers 0.0.0
2023-10-04 17:06:30,882 [INFO] ThirdParty:1030 - CMSIS Pack Vendor :STMicroelectronics MBEDTLS 2.16.2
2023-10-04 17:06:30,882 [INFO] ThirdParty:1030 - CMSIS Pack Vendor :emotas I-CUBE-CANOPEN 1.3.0
2023-10-04 17:06:30,882 [INFO] ThirdParty:1030 - CMSIS Pack Vendor :STMicroelectronics X-CUBE-FREERTOS 1.1.0
2023-10-04 17:06:30,882 [INFO] ThirdParty:1030 - CMSIS Pack Vendor :STMicroelectronics X-CUBE-TOUCHGFX 4.22.0
2023-10-04 17:06:30,882 [INFO] ThirdParty:1030 - CMSIS Pack Vendor :STMicroelectronics X-CUBE-NFC7 1.0.1
2023-10-04 17:06:30,882 [INFO] ThirdParty:1030 - CMSIS Pack Vendor :STMicroelectronics MBEDTLS 2.14.1
2023-10-04 17:06:30,882 [INFO] ThirdParty:1030 - CMSIS Pack Vendor :STMicroelectronics X-CUBE-TOUCHGFX 4.22.1
2023-10-04 17:06:30,882 [INFO] ThirdParty:1030 - CMSIS Pack Vendor :STMicroelectronics X-CUBE-NFC6 3.0.0
2023-10-04 17:06:30,882 [INFO] ThirdParty:1030 - CMSIS Pack Vendor :STMicroelectronics X-CUBE-EEPRMA1 4.1.0
2023-10-04 17:06:30,882 [INFO] ThirdParty:1030 - CMSIS Pack Vendor :portGmbH I-Cube-SoM-uGOAL 1.1.0
2023-10-04 17:06:30,882 [INFO] ThirdParty:1030 - CMSIS Pack Vendor :STMicroelectronics X-CUBE-ALS 1.0.1
2023-10-04 17:06:30,882 [INFO] ThirdParty:1030 - CMSIS Pack Vendor :STMicroelectronics ThreadX 1.0.0
2023-10-04 17:06:30,882 [INFO] ThirdParty:1030 - CMSIS Pack Vendor :STMicroelectronics FP-SNS-SMARTAG2 1.2.0
2023-10-04 17:06:30,882 [INFO] ThirdParty:1030 - CMSIS Pack Vendor :STMicroelectronics X-CUBE-AZRTOS-WL 2.0.0
2023-10-04 17:06:30,882 [INFO] ThirdParty:1030 - CMSIS Pack Vendor :SEGGER I-CUBE-embOS 1.3.1
2023-10-04 17:06:30,882 [INFO] ThirdParty:1030 - CMSIS Pack Vendor :STMicroelectronics USB_DEVICE 1.0.0
2023-10-04 17:06:30,882 [INFO] ThirdParty:1030 - CMSIS Pack Vendor :STMicroelectronics X-CUBE-AI 8.1.0
2023-10-04 17:06:30,882 [INFO] ThirdParty:1030 - CMSIS Pack Vendor :STMicroelectronics X-CUBE-AZRTOS-L4 2.0.0
2023-10-04 17:06:30,882 [INFO] ThirdParty:1030 - CMSIS Pack Vendor :STMicroelectronics ThreadX 0.0.2
2023-10-04 17:06:30,883 [INFO] ThirdParty:1030 - CMSIS Pack Vendor :WES I-CUBE-Cesium 1.3.0
2023-10-04 17:06:30,883 [INFO] ThirdParty:1030 - CMSIS Pack Vendor :STMicroelectronics FP-ATR-ASTRA1 2.0.0
2023-10-04 17:06:30,883 [INFO] ThirdParty:1030 - CMSIS Pack Vendor :STMicroelectronics lwIP 2.1.2
2023-10-04 17:06:30,883 [INFO] ThirdParty:1030 - CMSIS Pack Vendor :STMicroelectronics X-CUBE-SFXS2LP1 4.0.0
2023-10-04 17:06:30,883 [INFO] ThirdParty:1030 - CMSIS Pack Vendor :STMicroelectronics X-CUBE-BLE2 3.3.0
2023-10-04 17:06:30,883 [INFO] ThirdParty:1030 - CMSIS Pack Vendor :STMicroelectronics PDM2PCM 3.2.0
2023-10-04 17:06:30,883 [INFO] ThirdParty:841 - exiting critical section [change project]
2023-10-04 17:06:31,078 [INFO] PinOutPanel:1499 - setPackage(No Configuration,No Configuration)
2023-10-04 17:06:31,079 [INFO] PinOutPanel:1499 - setPackage(STM32F103C8Tx,LQFP48)
2023-10-04 17:06:31,414 [INFO] UtilMem:75 - Before build in PCC Used Memory: 544023144 Bytes (1001390080)
2023-10-04 17:06:32,027 [INFO] UtilMem:75 - After build in PCC Used Memory: 603543568 Bytes (1001390080)
2023-10-04 17:06:32,047 [INFO] IPUIPlugin:80 - create IPUIPlugin
2023-10-04 17:06:32,048 [INFO] IPUIPlugin:80 - create IPUIPlugin
2023-10-04 17:06:32,048 [INFO] IPUIPlugin:80 - create IPUIPlugin
2023-10-04 17:06:32,049 [INFO] IPUIPlugin:80 - create IPUIPlugin
2023-10-04 17:06:32,049 [INFO] IPUIPlugin:80 - create IPUIPlugin
2023-10-04 17:06:32,049 [INFO] IPUIPlugin:80 - create IPUIPlugin
2023-10-04 17:06:32,049 [INFO] IPUIPlugin:80 - create IPUIPlugin
2023-10-04 17:06:32,049 [INFO] IPUIPlugin:80 - create IPUIPlugin
2023-10-04 17:06:32,049 [INFO] IPUIPlugin:80 - create IPUIPlugin
2023-10-04 17:06:32,049 [INFO] IPUIPlugin:80 - create IPUIPlugin
2023-10-04 17:06:32,049 [INFO] IPUIPlugin:80 - create IPUIPlugin
2023-10-04 17:06:32,050 [INFO] IPUIPlugin:80 - create IPUIPlugin
2023-10-04 17:06:32,050 [INFO] IPUIPlugin:80 - create IPUIPlugin
2023-10-04 17:06:32,050 [INFO] IPUIPlugin:80 - create IPUIPlugin
2023-10-04 17:06:32,050 [INFO] IPUIPlugin:80 - create IPUIPlugin
2023-10-04 17:06:32,050 [INFO] IPUIPlugin:80 - create IPUIPlugin
2023-10-04 17:06:32,051 [INFO] IPUIPlugin:80 - create IPUIPlugin
2023-10-04 17:06:32,051 [INFO] IPUIPlugin:80 - create IPUIPlugin
2023-10-04 17:06:32,051 [INFO] IPUIPlugin:80 - create IPUIPlugin
2023-10-04 17:06:32,051 [INFO] IPUIPlugin:80 - create IPUIPlugin
2023-10-04 17:06:32,051 [INFO] IPUIPlugin:80 - create IPUIPlugin
2023-10-04 17:06:32,052 [INFO] IPUIPlugin:80 - create IPUIPlugin
2023-10-04 17:06:32,052 [INFO] IPUIPlugin:80 - create IPUIPlugin
2023-10-04 17:06:32,052 [INFO] IPUIPlugin:80 - create IPUIPlugin
2023-10-04 17:06:32,052 [INFO] IPUIPlugin:80 - create IPUIPlugin
2023-10-04 17:06:32,052 [INFO] IPUIPlugin:80 - create IPUIPlugin
2023-10-04 17:06:32,053 [INFO] IPUIPlugin:80 - create IPUIPlugin
2023-10-04 17:06:32,206 [INFO] CADModel:165 - CPN selected for project levelSTM32F103C8T6
2023-10-04 17:06:32,207 [INFO] CADModel:114 - Register for checkConnection events
2023-10-04 17:06:32,249 [INFO] OpenFileManager:328 - Restore cursor
2023-10-04 17:06:32,968 [INFO] UtilMem:75 - End SaveConfig() Used Memory: 689575720 Bytes (1001390080)
2023-10-04 17:06:33,015 [INFO] UtilMem:75 - End SaveConfig() Used Memory: 701195480 Bytes (1001390080)
2023-10-04 17:06:33,380 [INFO] BlockDiagram:2759 - set Specific Code input for plugin: NVIC
2023-10-04 17:06:33,380 [INFO] BlockDiagram:2759 - set Specific Code input for plugin: RCC
2023-10-04 17:06:33,382 [INFO] CodeGenerator:799 - code generatio: config db path: C:\ST\STM32CubeIDE_1.13.1\STM32CubeIDE\plugins\com.st.stm32cube.common.mx_6.9.1.202307191849\\db\
2023-10-04 17:06:33,695 [INFO] CodeEngine:255 - oldGeneratedFile, C:\Users\christian.saiz\STM32CubeIDE\workspace_1.13.1\uln2003_relay_test\MXTmpFiles\license.tmp_save
2023-10-04 17:06:34,032 [INFO] CodeEngine:279 - Generated code: C:\Users\christian.saiz\STM32CubeIDE\workspace_1.13.1\uln2003_relay_test\MXTmpFiles\license.tmp
2023-10-04 17:06:34,053 [INFO] CodeEngine:255 - oldGeneratedFile, C:\Users\christian.saiz\STM32CubeIDE\workspace_1.13.1\uln2003_relay_test\Core\Src\stm32f1xx_it.c_save
2023-10-04 17:06:34,220 [INFO] CodeEngine:279 - Generated code: C:\Users\christian.saiz\STM32CubeIDE\workspace_1.13.1\uln2003_relay_test\Core\Src\stm32f1xx_it.c
2023-10-04 17:06:34,232 [INFO] CodeEngine:255 - oldGeneratedFile, C:\Users\christian.saiz\STM32CubeIDE\workspace_1.13.1\uln2003_relay_test\Core\Inc\stm32f1xx_it.h_save
2023-10-04 17:06:34,325 [INFO] CodeEngine:279 - Generated code: C:\Users\christian.saiz\STM32CubeIDE\workspace_1.13.1\uln2003_relay_test\Core\Inc\stm32f1xx_it.h
2023-10-04 17:06:34,438 [INFO] CodeEngine:255 - oldGeneratedFile, C:\Users\christian.saiz\STM32CubeIDE\workspace_1.13.1\uln2003_relay_test\Core\Src\stm32f1xx_hal_msp.c_save
2023-10-04 17:06:34,555 [INFO] CodeEngine:279 - Generated code: C:\Users\christian.saiz\STM32CubeIDE\workspace_1.13.1\uln2003_relay_test\Core\Src\stm32f1xx_hal_msp.c
2023-10-04 17:06:34,566 [INFO] CodeEngine:255 - oldGeneratedFile, C:\Users\christian.saiz\STM32CubeIDE\workspace_1.13.1\uln2003_relay_test\MXTmpFiles\system.tmp_save
2023-10-04 17:06:34,628 [INFO] CodeEngine:279 - Generated code: C:\Users\christian.saiz\STM32CubeIDE\workspace_1.13.1\uln2003_relay_test\MXTmpFiles\system.tmp
2023-10-04 17:06:34,646 [INFO] CodeEngine:311 - oldGeneratedFile, C:\Users\christian.saiz\STM32CubeIDE\workspace_1.13.1\uln2003_relay_test\Core\Inc\stm32f1xx_hal_conf.h_save
2023-10-04 17:06:34,738 [INFO] CodeEngine:335 - Generated code: C:\Users\christian.saiz\STM32CubeIDE\workspace_1.13.1\uln2003_relay_test\Core\Inc\stm32f1xx_hal_conf.h
2023-10-04 17:06:34,782 [INFO] CodeEngine:255 - oldGeneratedFile, C:\Users\christian.saiz\STM32CubeIDE\workspace_1.13.1\uln2003_relay_test\Core\Inc\main.h_save
2023-10-04 17:06:34,919 [INFO] CodeEngine:279 - Generated code: C:\Users\christian.saiz\STM32CubeIDE\workspace_1.13.1\uln2003_relay_test\Core\Inc\main.h
2023-10-04 17:06:34,929 [INFO] CodeEngine:255 - oldGeneratedFile, C:\Users\christian.saiz\STM32CubeIDE\workspace_1.13.1\uln2003_relay_test\Core\Src\main.c_save
2023-10-04 17:06:35,068 [INFO] CodeEngine:279 - Generated code: C:\Users\christian.saiz\STM32CubeIDE\workspace_1.13.1\uln2003_relay_test\Core\Src\main.c
2023-10-04 17:06:35,609 [INFO] ProjectBuilder:3064 - Time for Copy HAL[1] : 158mS.
2023-10-04 17:06:35,614 [INFO] ProjectBuilder:4404 - Project Generator version: 4.1.0
2023-10-04 17:06:35,833 [INFO] ConfigFileManager:1457 - The Die is : DIE410
2023-10-04 17:06:35,851 [INFO] ApiDbMcu:507 - Load IP Config File for FATFS
2023-10-04 17:06:35,868 [INFO] ApiDbMcu:507 - Load IP Config File for FREERTOS
2023-10-04 17:06:35,885 [INFO] ApiDbMcu:507 - Load IP Config File for USB_DEVICE
2023-10-04 17:06:36,866 [INFO] LogOutputStream:77 - [STDOUT_REDIRECT] 
2023-10-04 17:06:40,974 [INFO] ProjectBuilder:4626 - Time for Generating toolchain IDE Files: 5360mS.
2023-10-04 17:06:40,976 [INFO] ProjectBuilder:2935 - Time for Copy CMSIS : 2mS.
2023-10-04 17:06:40,978 [INFO] ProjectBuilder:2935 - Time for Copy CMSIS : 0mS.
2023-10-04 17:06:42,098 [INFO] McuFinderGlobals:76 - Set McuFinderConnectedMode to true
2023-10-04 17:06:42,102 [INFO] ApiDb:448 - Save user favorites file C:\Users\christian.saiz/.stm32cubeide/favorites.mcus.txt: 1 item(s)
2023-10-04 17:06:42,103 [INFO] ApiDb:452 - User favorites MCUs=[STM32F103C8T6]
2023-10-04 17:12:09,555 [INFO] NvicIntPanel:101 - NVIC parent = com.st.microxplorer.plugins.ip.nvic.MultiNvicIntPanel[,0,0,0x0,invalid,layout=javax.swing.BoxLayout,alignmentX=0.0,alignmentY=0.0,border=,flags=9,maximumSize=,minimumSize=,preferredSize=]
2023-10-04 17:12:57,007 [INFO] UtilMem:75 - End SaveConfig() Used Memory: 862527936 Bytes (1073741824)
2023-10-04 17:12:57,879 [INFO] UtilMem:75 - End SaveConfig() Used Memory: 878878352 Bytes (1073741824)
2023-10-04 17:12:58,874 [INFO] UtilMem:75 - End SaveConfig() Used Memory: 489577480 Bytes (1073741824)
2023-10-04 17:12:59,116 [INFO] BlockDiagram:2759 - set Specific Code input for plugin: NVIC
2023-10-04 17:12:59,116 [INFO] BlockDiagram:2759 - set Specific Code input for plugin: USART
2023-10-04 17:12:59,117 [INFO] BlockDiagram:2759 - set Specific Code input for plugin: SYS
2023-10-04 17:12:59,117 [INFO] BlockDiagram:2759 - set Specific Code input for plugin: GPIO
2023-10-04 17:12:59,117 [INFO] BlockDiagram:2759 - set Specific Code input for plugin: RCC
2023-10-04 17:12:59,118 [INFO] CodeGenerator:799 - code generatio: config db path: C:\ST\STM32CubeIDE_1.13.1\STM32CubeIDE\plugins\com.st.stm32cube.common.mx_6.9.1.202307191849\\db\
2023-10-04 17:12:59,335 [INFO] CodeEngine:255 - oldGeneratedFile, C:\Users\christian.saiz\STM32CubeIDE\workspace_1.13.1\uln2003_relay_test\MXTmpFiles\license.tmp_save
2023-10-04 17:12:59,493 [INFO] CodeEngine:279 - Generated code: C:\Users\christian.saiz\STM32CubeIDE\workspace_1.13.1\uln2003_relay_test\MXTmpFiles\license.tmp
2023-10-04 17:12:59,552 [INFO] CodeEngine:255 - oldGeneratedFile, C:\Users\christian.saiz\STM32CubeIDE\workspace_1.13.1\uln2003_relay_test\MXTmpFiles\gpio.tmp_save
2023-10-04 17:12:59,691 [INFO] CodeEngine:279 - Generated code: C:\Users\christian.saiz\STM32CubeIDE\workspace_1.13.1\uln2003_relay_test\MXTmpFiles\gpio.tmp
2023-10-04 17:12:59,770 [INFO] CodeEngine:255 - oldGeneratedFile, C:\Users\christian.saiz\STM32CubeIDE\workspace_1.13.1\uln2003_relay_test\Core\Src\stm32f1xx_it.c_save
2023-10-04 17:12:59,852 [INFO] CodeEngine:279 - Generated code: C:\Users\christian.saiz\STM32CubeIDE\workspace_1.13.1\uln2003_relay_test\Core\Src\stm32f1xx_it.c
2023-10-04 17:12:59,859 [INFO] CodeEngine:255 - oldGeneratedFile, C:\Users\christian.saiz\STM32CubeIDE\workspace_1.13.1\uln2003_relay_test\Core\Inc\stm32f1xx_it.h_save
2023-10-04 17:12:59,907 [INFO] CodeEngine:279 - Generated code: C:\Users\christian.saiz\STM32CubeIDE\workspace_1.13.1\uln2003_relay_test\Core\Inc\stm32f1xx_it.h
2023-10-04 17:12:59,927 [INFO] CodeEngine:255 - oldGeneratedFile, C:\Users\christian.saiz\STM32CubeIDE\workspace_1.13.1\uln2003_relay_test\Core\Src\stm32f1xx_hal_msp.c_save
2023-10-04 17:13:00,057 [INFO] CodeEngine:279 - Generated code: C:\Users\christian.saiz\STM32CubeIDE\workspace_1.13.1\uln2003_relay_test\Core\Src\stm32f1xx_hal_msp.c
2023-10-04 17:13:00,062 [INFO] CodeEngine:255 - oldGeneratedFile, C:\Users\christian.saiz\STM32CubeIDE\workspace_1.13.1\uln2003_relay_test\MXTmpFiles\system.tmp_save
2023-10-04 17:13:00,124 [INFO] CodeEngine:279 - Generated code: C:\Users\christian.saiz\STM32CubeIDE\workspace_1.13.1\uln2003_relay_test\MXTmpFiles\system.tmp
2023-10-04 17:13:00,140 [INFO] CodeEngine:311 - oldGeneratedFile, C:\Users\christian.saiz\STM32CubeIDE\workspace_1.13.1\uln2003_relay_test\Core\Inc\stm32f1xx_hal_conf.h_save
2023-10-04 17:13:00,246 [INFO] CodeEngine:335 - Generated code: C:\Users\christian.saiz\STM32CubeIDE\workspace_1.13.1\uln2003_relay_test\Core\Inc\stm32f1xx_hal_conf.h
2023-10-04 17:13:00,298 [INFO] CodeEngine:255 - oldGeneratedFile, C:\Users\christian.saiz\STM32CubeIDE\workspace_1.13.1\uln2003_relay_test\Core\Inc\main.h_save
2023-10-04 17:13:00,389 [INFO] CodeEngine:279 - Generated code: C:\Users\christian.saiz\STM32CubeIDE\workspace_1.13.1\uln2003_relay_test\Core\Inc\main.h
2023-10-04 17:13:00,407 [INFO] CodeEngine:255 - oldGeneratedFile, C:\Users\christian.saiz\STM32CubeIDE\workspace_1.13.1\uln2003_relay_test\Core\Src\main.c_save
2023-10-04 17:13:00,513 [INFO] CodeEngine:279 - Generated code: C:\Users\christian.saiz\STM32CubeIDE\workspace_1.13.1\uln2003_relay_test\Core\Src\main.c
2023-10-04 17:13:01,029 [INFO] ProjectBuilder:3064 - Time for Copy HAL[1] : 127mS.
2023-10-04 17:13:01,032 [INFO] ProjectBuilder:4404 - Project Generator version: 4.1.0
2023-10-04 17:13:01,241 [INFO] ConfigFileManager:1457 - The Die is : DIE410
2023-10-04 17:13:02,896 [INFO] ProjectBuilder:4626 - Time for Generating toolchain IDE Files: 1864mS.
2023-10-04 17:13:02,898 [INFO] ProjectBuilder:2935 - Time for Copy CMSIS : 0mS.
2023-10-04 17:13:02,899 [INFO] ProjectBuilder:2935 - Time for Copy CMSIS : 0mS.
2023-10-04 17:58:40,329 [INFO] UtilMem:75 - End SaveConfig() Used Memory: 712955784 Bytes (1073741824)
2023-10-04 17:58:46,555 [INFO] UtilMem:75 - End SaveConfig() Used Memory: 736916600 Bytes (1073741824)
2023-10-04 17:58:46,659 [INFO] UtilMem:75 - End SaveConfig() Used Memory: 783248688 Bytes (1073741824)
2023-10-04 17:58:46,798 [INFO] BlockDiagram:2759 - set Specific Code input for plugin: NVIC
2023-10-04 17:58:46,798 [INFO] BlockDiagram:2759 - set Specific Code input for plugin: USART
2023-10-04 17:58:46,798 [INFO] BlockDiagram:2759 - set Specific Code input for plugin: SYS
2023-10-04 17:58:46,799 [INFO] BlockDiagram:2759 - set Specific Code input for plugin: GPIO
2023-10-04 17:58:46,799 [INFO] BlockDiagram:2759 - set Specific Code input for plugin: RCC
2023-10-04 17:58:46,799 [INFO] CodeGenerator:799 - code generatio: config db path: C:\ST\STM32CubeIDE_1.13.1\STM32CubeIDE\plugins\com.st.stm32cube.common.mx_6.9.1.202307191849\\db\
2023-10-04 17:58:46,878 [INFO] CodeEngine:255 - oldGeneratedFile, C:\Users\christian.saiz\STM32CubeIDE\workspace_1.13.1\uln2003_relay_test\MXTmpFiles\license.tmp_save
2023-10-04 17:58:47,060 [INFO] CodeEngine:279 - Generated code: C:\Users\christian.saiz\STM32CubeIDE\workspace_1.13.1\uln2003_relay_test\MXTmpFiles\license.tmp
2023-10-04 17:58:47,079 [INFO] CodeEngine:255 - oldGeneratedFile, C:\Users\christian.saiz\STM32CubeIDE\workspace_1.13.1\uln2003_relay_test\MXTmpFiles\gpio.tmp_save
2023-10-04 17:58:47,163 [INFO] CodeEngine:279 - Generated code: C:\Users\christian.saiz\STM32CubeIDE\workspace_1.13.1\uln2003_relay_test\MXTmpFiles\gpio.tmp
2023-10-04 17:58:47,205 [INFO] CodeEngine:255 - oldGeneratedFile, C:\Users\christian.saiz\STM32CubeIDE\workspace_1.13.1\uln2003_relay_test\Core\Src\stm32f1xx_it.c_save
2023-10-04 17:58:47,337 [INFO] CodeEngine:279 - Generated code: C:\Users\christian.saiz\STM32CubeIDE\workspace_1.13.1\uln2003_relay_test\Core\Src\stm32f1xx_it.c
2023-10-04 17:58:47,346 [INFO] CodeEngine:255 - oldGeneratedFile, C:\Users\christian.saiz\STM32CubeIDE\workspace_1.13.1\uln2003_relay_test\Core\Inc\stm32f1xx_it.h_save
2023-10-04 17:58:47,403 [INFO] CodeEngine:279 - Generated code: C:\Users\christian.saiz\STM32CubeIDE\workspace_1.13.1\uln2003_relay_test\Core\Inc\stm32f1xx_it.h
2023-10-04 17:58:47,434 [INFO] CodeEngine:255 - oldGeneratedFile, C:\Users\christian.saiz\STM32CubeIDE\workspace_1.13.1\uln2003_relay_test\Core\Src\stm32f1xx_hal_msp.c_save
2023-10-04 17:58:47,541 [INFO] CodeEngine:279 - Generated code: C:\Users\christian.saiz\STM32CubeIDE\workspace_1.13.1\uln2003_relay_test\Core\Src\stm32f1xx_hal_msp.c
2023-10-04 17:58:47,545 [INFO] CodeEngine:255 - oldGeneratedFile, C:\Users\christian.saiz\STM32CubeIDE\workspace_1.13.1\uln2003_relay_test\MXTmpFiles\system.tmp_save
2023-10-04 17:58:47,606 [INFO] CodeEngine:279 - Generated code: C:\Users\christian.saiz\STM32CubeIDE\workspace_1.13.1\uln2003_relay_test\MXTmpFiles\system.tmp
2023-10-04 17:58:47,627 [INFO] CodeEngine:311 - oldGeneratedFile, C:\Users\christian.saiz\STM32CubeIDE\workspace_1.13.1\uln2003_relay_test\Core\Inc\stm32f1xx_hal_conf.h_save
2023-10-04 17:58:47,756 [INFO] CodeEngine:335 - Generated code: C:\Users\christian.saiz\STM32CubeIDE\workspace_1.13.1\uln2003_relay_test\Core\Inc\stm32f1xx_hal_conf.h
2023-10-04 17:58:47,796 [INFO] CodeEngine:255 - oldGeneratedFile, C:\Users\christian.saiz\STM32CubeIDE\workspace_1.13.1\uln2003_relay_test\Core\Inc\main.h_save
2023-10-04 17:58:47,901 [INFO] CodeEngine:279 - Generated code: C:\Users\christian.saiz\STM32CubeIDE\workspace_1.13.1\uln2003_relay_test\Core\Inc\main.h
2023-10-04 17:58:47,918 [INFO] CodeEngine:255 - oldGeneratedFile, C:\Users\christian.saiz\STM32CubeIDE\workspace_1.13.1\uln2003_relay_test\Core\Src\main.c_save
2023-10-04 17:58:48,001 [INFO] CodeEngine:279 - Generated code: C:\Users\christian.saiz\STM32CubeIDE\workspace_1.13.1\uln2003_relay_test\Core\Src\main.c
2023-10-04 17:58:48,377 [INFO] ProjectBuilder:3064 - Time for Copy HAL[1] : 131mS.
2023-10-04 17:58:48,380 [INFO] ProjectBuilder:4404 - Project Generator version: 4.1.0
2023-10-04 17:58:48,500 [INFO] ConfigFileManager:1457 - The Die is : DIE410
2023-10-04 17:58:49,644 [INFO] ProjectBuilder:4626 - Time for Generating toolchain IDE Files: 1264mS.
2023-10-04 17:58:49,645 [INFO] ProjectBuilder:2935 - Time for Copy CMSIS : 0mS.
2023-10-04 17:58:49,648 [INFO] ProjectBuilder:2935 - Time for Copy CMSIS : 0mS.
2023-10-04 18:09:06,778 [INFO] MainUpdater:2868 - connection check result : 10
2023-10-04 18:09:06,778 [INFO] MainUpdater:2868 - connection check result : 10
2023-10-04 18:09:06,832 [INFO] MicroXplorer:468 - Change Database Path : 
2023-10-04 18:09:06,832 [INFO] MicroXplorer:498 - Change Database Version : DB.6.0.91
2023-10-04 18:09:06,854 [WARN] ThirdParty:871 - waiting for thirdparty lock release [close project]
2023-10-04 18:09:06,855 [INFO] ThirdParty:873 - entering critical section [close project]
2023-10-04 18:09:06,855 [INFO] ThirdParty:883 - exiting critical section [close project]
2023-10-04 18:09:06,856 [INFO] PinOutPanel:1499 - setPackage(No Configuration,No Configuration)
2023-10-04 18:09:06,866 [INFO] UtilMem:75 - Begin LoadConfig() Used Memory: 738152592 Bytes (1073741824)
2023-10-04 18:09:06,868 [INFO] MicroXplorer:468 - Change Database Path : 
2023-10-04 18:09:06,868 [INFO] MicroXplorer:498 - Change Database Version : DB.6.0.91
2023-10-04 18:09:06,868 [INFO] OpenFileManager:308 - Change cursor
2023-10-04 18:09:06,882 [INFO] RulesReader:64 - Compatibility file has been processed (293 Rules)
2023-10-04 18:09:06,884 [INFO] Mcu:1946 - Initializing MCU STM32F103C(8-B)Tx STM32F103C8Tx STM32F103C8T6
2023-10-04 18:09:07,251 [INFO] Context:659 - Trying to add GPIOservice into a context  which must be forbidden
2023-10-04 18:09:07,389 [INFO] RtosManager:555 - Registered RTOS mode: class=CMSIS, group=RTOS, mode=CMSIS_V1, owner=FREERTOS
2023-10-04 18:09:07,389 [INFO] RtosManager:555 - Registered RTOS mode: class=CMSIS, group=RTOS2, mode=CMSIS_V2, owner=FREERTOS
2023-10-04 18:09:07,389 [INFO] RtosManager:555 - Registered RTOS mode: class=RTOS, group=Core, mode=CMSIS_V1, owner=FREERTOS
2023-10-04 18:09:07,389 [INFO] RtosManager:555 - Registered RTOS mode: class=RTOS, group=Core, mode=CMSIS_V2, owner=FREERTOS
2023-10-04 18:09:07,389 [WARN] ModelIntegratedComponent:184 - Missing modes for component STMicroelectronics:FreeRTOS:0.0.1:STMicroelectronics:RTOS:FreeRTOS:Core:::10.2.0:
2023-10-04 18:09:07,397 [WARN] ModelIntegratedComponent:63 - No mode defined for component null
2023-10-04 18:09:07,397 [WARN] ModelIntegratedComponent:63 - No mode defined for component null
2023-10-04 18:09:07,397 [WARN] ModelIntegratedComponent:63 - No mode defined for component null
2023-10-04 18:09:07,397 [WARN] ModelIntegratedComponent:63 - No mode defined for component null
2023-10-04 18:09:07,397 [WARN] ModelIntegratedComponent:63 - No mode defined for component null
2023-10-04 18:09:07,397 [WARN] ModelIntegratedComponent:63 - No mode defined for component null
2023-10-04 18:09:07,397 [WARN] ModelIntegratedComponent:63 - No mode defined for component null
2023-10-04 18:09:07,397 [WARN] ModelIntegratedComponent:63 - No mode defined for component null
2023-10-04 18:09:07,397 [WARN] ModelIntegratedComponent:63 - No mode defined for component null
2023-10-04 18:09:07,397 [WARN] ModelIntegratedComponent:63 - No mode defined for component null
2023-10-04 18:09:07,397 [WARN] ModelIntegratedComponent:63 - No mode defined for component null
2023-10-04 18:09:07,397 [WARN] ModelIntegratedComponent:63 - No mode defined for component null
2023-10-04 18:09:07,397 [WARN] ModelIntegratedComponent:63 - No mode defined for component null
2023-10-04 18:09:07,397 [WARN] ModelIntegratedComponent:63 - No mode defined for component null
2023-10-04 18:09:07,397 [WARN] ModelIntegratedComponent:63 - No mode defined for component null
2023-10-04 18:09:07,397 [WARN] ModelIntegratedComponent:63 - No mode defined for component null
2023-10-04 18:09:07,397 [WARN] ModelIntegratedComponent:63 - No mode defined for component null
2023-10-04 18:09:07,397 [WARN] ModelIntegratedComponent:63 - No mode defined for component null
2023-10-04 18:09:07,397 [WARN] ModelIntegratedComponent:63 - No mode defined for component null
2023-10-04 18:09:07,397 [WARN] ModelIntegratedComponent:63 - No mode defined for component null
2023-10-04 18:09:07,397 [WARN] ModelIntegratedComponent:63 - No mode defined for component null
2023-10-04 18:09:07,397 [WARN] ModelIntegratedComponent:63 - No mode defined for component null
2023-10-04 18:09:07,397 [WARN] ModelIntegratedComponent:63 - No mode defined for component null
2023-10-04 18:09:07,397 [WARN] ModelIntegratedComponent:63 - No mode defined for component null
2023-10-04 18:09:07,397 [WARN] ModelIntegratedComponent:63 - No mode defined for component null
2023-10-04 18:09:07,398 [WARN] ModelIntegratedComponent:63 - No mode defined for component null
2023-10-04 18:09:07,398 [WARN] ModelIntegratedComponent:63 - No mode defined for component null
2023-10-04 18:09:07,398 [WARN] ModelIntegratedComponent:63 - No mode defined for component null
2023-10-04 18:09:07,398 [WARN] ModelIntegratedComponent:63 - No mode defined for component null
2023-10-04 18:09:07,398 [WARN] ModelIntegratedComponent:63 - No mode defined for component null
2023-10-04 18:09:07,398 [WARN] ModelIntegratedComponent:63 - No mode defined for component null
2023-10-04 18:09:07,398 [WARN] ModelIntegratedComponent:63 - No mode defined for component null
2023-10-04 18:09:07,398 [WARN] ModelIntegratedComponent:63 - No mode defined for component null
2023-10-04 18:09:07,406 [INFO] ThirdPartyModel:298 - Start build external matchings
2023-10-04 18:09:07,633 [INFO] ThirdPartyModel:316 - End build external matchings
2023-10-04 18:09:07,646 [INFO] ImportTextPane:194 - (OptionalMessage_ERROR) IP (RCC) : Invalid parameter (FamilyName)
2023-10-04 18:09:07,648 [INFO] ImportTextPane:194 - (OptionalMessage_ERROR) IP (RCC) : Parameter (USBFreq_Value) has invalid value (16000000)
2023-10-04 18:09:07,761 [INFO] UtilMem:75 - End LoadConfig() Used Memory: 715557720 Bytes (1073741824)
2023-10-04 18:09:07,801 [WARN] ThirdParty:833 - waiting for thirdparty lock release [change project]
2023-10-04 18:09:07,801 [INFO] ThirdParty:835 - entering critical section [change project]
2023-10-04 18:09:07,801 [INFO] ThirdParty:1030 - CMSIS Pack Vendor :STMicroelectronics X-CUBE-ISPU 1.1.0
2023-10-04 18:09:07,801 [INFO] ThirdParty:1030 - CMSIS Pack Vendor :STMicroelectronics USBPD 4.1
2023-10-04 18:09:07,801 [INFO] ThirdParty:1030 - CMSIS Pack Vendor :STMicroelectronics X-CUBE-GNSS1 6.0.0
2023-10-04 18:09:07,801 [INFO] ThirdParty:1030 - CMSIS Pack Vendor :STMicroelectronics USB_HOST 2.0.0
2023-10-04 18:09:07,801 [INFO] ThirdParty:1030 - CMSIS Pack Vendor :STMicroelectronics X-CUBE-AZRTOS-F4 1.1.0
2023-10-04 18:09:07,801 [INFO] ThirdParty:1030 - CMSIS Pack Vendor :STMicroelectronics LIBJPEG 8.0.0
2023-10-04 18:09:07,802 [INFO] ThirdParty:1030 - CMSIS Pack Vendor :wolfSSL I-CUBE-wolfSSL 5.6.3
2023-10-04 18:09:07,802 [INFO] ThirdParty:1030 - CMSIS Pack Vendor :STMicroelectronics X-CUBE-SMBUS 2.1.0
2023-10-04 18:09:07,802 [INFO] ThirdParty:1030 - CMSIS Pack Vendor :STMicroelectronics USB_DEVICE 3.0.0
2023-10-04 18:09:07,802 [INFO] ThirdParty:1030 - CMSIS Pack Vendor :STMicroelectronics X-CUBE-AZRTOS-WB 2.0.0
2023-10-04 18:09:07,802 [INFO] ThirdParty:1030 - CMSIS Pack Vendor :STMicroelectronics X-CUBE-AZRTOS-F7 1.1.0
2023-10-04 18:09:07,802 [INFO] ThirdParty:1030 - CMSIS Pack Vendor :STMicroelectronics X-CUBE-AZRTOS-L5 2.0.0
2023-10-04 18:09:07,802 [INFO] ThirdParty:1030 - CMSIS Pack Vendor :STMicroelectronics USB_DEVICE 2.0.0
2023-10-04 18:09:07,802 [INFO] ThirdParty:1030 - CMSIS Pack Vendor :STMicroelectronics X-CUBE-MEMS1 9.6.0
2023-10-04 18:09:07,802 [INFO] ThirdParty:1030 - CMSIS Pack Vendor :ITTIA_DB I-CUBE-ITTIADB 8.8.0
2023-10-04 18:09:07,802 [INFO] ThirdParty:1030 - CMSIS Pack Vendor :STMicroelectronics FP-SNS-MOTENV1 4.3.2
2023-10-04 18:09:07,802 [INFO] ThirdParty:1030 - CMSIS Pack Vendor :STMicroelectronics X-CUBE-ALGOBUILD 1.3.0
2023-10-04 18:09:07,802 [INFO] ThirdParty:1030 - CMSIS Pack Vendor :STMicroelectronics FreeRTOS 0.0.1
2023-10-04 18:09:07,802 [INFO] ThirdParty:1030 - CMSIS Pack Vendor :STMicroelectronics X-CUBE-AZRTOS-G0 1.1.0
2023-10-04 18:09:07,802 [INFO] ThirdParty:1030 - CMSIS Pack Vendor :STMicroelectronics X-CUBE-BLEMGR 2.0.0
2023-10-04 18:09:07,802 [INFO] ThirdParty:1030 - CMSIS Pack Vendor :STMicroelectronics X-CUBE-NFC4 3.0.0
2023-10-04 18:09:07,802 [INFO] ThirdParty:1030 - CMSIS Pack Vendor :STMicroelectronics X-CUBE-SUBG2 5.0.0
2023-10-04 18:09:07,802 [INFO] ThirdParty:1030 - CMSIS Pack Vendor :STMicroelectronics STM32_WPAN 1.0.0
2023-10-04 18:09:07,802 [INFO] ThirdParty:1030 - CMSIS Pack Vendor :STMicroelectronics lwIP 2.0.3
2023-10-04 18:09:07,803 [INFO] ThirdParty:1030 - CMSIS Pack Vendor :STMicroelectronics FP-SNS-FLIGHT1 5.0.2
2023-10-04 18:09:07,803 [INFO] ThirdParty:1030 - CMSIS Pack Vendor :STMicroelectronics USB_HOST 1.0.0
2023-10-04 18:09:07,803 [INFO] ThirdParty:1030 - CMSIS Pack Vendor :STMicroelectronics X-CUBE-TOF1 3.3.1
2023-10-04 18:09:07,803 [INFO] ThirdParty:1030 - CMSIS Pack Vendor :STMicroelectronics X-CUBE-AZRTOS-G4 2.0.0
2023-10-04 18:09:07,803 [INFO] ThirdParty:1030 - CMSIS Pack Vendor :STMicroelectronics PDM2PCM 3.1.0
2023-10-04 18:09:07,804 [INFO] ThirdParty:1030 - CMSIS Pack Vendor :STMicroelectronics X-CUBE-AZRTOS-H7 3.1.0
2023-10-04 18:09:07,804 [INFO] ThirdParty:1030 - CMSIS Pack Vendor :STMicroelectronics PDM2PCM 3.3.0
2023-10-04 18:09:07,804 [INFO] ThirdParty:1030 - CMSIS Pack Vendor :STMicroelectronics X-CUBE-DISPLAY 3.0.0
2023-10-04 18:09:07,804 [INFO] ThirdParty:1030 - CMSIS Pack Vendor :STMicroelectronics X-CUBE-BLE1 7.0.0
2023-10-04 18:09:07,804 [INFO] ThirdParty:1030 - CMSIS Pack Vendor :STMicroelectronics FP-ATR-SIGFOX1 3.2.0
2023-10-04 18:09:07,804 [INFO] ThirdParty:1030 - CMSIS Pack Vendor :STMicroelectronics HAL Drivers 0.0.0
2023-10-04 18:09:07,804 [INFO] ThirdParty:1030 - CMSIS Pack Vendor :STMicroelectronics MBEDTLS 2.16.2
2023-10-04 18:09:07,804 [INFO] ThirdParty:1030 - CMSIS Pack Vendor :emotas I-CUBE-CANOPEN 1.3.0
2023-10-04 18:09:07,804 [INFO] ThirdParty:1030 - CMSIS Pack Vendor :STMicroelectronics X-CUBE-FREERTOS 1.1.0
2023-10-04 18:09:07,804 [INFO] ThirdParty:1030 - CMSIS Pack Vendor :STMicroelectronics X-CUBE-TOUCHGFX 4.22.0
2023-10-04 18:09:07,804 [INFO] ThirdParty:1030 - CMSIS Pack Vendor :STMicroelectronics X-CUBE-NFC7 1.0.1
2023-10-04 18:09:07,804 [INFO] ThirdParty:1030 - CMSIS Pack Vendor :STMicroelectronics MBEDTLS 2.14.1
2023-10-04 18:09:07,804 [INFO] ThirdParty:1030 - CMSIS Pack Vendor :STMicroelectronics X-CUBE-TOUCHGFX 4.22.1
2023-10-04 18:09:07,804 [INFO] ThirdParty:1030 - CMSIS Pack Vendor :STMicroelectronics X-CUBE-NFC6 3.0.0
2023-10-04 18:09:07,804 [INFO] ThirdParty:1030 - CMSIS Pack Vendor :STMicroelectronics X-CUBE-EEPRMA1 4.1.0
2023-10-04 18:09:07,804 [INFO] ThirdParty:1030 - CMSIS Pack Vendor :portGmbH I-Cube-SoM-uGOAL 1.1.0
2023-10-04 18:09:07,804 [INFO] ThirdParty:1030 - CMSIS Pack Vendor :STMicroelectronics X-CUBE-ALS 1.0.1
2023-10-04 18:09:07,804 [INFO] ThirdParty:1030 - CMSIS Pack Vendor :STMicroelectronics ThreadX 1.0.0
2023-10-04 18:09:07,804 [INFO] ThirdParty:1030 - CMSIS Pack Vendor :STMicroelectronics FP-SNS-SMARTAG2 1.2.0
2023-10-04 18:09:07,804 [INFO] ThirdParty:1030 - CMSIS Pack Vendor :STMicroelectronics X-CUBE-AZRTOS-WL 2.0.0
2023-10-04 18:09:07,804 [INFO] ThirdParty:1030 - CMSIS Pack Vendor :SEGGER I-CUBE-embOS 1.3.1
2023-10-04 18:09:07,804 [INFO] ThirdParty:1030 - CMSIS Pack Vendor :STMicroelectronics USB_DEVICE 1.0.0
2023-10-04 18:09:07,804 [INFO] ThirdParty:1030 - CMSIS Pack Vendor :STMicroelectronics X-CUBE-AI 8.1.0
2023-10-04 18:09:07,804 [INFO] ThirdParty:1030 - CMSIS Pack Vendor :STMicroelectronics X-CUBE-AZRTOS-L4 2.0.0
2023-10-04 18:09:07,805 [INFO] ThirdParty:1030 - CMSIS Pack Vendor :STMicroelectronics ThreadX 0.0.2
2023-10-04 18:09:07,805 [INFO] ThirdParty:1030 - CMSIS Pack Vendor :WES I-CUBE-Cesium 1.3.0
2023-10-04 18:09:07,805 [INFO] ThirdParty:1030 - CMSIS Pack Vendor :STMicroelectronics FP-ATR-ASTRA1 2.0.0
2023-10-04 18:09:07,805 [INFO] ThirdParty:1030 - CMSIS Pack Vendor :STMicroelectronics lwIP 2.1.2
2023-10-04 18:09:07,805 [INFO] ThirdParty:1030 - CMSIS Pack Vendor :STMicroelectronics X-CUBE-SFXS2LP1 4.0.0
2023-10-04 18:09:07,805 [INFO] ThirdParty:1030 - CMSIS Pack Vendor :STMicroelectronics X-CUBE-BLE2 3.3.0
2023-10-04 18:09:07,805 [INFO] ThirdParty:1030 - CMSIS Pack Vendor :STMicroelectronics PDM2PCM 3.2.0
2023-10-04 18:09:07,805 [INFO] ThirdParty:841 - exiting critical section [change project]
2023-10-04 18:09:07,910 [INFO] PinOutPanel:1499 - setPackage(No Configuration,No Configuration)
2023-10-04 18:09:07,911 [INFO] PinOutPanel:1499 - setPackage(STM32F103C8Tx,LQFP48)
2023-10-04 18:09:08,050 [INFO] UtilMem:75 - Before build in PCC Used Memory: 835090080 Bytes (1073741824)
2023-10-04 18:09:08,202 [INFO] UtilMem:75 - After build in PCC Used Memory: 876506784 Bytes (1073741824)
2023-10-04 18:09:08,223 [INFO] IPUIPlugin:80 - create IPUIPlugin
2023-10-04 18:09:08,224 [INFO] IPUIPlugin:80 - create IPUIPlugin
2023-10-04 18:09:08,224 [INFO] IPUIPlugin:80 - create IPUIPlugin
2023-10-04 18:09:08,224 [INFO] IPUIPlugin:80 - create IPUIPlugin
2023-10-04 18:09:08,224 [INFO] IPUIPlugin:80 - create IPUIPlugin
2023-10-04 18:09:08,224 [INFO] IPUIPlugin:80 - create IPUIPlugin
2023-10-04 18:09:08,224 [INFO] IPUIPlugin:80 - create IPUIPlugin
2023-10-04 18:09:08,224 [INFO] IPUIPlugin:80 - create IPUIPlugin
2023-10-04 18:09:08,224 [INFO] IPUIPlugin:80 - create IPUIPlugin
2023-10-04 18:09:08,224 [INFO] IPUIPlugin:80 - create IPUIPlugin
2023-10-04 18:09:08,224 [INFO] IPUIPlugin:80 - create IPUIPlugin
2023-10-04 18:09:08,225 [INFO] IPUIPlugin:80 - create IPUIPlugin
2023-10-04 18:09:08,225 [INFO] IPUIPlugin:80 - create IPUIPlugin
2023-10-04 18:09:08,225 [INFO] IPUIPlugin:80 - create IPUIPlugin
2023-10-04 18:09:08,225 [INFO] IPUIPlugin:80 - create IPUIPlugin
2023-10-04 18:09:08,225 [INFO] IPUIPlugin:80 - create IPUIPlugin
2023-10-04 18:09:08,225 [INFO] IPUIPlugin:80 - create IPUIPlugin
2023-10-04 18:09:08,226 [INFO] IPUIPlugin:80 - create IPUIPlugin
2023-10-04 18:09:08,226 [INFO] IPUIPlugin:80 - create IPUIPlugin
2023-10-04 18:09:08,226 [INFO] IPUIPlugin:80 - create IPUIPlugin
2023-10-04 18:09:08,226 [INFO] IPUIPlugin:80 - create IPUIPlugin
2023-10-04 18:09:08,226 [INFO] IPUIPlugin:80 - create IPUIPlugin
2023-10-04 18:09:08,226 [INFO] IPUIPlugin:80 - create IPUIPlugin
2023-10-04 18:09:08,227 [INFO] IPUIPlugin:80 - create IPUIPlugin
2023-10-04 18:09:08,227 [INFO] IPUIPlugin:80 - create IPUIPlugin
2023-10-04 18:09:08,227 [INFO] IPUIPlugin:80 - create IPUIPlugin
2023-10-04 18:09:08,227 [INFO] IPUIPlugin:80 - create IPUIPlugin
2023-10-04 18:09:08,251 [INFO] CADModel:165 - CPN selected for project levelSTM32F103C8T6
2023-10-04 18:09:08,251 [INFO] CADModel:114 - Register for checkConnection events
2023-10-04 18:09:08,296 [INFO] OpenFileManager:328 - Restore cursor
2023-10-04 19:27:49,939 [ERROR] AdobePublisher:162 - Exception while opening the connection: java.net.SocketTimeoutException: Read timed out
2023-10-04 19:34:51,070 [ERROR] AdobePublisher:162 - Exception while opening the connection: java.net.SocketTimeoutException: Read timed out
2023-10-04 19:45:47,704 [ERROR] LogOutputStream:75 - [STDERR_REDIRECT] 
