2023-08-31 16:46:14,133 [INFO] Activator:176 - 


2023-08-31 16:46:14,138 [INFO] Activator:177 - !SESSION log4j initialized
2023-08-31 16:46:19,689 [INFO] LogOutputStream:77 - [STDOUT_REDIRECT] 
2023-08-31 16:46:20,789 [INFO] ApplicationProperties:184 - Using Application install path: C:\ST\STM32CubeIDE_1.13.1\STM32CubeIDE\plugins\com.st.stm32cube.common.mx_6.9.1.202307191849
2023-08-31 16:46:20,809 [INFO] DbMcusXml:78 - Set database path to: C:\ST\STM32CubeIDE_1.13.1\STM32CubeIDE\plugins\com.st.stm32cube.common.mx_6.9.1.202307191849\\db\/mcu/
2023-08-31 16:46:20,809 [INFO] ApiDb:274 - Set plugin database path to: C:\ST\STM32CubeIDE_1.13.1\STM32CubeIDE\plugins\com.st.stm32cube.common.mx_6.9.1.202307191849\\db\/plugins/boardmanager/
2023-08-31 16:46:20,810 [WARN] ApiDb:259 - Overriding images path with different value:  => C:\ST\STM32CubeIDE_1.13.1\STM32CubeIDE\plugins\com.st.stm32cube.common.mx_6.9.1.202307191849\\db\/plugins/mcufinder/images/
2023-08-31 16:46:20,819 [INFO] ApiDb:250 - Set database path to: C:\Users\christian.saiz\.stmcufinder\plugins\mcufinder//mcu/
2023-08-31 16:46:20,820 [INFO] DbMcusAds:125 - Set database path to: C:\Users\christian.saiz\.stmcufinder\plugins\mcufinder//mcu/
2023-08-31 16:46:20,821 [INFO] CrossReferenceDbSqlite:203 - Set database path to: C:\Users\christian.saiz\.stmcufinder\plugins\mcufinder//mcu/cs/
2023-08-31 16:46:20,913 [INFO] RulesReader:64 - Compatibility file has been processed (293 Rules)
2023-08-31 16:46:20,992 [INFO] DbMcusXml:78 - Set database path to: C:\ST\STM32CubeIDE_1.13.1\STM32CubeIDE\plugins\com.st.stm32cube.common.mx_6.9.1.202307191849\\db\/mcu/
2023-08-31 16:46:20,993 [INFO] ApiDb:274 - Set plugin database path to: C:\ST\STM32CubeIDE_1.13.1\STM32CubeIDE\plugins\com.st.stm32cube.common.mx_6.9.1.202307191849\\db\/plugins/boardmanager/
2023-08-31 16:46:20,993 [INFO] ApiDb:261 - Set plugin images path to: C:\ST\STM32CubeIDE_1.13.1\STM32CubeIDE\plugins\com.st.stm32cube.common.mx_6.9.1.202307191849\\db\/plugins/mcufinder/images/
2023-08-31 16:46:20,993 [WARN] DbFile:41 - Overriding database path with different value: C:\Users\christian.saiz\.stmcufinder\plugins\mcufinder/ => C:\Users\christian.saiz\.stmcufinder\plugins\mcufinder
2023-08-31 16:46:20,993 [INFO] ApiDb:250 - Set database path to: C:\Users\christian.saiz\.stmcufinder\plugins\mcufinder//mcu/
2023-08-31 16:46:20,993 [WARN] DbFile:41 - Overriding database path with different value: C:\Users\christian.saiz\.stmcufinder\plugins\mcufinder/ => C:\Users\christian.saiz\.stmcufinder\plugins\mcufinder
2023-08-31 16:46:20,993 [INFO] DbMcusAds:125 - Set database path to: C:\Users\christian.saiz\.stmcufinder\plugins\mcufinder//mcu/
2023-08-31 16:46:20,993 [WARN] DbFile:41 - Overriding database path with different value: C:\Users\christian.saiz\.stmcufinder\plugins\mcufinder/ => C:\Users\christian.saiz\.stmcufinder\plugins\mcufinder
2023-08-31 16:46:20,993 [WARN] DbFile:41 - Overriding database path with different value: C:\Users\christian.saiz\.stmcufinder\plugins\mcufinder/ => C:\Users\christian.saiz\.stmcufinder\plugins\mcufinder
2023-08-31 16:46:20,993 [INFO] CrossReferenceDbSqlite:203 - Set database path to: C:\Users\christian.saiz\.stmcufinder\plugins\mcufinder//mcu/cs/
2023-08-31 16:46:21,068 [INFO] MainPanel:262 - HeapMemory: 268435456
2023-08-31 16:46:21,169 [INFO] DbMcusXml:78 - Set database path to: C:\ST\STM32CubeIDE_1.13.1\STM32CubeIDE\plugins\com.st.stm32cube.common.mx_6.9.1.202307191849\\db\/mcu/
2023-08-31 16:46:21,169 [INFO] ApiDb:274 - Set plugin database path to: C:\ST\STM32CubeIDE_1.13.1\STM32CubeIDE\plugins\com.st.stm32cube.common.mx_6.9.1.202307191849\\db\/plugins/boardmanager/
2023-08-31 16:46:21,169 [INFO] ApiDb:261 - Set plugin images path to: C:\ST\STM32CubeIDE_1.13.1\STM32CubeIDE\plugins\com.st.stm32cube.common.mx_6.9.1.202307191849\\db\/plugins/mcufinder/images/
2023-08-31 16:46:21,169 [WARN] DbFile:41 - Overriding database path with different value: C:\Users\christian.saiz\.stmcufinder\plugins\mcufinder/ => C:\Users\christian.saiz\.stmcufinder\plugins\mcufinder
2023-08-31 16:46:21,169 [INFO] ApiDb:250 - Set database path to: C:\Users\christian.saiz\.stmcufinder\plugins\mcufinder//mcu/
2023-08-31 16:46:21,169 [WARN] DbFile:41 - Overriding database path with different value: C:\Users\christian.saiz\.stmcufinder\plugins\mcufinder/ => C:\Users\christian.saiz\.stmcufinder\plugins\mcufinder
2023-08-31 16:46:21,170 [INFO] DbMcusAds:125 - Set database path to: C:\Users\christian.saiz\.stmcufinder\plugins\mcufinder//mcu/
2023-08-31 16:46:21,170 [WARN] DbFile:41 - Overriding database path with different value: C:\Users\christian.saiz\.stmcufinder\plugins\mcufinder/ => C:\Users\christian.saiz\.stmcufinder\plugins\mcufinder
2023-08-31 16:46:21,170 [WARN] DbFile:41 - Overriding database path with different value: C:\Users\christian.saiz\.stmcufinder\plugins\mcufinder/ => C:\Users\christian.saiz\.stmcufinder\plugins\mcufinder
2023-08-31 16:46:21,170 [INFO] CrossReferenceDbSqlite:203 - Set database path to: C:\Users\christian.saiz\.stmcufinder\plugins\mcufinder//mcu/cs/
2023-08-31 16:46:21,188 [INFO] ApplicationProperties:184 - Using Application install path: C:\ST\STM32CubeIDE_1.13.1\STM32CubeIDE\plugins\com.st.stm32cube.common.mx_6.9.1.202307191849
2023-08-31 16:46:21,189 [INFO] PluginManage:196 - Search for loadable plugins [exclusion list=, ]
2023-08-31 16:46:21,190 [INFO] PluginManage:310 - Check plugin analytics
2023-08-31 16:46:21,331 [INFO] AnalyticsPlugin:253 - Accepted Software Licenses: 
2023-08-31 16:46:21,331 [INFO] AnalyticsPlugin:255 - Accepted CMSIS Pack Licenses: 
2023-08-31 16:46:21,331 [INFO] AnalyticsPlugin:257 - Accepted Firmware Licenses: 
2023-08-31 16:46:21,333 [INFO] PluginManage:359 - Loaded plugin analytics (category:tool,tabindex:-1)
2023-08-31 16:46:21,333 [INFO] PluginManage:310 - Check plugin cadmodel
2023-08-31 16:46:21,349 [INFO] CADModel:105 - Init CAD model plugin
2023-08-31 16:46:21,349 [INFO] PluginManage:359 - Loaded plugin cadmodel (category:power,tabindex:5)
2023-08-31 16:46:21,349 [INFO] PluginManage:310 - Check plugin clock
2023-08-31 16:46:21,367 [INFO] PluginManage:359 - Loaded plugin clock (category:base,tabindex:2)
2023-08-31 16:46:21,368 [INFO] PluginManage:310 - Check plugin ddr
2023-08-31 16:46:21,370 [INFO] PluginManage:359 - Loaded plugin ddr (category:tool,tabindex:6)
2023-08-31 16:46:21,370 [INFO] PluginManage:310 - Check plugin filemanager
2023-08-31 16:46:21,491 [INFO] PluginManage:359 - Loaded plugin filemanager (category:base,tabindex:10)
2023-08-31 16:46:21,491 [INFO] PluginManage:310 - Check plugin ipmanager
2023-08-31 16:46:21,498 [INFO] PluginManage:359 - Loaded plugin ipmanager (category:base,tabindex:5)
2023-08-31 16:46:21,498 [INFO] PluginManage:310 - Check plugin lpbam
2023-08-31 16:46:21,513 [INFO] PluginManage:359 - Loaded plugin lpbam (category:base,tabindex:0)
2023-08-31 16:46:21,514 [INFO] PluginManage:310 - Check plugin memorymap
2023-08-31 16:46:21,539 [INFO] PluginManage:359 - Loaded plugin memorymap (category:base,tabindex:4)
2023-08-31 16:46:21,539 [INFO] PluginManage:310 - Check plugin pinoutandconfiguration
2023-08-31 16:46:21,556 [INFO] PluginManage:359 - Loaded plugin pinoutandconfiguration (category:base,tabindex:1)
2023-08-31 16:46:21,557 [INFO] PluginManage:310 - Check plugin pinoutconfig
2023-08-31 16:46:21,639 [WARN] SupportedApi:132 - Cannot load RTOS API schema: s4s-elt-must-match.1: The content of 'definitions' must match (annotation?, (simpleType | complexType)?, (unique | key | keyref)*)). A problem was found starting at: attribute.
2023-08-31 16:46:21,773 [INFO] PluginManage:359 - Loaded plugin pinoutconfig (category:base,tabindex:0)
2023-08-31 16:46:21,773 [INFO] PluginManage:310 - Check plugin power
2023-08-31 16:46:21,795 [INFO] PluginManage:359 - Loaded plugin power (category:power,tabindex:4)
2023-08-31 16:46:21,796 [INFO] PluginManage:310 - Check plugin projectmanager
2023-08-31 16:46:21,808 [INFO] PluginManage:359 - Loaded plugin projectmanager (category:projectmanager,tabindex:3)
2023-08-31 16:46:21,809 [INFO] PluginManage:310 - Check plugin thirdparty
2023-08-31 16:46:22,040 [INFO] PluginManage:359 - Loaded plugin thirdparty (category:base,tabindex:-1)
2023-08-31 16:46:22,040 [WARN] IntegrityCheckThread:84 - waiting for thirdparty lock release [integrity check]
2023-08-31 16:46:22,040 [INFO] IntegrityCheckThread:86 - entering critical section [integrity check]
2023-08-31 16:46:22,040 [INFO] PluginManage:310 - Check plugin tools
2023-08-31 16:46:22,041 [INFO] ThirdPartyUpdaterWithRetryManager:70 - Updater plugin not ready yet. [1/15]
2023-08-31 16:46:22,068 [INFO] PluginManage:359 - Loaded plugin tools (category:base,tabindex:7)
2023-08-31 16:46:22,068 [INFO] PluginManage:310 - Check plugin tutovideos
2023-08-31 16:46:22,271 [INFO] PluginManage:359 - Loaded plugin tutovideos (category:base,tabindex:-1)
2023-08-31 16:46:22,271 [INFO] PluginManage:310 - Check plugin updater
2023-08-31 16:46:22,284 [INFO] PluginManage:359 - Loaded plugin updater (category:base,tabindex:12)
2023-08-31 16:46:22,284 [INFO] PluginManage:310 - Check plugin userauth
2023-08-31 16:46:22,289 [INFO] UserAuth:113 - Init User Auth plugin
2023-08-31 16:46:22,290 [INFO] PluginManage:359 - Loaded plugin userauth (category:base,tabindex:14)
2023-08-31 16:46:22,290 [INFO] PluginManage:283 - PluginManage : Loaded plugins [17]
2023-08-31 16:46:22,508 [INFO] PinOutPanel:1499 - setPackage(No Configuration,No Configuration)
2023-08-31 16:46:22,598 [INFO] CADModel:165 - CPN selected for project level
2023-08-31 16:46:22,599 [INFO] CADModel:114 - Register for checkConnection events
2023-08-31 16:46:22,622 [INFO] IPUIPlugin:80 - create IPUIPlugin
2023-08-31 16:46:22,622 [INFO] PluginManager:220 - loadIPPluginJar : add adc
2023-08-31 16:46:22,648 [INFO] IPUIPlugin:80 - create IPUIPlugin
2023-08-31 16:46:22,648 [INFO] PluginManager:220 - loadIPPluginJar : add aes
2023-08-31 16:46:22,677 [INFO] IPUIPlugin:80 - create IPUIPlugin
2023-08-31 16:46:22,677 [INFO] PluginManager:220 - loadIPPluginJar : add can
2023-08-31 16:46:22,694 [INFO] IPUIPlugin:80 - create IPUIPlugin
2023-08-31 16:46:22,694 [INFO] PluginManager:220 - loadIPPluginJar : add comp
2023-08-31 16:46:22,718 [INFO] IPUIPlugin:80 - create IPUIPlugin
2023-08-31 16:46:22,718 [INFO] PluginManager:220 - loadIPPluginJar : add cryp
2023-08-31 16:46:22,739 [INFO] IPUIPlugin:80 - create IPUIPlugin
2023-08-31 16:46:22,740 [INFO] PluginManager:220 - loadIPPluginJar : add dfsdm
2023-08-31 16:46:22,752 [INFO] IPUIPlugin:80 - create IPUIPlugin
2023-08-31 16:46:22,753 [INFO] PluginManager:220 - loadIPPluginJar : add dma
2023-08-31 16:46:22,784 [INFO] IPUIPlugin:80 - create IPUIPlugin
2023-08-31 16:46:22,784 [INFO] PluginManager:220 - loadIPPluginJar : add dma3
2023-08-31 16:46:22,800 [INFO] IPUIPlugin:80 - create IPUIPlugin
2023-08-31 16:46:22,800 [INFO] PluginManager:220 - loadIPPluginJar : add fatfs
2023-08-31 16:46:22,836 [INFO] IPUIPlugin:80 - create IPUIPlugin
2023-08-31 16:46:22,836 [INFO] PluginManager:220 - loadIPPluginJar : add fmc
2023-08-31 16:46:22,850 [INFO] IPUIPlugin:80 - create IPUIPlugin
2023-08-31 16:46:22,850 [INFO] PluginManager:220 - loadIPPluginJar : add freertos
2023-08-31 16:46:22,868 [INFO] IPUIPlugin:80 - create IPUIPlugin
2023-08-31 16:46:22,868 [INFO] PluginManager:220 - loadIPPluginJar : add genericplugin
2023-08-31 16:46:22,931 [INFO] IPUIPlugin:80 - create IPUIPlugin
2023-08-31 16:46:22,932 [INFO] PluginManager:220 - loadIPPluginJar : add gfxmmu
2023-08-31 16:46:23,021 [INFO] IPUIPlugin:80 - create IPUIPlugin
2023-08-31 16:46:23,021 [INFO] PluginManager:220 - loadIPPluginJar : add gic
2023-08-31 16:46:23,034 [INFO] IPUIPlugin:80 - create IPUIPlugin
2023-08-31 16:46:23,034 [INFO] PluginManager:220 - loadIPPluginJar : add gpio
2023-08-31 16:46:23,095 [INFO] IPUIPlugin:80 - create IPUIPlugin
2023-08-31 16:46:23,095 [INFO] PluginManager:220 - loadIPPluginJar : add gtzc
2023-08-31 16:46:23,121 [INFO] IPUIPlugin:80 - create IPUIPlugin
2023-08-31 16:46:23,122 [INFO] PluginManager:220 - loadIPPluginJar : add hash
2023-08-31 16:46:23,158 [INFO] IPUIPlugin:80 - create IPUIPlugin
2023-08-31 16:46:23,159 [INFO] PluginManager:220 - loadIPPluginJar : add i2c
2023-08-31 16:46:23,187 [INFO] IPUIPlugin:80 - create IPUIPlugin
2023-08-31 16:46:23,187 [INFO] PluginManager:220 - loadIPPluginJar : add i2s
2023-08-31 16:46:23,216 [INFO] IPUIPlugin:80 - create IPUIPlugin
2023-08-31 16:46:23,216 [INFO] PluginManager:220 - loadIPPluginJar : add i3c
2023-08-31 16:46:23,287 [INFO] IPUIPlugin:80 - create IPUIPlugin
2023-08-31 16:46:23,287 [INFO] PluginManager:220 - loadIPPluginJar : add ipddr
2023-08-31 16:46:23,351 [INFO] IPUIPlugin:80 - create IPUIPlugin
2023-08-31 16:46:23,351 [INFO] PluginManager:220 - loadIPPluginJar : add linkedlist
2023-08-31 16:46:23,378 [INFO] IPUIPlugin:80 - create IPUIPlugin
2023-08-31 16:46:23,378 [INFO] PluginManager:220 - loadIPPluginJar : add lorawan
2023-08-31 16:46:23,405 [INFO] IPUIPlugin:80 - create IPUIPlugin
2023-08-31 16:46:23,405 [INFO] PluginManager:220 - loadIPPluginJar : add ltdc
2023-08-31 16:46:23,418 [INFO] IPUIPlugin:80 - create IPUIPlugin
2023-08-31 16:46:23,418 [INFO] PluginManager:220 - loadIPPluginJar : add mdma
2023-08-31 16:46:23,429 [INFO] IPUIPlugin:80 - create IPUIPlugin
2023-08-31 16:46:23,429 [INFO] PluginManager:220 - loadIPPluginJar : add nvic
2023-08-31 16:46:23,455 [INFO] IPUIPlugin:80 - create IPUIPlugin
2023-08-31 16:46:23,455 [INFO] PluginManager:220 - loadIPPluginJar : add opamp
2023-08-31 16:46:23,496 [INFO] IPUIPlugin:80 - create IPUIPlugin
2023-08-31 16:46:23,496 [INFO] PluginManager:220 - loadIPPluginJar : add openamp
2023-08-31 16:46:23,527 [INFO] IPUIPlugin:80 - create IPUIPlugin
2023-08-31 16:46:23,527 [INFO] PluginManager:220 - loadIPPluginJar : add pdm2pcm
2023-08-31 16:46:23,540 [INFO] IPUIPlugin:80 - create IPUIPlugin
2023-08-31 16:46:23,541 [INFO] PluginManager:220 - loadIPPluginJar : add plateformsettings
2023-08-31 16:46:23,558 [INFO] IPUIPlugin:80 - create IPUIPlugin
2023-08-31 16:46:23,558 [INFO] PluginManager:220 - loadIPPluginJar : add quadspi
2023-08-31 16:46:23,569 [INFO] IPUIPlugin:80 - create IPUIPlugin
2023-08-31 16:46:23,569 [INFO] PluginManager:220 - loadIPPluginJar : add resmgrutility
2023-08-31 16:46:23,604 [INFO] IPUIPlugin:80 - create IPUIPlugin
2023-08-31 16:46:23,604 [INFO] PluginManager:220 - loadIPPluginJar : add sai
2023-08-31 16:46:23,630 [INFO] IPUIPlugin:80 - create IPUIPlugin
2023-08-31 16:46:23,631 [INFO] PluginManager:220 - loadIPPluginJar : add spi
2023-08-31 16:46:23,671 [INFO] IPUIPlugin:80 - create IPUIPlugin
2023-08-31 16:46:23,671 [INFO] PluginManager:220 - loadIPPluginJar : add stm32_wpan
2023-08-31 16:46:23,690 [INFO] IPUIPlugin:80 - create IPUIPlugin
2023-08-31 16:46:23,690 [INFO] PluginManager:220 - loadIPPluginJar : add tim
2023-08-31 16:46:23,728 [INFO] IPUIPlugin:80 - create IPUIPlugin
2023-08-31 16:46:23,728 [INFO] PluginManager:220 - loadIPPluginJar : add touchsensing
2023-08-31 16:46:23,744 [INFO] IPUIPlugin:80 - create IPUIPlugin
2023-08-31 16:46:23,744 [INFO] PluginManager:220 - loadIPPluginJar : add tracer_emb
2023-08-31 16:46:23,762 [INFO] IPUIPlugin:80 - create IPUIPlugin
2023-08-31 16:46:23,762 [INFO] PluginManager:220 - loadIPPluginJar : add ts
2023-08-31 16:46:23,780 [INFO] IPUIPlugin:80 - create IPUIPlugin
2023-08-31 16:46:23,780 [INFO] PluginManager:220 - loadIPPluginJar : add tsc
2023-08-31 16:46:23,796 [INFO] IPUIPlugin:80 - create IPUIPlugin
2023-08-31 16:46:23,796 [INFO] PluginManager:220 - loadIPPluginJar : add ucpd
2023-08-31 16:46:23,826 [INFO] IPUIPlugin:80 - create IPUIPlugin
2023-08-31 16:46:23,826 [INFO] PluginManager:220 - loadIPPluginJar : add usart
2023-08-31 16:46:23,860 [INFO] IPUIPlugin:80 - create IPUIPlugin
2023-08-31 16:46:23,860 [INFO] PluginManager:220 - loadIPPluginJar : add usbx
2023-08-31 16:46:23,973 [INFO] CADModel:165 - CPN selected for project level
2023-08-31 16:46:23,974 [INFO] CADModel:114 - Register for checkConnection events
2023-08-31 16:46:23,974 [FATAL] Updater:308 - Updater called before beeing initialized
2023-08-31 16:46:23,974 [ERROR] CADModel:125 - Updater not yet initialized, retry later 
2023-08-31 16:46:24,086 [INFO] CADModel:165 - CPN selected for project level
2023-08-31 16:46:24,087 [INFO] CADModel:114 - Register for checkConnection events
2023-08-31 16:46:24,087 [FATAL] Updater:308 - Updater called before beeing initialized
2023-08-31 16:46:24,087 [ERROR] CADModel:125 - Updater not yet initialized, retry later 
2023-08-31 16:46:24,090 [FATAL] Updater:308 - Updater called before beeing initialized
2023-08-31 16:46:24,182 [FATAL] Updater:308 - Updater called before beeing initialized
2023-08-31 16:46:24,192 [INFO] DbMcusAds:53 - JSON generation date=Thu Sep 30 02:55:09 EDT 2021 (1632984909247)
2023-08-31 16:46:24,192 [FATAL] Updater:308 - Updater called before beeing initialized
2023-08-31 16:46:24,260 [WARN] DetailPanel:346 - Failed to get advertising image, set to default
2023-08-31 16:46:24,351 [FATAL] Updater:308 - Updater called before beeing initialized
2023-08-31 16:46:24,353 [FATAL] Updater:308 - Updater called before beeing initialized
2023-08-31 16:46:24,354 [FATAL] Updater:308 - Updater called before beeing initialized
2023-08-31 16:46:24,354 [WARN] DetailPanel:346 - Failed to get advertising image, set to default
2023-08-31 16:46:24,354 [FATAL] Updater:308 - Updater called before beeing initialized
2023-08-31 16:46:24,399 [ERROR] Updater:1120 - MainUpdater not yet initialized. External WinMGr cannot be set.
2023-08-31 16:46:24,408 [INFO] Updater:1056 - Updater Version found : 6.9.1
2023-08-31 16:46:24,429 [INFO] ApplicationProperties:184 - Using Application install path: C:\ST\STM32CubeIDE_1.13.1\STM32CubeIDE\plugins\com.st.stm32cube.common.mx_6.9.1.202307191849
2023-08-31 16:46:24,696 [INFO] MainUpdater:2868 - connection check result : 10
2023-08-31 16:46:24,697 [INFO] MainUpdater:285 - Updater Check For Update Now.
2023-08-31 16:46:24,698 [INFO] MicroXplorer:498 - Change Database Version : DB.6.0.91
2023-08-31 16:46:24,714 [INFO] McuFinderGlobals:63 - Set McuFinder mode to 2 (CubeIDE integrated)
2023-08-31 16:46:24,715 [INFO] UserAuth:179 - activating auth plugin
2023-08-31 16:46:24,718 [INFO] UserAuth:393 - Internet connection configuration mode: 1
2023-08-31 16:46:24,749 [INFO] JxBrowserEngine:151 - Initiate JxBrowser Engine with user profile folder
2023-08-31 16:46:24,888 [INFO] CheckServerUpdateThread:120 - End of CheckServer Thread
2023-08-31 16:46:25,166 [WARN] PackLoader:240 - Cannot read IP mode file for STMicroelectronics.X-CUBE-SMBUS.2.1.0
2023-08-31 16:46:25,207 [WARN] PackLoader:240 - Cannot read IP mode file for STMicroelectronics.X-CUBE-AZRTOS-F7.1.1.0
2023-08-31 16:46:25,229 [WARN] PackLoader:240 - Cannot read IP mode file for STMicroelectronics.FP-SNS-MOTENV1.4.3.2
2023-08-31 16:46:25,246 [WARN] PackLoader:240 - Cannot read IP mode file for STMicroelectronics.FP-SNS-FLIGHT1.5.0.2
2023-08-31 16:46:25,266 [WARN] PackLoader:240 - Cannot read IP mode file for STMicroelectronics.X-CUBE-DISPLAY.3.0.0
2023-08-31 16:46:25,285 [WARN] PackLoader:240 - Cannot read IP mode file for STMicroelectronics.X-CUBE-BLE1.7.0.0
2023-08-31 16:46:25,297 [WARN] PackLoader:240 - Cannot read IP mode file for emotas.I-CUBE-CANOPEN.1.3.0
2023-08-31 16:46:25,310 [WARN] PackLoader:240 - Cannot read IP mode file for STMicroelectronics.X-CUBE-TOUCHGFX.4.22.0
2023-08-31 16:46:25,330 [INFO] LogOutputStream:77 - [STDOUT_REDIRECT] 1 : Invalid condition id : UX_CORESTACK_Condition cause : null
2023-08-31 16:46:25,330 [INFO] LogOutputStream:77 - [STDOUT_REDIRECT] 1 : Invalid condition id : UX_CORESTACK_Condition cause : null
2023-08-31 16:46:25,331 [INFO] LogOutputStream:77 - [STDOUT_REDIRECT] 1 : Invalid condition id : UX_CORESTACK_Condition cause : null
2023-08-31 16:46:25,331 [INFO] LogOutputStream:77 - [STDOUT_REDIRECT] 1 : Invalid condition id : UX_CORESTACK_Condition cause : null
2023-08-31 16:46:25,332 [INFO] LogOutputStream:77 - [STDOUT_REDIRECT] 1 : Invalid condition id : UX_CORESTACK_Condition cause : null
2023-08-31 16:46:25,336 [WARN] PackLoader:240 - Cannot read IP mode file for STMicroelectronics.X-CUBE-AZRTOS-WL.2.0.0
2023-08-31 16:46:25,353 [WARN] PackLoader:240 - Cannot read IP mode file for WES.I-CUBE-Cesium.1.3.0
2023-08-31 16:46:25,365 [WARN] PackLoader:240 - Cannot read IP mode file for STMicroelectronics.X-CUBE-BLE2.3.3.0
2023-08-31 16:46:25,381 [WARN] PackLoader:240 - Cannot read IP mode file for STMicroelectronics.X-CUBE-ALGOBUILD.1.3.0
2023-08-31 16:46:25,410 [WARN] PackLoader:240 - Cannot read IP mode file for STMicroelectronics.X-CUBE-AZRTOS-G0.1.1.0
2023-08-31 16:46:25,426 [WARN] PackLoader:240 - Cannot read IP mode file for STMicroelectronics.X-CUBE-NFC4.3.0.0
2023-08-31 16:46:25,440 [WARN] PackLoader:240 - Cannot read IP mode file for STMicroelectronics.FP-ATR-SIGFOX1.3.2.0
2023-08-31 16:46:25,478 [WARN] PackLoader:240 - Cannot read IP mode file for SEGGER.I-CUBE-embOS.1.3.1
2023-08-31 16:46:25,542 [WARN] PackLoader:240 - Cannot read IP mode file for STMicroelectronics.X-CUBE-GNSS1.6.0.0
2023-08-31 16:46:25,591 [WARN] PackLoader:240 - Cannot read IP mode file for STMicroelectronics.X-CUBE-AZRTOS-F4.1.1.0
2023-08-31 16:46:25,616 [WARN] PackLoader:240 - Cannot read IP mode file for wolfSSL.I-CUBE-wolfSSL.5.6.3
2023-08-31 16:46:25,640 [WARN] PackLoader:240 - Cannot read IP mode file for STMicroelectronics.X-CUBE-AZRTOS-L5.2.0.0
2023-08-31 16:46:25,692 [WARN] PackLoader:240 - Cannot read IP mode file for STMicroelectronics.X-CUBE-MEMS1.9.6.0
2023-08-31 16:46:25,839 [WARN] PackLoader:240 - Cannot read IP mode file for STMicroelectronics.X-CUBE-BLEMGR.2.0.0
2023-08-31 16:46:25,868 [WARN] ConditionMgr:438 - getConditionDescription Invalid condition id : UX DEVICE CLASS RTOS Condition cause : null
2023-08-31 16:46:25,869 [WARN] ConditionMgr:438 - getConditionDescription Invalid condition id : UX DEVICE CLASS RTOS Condition cause : null
2023-08-31 16:46:25,870 [WARN] PackLoader:240 - Cannot read IP mode file for STMicroelectronics.X-CUBE-AZRTOS-H7.3.1.0
2023-08-31 16:46:25,871 [WARN] ConditionMgr:1039 - genDependencies : Invalid condition id : UX DEVICE CLASS RTOS Condition cause : null
2023-08-31 16:46:25,871 [WARN] ConditionMgr:1039 - genDependencies : Invalid condition id : UX DEVICE CLASS RTOS Condition cause : null
2023-08-31 16:46:25,871 [WARN] ConditionMgr:1039 - genDependencies : Invalid condition id : UX DEVICE CLASS RTOS Condition cause : null
2023-08-31 16:46:25,871 [WARN] ConditionMgr:1039 - genDependencies : Invalid condition id : UX DEVICE CLASS RTOS Condition cause : null
2023-08-31 16:46:25,871 [WARN] ConditionMgr:1039 - genDependencies : Invalid condition id : UX DEVICE CLASS RTOS Condition cause : null
2023-08-31 16:46:25,884 [WARN] PackLoader:240 - Cannot read IP mode file for STMicroelectronics.X-CUBE-NFC7.1.0.1
2023-08-31 16:46:25,894 [WARN] PackLoader:240 - Cannot read IP mode file for STMicroelectronics.X-CUBE-EEPRMA1.4.1.0
2023-08-31 16:46:25,908 [WARN] PackLoader:240 - Cannot read IP mode file for STMicroelectronics.X-CUBE-AI.8.1.0
2023-08-31 16:46:25,938 [WARN] ConditionMgr:438 - getConditionDescription Invalid condition id : LAN8742 Phy interface Condition cause : null
2023-08-31 16:46:25,939 [WARN] PackLoader:240 - Cannot read IP mode file for STMicroelectronics.X-CUBE-AZRTOS-L4.2.0.0
2023-08-31 16:46:25,940 [WARN] ConditionMgr:1039 - genDependencies : Invalid condition id : LAN8742 Phy interface Condition cause : null
2023-08-31 16:46:25,940 [WARN] ConditionMgr:1039 - genDependencies : Invalid condition id : LAN8742 Phy interface Condition cause : null
2023-08-31 16:46:25,941 [WARN] ConditionMgr:1039 - genDependencies : Invalid condition id : LAN8742 Phy interface Condition cause : null
2023-08-31 16:46:25,957 [WARN] PackLoader:240 - Cannot read IP mode file for STMicroelectronics.X-CUBE-SFXS2LP1.4.0.0
2023-08-31 16:46:25,970 [WARN] PackLoader:240 - Cannot read IP mode file for STMicroelectronics.X-CUBE-ISPU.1.1.0
2023-08-31 16:46:25,994 [WARN] ConditionMgr:438 - getConditionDescription Invalid condition id : UX DEVICE CLASS RTOS Condition cause : null
2023-08-31 16:46:25,995 [WARN] ConditionMgr:438 - getConditionDescription Invalid condition id : UX DEVICE CLASS RTOS Condition cause : null
2023-08-31 16:46:25,997 [WARN] PackLoader:240 - Cannot read IP mode file for STMicroelectronics.X-CUBE-AZRTOS-WB.2.0.0
2023-08-31 16:46:25,998 [WARN] ConditionMgr:1039 - genDependencies : Invalid condition id : UX DEVICE CLASS RTOS Condition cause : null
2023-08-31 16:46:25,998 [WARN] ConditionMgr:1039 - genDependencies : Invalid condition id : UX DEVICE CLASS RTOS Condition cause : null
2023-08-31 16:46:25,999 [WARN] ConditionMgr:1039 - genDependencies : Invalid condition id : UX DEVICE CLASS RTOS Condition cause : null
2023-08-31 16:46:25,999 [WARN] ConditionMgr:1039 - genDependencies : Invalid condition id : UX DEVICE CLASS RTOS Condition cause : null
2023-08-31 16:46:25,999 [WARN] ConditionMgr:1039 - genDependencies : Invalid condition id : UX DEVICE CLASS RTOS Condition cause : null
2023-08-31 16:46:26,017 [WARN] PackLoader:240 - Cannot read IP mode file for STMicroelectronics.X-CUBE-SUBG2.5.0.0
2023-08-31 16:46:26,039 [WARN] PackLoader:240 - Cannot read IP mode file for STMicroelectronics.X-CUBE-TOF1.3.3.1
2023-08-31 16:46:26,072 [WARN] PackLoader:240 - Cannot read IP mode file for STMicroelectronics.X-CUBE-AZRTOS-G4.2.0.0
2023-08-31 16:46:26,089 [WARN] PackLoader:240 - Cannot read IP mode file for STMicroelectronics.X-CUBE-FREERTOS.1.1.0
2023-08-31 16:46:26,106 [WARN] PackLoader:240 - Cannot read IP mode file for portGmbH.I-Cube-SoM-uGOAL.1.1.0
2023-08-31 16:46:26,123 [WARN] PackLoader:240 - Cannot read IP mode file for STMicroelectronics.X-CUBE-ALS.1.0.1
2023-08-31 16:46:26,144 [WARN] PackLoader:240 - Cannot read IP mode file for STMicroelectronics.FP-ATR-ASTRA1.2.0.0
2023-08-31 16:46:26,145 [INFO] ThirdParty:978 - Integrity check success = true
2023-08-31 16:46:26,145 [INFO] IntegrityCheckThread:100 - exiting critical section [integrity check]
2023-08-31 16:46:26,145 [INFO] IntegrityCheckThread:103 - End integrity checks thread
2023-08-31 16:46:27,232 [INFO] WebApp:157 - Instantiating new browser for Auth
2023-08-31 16:46:27,864 [INFO] WebApp:753 - Register for checkConnection events
2023-08-31 16:46:27,864 [INFO] WebApp:390 - Apply proxy settings
2023-08-31 16:46:27,864 [INFO] WebApp:475 - Chromium requires no authentication
2023-08-31 16:46:27,873 [INFO] WebApp:418 - Direct internet connection detected
2023-08-31 16:46:28,012 [INFO] WebApp:188 - Starting web application
2023-08-31 16:46:28,013 [INFO] WebApp:520 - Web application path used C:\ST\STM32CubeIDE_1.13.1\STM32CubeIDE\plugins\com.st.stm32cube.common.mx_6.9.1.202307191849\db\plugins\mcufinder\reactClient1\index.html
2023-08-31 16:46:37,911 [INFO] McuFinderGlobals:63 - Set McuFinder mode to 2 (CubeIDE integrated)
2023-08-31 16:46:37,934 [INFO] MainUpdater:2868 - connection check result : 10
2023-08-31 16:46:37,955 [INFO] McuFinderGlobals:76 - Set McuFinderConnectedMode to true
2023-08-31 16:46:38,545 [INFO] ServerAccessManage:473 - Download File mcusAds.json._tmp_
2023-08-31 16:46:38,661 [INFO] LoadUrlFilesThread:156 - End of LoadUrlFiles Thread
2023-08-31 16:46:48,758 [ERROR] LogOutputStream:75 - [STDERR_REDIRECT] SLF4J: Failed to load class "org.slf4j.impl.StaticLoggerBinder".
2023-08-31 16:46:48,758 [ERROR] LogOutputStream:75 - [STDERR_REDIRECT] SLF4J: Defaulting to no-operation (NOP) logger implementation
2023-08-31 16:46:48,759 [ERROR] LogOutputStream:75 - [STDERR_REDIRECT] SLF4J: See http://www.slf4j.org/codes.html#StaticLoggerBinder for further details.
2023-08-31 16:46:51,101 [INFO] ServerAccessManage:473 - Download File cube-finder-db.zip
2023-08-31 16:46:53,130 [INFO] FileExtend:240 - Unzip File : cube-finder-db.zip
2023-08-31 16:46:53,131 [INFO] FileExtend:255 - Standard Zip Deflate
2023-08-31 16:46:53,806 [INFO] LoadUrlFilesThread:156 - End of LoadUrlFiles Thread
2023-08-31 16:46:54,902 [INFO] ServerAccessManage:473 - Download File crdb.zip
2023-08-31 16:46:55,780 [INFO] FileExtend:240 - Unzip File : crdb.zip
2023-08-31 16:46:55,780 [INFO] FileExtend:255 - Standard Zip Deflate
2023-08-31 16:46:55,912 [INFO] LoadUrlFilesThread:156 - End of LoadUrlFiles Thread
2023-08-31 16:46:56,077 [INFO] ServerAccessManage:473 - Download File tutoVideoDB.zip
2023-08-31 16:46:56,081 [INFO] FileExtend:240 - Unzip File : tutoVideoDB.zip
2023-08-31 16:46:56,081 [INFO] FileExtend:255 - Standard Zip Deflate
2023-08-31 16:46:56,207 [INFO] LoadUrlFilesThread:156 - End of LoadUrlFiles Thread
2023-08-31 16:46:56,210 [WARN] DbFile:41 - Overriding database path with different value: C:\Users\christian.saiz\.stmcufinder\plugins\mcufinder/ => C:\Users\christian.saiz\.stmcufinder\plugins\mcufinder
2023-08-31 16:46:56,272 [INFO] ServerAccessManage:473 - Download File api_config.json
2023-08-31 16:46:56,385 [INFO] LoadUrlFilesThread:156 - End of LoadUrlFiles Thread
2023-08-31 16:46:56,385 [INFO] DbMcusAds:53 - JSON generation date=Tue Mar 07 03:50:55 EST 2023 (1678179055114)
2023-08-31 16:46:56,824 [INFO] ServerAccessManage:473 - Download File 
2023-08-31 16:46:56,875 [INFO] LoadUrlFilesThread:185 - End of LoadServerUrlFiles without Thread
2023-08-31 16:46:56,876 [INFO] TargetSelectorAdapter:259 - Refresh data is successful
2023-08-31 16:46:56,996 [INFO] ApiDb:581 - Connected to CubeFinder SQLite database (C:\Users\christian.saiz\.stmcufinder\plugins\mcufinder\mcu\cube-finder-db.db)
2023-08-31 16:46:57,036 [INFO] ApiDb:668 - CubeFinder database Data Model version=2.1
2023-08-31 16:46:57,036 [INFO] ApiDb:669 - CubeFinder database Configuration version=3.0.37
2023-08-31 16:46:57,036 [INFO] ApiDb:670 - CubeFinder database generation date=2023-08-09 (1691586011)
2023-08-31 16:46:57,036 [INFO] ApiDb:671 - CubeFinder database FW Pack versions=[FP-ATR-ASTRA1_V2.0.0, FP-SNS-FLIGHT1_V5.0.1, FP-SNS-FLIGHT1_V5.0.2, FP-SNS-MOTENV1_V4.3.1, FP-SNS-MOTENV1_V4.3.2, STM32Cube_FW_C0_V1.1.0, STM32Cube_FW_F4_V1.27.1, STM32Cube_FW_F7_V1.17.0, STM32Cube_FW_G0_V1.6.1, STM32Cube_FW_G4_V1.5.1, STM32Cube_FW_H5_V0.5.1, STM32Cube_FW_H5_V1.1.0, STM32Cube_FW_H7_V1.11.0, STM32Cube_FW_L0_V1.12.2, STM32Cube_FW_L5_V1.5.0, STM32Cube_FW_U5_V1.3.0, STM32Cube_FW_U5_V1.3.0RC4, STM32Cube_FW_WBA_V1.0.0RC1, STM32Cube_FW_WBA_V1.1.0, STM32Cube_FW_WBA_V1.1.0RC1, STM32Cube_FW_WB_V1.15.0RC1, STM32Cube_FW_WB_V1.16.0, STM32Cube_FW_WB_V1.16.0RC2, STM32Cube_FW_WB_V1.17.0, STM32Cube_FW_WL_V1.3.0, X-CUBE-ALGOBUILD_V1.3.0, X-CUBE-ALS_V1.0.1, X-CUBE-AZRTOS-F4_V1.1.0, X-CUBE-AZRTOS-F7_V1.1.0, X-CUBE-AZRTOS-G0_V1.1.0, X-CUBE-AZRTOS-G4_V2.0.0, X-CUBE-AZRTOS-H7_V3.1.0, X-CUBE-AZRTOS-L4_V1.0.0, X-CUBE-AZRTOS-L4_V2.0.0, X-CUBE-AZRTOS-L5_V1.1.0, X-CUBE-AZRTOS-WB_V1.1.0, X-CUBE-AZRTOS-WL_V2.0.0, X-CUBE-BLE1_V7.0.0, X-CUBE-BLE2_V3.3.0, X-CUBE-BLEMGR_V2.0.0, X-CUBE-EEPRMA1_V4.1.0, X-CUBE-FREERTOS_V1.1.0, X-CUBE-GNSS1_V6.0.0, X-CUBE-MEMS1_V9.1.0, X-CUBE-MEMS1_V9.4.0, X-CUBE-MEMS1_V9.6.0, X-CUBE-NFC4_V3.0.0, X-CUBE-NFC7_V1.0.0, X-CUBE-SFXS2LP1_V4.0.0, X-CUBE-SUBG2_V5.0.0, X-CUBE-TOF1_V3.3.1]
2023-08-31 16:46:58,322 [INFO] ApiDb:240 - Found 323 in-development CPN: [B-G473E-ZEST1S, B-WB1M-WPAN1, B-WL5M-SUBG1, NUCLEO-C031C6, NUCLEO-H503RB, NUCLEO-H563ZI, NUCLEO-U545RE-Q, NUCLEO-U5A5ZJ-Q, NUCLEO-WBA52CG, STEVAL-PROTEUS1, STEVAL-SMARTAG2, STEVAL-STWINBX1, STM320518-EVAL, STM32C0116-DK, STM32C011D6Y3TR, STM32C011D6Y6TR, STM32C011F4P3, STM32C011F4P6, STM32C011F4U3, STM32C011F4U6TR, STM32C011F6P3, STM32C011F6P6, STM32C011F6U3, STM32C011F6U6TR, STM32C011J4M3, STM32C011J4M6, STM32C011J6M3, STM32C011J6M6, STM32C0316-DK, STM32C031C4T3, STM32C031C4T6, STM32C031C4U3, STM32C031C4U6, STM32C031C6T3, STM32C031C6T6, STM32C031C6U3, STM32C031C6U6, STM32C031F4P3, STM32C031F4P6, STM32C031F6P3, STM32C031F6P6, STM32C031G4U3, STM32C031G4U6, STM32C031G6U3, STM32C031G6U6, STM32C031K4T3, STM32C031K4T6, STM32C031K4U3, STM32C031K4U6, STM32C031K6T3, STM32C031K6T6, STM32C031K6U3, STM32C031K6U6, STM32G071K8TXN, STM32G071K8UXN, STM32G081GBU6N, STM32G081KBT6N, STM32G081KBUXN, STM32G0B1CCT6N, STM32G0B1KCT6, STM32G0B1NEY6TR, STM32G0B1RCT6N, STM32G0C1CCT6, STM32G0C1CCT6N, STM32G0C1CCU6N, STM32G0C1CET6N, STM32G0C1CEU6N, STM32G0C1KCT6, STM32G0C1NEY6TR, STM32G0C1RCI6N, STM32G0C1RCT6N, STM32G0C1REI6N, STM32G0C1RET6N, STM32G0C1VCI6, STM32G0C1VEI6, STM32G471CCT6, STM32G471CCU6, STM32G471CET3, STM32G471CET6, STM32G471CEU3, STM32G471CEU6, STM32G471MCT6, STM32G471MET3, STM32G471MET6, STM32G471MEY6TR, STM32G471QCT6, STM32G471QET3, STM32G471RCT6, STM32G471RET3, STM32G471RET6, STM32G471VCH6, STM32G471VCI6, STM32G471VCT6, STM32G471VEH3, STM32G471VEH6, STM32G471VEI3, STM32G471VEI6, STM32G471VET3, STM32G471VET6, STM32G474CCT6, STM32H503CBT6, STM32H503CBU6, STM32H503EBY6TR, STM32H503KBU6, STM32H503RBT6, STM32H562AGI6, STM32H562AII6, STM32H562IGK6, STM32H562IGT6, STM32H562IIK6, STM32H562IIT6, STM32H562RGT6, STM32H562RGV6, STM32H562RIT6, STM32H562RIV6, STM32H562VGT6, STM32H562VIT6, STM32H562ZGT6, STM32H562ZIT6, STM32H563AGI6, STM32H563AII3Q, STM32H563AII6, STM32H563IGK6, STM32H563IGT6, STM32H563IIK3Q, STM32H563IIK6, STM32H563IIT3Q, STM32H563IIT6, STM32H563MIY3QTR, STM32H563RGT6, STM32H563RGV6, STM32H563RIT6, STM32H563RIV6, STM32H563VGT6, STM32H563VIT3Q, STM32H563VIT6, STM32H563ZGT6, STM32H563ZIT3Q, STM32H563ZIT6, STM32H573AII3Q, STM32H573AII6, STM32H573I-DK, STM32H573IIK3Q, STM32H573IIK6, STM32H573IIT3Q, STM32H573IIT6, STM32H573MIY3QTR, STM32H573RIT6, STM32H573RIV6, STM32H573VIT3Q, STM32H573VIT6, STM32H573ZIT3Q, STM32H573ZIT6, STM32L4R5QGI6STR, STM32MP131AAE3, STM32MP131AAF3, STM32MP131AAG3, STM32MP131CAE3, STM32MP131CAF3, STM32MP131CAG3, STM32MP131DAE7, STM32MP131DAF7, STM32MP131DAG7, STM32MP131FAE7, STM32MP131FAF7, STM32MP131FAG7, STM32MP133AAE3, STM32MP133AAF3, STM32MP133AAG3, STM32MP133CAE3, STM32MP133CAF3, STM32MP133CAG3, STM32MP133DAE7, STM32MP133DAF7, STM32MP133DAG7, STM32MP133FAE7, STM32MP133FAF7, STM32MP133FAG7, STM32MP135AAE3, STM32MP135AAF3, STM32MP135AAG3, STM32MP135CAE3, STM32MP135CAF3, STM32MP135CAG3, STM32MP135DAE7, STM32MP135DAF7, STM32MP135DAG7, STM32MP135F-DK, STM32MP135FAE7, STM32MP135FAF7, STM32MP135FAF7T, STM32MP135FAF7U, STM32MP135FAG7, STM32U535CBT6, STM32U535CBT6Q, STM32U535CBU6, STM32U535CBU6Q, STM32U535CCT6, STM32U535CCT6Q, STM32U535CCU6, STM32U535CCU6Q, STM32U535CET6, STM32U535CET6Q, STM32U535CEU6, STM32U535CEU6Q, STM32U535JEY6QTR, STM32U535NCY6QTR, STM32U535NEY6QTR, STM32U535RBI6, STM32U535RBI6Q, STM32U535RBT6, STM32U535RBT6Q, STM32U535RCI6, STM32U535RCI6Q, STM32U535RCT6, STM32U535RCT6Q, STM32U535REI6, STM32U535REI6Q, STM32U535RET6, STM32U535RET6Q, STM32U535VCI6, STM32U535VCI6Q, STM32U535VCT6, STM32U535VCT6Q, STM32U535VEI6, STM32U535VEI6Q, STM32U535VET6, STM32U535VET6Q, STM32U545CET6, STM32U545CET6Q, STM32U545CEU6, STM32U545CEU6Q, STM32U545JEY6QTR, STM32U545NEY6QTR, STM32U545REI6, STM32U545REI6Q, STM32U545RET6, STM32U545RET6Q, STM32U545VEI6, STM32U545VEI6Q, STM32U545VET6, STM32U545VET6Q, STM32U595AIH6, STM32U595AIH6Q, STM32U595AJH6, STM32U595AJH6Q, STM32U595QII6, STM32U595QII6Q, STM32U595QJI6, STM32U595QJI6Q, STM32U595RIT6, STM32U595RIT6Q, STM32U595RJT6, STM32U595RJT6Q, STM32U595VIT6, STM32U595VIT6Q, STM32U595VJT6, STM32U595VJT6Q, STM32U595ZIT6, STM32U595ZIT6Q, STM32U595ZIY6QTR, STM32U595ZJT6, STM32U595ZJT6Q, STM32U595ZJY6QTR, STM32U599BJY6QTR, STM32U599NIH6Q, STM32U599NJH6Q, STM32U599VIT6Q, STM32U599VJT6, STM32U599VJT6Q, STM32U599ZIT6Q, STM32U599ZIY6QTR, STM32U599ZJT6Q, STM32U599ZJY6QTR, STM32U5A5AJH6, STM32U5A5AJH6Q, STM32U5A5QJI6, STM32U5A5QJI6Q, STM32U5A5RJT6, STM32U5A5RJT6Q, STM32U5A5VJT6, STM32U5A5VJT6Q, STM32U5A5ZJT6, STM32U5A5ZJT6Q, STM32U5A5ZJY6QTR, STM32U5A9BJY6QTR, STM32U5A9J-DK, STM32U5A9NJH6Q, STM32U5A9VJT6Q, STM32U5A9ZJT6Q, STM32U5A9ZJY6QTR, STM32U5F7VIT6, STM32U5F7VIT6Q, STM32U5F7VJT6, STM32U5F7VJT6Q, STM32U5F9BJY6QTR, STM32U5F9NJH6Q, STM32U5F9VIT6Q, STM32U5F9VJT6Q, STM32U5F9ZIJ6QTR, STM32U5F9ZIT6Q, STM32U5F9ZJJ6QTR, STM32U5F9ZJT6Q, STM32U5G7VJT6, STM32U5G7VJT6Q, STM32U5G9BJY6QTR, STM32U5G9J-DK1, STM32U5G9J-DK2, STM32U5G9NJH6Q, STM32U5G9VJT6Q, STM32U5G9ZJJ6QTR, STM32U5G9ZJT6Q, STM32WB1MMCH6, STM32WBA52CEU6, STM32WBA52CEU6T, STM32WBA52CGU6, STM32WBA52CGU6T, STM32WBA52KEU6, STM32WBA52KEU6T, STM32WBA52KGU6, STM32WBA52KGU6T, STM32WL5MOCH6, STM32WL5MOCH6TR]
2023-08-31 16:46:58,326 [INFO] DbMcus:217 - Found 3848 MCUs, 3848 are supported
2023-08-31 16:46:58,327 [INFO] ApiDb:423 - Load user favorites file C:\Users\christian.saiz/.stm32cubeide/favorites.mcus.txt: 0 item(s)
2023-08-31 16:46:58,327 [INFO] ApiDb:427 - User favorites MCUs=[]
2023-08-31 16:46:58,327 [INFO] DbMcus:223 - Set 0 / 0 favorites MCUs
2023-08-31 16:46:58,506 [INFO] ApiDb:668 - CubeFinder database Data Model version=2.1
2023-08-31 16:46:58,506 [INFO] ApiDb:669 - CubeFinder database Configuration version=3.0.37
2023-08-31 16:46:58,506 [INFO] ApiDb:670 - CubeFinder database generation date=2023-08-09 (1691586011)
2023-08-31 16:46:58,506 [INFO] ApiDb:671 - CubeFinder database FW Pack versions=[FP-ATR-ASTRA1_V2.0.0, FP-SNS-FLIGHT1_V5.0.1, FP-SNS-FLIGHT1_V5.0.2, FP-SNS-MOTENV1_V4.3.1, FP-SNS-MOTENV1_V4.3.2, STM32Cube_FW_C0_V1.1.0, STM32Cube_FW_F4_V1.27.1, STM32Cube_FW_F7_V1.17.0, STM32Cube_FW_G0_V1.6.1, STM32Cube_FW_G4_V1.5.1, STM32Cube_FW_H5_V0.5.1, STM32Cube_FW_H5_V1.1.0, STM32Cube_FW_H7_V1.11.0, STM32Cube_FW_L0_V1.12.2, STM32Cube_FW_L5_V1.5.0, STM32Cube_FW_U5_V1.3.0, STM32Cube_FW_U5_V1.3.0RC4, STM32Cube_FW_WBA_V1.0.0RC1, STM32Cube_FW_WBA_V1.1.0, STM32Cube_FW_WBA_V1.1.0RC1, STM32Cube_FW_WB_V1.15.0RC1, STM32Cube_FW_WB_V1.16.0, STM32Cube_FW_WB_V1.16.0RC2, STM32Cube_FW_WB_V1.17.0, STM32Cube_FW_WL_V1.3.0, X-CUBE-ALGOBUILD_V1.3.0, X-CUBE-ALS_V1.0.1, X-CUBE-AZRTOS-F4_V1.1.0, X-CUBE-AZRTOS-F7_V1.1.0, X-CUBE-AZRTOS-G0_V1.1.0, X-CUBE-AZRTOS-G4_V2.0.0, X-CUBE-AZRTOS-H7_V3.1.0, X-CUBE-AZRTOS-L4_V1.0.0, X-CUBE-AZRTOS-L4_V2.0.0, X-CUBE-AZRTOS-L5_V1.1.0, X-CUBE-AZRTOS-WB_V1.1.0, X-CUBE-AZRTOS-WL_V2.0.0, X-CUBE-BLE1_V7.0.0, X-CUBE-BLE2_V3.3.0, X-CUBE-BLEMGR_V2.0.0, X-CUBE-EEPRMA1_V4.1.0, X-CUBE-FREERTOS_V1.1.0, X-CUBE-GNSS1_V6.0.0, X-CUBE-MEMS1_V9.1.0, X-CUBE-MEMS1_V9.4.0, X-CUBE-MEMS1_V9.6.0, X-CUBE-NFC4_V3.0.0, X-CUBE-NFC7_V1.0.0, X-CUBE-SFXS2LP1_V4.0.0, X-CUBE-SUBG2_V5.0.0, X-CUBE-TOF1_V3.3.1]
2023-08-31 16:46:58,550 [INFO] DbBoardsSqlite:226 - include board P-NUCLEO-WB55-NUCLEO as a kit item of type 'Nucleo-64'
2023-08-31 16:46:58,551 [INFO] DbBoardsSqlite:226 - include board P-NUCLEO-WB55-USBDONGLE as a kit item of type 'Nucleo USB Dongle'
2023-08-31 16:46:58,551 [INFO] DbBoardsSqlite:226 - include board STEVAL-IDP005V1 as a kit item of type 'Evaluation Board'
2023-08-31 16:46:58,551 [INFO] DbBoardsSqlite:226 - include board STEVAL-IDP005V2 as a kit item of type 'Evaluation Board'
2023-08-31 16:46:58,579 [INFO] ApiDb:240 - Found 323 in-development CPN: [B-G473E-ZEST1S, B-WB1M-WPAN1, B-WL5M-SUBG1, NUCLEO-C031C6, NUCLEO-H503RB, NUCLEO-H563ZI, NUCLEO-U545RE-Q, NUCLEO-U5A5ZJ-Q, NUCLEO-WBA52CG, STEVAL-PROTEUS1, STEVAL-SMARTAG2, STEVAL-STWINBX1, STM320518-EVAL, STM32C0116-DK, STM32C011D6Y3TR, STM32C011D6Y6TR, STM32C011F4P3, STM32C011F4P6, STM32C011F4U3, STM32C011F4U6TR, STM32C011F6P3, STM32C011F6P6, STM32C011F6U3, STM32C011F6U6TR, STM32C011J4M3, STM32C011J4M6, STM32C011J6M3, STM32C011J6M6, STM32C0316-DK, STM32C031C4T3, STM32C031C4T6, STM32C031C4U3, STM32C031C4U6, STM32C031C6T3, STM32C031C6T6, STM32C031C6U3, STM32C031C6U6, STM32C031F4P3, STM32C031F4P6, STM32C031F6P3, STM32C031F6P6, STM32C031G4U3, STM32C031G4U6, STM32C031G6U3, STM32C031G6U6, STM32C031K4T3, STM32C031K4T6, STM32C031K4U3, STM32C031K4U6, STM32C031K6T3, STM32C031K6T6, STM32C031K6U3, STM32C031K6U6, STM32G071K8TXN, STM32G071K8UXN, STM32G081GBU6N, STM32G081KBT6N, STM32G081KBUXN, STM32G0B1CCT6N, STM32G0B1KCT6, STM32G0B1NEY6TR, STM32G0B1RCT6N, STM32G0C1CCT6, STM32G0C1CCT6N, STM32G0C1CCU6N, STM32G0C1CET6N, STM32G0C1CEU6N, STM32G0C1KCT6, STM32G0C1NEY6TR, STM32G0C1RCI6N, STM32G0C1RCT6N, STM32G0C1REI6N, STM32G0C1RET6N, STM32G0C1VCI6, STM32G0C1VEI6, STM32G471CCT6, STM32G471CCU6, STM32G471CET3, STM32G471CET6, STM32G471CEU3, STM32G471CEU6, STM32G471MCT6, STM32G471MET3, STM32G471MET6, STM32G471MEY6TR, STM32G471QCT6, STM32G471QET3, STM32G471RCT6, STM32G471RET3, STM32G471RET6, STM32G471VCH6, STM32G471VCI6, STM32G471VCT6, STM32G471VEH3, STM32G471VEH6, STM32G471VEI3, STM32G471VEI6, STM32G471VET3, STM32G471VET6, STM32G474CCT6, STM32H503CBT6, STM32H503CBU6, STM32H503EBY6TR, STM32H503KBU6, STM32H503RBT6, STM32H562AGI6, STM32H562AII6, STM32H562IGK6, STM32H562IGT6, STM32H562IIK6, STM32H562IIT6, STM32H562RGT6, STM32H562RGV6, STM32H562RIT6, STM32H562RIV6, STM32H562VGT6, STM32H562VIT6, STM32H562ZGT6, STM32H562ZIT6, STM32H563AGI6, STM32H563AII3Q, STM32H563AII6, STM32H563IGK6, STM32H563IGT6, STM32H563IIK3Q, STM32H563IIK6, STM32H563IIT3Q, STM32H563IIT6, STM32H563MIY3QTR, STM32H563RGT6, STM32H563RGV6, STM32H563RIT6, STM32H563RIV6, STM32H563VGT6, STM32H563VIT3Q, STM32H563VIT6, STM32H563ZGT6, STM32H563ZIT3Q, STM32H563ZIT6, STM32H573AII3Q, STM32H573AII6, STM32H573I-DK, STM32H573IIK3Q, STM32H573IIK6, STM32H573IIT3Q, STM32H573IIT6, STM32H573MIY3QTR, STM32H573RIT6, STM32H573RIV6, STM32H573VIT3Q, STM32H573VIT6, STM32H573ZIT3Q, STM32H573ZIT6, STM32L4R5QGI6STR, STM32MP131AAE3, STM32MP131AAF3, STM32MP131AAG3, STM32MP131CAE3, STM32MP131CAF3, STM32MP131CAG3, STM32MP131DAE7, STM32MP131DAF7, STM32MP131DAG7, STM32MP131FAE7, STM32MP131FAF7, STM32MP131FAG7, STM32MP133AAE3, STM32MP133AAF3, STM32MP133AAG3, STM32MP133CAE3, STM32MP133CAF3, STM32MP133CAG3, STM32MP133DAE7, STM32MP133DAF7, STM32MP133DAG7, STM32MP133FAE7, STM32MP133FAF7, STM32MP133FAG7, STM32MP135AAE3, STM32MP135AAF3, STM32MP135AAG3, STM32MP135CAE3, STM32MP135CAF3, STM32MP135CAG3, STM32MP135DAE7, STM32MP135DAF7, STM32MP135DAG7, STM32MP135F-DK, STM32MP135FAE7, STM32MP135FAF7, STM32MP135FAF7T, STM32MP135FAF7U, STM32MP135FAG7, STM32U535CBT6, STM32U535CBT6Q, STM32U535CBU6, STM32U535CBU6Q, STM32U535CCT6, STM32U535CCT6Q, STM32U535CCU6, STM32U535CCU6Q, STM32U535CET6, STM32U535CET6Q, STM32U535CEU6, STM32U535CEU6Q, STM32U535JEY6QTR, STM32U535NCY6QTR, STM32U535NEY6QTR, STM32U535RBI6, STM32U535RBI6Q, STM32U535RBT6, STM32U535RBT6Q, STM32U535RCI6, STM32U535RCI6Q, STM32U535RCT6, STM32U535RCT6Q, STM32U535REI6, STM32U535REI6Q, STM32U535RET6, STM32U535RET6Q, STM32U535VCI6, STM32U535VCI6Q, STM32U535VCT6, STM32U535VCT6Q, STM32U535VEI6, STM32U535VEI6Q, STM32U535VET6, STM32U535VET6Q, STM32U545CET6, STM32U545CET6Q, STM32U545CEU6, STM32U545CEU6Q, STM32U545JEY6QTR, STM32U545NEY6QTR, STM32U545REI6, STM32U545REI6Q, STM32U545RET6, STM32U545RET6Q, STM32U545VEI6, STM32U545VEI6Q, STM32U545VET6, STM32U545VET6Q, STM32U595AIH6, STM32U595AIH6Q, STM32U595AJH6, STM32U595AJH6Q, STM32U595QII6, STM32U595QII6Q, STM32U595QJI6, STM32U595QJI6Q, STM32U595RIT6, STM32U595RIT6Q, STM32U595RJT6, STM32U595RJT6Q, STM32U595VIT6, STM32U595VIT6Q, STM32U595VJT6, STM32U595VJT6Q, STM32U595ZIT6, STM32U595ZIT6Q, STM32U595ZIY6QTR, STM32U595ZJT6, STM32U595ZJT6Q, STM32U595ZJY6QTR, STM32U599BJY6QTR, STM32U599NIH6Q, STM32U599NJH6Q, STM32U599VIT6Q, STM32U599VJT6, STM32U599VJT6Q, STM32U599ZIT6Q, STM32U599ZIY6QTR, STM32U599ZJT6Q, STM32U599ZJY6QTR, STM32U5A5AJH6, STM32U5A5AJH6Q, STM32U5A5QJI6, STM32U5A5QJI6Q, STM32U5A5RJT6, STM32U5A5RJT6Q, STM32U5A5VJT6, STM32U5A5VJT6Q, STM32U5A5ZJT6, STM32U5A5ZJT6Q, STM32U5A5ZJY6QTR, STM32U5A9BJY6QTR, STM32U5A9J-DK, STM32U5A9NJH6Q, STM32U5A9VJT6Q, STM32U5A9ZJT6Q, STM32U5A9ZJY6QTR, STM32U5F7VIT6, STM32U5F7VIT6Q, STM32U5F7VJT6, STM32U5F7VJT6Q, STM32U5F9BJY6QTR, STM32U5F9NJH6Q, STM32U5F9VIT6Q, STM32U5F9VJT6Q, STM32U5F9ZIJ6QTR, STM32U5F9ZIT6Q, STM32U5F9ZJJ6QTR, STM32U5F9ZJT6Q, STM32U5G7VJT6, STM32U5G7VJT6Q, STM32U5G9BJY6QTR, STM32U5G9J-DK1, STM32U5G9J-DK2, STM32U5G9NJH6Q, STM32U5G9VJT6Q, STM32U5G9ZJJ6QTR, STM32U5G9ZJT6Q, STM32WB1MMCH6, STM32WBA52CEU6, STM32WBA52CEU6T, STM32WBA52CGU6, STM32WBA52CGU6T, STM32WBA52KEU6, STM32WBA52KEU6T, STM32WBA52KGU6, STM32WBA52KGU6T, STM32WL5MOCH6, STM32WL5MOCH6TR]
2023-08-31 16:46:58,667 [INFO] BoardInfo:880 - No configuration file found for board P-NUCLEO-WB55
2023-08-31 16:46:58,667 [INFO] DbBoards:157 - Kit is not supported: P-NUCLEO-WB55
2023-08-31 16:46:58,671 [INFO] BoardInfo:880 - No configuration file found for board STEVAL-BFA001V1B
2023-08-31 16:46:58,671 [INFO] DbBoards:157 - Kit is not supported: STEVAL-BFA001V1B
2023-08-31 16:46:58,671 [INFO] BoardInfo:880 - No configuration file found for board STEVAL-BFA001V2B
2023-08-31 16:46:58,671 [INFO] DbBoards:157 - Kit is not supported: STEVAL-BFA001V2B
2023-08-31 16:46:58,735 [INFO] DbBoards:161 - Found 190 boards, 187 are supported
2023-08-31 16:46:58,737 [INFO] ApiDb:414 - User favorites file not found: C:\Users\christian.saiz/.stm32cubeide/favorites.boards.txt
2023-08-31 16:46:58,738 [INFO] DbBoards:190 - Set 0 / 0 favorites Boards
2023-08-31 16:46:58,741 [INFO] ApiDb:668 - CubeFinder database Data Model version=2.1
2023-08-31 16:46:58,741 [INFO] ApiDb:669 - CubeFinder database Configuration version=3.0.37
2023-08-31 16:46:58,741 [INFO] ApiDb:670 - CubeFinder database generation date=2023-08-09 (1691586011)
2023-08-31 16:46:58,741 [INFO] ApiDb:671 - CubeFinder database FW Pack versions=[FP-ATR-ASTRA1_V2.0.0, FP-SNS-FLIGHT1_V5.0.1, FP-SNS-FLIGHT1_V5.0.2, FP-SNS-MOTENV1_V4.3.1, FP-SNS-MOTENV1_V4.3.2, STM32Cube_FW_C0_V1.1.0, STM32Cube_FW_F4_V1.27.1, STM32Cube_FW_F7_V1.17.0, STM32Cube_FW_G0_V1.6.1, STM32Cube_FW_G4_V1.5.1, STM32Cube_FW_H5_V0.5.1, STM32Cube_FW_H5_V1.1.0, STM32Cube_FW_H7_V1.11.0, STM32Cube_FW_L0_V1.12.2, STM32Cube_FW_L5_V1.5.0, STM32Cube_FW_U5_V1.3.0, STM32Cube_FW_U5_V1.3.0RC4, STM32Cube_FW_WBA_V1.0.0RC1, STM32Cube_FW_WBA_V1.1.0, STM32Cube_FW_WBA_V1.1.0RC1, STM32Cube_FW_WB_V1.15.0RC1, STM32Cube_FW_WB_V1.16.0, STM32Cube_FW_WB_V1.16.0RC2, STM32Cube_FW_WB_V1.17.0, STM32Cube_FW_WL_V1.3.0, X-CUBE-ALGOBUILD_V1.3.0, X-CUBE-ALS_V1.0.1, X-CUBE-AZRTOS-F4_V1.1.0, X-CUBE-AZRTOS-F7_V1.1.0, X-CUBE-AZRTOS-G0_V1.1.0, X-CUBE-AZRTOS-G4_V2.0.0, X-CUBE-AZRTOS-H7_V3.1.0, X-CUBE-AZRTOS-L4_V1.0.0, X-CUBE-AZRTOS-L4_V2.0.0, X-CUBE-AZRTOS-L5_V1.1.0, X-CUBE-AZRTOS-WB_V1.1.0, X-CUBE-AZRTOS-WL_V2.0.0, X-CUBE-BLE1_V7.0.0, X-CUBE-BLE2_V3.3.0, X-CUBE-BLEMGR_V2.0.0, X-CUBE-EEPRMA1_V4.1.0, X-CUBE-FREERTOS_V1.1.0, X-CUBE-GNSS1_V6.0.0, X-CUBE-MEMS1_V9.1.0, X-CUBE-MEMS1_V9.4.0, X-CUBE-MEMS1_V9.6.0, X-CUBE-NFC4_V3.0.0, X-CUBE-NFC7_V1.0.0, X-CUBE-SFXS2LP1_V4.0.0, X-CUBE-SUBG2_V5.0.0, X-CUBE-TOF1_V3.3.1]
2023-08-31 16:46:59,306 [INFO] DbExamplesSqlite:395 - Ignored 27 examples not supported by CubeIDE
2023-08-31 16:46:59,306 [INFO] DbExamplesSqlite:396 - Found 7231 examples active
2023-08-31 16:46:59,306 [INFO] DbExamplesSqlite:397 - Found 677 examples obsolete
2023-08-31 16:46:59,306 [INFO] DbExamplesSqlite:398 - Found 0 examples under development
2023-08-31 16:46:59,306 [INFO] DbExamplesSqlite:399 - Found 74 examples not building
2023-08-31 16:46:59,308 [INFO] DbExamples:125 - Found 7278 examples
2023-08-31 16:46:59,336 [INFO] DbExamples:222 - Found 92 boards with related examples
2023-08-31 16:46:59,338 [INFO] DbExamples:235 - Found 78 MCUs with related examples
2023-08-31 16:46:59,374 [INFO] ApiDb:414 - User favorites file not found: C:\Users\christian.saiz/.stm32cubeide/favorites.examples.txt
2023-08-31 16:46:59,374 [INFO] DbExamples:250 - Set 0 / 0 favorites Examples
2023-08-31 16:46:59,718 [INFO] McuFinderGlobals:76 - Set McuFinderConnectedMode to true
2023-08-31 16:46:59,725 [INFO] MultiScanPanel:200 - Auto-refresh data requested => check proxy status ongoing
2023-08-31 16:46:59,729 [INFO] FinderPluginLoader:95 - Searching for filters in installed packs
2023-08-31 16:47:00,905 [INFO] LoadUrlFilesThread:185 - End of LoadServerUrlFiles without Thread
2023-08-31 16:47:00,911 [INFO] DetailPanel:341 - Set advertising image to C:/Users/christian.saiz/STM32Cube/Repository/\en.prom-stm32h5-mcu-finder.jpg
2023-08-31 16:50:04,970 [INFO] MainUpdater:2868 - connection check result : 10
2023-08-31 16:50:04,970 [INFO] MainUpdater:2868 - connection check result : 10
2023-08-31 16:50:04,995 [INFO] MicroXplorer:468 - Change Database Path : 
2023-08-31 16:50:04,995 [INFO] MicroXplorer:498 - Change Database Version : DB.6.0.91
2023-08-31 16:50:04,998 [WARN] ThirdParty:871 - waiting for thirdparty lock release [close project]
2023-08-31 16:50:04,998 [INFO] ThirdParty:873 - entering critical section [close project]
2023-08-31 16:50:04,999 [INFO] ThirdParty:883 - exiting critical section [close project]
2023-08-31 16:50:05,000 [INFO] PinOutPanel:1499 - setPackage(No Configuration,No Configuration)
2023-08-31 16:50:05,006 [INFO] UtilMem:75 - Begin LoadConfig() Used Memory: 718945464 Bytes (966787072)
2023-08-31 16:50:05,007 [INFO] MicroXplorer:468 - Change Database Path : 
2023-08-31 16:50:05,007 [INFO] MicroXplorer:498 - Change Database Version : DB.6.0.91
2023-08-31 16:50:05,007 [INFO] OpenFileManager:308 - Change cursor
2023-08-31 16:50:05,075 [INFO] Mcu:1946 - Initializing MCU STM32F103C8Tx STM32F103C8Tx STM32F103C8T6
2023-08-31 16:50:05,831 [INFO] Context:659 - Trying to add GPIOservice into a context  which must be forbidden
2023-08-31 16:50:06,040 [INFO] ImportTextPane:194 - (OptionalMessage_ERROR) Unable to find key (Mcu.ThirdPartyNb) in loaded IOC file
2023-08-31 16:50:06,040 [INFO] ImportTextPane:194 - (OptionalMessage_ERROR) Unable to find key (Mcu.PinsNb) in loaded IOC file
2023-08-31 16:50:06,040 [INFO] ImportTextPane:194 - (OptionalMessage_ERROR) Unable to find key (Mcu.IPNb) in loaded IOC file
2023-08-31 16:50:06,240 [INFO] RtosManager:555 - Registered RTOS mode: class=CMSIS, group=RTOS, mode=CMSIS_V1, owner=FREERTOS
2023-08-31 16:50:06,240 [INFO] RtosManager:555 - Registered RTOS mode: class=CMSIS, group=RTOS2, mode=CMSIS_V2, owner=FREERTOS
2023-08-31 16:50:06,240 [INFO] RtosManager:555 - Registered RTOS mode: class=RTOS, group=Core, mode=CMSIS_V1, owner=FREERTOS
2023-08-31 16:50:06,240 [INFO] RtosManager:555 - Registered RTOS mode: class=RTOS, group=Core, mode=CMSIS_V2, owner=FREERTOS
2023-08-31 16:50:06,241 [WARN] ModelIntegratedComponent:184 - Missing modes for component STMicroelectronics:FreeRTOS:0.0.1:STMicroelectronics:RTOS:FreeRTOS:Core:::10.2.0:
2023-08-31 16:50:06,253 [WARN] ModelIntegratedComponent:63 - No mode defined for component null
2023-08-31 16:50:06,253 [WARN] ModelIntegratedComponent:63 - No mode defined for component null
2023-08-31 16:50:06,253 [WARN] ModelIntegratedComponent:63 - No mode defined for component null
2023-08-31 16:50:06,253 [WARN] ModelIntegratedComponent:63 - No mode defined for component null
2023-08-31 16:50:06,253 [WARN] ModelIntegratedComponent:63 - No mode defined for component null
2023-08-31 16:50:06,253 [WARN] ModelIntegratedComponent:63 - No mode defined for component null
2023-08-31 16:50:06,253 [WARN] ModelIntegratedComponent:63 - No mode defined for component null
2023-08-31 16:50:06,253 [WARN] ModelIntegratedComponent:63 - No mode defined for component null
2023-08-31 16:50:06,253 [WARN] ModelIntegratedComponent:63 - No mode defined for component null
2023-08-31 16:50:06,253 [WARN] ModelIntegratedComponent:63 - No mode defined for component null
2023-08-31 16:50:06,253 [WARN] ModelIntegratedComponent:63 - No mode defined for component null
2023-08-31 16:50:06,253 [WARN] ModelIntegratedComponent:63 - No mode defined for component null
2023-08-31 16:50:06,253 [WARN] ModelIntegratedComponent:63 - No mode defined for component null
2023-08-31 16:50:06,253 [WARN] ModelIntegratedComponent:63 - No mode defined for component null
2023-08-31 16:50:06,253 [WARN] ModelIntegratedComponent:63 - No mode defined for component null
2023-08-31 16:50:06,253 [WARN] ModelIntegratedComponent:63 - No mode defined for component null
2023-08-31 16:50:06,253 [WARN] ModelIntegratedComponent:63 - No mode defined for component null
2023-08-31 16:50:06,253 [WARN] ModelIntegratedComponent:63 - No mode defined for component null
2023-08-31 16:50:06,254 [WARN] ModelIntegratedComponent:63 - No mode defined for component null
2023-08-31 16:50:06,254 [WARN] ModelIntegratedComponent:63 - No mode defined for component null
2023-08-31 16:50:06,254 [WARN] ModelIntegratedComponent:63 - No mode defined for component null
2023-08-31 16:50:06,254 [WARN] ModelIntegratedComponent:63 - No mode defined for component null
2023-08-31 16:50:06,254 [WARN] ModelIntegratedComponent:63 - No mode defined for component null
2023-08-31 16:50:06,254 [WARN] ModelIntegratedComponent:63 - No mode defined for component null
2023-08-31 16:50:06,254 [WARN] ModelIntegratedComponent:63 - No mode defined for component null
2023-08-31 16:50:06,254 [WARN] ModelIntegratedComponent:63 - No mode defined for component null
2023-08-31 16:50:06,254 [WARN] ModelIntegratedComponent:63 - No mode defined for component null
2023-08-31 16:50:06,254 [WARN] ModelIntegratedComponent:63 - No mode defined for component null
2023-08-31 16:50:06,254 [WARN] ModelIntegratedComponent:63 - No mode defined for component null
2023-08-31 16:50:06,254 [WARN] ModelIntegratedComponent:63 - No mode defined for component null
2023-08-31 16:50:06,254 [WARN] ModelIntegratedComponent:63 - No mode defined for component null
2023-08-31 16:50:06,254 [WARN] ModelIntegratedComponent:63 - No mode defined for component null
2023-08-31 16:50:06,254 [WARN] ModelIntegratedComponent:63 - No mode defined for component null
2023-08-31 16:50:06,273 [INFO] ThirdPartyModel:298 - Start build external matchings
2023-08-31 16:50:06,558 [INFO] ThirdPartyModel:316 - End build external matchings
2023-08-31 16:50:06,745 [INFO] UtilMem:75 - End LoadConfig() Used Memory: 692635760 Bytes (1073741824)
2023-08-31 16:50:06,760 [WARN] ThirdParty:833 - waiting for thirdparty lock release [change project]
2023-08-31 16:50:06,761 [INFO] ThirdParty:835 - entering critical section [change project]
2023-08-31 16:50:06,761 [INFO] ThirdParty:1030 - CMSIS Pack Vendor :STMicroelectronics X-CUBE-ISPU 1.1.0
2023-08-31 16:50:06,761 [INFO] ThirdParty:1030 - CMSIS Pack Vendor :STMicroelectronics USBPD 4.1
2023-08-31 16:50:06,761 [INFO] ThirdParty:1030 - CMSIS Pack Vendor :STMicroelectronics X-CUBE-GNSS1 6.0.0
2023-08-31 16:50:06,761 [INFO] ThirdParty:1030 - CMSIS Pack Vendor :STMicroelectronics USB_HOST 2.0.0
2023-08-31 16:50:06,761 [INFO] ThirdParty:1030 - CMSIS Pack Vendor :STMicroelectronics X-CUBE-AZRTOS-F4 1.1.0
2023-08-31 16:50:06,761 [INFO] ThirdParty:1030 - CMSIS Pack Vendor :STMicroelectronics LIBJPEG 8.0.0
2023-08-31 16:50:06,761 [INFO] ThirdParty:1030 - CMSIS Pack Vendor :wolfSSL I-CUBE-wolfSSL 5.6.3
2023-08-31 16:50:06,761 [INFO] ThirdParty:1030 - CMSIS Pack Vendor :STMicroelectronics X-CUBE-SMBUS 2.1.0
2023-08-31 16:50:06,761 [INFO] ThirdParty:1030 - CMSIS Pack Vendor :STMicroelectronics USB_DEVICE 3.0.0
2023-08-31 16:50:06,761 [INFO] ThirdParty:1030 - CMSIS Pack Vendor :STMicroelectronics X-CUBE-AZRTOS-WB 2.0.0
2023-08-31 16:50:06,761 [INFO] ThirdParty:1030 - CMSIS Pack Vendor :STMicroelectronics X-CUBE-AZRTOS-F7 1.1.0
2023-08-31 16:50:06,761 [INFO] ThirdParty:1030 - CMSIS Pack Vendor :STMicroelectronics X-CUBE-AZRTOS-L5 2.0.0
2023-08-31 16:50:06,761 [INFO] ThirdParty:1030 - CMSIS Pack Vendor :STMicroelectronics USB_DEVICE 2.0.0
2023-08-31 16:50:06,761 [INFO] ThirdParty:1030 - CMSIS Pack Vendor :STMicroelectronics X-CUBE-MEMS1 9.6.0
2023-08-31 16:50:06,761 [INFO] ThirdParty:1030 - CMSIS Pack Vendor :STMicroelectronics FP-SNS-MOTENV1 4.3.2
2023-08-31 16:50:06,761 [INFO] ThirdParty:1030 - CMSIS Pack Vendor :STMicroelectronics X-CUBE-ALGOBUILD 1.3.0
2023-08-31 16:50:06,761 [INFO] ThirdParty:1030 - CMSIS Pack Vendor :STMicroelectronics FreeRTOS 0.0.1
2023-08-31 16:50:06,761 [INFO] ThirdParty:1030 - CMSIS Pack Vendor :STMicroelectronics X-CUBE-AZRTOS-G0 1.1.0
2023-08-31 16:50:06,761 [INFO] ThirdParty:1030 - CMSIS Pack Vendor :STMicroelectronics X-CUBE-BLEMGR 2.0.0
2023-08-31 16:50:06,761 [INFO] ThirdParty:1030 - CMSIS Pack Vendor :STMicroelectronics X-CUBE-NFC4 3.0.0
2023-08-31 16:50:06,761 [INFO] ThirdParty:1030 - CMSIS Pack Vendor :STMicroelectronics X-CUBE-SUBG2 5.0.0
2023-08-31 16:50:06,761 [INFO] ThirdParty:1030 - CMSIS Pack Vendor :STMicroelectronics STM32_WPAN 1.0.0
2023-08-31 16:50:06,761 [INFO] ThirdParty:1030 - CMSIS Pack Vendor :STMicroelectronics lwIP 2.0.3
2023-08-31 16:50:06,761 [INFO] ThirdParty:1030 - CMSIS Pack Vendor :STMicroelectronics FP-SNS-FLIGHT1 5.0.2
2023-08-31 16:50:06,761 [INFO] ThirdParty:1030 - CMSIS Pack Vendor :STMicroelectronics USB_HOST 1.0.0
2023-08-31 16:50:06,761 [INFO] ThirdParty:1030 - CMSIS Pack Vendor :STMicroelectronics X-CUBE-TOF1 3.3.1
2023-08-31 16:50:06,761 [INFO] ThirdParty:1030 - CMSIS Pack Vendor :STMicroelectronics X-CUBE-AZRTOS-G4 2.0.0
2023-08-31 16:50:06,761 [INFO] ThirdParty:1030 - CMSIS Pack Vendor :STMicroelectronics PDM2PCM 3.1.0
2023-08-31 16:50:06,761 [INFO] ThirdParty:1030 - CMSIS Pack Vendor :STMicroelectronics X-CUBE-AZRTOS-H7 3.1.0
2023-08-31 16:50:06,761 [INFO] ThirdParty:1030 - CMSIS Pack Vendor :STMicroelectronics PDM2PCM 3.3.0
2023-08-31 16:50:06,761 [INFO] ThirdParty:1030 - CMSIS Pack Vendor :STMicroelectronics X-CUBE-DISPLAY 3.0.0
2023-08-31 16:50:06,761 [INFO] ThirdParty:1030 - CMSIS Pack Vendor :STMicroelectronics X-CUBE-BLE1 7.0.0
2023-08-31 16:50:06,761 [INFO] ThirdParty:1030 - CMSIS Pack Vendor :STMicroelectronics FP-ATR-SIGFOX1 3.2.0
2023-08-31 16:50:06,761 [INFO] ThirdParty:1030 - CMSIS Pack Vendor :STMicroelectronics HAL Drivers 0.0.0
2023-08-31 16:50:06,761 [INFO] ThirdParty:1030 - CMSIS Pack Vendor :STMicroelectronics MBEDTLS 2.16.2
2023-08-31 16:50:06,761 [INFO] ThirdParty:1030 - CMSIS Pack Vendor :emotas I-CUBE-CANOPEN 1.3.0
2023-08-31 16:50:06,761 [INFO] ThirdParty:1030 - CMSIS Pack Vendor :STMicroelectronics X-CUBE-FREERTOS 1.1.0
2023-08-31 16:50:06,762 [INFO] ThirdParty:1030 - CMSIS Pack Vendor :STMicroelectronics X-CUBE-TOUCHGFX 4.22.0
2023-08-31 16:50:06,762 [INFO] ThirdParty:1030 - CMSIS Pack Vendor :STMicroelectronics X-CUBE-NFC7 1.0.1
2023-08-31 16:50:06,762 [INFO] ThirdParty:1030 - CMSIS Pack Vendor :STMicroelectronics MBEDTLS 2.14.1
2023-08-31 16:50:06,762 [INFO] ThirdParty:1030 - CMSIS Pack Vendor :STMicroelectronics X-CUBE-EEPRMA1 4.1.0
2023-08-31 16:50:06,762 [INFO] ThirdParty:1030 - CMSIS Pack Vendor :portGmbH I-Cube-SoM-uGOAL 1.1.0
2023-08-31 16:50:06,762 [INFO] ThirdParty:1030 - CMSIS Pack Vendor :STMicroelectronics X-CUBE-ALS 1.0.1
2023-08-31 16:50:06,762 [INFO] ThirdParty:1030 - CMSIS Pack Vendor :STMicroelectronics ThreadX 1.0.0
2023-08-31 16:50:06,762 [INFO] ThirdParty:1030 - CMSIS Pack Vendor :STMicroelectronics X-CUBE-AZRTOS-WL 2.0.0
2023-08-31 16:50:06,762 [INFO] ThirdParty:1030 - CMSIS Pack Vendor :SEGGER I-CUBE-embOS 1.3.1
2023-08-31 16:50:06,762 [INFO] ThirdParty:1030 - CMSIS Pack Vendor :STMicroelectronics USB_DEVICE 1.0.0
2023-08-31 16:50:06,762 [INFO] ThirdParty:1030 - CMSIS Pack Vendor :STMicroelectronics X-CUBE-AI 8.1.0
2023-08-31 16:50:06,762 [INFO] ThirdParty:1030 - CMSIS Pack Vendor :STMicroelectronics X-CUBE-AZRTOS-L4 2.0.0
2023-08-31 16:50:06,762 [INFO] ThirdParty:1030 - CMSIS Pack Vendor :STMicroelectronics ThreadX 0.0.2
2023-08-31 16:50:06,762 [INFO] ThirdParty:1030 - CMSIS Pack Vendor :WES I-CUBE-Cesium 1.3.0
2023-08-31 16:50:06,762 [INFO] ThirdParty:1030 - CMSIS Pack Vendor :STMicroelectronics FP-ATR-ASTRA1 2.0.0
2023-08-31 16:50:06,762 [INFO] ThirdParty:1030 - CMSIS Pack Vendor :STMicroelectronics lwIP 2.1.2
2023-08-31 16:50:06,762 [INFO] ThirdParty:1030 - CMSIS Pack Vendor :STMicroelectronics X-CUBE-SFXS2LP1 4.0.0
2023-08-31 16:50:06,762 [INFO] ThirdParty:1030 - CMSIS Pack Vendor :STMicroelectronics X-CUBE-BLE2 3.3.0
2023-08-31 16:50:06,762 [INFO] ThirdParty:1030 - CMSIS Pack Vendor :STMicroelectronics PDM2PCM 3.2.0
2023-08-31 16:50:06,762 [INFO] ThirdParty:841 - exiting critical section [change project]
2023-08-31 16:50:06,974 [INFO] PinOutPanel:1499 - setPackage(No Configuration,No Configuration)
2023-08-31 16:50:06,976 [INFO] PinOutPanel:1499 - setPackage(STM32F103C8Tx,LQFP48)
2023-08-31 16:50:07,399 [INFO] UtilMem:75 - Before build in PCC Used Memory: 810600560 Bytes (1073741824)
2023-08-31 16:50:08,344 [INFO] UtilMem:75 - After build in PCC Used Memory: 507522672 Bytes (1073741824)
2023-08-31 16:50:08,373 [INFO] IPUIPlugin:80 - create IPUIPlugin
2023-08-31 16:50:08,373 [INFO] IPUIPlugin:80 - create IPUIPlugin
2023-08-31 16:50:08,373 [INFO] IPUIPlugin:80 - create IPUIPlugin
2023-08-31 16:50:08,373 [INFO] IPUIPlugin:80 - create IPUIPlugin
2023-08-31 16:50:08,373 [INFO] IPUIPlugin:80 - create IPUIPlugin
2023-08-31 16:50:08,373 [INFO] IPUIPlugin:80 - create IPUIPlugin
2023-08-31 16:50:08,373 [INFO] IPUIPlugin:80 - create IPUIPlugin
2023-08-31 16:50:08,373 [INFO] IPUIPlugin:80 - create IPUIPlugin
2023-08-31 16:50:08,373 [INFO] IPUIPlugin:80 - create IPUIPlugin
2023-08-31 16:50:08,374 [INFO] IPUIPlugin:80 - create IPUIPlugin
2023-08-31 16:50:08,374 [INFO] IPUIPlugin:80 - create IPUIPlugin
2023-08-31 16:50:08,374 [INFO] IPUIPlugin:80 - create IPUIPlugin
2023-08-31 16:50:08,374 [INFO] IPUIPlugin:80 - create IPUIPlugin
2023-08-31 16:50:08,374 [INFO] IPUIPlugin:80 - create IPUIPlugin
2023-08-31 16:50:08,374 [INFO] IPUIPlugin:80 - create IPUIPlugin
2023-08-31 16:50:08,374 [INFO] IPUIPlugin:80 - create IPUIPlugin
2023-08-31 16:50:08,375 [INFO] IPUIPlugin:80 - create IPUIPlugin
2023-08-31 16:50:08,375 [INFO] IPUIPlugin:80 - create IPUIPlugin
2023-08-31 16:50:08,375 [INFO] IPUIPlugin:80 - create IPUIPlugin
2023-08-31 16:50:08,375 [INFO] IPUIPlugin:80 - create IPUIPlugin
2023-08-31 16:50:08,375 [INFO] IPUIPlugin:80 - create IPUIPlugin
2023-08-31 16:50:08,376 [INFO] IPUIPlugin:80 - create IPUIPlugin
2023-08-31 16:50:08,376 [INFO] IPUIPlugin:80 - create IPUIPlugin
2023-08-31 16:50:08,376 [INFO] IPUIPlugin:80 - create IPUIPlugin
2023-08-31 16:50:08,376 [INFO] IPUIPlugin:80 - create IPUIPlugin
2023-08-31 16:50:08,376 [INFO] IPUIPlugin:80 - create IPUIPlugin
2023-08-31 16:50:08,377 [INFO] IPUIPlugin:80 - create IPUIPlugin
2023-08-31 16:50:08,568 [INFO] CADModel:165 - CPN selected for project levelSTM32F103C8T6
2023-08-31 16:50:08,568 [INFO] CADModel:114 - Register for checkConnection events
2023-08-31 16:50:08,608 [INFO] OpenFileManager:328 - Restore cursor
2023-08-31 16:50:09,090 [INFO] UtilMem:75 - End SaveConfig() Used Memory: 595076720 Bytes (1073741824)
2023-08-31 16:50:09,158 [INFO] UtilMem:75 - End SaveConfig() Used Memory: 606611056 Bytes (1073741824)
2023-08-31 16:50:09,520 [INFO] BlockDiagram:2759 - set Specific Code input for plugin: NVIC
2023-08-31 16:50:09,520 [INFO] BlockDiagram:2759 - set Specific Code input for plugin: RCC
2023-08-31 16:50:09,522 [INFO] CodeGenerator:799 - code generatio: config db path: C:\ST\STM32CubeIDE_1.13.1\STM32CubeIDE\plugins\com.st.stm32cube.common.mx_6.9.1.202307191849\\db\
2023-08-31 16:50:09,747 [INFO] CodeEngine:255 - oldGeneratedFile, C:\Users\christian.saiz\STM32CubeIDE\workspace_1.13.1\pwm_1\MXTmpFiles\license.tmp_save
2023-08-31 16:50:10,113 [INFO] CodeEngine:279 - Generated code: C:\Users\christian.saiz\STM32CubeIDE\workspace_1.13.1\pwm_1\MXTmpFiles\license.tmp
2023-08-31 16:50:10,136 [INFO] CodeEngine:255 - oldGeneratedFile, C:\Users\christian.saiz\STM32CubeIDE\workspace_1.13.1\pwm_1\Core\Src\stm32f1xx_it.c_save
2023-08-31 16:50:10,339 [INFO] CodeEngine:279 - Generated code: C:\Users\christian.saiz\STM32CubeIDE\workspace_1.13.1\pwm_1\Core\Src\stm32f1xx_it.c
2023-08-31 16:50:10,351 [INFO] CodeEngine:255 - oldGeneratedFile, C:\Users\christian.saiz\STM32CubeIDE\workspace_1.13.1\pwm_1\Core\Inc\stm32f1xx_it.h_save
2023-08-31 16:50:10,473 [INFO] CodeEngine:279 - Generated code: C:\Users\christian.saiz\STM32CubeIDE\workspace_1.13.1\pwm_1\Core\Inc\stm32f1xx_it.h
2023-08-31 16:50:10,610 [INFO] CodeEngine:255 - oldGeneratedFile, C:\Users\christian.saiz\STM32CubeIDE\workspace_1.13.1\pwm_1\Core\Src\stm32f1xx_hal_msp.c_save
2023-08-31 16:50:10,805 [INFO] CodeEngine:279 - Generated code: C:\Users\christian.saiz\STM32CubeIDE\workspace_1.13.1\pwm_1\Core\Src\stm32f1xx_hal_msp.c
2023-08-31 16:50:10,815 [INFO] CodeEngine:255 - oldGeneratedFile, C:\Users\christian.saiz\STM32CubeIDE\workspace_1.13.1\pwm_1\MXTmpFiles\system.tmp_save
2023-08-31 16:50:10,895 [INFO] CodeEngine:279 - Generated code: C:\Users\christian.saiz\STM32CubeIDE\workspace_1.13.1\pwm_1\MXTmpFiles\system.tmp
2023-08-31 16:50:10,915 [INFO] CodeEngine:311 - oldGeneratedFile, C:\Users\christian.saiz\STM32CubeIDE\workspace_1.13.1\pwm_1\Core\Inc\stm32f1xx_hal_conf.h_save
2023-08-31 16:50:11,109 [INFO] CodeEngine:335 - Generated code: C:\Users\christian.saiz\STM32CubeIDE\workspace_1.13.1\pwm_1\Core\Inc\stm32f1xx_hal_conf.h
2023-08-31 16:50:11,232 [INFO] CodeEngine:255 - oldGeneratedFile, C:\Users\christian.saiz\STM32CubeIDE\workspace_1.13.1\pwm_1\Core\Inc\main.h_save
2023-08-31 16:50:11,410 [INFO] CodeEngine:279 - Generated code: C:\Users\christian.saiz\STM32CubeIDE\workspace_1.13.1\pwm_1\Core\Inc\main.h
2023-08-31 16:50:11,429 [INFO] CodeEngine:255 - oldGeneratedFile, C:\Users\christian.saiz\STM32CubeIDE\workspace_1.13.1\pwm_1\Core\Src\main.c_save
2023-08-31 16:50:11,606 [INFO] CodeEngine:279 - Generated code: C:\Users\christian.saiz\STM32CubeIDE\workspace_1.13.1\pwm_1\Core\Src\main.c
2023-08-31 16:50:12,178 [INFO] ProjectBuilder:3064 - Time for Copy HAL[1] : 162mS.
2023-08-31 16:50:12,185 [INFO] ProjectBuilder:4404 - Project Generator version: 4.1.0
2023-08-31 16:50:12,594 [INFO] ConfigFileManager:1457 - The Die is : DIE410
2023-08-31 16:50:12,617 [INFO] ApiDbMcu:507 - Load IP Config File for FATFS
2023-08-31 16:50:12,661 [INFO] ApiDbMcu:507 - Load IP Config File for FREERTOS
2023-08-31 16:50:12,691 [INFO] ApiDbMcu:507 - Load IP Config File for USB_DEVICE
2023-08-31 16:50:13,829 [INFO] LogOutputStream:77 - [STDOUT_REDIRECT] 
2023-08-31 16:50:18,424 [INFO] ProjectBuilder:4626 - Time for Generating toolchain IDE Files: 6238mS.
2023-08-31 16:50:18,426 [INFO] ProjectBuilder:2935 - Time for Copy CMSIS : 1mS.
2023-08-31 16:50:18,427 [INFO] ProjectBuilder:2935 - Time for Copy CMSIS : 0mS.
2023-08-31 16:50:19,656 [INFO] McuFinderGlobals:76 - Set McuFinderConnectedMode to true
2023-08-31 16:50:19,659 [INFO] ApiDb:448 - Save user favorites file C:\Users\christian.saiz/.stm32cubeide/favorites.mcus.txt: 0 item(s)
2023-08-31 16:50:19,659 [INFO] ApiDb:452 - User favorites MCUs=[]
2023-08-31 16:52:06,073 [ERROR] LogOutputStream:75 - [STDERR_REDIRECT] Exception in thread "AWT-EventQueue-0" java.awt.IllegalComponentStateException: component must be showing on the screen to determine its location
2023-08-31 16:52:06,073 [ERROR] LogOutputStream:75 - [STDERR_REDIRECT] 	at java.desktop/java.awt.Component.getLocationOnScreen_NoTreeLock(Component.java:2113)
2023-08-31 16:52:06,074 [ERROR] LogOutputStream:75 - [STDERR_REDIRECT] 	at java.desktop/java.awt.Component.getLocationOnScreen(Component.java:2087)
2023-08-31 16:52:06,074 [ERROR] LogOutputStream:75 - [STDERR_REDIRECT] 	at java.desktop/javax.swing.JPopupMenu.show(JPopupMenu.java:963)
2023-08-31 16:52:06,075 [ERROR] LogOutputStream:75 - [STDERR_REDIRECT] 	at java.desktop/javax.swing.plaf.basic.BasicComboPopup.show(BasicComboPopup.java:235)
2023-08-31 16:52:06,076 [ERROR] LogOutputStream:75 - [STDERR_REDIRECT] 	at java.desktop/javax.swing.plaf.basic.BasicComboPopup.togglePopup(BasicComboPopup.java:1257)
2023-08-31 16:52:06,076 [ERROR] LogOutputStream:75 - [STDERR_REDIRECT] 	at java.desktop/javax.swing.plaf.basic.BasicComboPopup$Handler.mousePressed(BasicComboPopup.java:936)
2023-08-31 16:52:06,077 [ERROR] LogOutputStream:75 - [STDERR_REDIRECT] 	at java.desktop/java.awt.Component.processMouseEvent(Component.java:6623)
2023-08-31 16:52:06,077 [ERROR] LogOutputStream:75 - [STDERR_REDIRECT] 	at java.desktop/javax.swing.JComponent.processMouseEvent(JComponent.java:3389)
2023-08-31 16:52:06,078 [ERROR] LogOutputStream:75 - [STDERR_REDIRECT] 	at java.desktop/java.awt.Component.processEvent(Component.java:6391)
2023-08-31 16:52:06,078 [ERROR] LogOutputStream:75 - [STDERR_REDIRECT] 	at java.desktop/java.awt.Container.processEvent(Container.java:2266)
2023-08-31 16:52:06,079 [ERROR] LogOutputStream:75 - [STDERR_REDIRECT] 	at java.desktop/java.awt.Component.dispatchEventImpl(Component.java:5001)
2023-08-31 16:52:06,079 [ERROR] LogOutputStream:75 - [STDERR_REDIRECT] 	at java.desktop/java.awt.Container.dispatchEventImpl(Container.java:2324)
2023-08-31 16:52:06,080 [ERROR] LogOutputStream:75 - [STDERR_REDIRECT] 	at java.desktop/java.awt.Component.dispatchEvent(Component.java:4833)
2023-08-31 16:52:06,080 [ERROR] LogOutputStream:75 - [STDERR_REDIRECT] 	at java.desktop/javax.swing.plaf.basic.BasicTableUI$Handler.repostEvent(BasicTableUI.java:987)
2023-08-31 16:52:06,081 [ERROR] LogOutputStream:75 - [STDERR_REDIRECT] 	at java.desktop/javax.swing.plaf.basic.BasicTableUI$Handler.adjustSelection(BasicTableUI.java:1149)
2023-08-31 16:52:06,082 [ERROR] LogOutputStream:75 - [STDERR_REDIRECT] 	at java.desktop/javax.swing.plaf.basic.BasicTableUI$Handler.mousePressed(BasicTableUI.java:1077)
2023-08-31 16:52:06,082 [ERROR] LogOutputStream:75 - [STDERR_REDIRECT] 	at java.desktop/java.awt.AWTEventMulticaster.mousePressed(AWTEventMulticaster.java:288)
2023-08-31 16:52:06,083 [ERROR] LogOutputStream:75 - [STDERR_REDIRECT] 	at java.desktop/java.awt.AWTEventMulticaster.mousePressed(AWTEventMulticaster.java:287)
2023-08-31 16:52:06,083 [ERROR] LogOutputStream:75 - [STDERR_REDIRECT] 	at java.desktop/java.awt.AWTEventMulticaster.mousePressed(AWTEventMulticaster.java:287)
2023-08-31 16:52:06,084 [ERROR] LogOutputStream:75 - [STDERR_REDIRECT] 	at java.desktop/java.awt.AWTEventMulticaster.mousePressed(AWTEventMulticaster.java:287)
2023-08-31 16:52:06,085 [ERROR] LogOutputStream:75 - [STDERR_REDIRECT] 	at java.desktop/java.awt.Component.processMouseEvent(Component.java:6623)
2023-08-31 16:52:06,085 [ERROR] LogOutputStream:75 - [STDERR_REDIRECT] 	at java.desktop/javax.swing.JComponent.processMouseEvent(JComponent.java:3389)
2023-08-31 16:52:06,085 [ERROR] LogOutputStream:75 - [STDERR_REDIRECT] 	at java.desktop/java.awt.Component.processEvent(Component.java:6391)
2023-08-31 16:52:06,086 [ERROR] LogOutputStream:75 - [STDERR_REDIRECT] 	at java.desktop/java.awt.Container.processEvent(Container.java:2266)
2023-08-31 16:52:06,086 [ERROR] LogOutputStream:75 - [STDERR_REDIRECT] 	at java.desktop/java.awt.Component.dispatchEventImpl(Component.java:5001)
2023-08-31 16:52:06,087 [ERROR] LogOutputStream:75 - [STDERR_REDIRECT] 	at java.desktop/java.awt.Container.dispatchEventImpl(Container.java:2324)
2023-08-31 16:52:06,087 [ERROR] LogOutputStream:75 - [STDERR_REDIRECT] 	at java.desktop/java.awt.Component.dispatchEvent(Component.java:4833)
2023-08-31 16:52:06,088 [ERROR] LogOutputStream:75 - [STDERR_REDIRECT] 	at java.desktop/java.awt.LightweightDispatcher.retargetMouseEvent(Container.java:4948)
2023-08-31 16:52:06,089 [ERROR] LogOutputStream:75 - [STDERR_REDIRECT] 	at java.desktop/java.awt.LightweightDispatcher.processMouseEvent(Container.java:4572)
2023-08-31 16:52:06,089 [ERROR] LogOutputStream:75 - [STDERR_REDIRECT] 	at java.desktop/java.awt.LightweightDispatcher.dispatchEvent(Container.java:4516)
2023-08-31 16:52:06,090 [ERROR] LogOutputStream:75 - [STDERR_REDIRECT] 	at java.desktop/java.awt.Container.dispatchEventImpl(Container.java:2310)
2023-08-31 16:52:06,090 [ERROR] LogOutputStream:75 - [STDERR_REDIRECT] 	at java.desktop/java.awt.Component.dispatchEvent(Component.java:4833)
2023-08-31 16:52:06,091 [ERROR] LogOutputStream:75 - [STDERR_REDIRECT] 	at java.desktop/java.awt.EventQueue.dispatchEventImpl(EventQueue.java:773)
2023-08-31 16:52:06,091 [ERROR] LogOutputStream:75 - [STDERR_REDIRECT] 	at java.desktop/java.awt.EventQueue$4.run(EventQueue.java:722)
2023-08-31 16:52:06,092 [ERROR] LogOutputStream:75 - [STDERR_REDIRECT] 	at java.desktop/java.awt.EventQueue$4.run(EventQueue.java:716)
2023-08-31 16:52:06,092 [ERROR] LogOutputStream:75 - [STDERR_REDIRECT] 	at java.base/java.security.AccessController.doPrivileged(AccessController.java:399)
2023-08-31 16:52:06,093 [ERROR] LogOutputStream:75 - [STDERR_REDIRECT] 	at java.base/java.security.ProtectionDomain$JavaSecurityAccessImpl.doIntersectionPrivilege(ProtectionDomain.java:86)
2023-08-31 16:52:06,094 [ERROR] LogOutputStream:75 - [STDERR_REDIRECT] 	at java.base/java.security.ProtectionDomain$JavaSecurityAccessImpl.doIntersectionPrivilege(ProtectionDomain.java:97)
2023-08-31 16:52:06,094 [ERROR] LogOutputStream:75 - [STDERR_REDIRECT] 	at java.desktop/java.awt.EventQueue$5.run(EventQueue.java:746)
2023-08-31 16:52:06,095 [ERROR] LogOutputStream:75 - [STDERR_REDIRECT] 	at java.desktop/java.awt.EventQueue$5.run(EventQueue.java:744)
2023-08-31 16:52:06,095 [ERROR] LogOutputStream:75 - [STDERR_REDIRECT] 	at java.base/java.security.AccessController.doPrivileged(AccessController.java:399)
2023-08-31 16:52:06,096 [ERROR] LogOutputStream:75 - [STDERR_REDIRECT] 	at java.base/java.security.ProtectionDomain$JavaSecurityAccessImpl.doIntersectionPrivilege(ProtectionDomain.java:86)
2023-08-31 16:52:06,097 [ERROR] LogOutputStream:75 - [STDERR_REDIRECT] 	at java.desktop/java.awt.EventQueue.dispatchEvent(EventQueue.java:743)
2023-08-31 16:52:06,097 [ERROR] LogOutputStream:75 - [STDERR_REDIRECT] 	at java.desktop/java.awt.EventDispatchThread.pumpOneEventForFilters(EventDispatchThread.java:203)
2023-08-31 16:52:06,098 [ERROR] LogOutputStream:75 - [STDERR_REDIRECT] 	at java.desktop/java.awt.EventDispatchThread.pumpEventsForFilter(EventDispatchThread.java:124)
2023-08-31 16:52:06,098 [ERROR] LogOutputStream:75 - [STDERR_REDIRECT] 	at java.desktop/java.awt.EventDispatchThread.pumpEventsForHierarchy(EventDispatchThread.java:113)
2023-08-31 16:52:06,099 [ERROR] LogOutputStream:75 - [STDERR_REDIRECT] 	at java.desktop/java.awt.EventDispatchThread.pumpEvents(EventDispatchThread.java:109)
2023-08-31 16:52:06,100 [ERROR] LogOutputStream:75 - [STDERR_REDIRECT] 	at java.desktop/java.awt.EventDispatchThread.pumpEvents(EventDispatchThread.java:101)
2023-08-31 16:52:06,100 [ERROR] LogOutputStream:75 - [STDERR_REDIRECT] 	at java.desktop/java.awt.EventDispatchThread.run(EventDispatchThread.java:90)
2023-08-31 16:52:19,586 [INFO] NvicIntPanel:101 - NVIC parent = com.st.microxplorer.plugins.ip.nvic.MultiNvicIntPanel[,0,0,0x0,invalid,layout=javax.swing.BoxLayout,alignmentX=0.0,alignmentY=0.0,border=,flags=9,maximumSize=,minimumSize=,preferredSize=]
2023-08-31 16:54:26,588 [ERROR] LogOutputStream:75 - [STDERR_REDIRECT] Exception in thread "AWT-EventQueue-0" java.awt.IllegalComponentStateException: component must be showing on the screen to determine its location
2023-08-31 16:54:26,589 [ERROR] LogOutputStream:75 - [STDERR_REDIRECT] 	at java.desktop/java.awt.Component.getLocationOnScreen_NoTreeLock(Component.java:2113)
2023-08-31 16:54:26,589 [ERROR] LogOutputStream:75 - [STDERR_REDIRECT] 	at java.desktop/java.awt.Component.getLocationOnScreen(Component.java:2087)
2023-08-31 16:54:26,590 [ERROR] LogOutputStream:75 - [STDERR_REDIRECT] 	at java.desktop/javax.swing.JPopupMenu.show(JPopupMenu.java:963)
2023-08-31 16:54:26,590 [ERROR] LogOutputStream:75 - [STDERR_REDIRECT] 	at java.desktop/javax.swing.plaf.basic.BasicComboPopup.show(BasicComboPopup.java:235)
2023-08-31 16:54:26,591 [ERROR] LogOutputStream:75 - [STDERR_REDIRECT] 	at java.desktop/javax.swing.plaf.basic.BasicComboPopup.togglePopup(BasicComboPopup.java:1257)
2023-08-31 16:54:26,592 [ERROR] LogOutputStream:75 - [STDERR_REDIRECT] 	at java.desktop/javax.swing.plaf.basic.BasicComboPopup$Handler.mousePressed(BasicComboPopup.java:936)
2023-08-31 16:54:26,592 [ERROR] LogOutputStream:75 - [STDERR_REDIRECT] 	at java.desktop/java.awt.Component.processMouseEvent(Component.java:6623)
2023-08-31 16:54:26,593 [ERROR] LogOutputStream:75 - [STDERR_REDIRECT] 	at java.desktop/javax.swing.JComponent.processMouseEvent(JComponent.java:3389)
2023-08-31 16:54:26,593 [ERROR] LogOutputStream:75 - [STDERR_REDIRECT] 	at java.desktop/java.awt.Component.processEvent(Component.java:6391)
2023-08-31 16:54:26,594 [ERROR] LogOutputStream:75 - [STDERR_REDIRECT] 	at java.desktop/java.awt.Container.processEvent(Container.java:2266)
2023-08-31 16:54:26,594 [ERROR] LogOutputStream:75 - [STDERR_REDIRECT] 	at java.desktop/java.awt.Component.dispatchEventImpl(Component.java:5001)
2023-08-31 16:54:26,595 [ERROR] LogOutputStream:75 - [STDERR_REDIRECT] 	at java.desktop/java.awt.Container.dispatchEventImpl(Container.java:2324)
2023-08-31 16:54:26,595 [ERROR] LogOutputStream:75 - [STDERR_REDIRECT] 	at java.desktop/java.awt.Component.dispatchEvent(Component.java:4833)
2023-08-31 16:54:26,596 [ERROR] LogOutputStream:75 - [STDERR_REDIRECT] 	at java.desktop/javax.swing.plaf.basic.BasicTableUI$Handler.repostEvent(BasicTableUI.java:987)
2023-08-31 16:54:26,596 [ERROR] LogOutputStream:75 - [STDERR_REDIRECT] 	at java.desktop/javax.swing.plaf.basic.BasicTableUI$Handler.adjustSelection(BasicTableUI.java:1149)
2023-08-31 16:54:26,597 [ERROR] LogOutputStream:75 - [STDERR_REDIRECT] 	at java.desktop/javax.swing.plaf.basic.BasicTableUI$Handler.mousePressed(BasicTableUI.java:1077)
2023-08-31 16:54:26,597 [ERROR] LogOutputStream:75 - [STDERR_REDIRECT] 	at java.desktop/java.awt.AWTEventMulticaster.mousePressed(AWTEventMulticaster.java:288)
2023-08-31 16:54:26,598 [ERROR] LogOutputStream:75 - [STDERR_REDIRECT] 	at java.desktop/java.awt.AWTEventMulticaster.mousePressed(AWTEventMulticaster.java:287)
2023-08-31 16:54:26,599 [ERROR] LogOutputStream:75 - [STDERR_REDIRECT] 	at java.desktop/java.awt.AWTEventMulticaster.mousePressed(AWTEventMulticaster.java:287)
2023-08-31 16:54:26,599 [ERROR] LogOutputStream:75 - [STDERR_REDIRECT] 	at java.desktop/java.awt.AWTEventMulticaster.mousePressed(AWTEventMulticaster.java:287)
2023-08-31 16:54:26,600 [ERROR] LogOutputStream:75 - [STDERR_REDIRECT] 	at java.desktop/java.awt.Component.processMouseEvent(Component.java:6623)
2023-08-31 16:54:26,601 [ERROR] LogOutputStream:75 - [STDERR_REDIRECT] 	at java.desktop/javax.swing.JComponent.processMouseEvent(JComponent.java:3389)
2023-08-31 16:54:26,601 [ERROR] LogOutputStream:75 - [STDERR_REDIRECT] 	at java.desktop/java.awt.Component.processEvent(Component.java:6391)
2023-08-31 16:54:26,602 [ERROR] LogOutputStream:75 - [STDERR_REDIRECT] 	at java.desktop/java.awt.Container.processEvent(Container.java:2266)
2023-08-31 16:54:26,603 [ERROR] LogOutputStream:75 - [STDERR_REDIRECT] 	at java.desktop/java.awt.Component.dispatchEventImpl(Component.java:5001)
2023-08-31 16:54:26,603 [ERROR] LogOutputStream:75 - [STDERR_REDIRECT] 	at java.desktop/java.awt.Container.dispatchEventImpl(Container.java:2324)
2023-08-31 16:54:26,604 [ERROR] LogOutputStream:75 - [STDERR_REDIRECT] 	at java.desktop/java.awt.Component.dispatchEvent(Component.java:4833)
2023-08-31 16:54:26,604 [ERROR] LogOutputStream:75 - [STDERR_REDIRECT] 	at java.desktop/java.awt.LightweightDispatcher.retargetMouseEvent(Container.java:4948)
2023-08-31 16:54:26,605 [ERROR] LogOutputStream:75 - [STDERR_REDIRECT] 	at java.desktop/java.awt.LightweightDispatcher.processMouseEvent(Container.java:4572)
2023-08-31 16:54:26,605 [ERROR] LogOutputStream:75 - [STDERR_REDIRECT] 	at java.desktop/java.awt.LightweightDispatcher.dispatchEvent(Container.java:4516)
2023-08-31 16:54:26,606 [ERROR] LogOutputStream:75 - [STDERR_REDIRECT] 	at java.desktop/java.awt.Container.dispatchEventImpl(Container.java:2310)
2023-08-31 16:54:26,606 [ERROR] LogOutputStream:75 - [STDERR_REDIRECT] 	at java.desktop/java.awt.Component.dispatchEvent(Component.java:4833)
2023-08-31 16:54:26,607 [ERROR] LogOutputStream:75 - [STDERR_REDIRECT] 	at java.desktop/java.awt.EventQueue.dispatchEventImpl(EventQueue.java:773)
2023-08-31 16:54:26,607 [ERROR] LogOutputStream:75 - [STDERR_REDIRECT] 	at java.desktop/java.awt.EventQueue$4.run(EventQueue.java:722)
2023-08-31 16:54:26,607 [ERROR] LogOutputStream:75 - [STDERR_REDIRECT] 	at java.desktop/java.awt.EventQueue$4.run(EventQueue.java:716)
2023-08-31 16:54:26,609 [ERROR] LogOutputStream:75 - [STDERR_REDIRECT] 	at java.base/java.security.AccessController.doPrivileged(AccessController.java:399)
2023-08-31 16:54:26,609 [ERROR] LogOutputStream:75 - [STDERR_REDIRECT] 	at java.base/java.security.ProtectionDomain$JavaSecurityAccessImpl.doIntersectionPrivilege(ProtectionDomain.java:86)
2023-08-31 16:54:26,610 [ERROR] LogOutputStream:75 - [STDERR_REDIRECT] 	at java.base/java.security.ProtectionDomain$JavaSecurityAccessImpl.doIntersectionPrivilege(ProtectionDomain.java:97)
2023-08-31 16:54:26,610 [ERROR] LogOutputStream:75 - [STDERR_REDIRECT] 	at java.desktop/java.awt.EventQueue$5.run(EventQueue.java:746)
2023-08-31 16:54:26,610 [ERROR] LogOutputStream:75 - [STDERR_REDIRECT] 	at java.desktop/java.awt.EventQueue$5.run(EventQueue.java:744)
2023-08-31 16:54:26,611 [ERROR] LogOutputStream:75 - [STDERR_REDIRECT] 	at java.base/java.security.AccessController.doPrivileged(AccessController.java:399)
2023-08-31 16:54:26,612 [ERROR] LogOutputStream:75 - [STDERR_REDIRECT] 	at java.base/java.security.ProtectionDomain$JavaSecurityAccessImpl.doIntersectionPrivilege(ProtectionDomain.java:86)
2023-08-31 16:54:26,612 [ERROR] LogOutputStream:75 - [STDERR_REDIRECT] 	at java.desktop/java.awt.EventQueue.dispatchEvent(EventQueue.java:743)
2023-08-31 16:54:26,613 [ERROR] LogOutputStream:75 - [STDERR_REDIRECT] 	at java.desktop/java.awt.EventDispatchThread.pumpOneEventForFilters(EventDispatchThread.java:203)
2023-08-31 16:54:26,613 [ERROR] LogOutputStream:75 - [STDERR_REDIRECT] 	at java.desktop/java.awt.EventDispatchThread.pumpEventsForFilter(EventDispatchThread.java:124)
2023-08-31 16:54:26,615 [ERROR] LogOutputStream:75 - [STDERR_REDIRECT] 	at java.desktop/java.awt.EventDispatchThread.pumpEventsForHierarchy(EventDispatchThread.java:113)
2023-08-31 16:54:26,616 [ERROR] LogOutputStream:75 - [STDERR_REDIRECT] 	at java.desktop/java.awt.EventDispatchThread.pumpEvents(EventDispatchThread.java:109)
2023-08-31 16:54:26,616 [ERROR] LogOutputStream:75 - [STDERR_REDIRECT] 	at java.desktop/java.awt.EventDispatchThread.pumpEvents(EventDispatchThread.java:101)
2023-08-31 16:54:26,617 [ERROR] LogOutputStream:75 - [STDERR_REDIRECT] 	at java.desktop/java.awt.EventDispatchThread.run(EventDispatchThread.java:90)
2023-08-31 16:59:13,357 [INFO] UtilMem:75 - End SaveConfig() Used Memory: 857699352 Bytes (1073741824)
2023-08-31 16:59:14,951 [INFO] UtilMem:75 - End SaveConfig() Used Memory: 232655944 Bytes (1073741824)
2023-08-31 16:59:23,514 [INFO] UtilMem:75 - End SaveConfig() Used Memory: 266732608 Bytes (1073741824)
2023-08-31 16:59:23,693 [INFO] BlockDiagram:2759 - set Specific Code input for plugin: NVIC
2023-08-31 16:59:23,693 [INFO] BlockDiagram:2759 - set Specific Code input for plugin: TIM1_8F1
2023-08-31 16:59:23,694 [INFO] BlockDiagram:2759 - set Specific Code input for plugin: GPIO
2023-08-31 16:59:23,694 [INFO] BlockDiagram:2759 - set Specific Code input for plugin: RCC
2023-08-31 16:59:23,696 [INFO] CodeGenerator:799 - code generatio: config db path: C:\ST\STM32CubeIDE_1.13.1\STM32CubeIDE\plugins\com.st.stm32cube.common.mx_6.9.1.202307191849\\db\
2023-08-31 16:59:23,840 [INFO] CodeEngine:255 - oldGeneratedFile, C:\Users\christian.saiz\STM32CubeIDE\workspace_1.13.1\pwm_1\MXTmpFiles\license.tmp_save
2023-08-31 16:59:23,938 [INFO] CodeEngine:279 - Generated code: C:\Users\christian.saiz\STM32CubeIDE\workspace_1.13.1\pwm_1\MXTmpFiles\license.tmp
2023-08-31 16:59:23,991 [INFO] CodeEngine:255 - oldGeneratedFile, C:\Users\christian.saiz\STM32CubeIDE\workspace_1.13.1\pwm_1\MXTmpFiles\gpio.tmp_save
2023-08-31 16:59:24,085 [INFO] CodeEngine:279 - Generated code: C:\Users\christian.saiz\STM32CubeIDE\workspace_1.13.1\pwm_1\MXTmpFiles\gpio.tmp
2023-08-31 16:59:24,207 [INFO] CodeEngine:255 - oldGeneratedFile, C:\Users\christian.saiz\STM32CubeIDE\workspace_1.13.1\pwm_1\Core\Src\stm32f1xx_it.c_save
2023-08-31 16:59:24,272 [INFO] CodeEngine:279 - Generated code: C:\Users\christian.saiz\STM32CubeIDE\workspace_1.13.1\pwm_1\Core\Src\stm32f1xx_it.c
2023-08-31 16:59:24,277 [INFO] CodeEngine:255 - oldGeneratedFile, C:\Users\christian.saiz\STM32CubeIDE\workspace_1.13.1\pwm_1\Core\Inc\stm32f1xx_it.h_save
2023-08-31 16:59:24,321 [INFO] CodeEngine:279 - Generated code: C:\Users\christian.saiz\STM32CubeIDE\workspace_1.13.1\pwm_1\Core\Inc\stm32f1xx_it.h
2023-08-31 16:59:24,343 [INFO] CodeEngine:255 - oldGeneratedFile, C:\Users\christian.saiz\STM32CubeIDE\workspace_1.13.1\pwm_1\Core\Src\stm32f1xx_hal_msp.c_save
2023-08-31 16:59:24,445 [INFO] CodeEngine:279 - Generated code: C:\Users\christian.saiz\STM32CubeIDE\workspace_1.13.1\pwm_1\Core\Src\stm32f1xx_hal_msp.c
2023-08-31 16:59:24,448 [INFO] CodeEngine:255 - oldGeneratedFile, C:\Users\christian.saiz\STM32CubeIDE\workspace_1.13.1\pwm_1\MXTmpFiles\system.tmp_save
2023-08-31 16:59:24,486 [INFO] CodeEngine:279 - Generated code: C:\Users\christian.saiz\STM32CubeIDE\workspace_1.13.1\pwm_1\MXTmpFiles\system.tmp
2023-08-31 16:59:24,501 [INFO] CodeEngine:311 - oldGeneratedFile, C:\Users\christian.saiz\STM32CubeIDE\workspace_1.13.1\pwm_1\Core\Inc\stm32f1xx_hal_conf.h_save
2023-08-31 16:59:24,592 [INFO] CodeEngine:335 - Generated code: C:\Users\christian.saiz\STM32CubeIDE\workspace_1.13.1\pwm_1\Core\Inc\stm32f1xx_hal_conf.h
2023-08-31 16:59:24,629 [WARN] IPConfigManager:3431 - IP not found : TIM
2023-08-31 16:59:24,630 [WARN] CodeGenerator:3760 - IP not found : null
2023-08-31 16:59:24,650 [INFO] CodeEngine:255 - oldGeneratedFile, C:\Users\christian.saiz\STM32CubeIDE\workspace_1.13.1\pwm_1\Core\Inc\main.h_save
2023-08-31 16:59:24,740 [INFO] CodeEngine:279 - Generated code: C:\Users\christian.saiz\STM32CubeIDE\workspace_1.13.1\pwm_1\Core\Inc\main.h
2023-08-31 16:59:24,754 [INFO] CodeEngine:255 - oldGeneratedFile, C:\Users\christian.saiz\STM32CubeIDE\workspace_1.13.1\pwm_1\Core\Src\main.c_save
2023-08-31 16:59:24,852 [INFO] CodeEngine:279 - Generated code: C:\Users\christian.saiz\STM32CubeIDE\workspace_1.13.1\pwm_1\Core\Src\main.c
2023-08-31 16:59:25,178 [INFO] ProjectBuilder:3064 - Time for Copy HAL[1] : 102mS.
2023-08-31 16:59:25,181 [INFO] ProjectBuilder:4404 - Project Generator version: 4.1.0
2023-08-31 16:59:25,298 [INFO] ConfigFileManager:1457 - The Die is : DIE410
2023-08-31 16:59:26,946 [INFO] ProjectBuilder:4626 - Time for Generating toolchain IDE Files: 1765mS.
2023-08-31 16:59:26,947 [INFO] ProjectBuilder:2935 - Time for Copy CMSIS : 0mS.
2023-08-31 16:59:26,948 [INFO] ProjectBuilder:2935 - Time for Copy CMSIS : 0mS.
2023-08-31 17:11:47,917 [INFO] UtilMem:75 - End SaveConfig() Used Memory: 347925536 Bytes (817889280)
2023-08-31 17:11:48,954 [INFO] UtilMem:75 - End SaveConfig() Used Memory: 363590856 Bytes (817889280)
2023-08-31 17:11:51,671 [INFO] UtilMem:75 - End SaveConfig() Used Memory: 456387784 Bytes (817889280)
2023-08-31 17:11:51,813 [INFO] BlockDiagram:2759 - set Specific Code input for plugin: NVIC
2023-08-31 17:11:51,813 [INFO] BlockDiagram:2759 - set Specific Code input for plugin: TIM1_8F1
2023-08-31 17:11:51,814 [INFO] BlockDiagram:2759 - set Specific Code input for plugin: GPIO
2023-08-31 17:11:51,814 [INFO] BlockDiagram:2759 - set Specific Code input for plugin: RCC
2023-08-31 17:11:51,815 [INFO] CodeGenerator:799 - code generatio: config db path: C:\ST\STM32CubeIDE_1.13.1\STM32CubeIDE\plugins\com.st.stm32cube.common.mx_6.9.1.202307191849\\db\
2023-08-31 17:11:51,908 [INFO] CodeEngine:255 - oldGeneratedFile, C:\Users\christian.saiz\STM32CubeIDE\workspace_1.13.1\pwm_1\MXTmpFiles\license.tmp_save
2023-08-31 17:11:52,006 [INFO] CodeEngine:279 - Generated code: C:\Users\christian.saiz\STM32CubeIDE\workspace_1.13.1\pwm_1\MXTmpFiles\license.tmp
2023-08-31 17:11:52,022 [INFO] CodeEngine:255 - oldGeneratedFile, C:\Users\christian.saiz\STM32CubeIDE\workspace_1.13.1\pwm_1\MXTmpFiles\gpio.tmp_save
2023-08-31 17:11:52,101 [INFO] CodeEngine:279 - Generated code: C:\Users\christian.saiz\STM32CubeIDE\workspace_1.13.1\pwm_1\MXTmpFiles\gpio.tmp
2023-08-31 17:11:52,175 [INFO] CodeEngine:255 - oldGeneratedFile, C:\Users\christian.saiz\STM32CubeIDE\workspace_1.13.1\pwm_1\Core\Src\stm32f1xx_it.c_save
2023-08-31 17:11:52,245 [INFO] CodeEngine:279 - Generated code: C:\Users\christian.saiz\STM32CubeIDE\workspace_1.13.1\pwm_1\Core\Src\stm32f1xx_it.c
2023-08-31 17:11:52,257 [INFO] CodeEngine:255 - oldGeneratedFile, C:\Users\christian.saiz\STM32CubeIDE\workspace_1.13.1\pwm_1\Core\Inc\stm32f1xx_it.h_save
2023-08-31 17:11:52,308 [INFO] CodeEngine:279 - Generated code: C:\Users\christian.saiz\STM32CubeIDE\workspace_1.13.1\pwm_1\Core\Inc\stm32f1xx_it.h
2023-08-31 17:11:52,331 [INFO] CodeEngine:255 - oldGeneratedFile, C:\Users\christian.saiz\STM32CubeIDE\workspace_1.13.1\pwm_1\Core\Src\stm32f1xx_hal_msp.c_save
2023-08-31 17:11:52,402 [INFO] CodeEngine:279 - Generated code: C:\Users\christian.saiz\STM32CubeIDE\workspace_1.13.1\pwm_1\Core\Src\stm32f1xx_hal_msp.c
2023-08-31 17:11:52,406 [INFO] CodeEngine:255 - oldGeneratedFile, C:\Users\christian.saiz\STM32CubeIDE\workspace_1.13.1\pwm_1\MXTmpFiles\system.tmp_save
2023-08-31 17:11:52,462 [INFO] CodeEngine:279 - Generated code: C:\Users\christian.saiz\STM32CubeIDE\workspace_1.13.1\pwm_1\MXTmpFiles\system.tmp
2023-08-31 17:11:52,476 [INFO] CodeEngine:311 - oldGeneratedFile, C:\Users\christian.saiz\STM32CubeIDE\workspace_1.13.1\pwm_1\Core\Inc\stm32f1xx_hal_conf.h_save
2023-08-31 17:11:52,562 [INFO] CodeEngine:335 - Generated code: C:\Users\christian.saiz\STM32CubeIDE\workspace_1.13.1\pwm_1\Core\Inc\stm32f1xx_hal_conf.h
2023-08-31 17:11:52,583 [WARN] IPConfigManager:3431 - IP not found : TIM
2023-08-31 17:11:52,584 [WARN] CodeGenerator:3760 - IP not found : null
2023-08-31 17:11:52,601 [INFO] CodeEngine:255 - oldGeneratedFile, C:\Users\christian.saiz\STM32CubeIDE\workspace_1.13.1\pwm_1\Core\Inc\main.h_save
2023-08-31 17:11:52,680 [INFO] CodeEngine:279 - Generated code: C:\Users\christian.saiz\STM32CubeIDE\workspace_1.13.1\pwm_1\Core\Inc\main.h
2023-08-31 17:11:52,697 [INFO] CodeEngine:255 - oldGeneratedFile, C:\Users\christian.saiz\STM32CubeIDE\workspace_1.13.1\pwm_1\Core\Src\main.c_save
2023-08-31 17:11:52,800 [INFO] CodeEngine:279 - Generated code: C:\Users\christian.saiz\STM32CubeIDE\workspace_1.13.1\pwm_1\Core\Src\main.c
2023-08-31 17:11:53,309 [INFO] ProjectBuilder:3064 - Time for Copy HAL[1] : 161mS.
2023-08-31 17:11:53,313 [INFO] ProjectBuilder:4404 - Project Generator version: 4.1.0
2023-08-31 17:11:53,435 [INFO] ConfigFileManager:1457 - The Die is : DIE410
2023-08-31 17:11:54,710 [INFO] ProjectBuilder:4626 - Time for Generating toolchain IDE Files: 1397mS.
2023-08-31 17:11:54,710 [INFO] ProjectBuilder:2935 - Time for Copy CMSIS : 0mS.
2023-08-31 17:11:54,713 [INFO] ProjectBuilder:2935 - Time for Copy CMSIS : 0mS.
2023-08-31 17:18:02,057 [INFO] NvicIntPanel:101 - NVIC parent = com.st.microxplorer.plugins.ip.nvic.MultiNvicIntPanel[,0,0,0x0,invalid,layout=javax.swing.BoxLayout,alignmentX=0.0,alignmentY=0.0,border=,flags=9,maximumSize=,minimumSize=,preferredSize=]
2023-08-31 17:19:39,033 [INFO] UtilMem:75 - End SaveConfig() Used Memory: 590409304 Bytes (859832320)
2023-08-31 17:19:40,270 [INFO] UtilMem:75 - End SaveConfig() Used Memory: 606068504 Bytes (859832320)
2023-08-31 17:19:41,514 [INFO] UtilMem:75 - End SaveConfig() Used Memory: 632051184 Bytes (859832320)
2023-08-31 17:19:41,725 [INFO] BlockDiagram:2759 - set Specific Code input for plugin: NVIC
2023-08-31 17:19:41,725 [INFO] BlockDiagram:2759 - set Specific Code input for plugin: TIM1_8F1
2023-08-31 17:19:41,725 [INFO] BlockDiagram:2759 - set Specific Code input for plugin: GPIO
2023-08-31 17:19:41,725 [INFO] BlockDiagram:2759 - set Specific Code input for plugin: RCC
2023-08-31 17:19:41,726 [INFO] CodeGenerator:799 - code generatio: config db path: C:\ST\STM32CubeIDE_1.13.1\STM32CubeIDE\plugins\com.st.stm32cube.common.mx_6.9.1.202307191849\\db\
2023-08-31 17:19:41,827 [INFO] CodeEngine:255 - oldGeneratedFile, C:\Users\christian.saiz\STM32CubeIDE\workspace_1.13.1\pwm_1\MXTmpFiles\license.tmp_save
2023-08-31 17:19:41,897 [INFO] CodeEngine:279 - Generated code: C:\Users\christian.saiz\STM32CubeIDE\workspace_1.13.1\pwm_1\MXTmpFiles\license.tmp
2023-08-31 17:19:41,907 [INFO] CodeEngine:255 - oldGeneratedFile, C:\Users\christian.saiz\STM32CubeIDE\workspace_1.13.1\pwm_1\MXTmpFiles\gpio.tmp_save
2023-08-31 17:19:41,978 [INFO] CodeEngine:279 - Generated code: C:\Users\christian.saiz\STM32CubeIDE\workspace_1.13.1\pwm_1\MXTmpFiles\gpio.tmp
2023-08-31 17:19:42,049 [INFO] CodeEngine:255 - oldGeneratedFile, C:\Users\christian.saiz\STM32CubeIDE\workspace_1.13.1\pwm_1\Core\Src\stm32f1xx_it.c_save
2023-08-31 17:19:42,115 [INFO] CodeEngine:279 - Generated code: C:\Users\christian.saiz\STM32CubeIDE\workspace_1.13.1\pwm_1\Core\Src\stm32f1xx_it.c
2023-08-31 17:19:42,120 [INFO] CodeEngine:255 - oldGeneratedFile, C:\Users\christian.saiz\STM32CubeIDE\workspace_1.13.1\pwm_1\Core\Inc\stm32f1xx_it.h_save
2023-08-31 17:19:42,161 [INFO] CodeEngine:279 - Generated code: C:\Users\christian.saiz\STM32CubeIDE\workspace_1.13.1\pwm_1\Core\Inc\stm32f1xx_it.h
2023-08-31 17:19:42,182 [INFO] CodeEngine:255 - oldGeneratedFile, C:\Users\christian.saiz\STM32CubeIDE\workspace_1.13.1\pwm_1\Core\Src\stm32f1xx_hal_msp.c_save
2023-08-31 17:19:42,256 [INFO] CodeEngine:279 - Generated code: C:\Users\christian.saiz\STM32CubeIDE\workspace_1.13.1\pwm_1\Core\Src\stm32f1xx_hal_msp.c
2023-08-31 17:19:42,258 [INFO] CodeEngine:255 - oldGeneratedFile, C:\Users\christian.saiz\STM32CubeIDE\workspace_1.13.1\pwm_1\MXTmpFiles\system.tmp_save
2023-08-31 17:19:42,303 [INFO] CodeEngine:279 - Generated code: C:\Users\christian.saiz\STM32CubeIDE\workspace_1.13.1\pwm_1\MXTmpFiles\system.tmp
2023-08-31 17:19:42,317 [INFO] CodeEngine:311 - oldGeneratedFile, C:\Users\christian.saiz\STM32CubeIDE\workspace_1.13.1\pwm_1\Core\Inc\stm32f1xx_hal_conf.h_save
2023-08-31 17:19:42,401 [INFO] CodeEngine:335 - Generated code: C:\Users\christian.saiz\STM32CubeIDE\workspace_1.13.1\pwm_1\Core\Inc\stm32f1xx_hal_conf.h
2023-08-31 17:19:42,420 [WARN] IPConfigManager:3431 - IP not found : TIM
2023-08-31 17:19:42,421 [WARN] CodeGenerator:3760 - IP not found : null
2023-08-31 17:19:42,443 [INFO] CodeEngine:255 - oldGeneratedFile, C:\Users\christian.saiz\STM32CubeIDE\workspace_1.13.1\pwm_1\Core\Inc\main.h_save
2023-08-31 17:19:42,510 [INFO] CodeEngine:279 - Generated code: C:\Users\christian.saiz\STM32CubeIDE\workspace_1.13.1\pwm_1\Core\Inc\main.h
2023-08-31 17:19:42,538 [INFO] CodeEngine:255 - oldGeneratedFile, C:\Users\christian.saiz\STM32CubeIDE\workspace_1.13.1\pwm_1\Core\Src\main.c_save
2023-08-31 17:19:42,626 [INFO] CodeEngine:279 - Generated code: C:\Users\christian.saiz\STM32CubeIDE\workspace_1.13.1\pwm_1\Core\Src\main.c
2023-08-31 17:19:43,058 [INFO] ProjectBuilder:3064 - Time for Copy HAL[1] : 122mS.
2023-08-31 17:19:43,061 [INFO] ProjectBuilder:4404 - Project Generator version: 4.1.0
2023-08-31 17:19:43,215 [INFO] ConfigFileManager:1457 - The Die is : DIE410
2023-08-31 17:19:44,408 [INFO] ProjectBuilder:4626 - Time for Generating toolchain IDE Files: 1348mS.
2023-08-31 17:19:44,409 [INFO] ProjectBuilder:2935 - Time for Copy CMSIS : 1mS.
2023-08-31 17:19:44,411 [INFO] ProjectBuilder:2935 - Time for Copy CMSIS : 0mS.
2023-08-31 17:28:56,972 [INFO] NvicIntPanel:101 - NVIC parent = com.st.microxplorer.plugins.ip.nvic.MultiNvicIntPanel[,0,0,0x0,invalid,layout=javax.swing.BoxLayout,alignmentX=0.0,alignmentY=0.0,border=,flags=9,maximumSize=,minimumSize=,preferredSize=]
2023-08-31 18:06:15,715 [INFO] UtilMem:75 - End SaveConfig() Used Memory: 448461440 Bytes (859832320)
